1 othello:0.0
2 othello:0.1
2 othello:0.2
2 othello:1.0
2 othello:1.2
2 othello:2.0
2 othello:4.0
3 othello:1.1
4 othello:2.1
4 othello:2.2
4 othello:2.3
4 othello:3.0
4 othello:3.1
4 othello:4.1
5 othello:3.2
6 henry_iv_part_ii:0.0
7 henry_iv_part_ii:0.1
7 henry_iv_part_ii:1.0
8 henry_iv_part_ii:0.2
9 henry_iv_part_ii:1.1
9 henry_iv_part_i:0.1
9 henry_iv_part_i:1.1
9 henry_iv_part_i:1.3
9 henry_iv_part_i:2.2
10 henry_iv_part_ii:1.2
11 henry_iv_part_ii:1.3
11 henry_iv_part_ii:4.3
12 henry_iv_part_ii:2.0
13 henry_iv_part_ii:2.1
13 henry_iv_part_ii:4.4
14 henry_iv_part_ii:3.0
14 henry_iv_part_ii:3.1
15 henry_iv_part_ii:3.2
16 henry_iv_part_ii:3.3
17 henry_iv_part_ii:3.4
18 henry_iv_part_ii:4.0
18 henry_iv_part_ii:4.2
19 henry_iv_part_ii:4.1
20 richard_ii:0.0
20 richard_ii:0.2
21 richard_ii:0.1
22 richard_ii:0.3
23 richard_ii:1.0
24 richard_ii:1.1
25 richard_ii:1.2
26 richard_ii:1.3
27 richard_ii:2.0
28 richard_ii:2.1
28 richard_ii:2.2
28 richard_ii:3.0
29 richard_ii:2.3
30 richard_ii:4.0
31 richard_ii:4.1
31 richard_ii:4.2
31 richard_iii:1.3
32 richard_ii:4.3
33 richard_ii:4.4
34 richard_ii:4.5
35 henry_vi_part_2:0.0
35 henry_vi_part_2:0.2
35 henry_vi_part_2:2.0
35 henry_vi_part_2:2.1
35 henry_vi_part_1:4.2
36 henry_vi_part_2:0.1
37 henry_vi_part_2:0.3
38 henry_vi_part_2:1.0
39 henry_vi_part_2:1.1
40 henry_vi_part_2:1.2
41 henry_vi_part_2:1.3
42 henry_vi_part_2:2.2
43 henry_vi_part_2:3.0
44 henry_vi_part_2:3.1
44 henry_vi_part_2:3.2
44 henry_vi_part_2:3.5
44 henry_vi_part_2:3.6
45 henry_vi_part_2:3.3
46 henry_vi_part_2:3.4
47 henry_vi_part_2:3.7
48 henry_vi_part_2:3.8
49 henry_vi_part_2:3.9
50 henry_vi_part_2:4.0
50 henry_vi_part_2:4.1
51 henry_vi_part_2:4.2
52 merry_wives_of_windsor:0.0
52 merry_wives_of_windsor:2.0
53 merry_wives_of_windsor:0.1
53 merry_wives_of_windsor:3.0
54 merry_wives_of_windsor:0.2
54 henry_v:1.0
55 merry_wives_of_windsor:0.3
55 merry_wives_of_windsor:1.2
56 merry_wives_of_windsor:1.0
56 merry_wives_of_windsor:1.1
56 merry_wives_of_windsor:2.1
56 merry_wives_of_windsor:2.2
56 merry_wives_of_windsor:2.4
56 merry_wives_of_windsor:3.1
56 merry_wives_of_windsor:3.3
56 merry_wives_of_windsor:4.2
56 merry_wives_of_windsor:4.4
57 merry_wives_of_windsor:2.3
58 merry_wives_of_windsor:3.2
59 merry_wives_of_windsor:3.4
60 merry_wives_of_windsor:3.5
61 merry_wives_of_windsor:4.0
62 merry_wives_of_windsor:4.1
63 merry_wives_of_windsor:4.3
64 richard_iii:0.0
65 richard_iii:0.1
65 henry_viii:1.2
66 richard_iii:0.2
67 richard_iii:0.3
68 richard_iii:1.0
69 richard_iii:1.1
70 richard_iii:1.2
70 coriolanus:1.2
70 julius_caesar:2.1
71 richard_iii:2.0
71 richard_iii:2.4
71 richard_iii:2.6
72 richard_iii:2.1
72 richard_iii:2.3
73 richard_iii:2.2
74 richard_iii:2.5
75 richard_iii:3.0
75 richard_iii:3.3
76 richard_iii:3.1
76 richard_iii:3.2
77 richard_iii:3.4
78 richard_iii:4.0
79 richard_iii:4.1
80 richard_iii:4.2
81 richard_iii:4.3
82 richard_iii:4.4
83 hamlet:0.0
84 hamlet:0.1
84 hamlet:0.3
84 hamlet:0.4
84 hamlet:4.0
84 hamlet:4.1
85 hamlet:0.2
85 hamlet:3.4
85 hamlet:3.6
86 hamlet:1.0
87 hamlet:1.1
87 hamlet:2.0
87 hamlet:2.1
87 hamlet:2.3
87 hamlet:3.1
87 hamlet:3.2
88 hamlet:2.2
89 hamlet:3.0
90 hamlet:3.3
91 hamlet:3.5
92 henry_iv_part_i:0.0
93 henry_iv_part_i:0.2
93 henry_iv_part_i:2.0
94 henry_iv_part_i:1.0
95 henry_iv_part_i:1.2
96 henry_iv_part_i:2.1
97 henry_iv_part_i:3.0
97 henry_iv_part_i:3.2
97 henry_iv_part_i:4.1
98 henry_iv_part_i:3.1
99 henry_iv_part_i:3.3
100 henry_iv_part_i:4.0
101 henry_iv_part_i:4.2
101 henry_iv_part_i:4.3
102 henry_iv_part_i:4.4
103 henry_vi_part_1:0.0
104 henry_vi_part_1:0.1
104 henry_vi_part_1:0.5
105 henry_vi_part_1:0.2
105 henry_vi_part_1:2.0
106 henry_vi_part_1:0.3
107 henry_vi_part_1:0.4
108 henry_vi_part_1:1.0
108 henry_vi_part_1:2.1
108 henry_vi_part_1:2.2
109 henry_vi_part_1:1.1
110 henry_vi_part_1:1.2
111 henry_vi_part_1:1.3
112 henry_vi_part_1:1.4
113 henry_vi_part_1:2.3
114 henry_vi_part_1:3.0
115 henry_vi_part_1:3.1
116 henry_vi_part_1:3.2
116 henry_vi_part_1:3.3
117 henry_vi_part_1:3.4
117 henry_vi_part_1:3.5
117 henry_vi_part_1:3.6
118 henry_vi_part_1:4.0
119 henry_vi_part_1:4.1
120 henry_vi_part_1:4.3
121 henry_vi_part_1:4.4
122 taming_of_the_shrew:0.0
122 taming_of_the_shrew:3.1
122 taming_of_the_shrew:3.3
122 taming_of_the_shrew:4.0
123 taming_of_the_shrew:0.1
123 taming_of_the_shrew:1.0
123 taming_of_the_shrew:2.1
123 taming_of_the_shrew:3.2
123 taming_of_the_shrew:3.4
123 taming_of_the_shrew:4.1
124 taming_of_the_shrew:2.0
125 taming_of_the_shrew:3.0
126 alls_well_that_ends_well:0.0
126 alls_well_that_ends_well:1.0
126 alls_well_that_ends_well:1.2
126 alls_well_that_ends_well:1.4
127 alls_well_that_ends_well:0.1
128 alls_well_that_ends_well:0.2
128 alls_well_that_ends_well:1.1
128 alls_well_that_ends_well:2.1
129 alls_well_that_ends_well:1.3
129 alls_well_that_ends_well:4.1
130 alls_well_that_ends_well:2.0
131 alls_well_that_ends_well:2.2
132 alls_well_that_ends_well:2.3
133 alls_well_that_ends_well:2.4
133 alls_well_that_ends_well:4.0
134 alls_well_that_ends_well:2.5
134 alls_well_that_ends_well:3.2
135 alls_well_that_ends_well:2.6
136 alls_well_that_ends_well:3.0
137 alls_well_that_ends_well:3.1
137 alls_well_that_ends_well:4.2
138 alls_well_that_ends_well:3.3
139 alls_well_that_ends_well:3.4
140 loves_labors_lost:0.0
140 loves_labors_lost:3.2
141 loves_labors_lost:0.1
141 loves_labors_lost:2.0
141 loves_labors_lost:4.0
142 loves_labors_lost:1.0
142 loves_labors_lost:3.0
142 loves_labors_lost:4.1
143 loves_labors_lost:3.1
144 henry_vi_part_3:0.0
144 henry_vi_part_3:1.0
144 henry_vi_part_3:1.1
144 henry_vi_part_3:1.5
145 henry_vi_part_3:0.1
146 henry_vi_part_3:0.2
146 henry_vi_part_3:1.3
147 henry_vi_part_3:0.3
148 henry_vi_part_3:1.2
149 henry_vi_part_3:1.4
150 henry_vi_part_3:2.0
151 henry_vi_part_3:2.1
151 henry_vi_part_3:3.0
151 henry_vi_part_3:4.4
152 henry_vi_part_3:2.2
153 henry_vi_part_3:3.1
154 henry_vi_part_3:3.2
155 henry_vi_part_3:3.3
156 henry_vi_part_3:3.4
157 henry_vi_part_3:3.5
157 henry_vi_part_3:4.0
157 henry_vi_part_3:4.1
158 henry_vi_part_3:3.6
159 henry_vi_part_3:3.7
160 henry_vi_part_3:4.2
161 henry_vi_part_3:4.3
162 henry_vi_part_3:4.5
163 henry_vi_part_3:4.6
164 romeo_and_juliet:0.0
165 romeo_and_juliet:0.1
166 romeo_and_juliet:0.2
166 romeo_and_juliet:3.1
166 romeo_and_juliet:3.3
167 romeo_and_juliet:0.3
167 romeo_and_juliet:1.0
167 romeo_and_juliet:1.3
167 romeo_and_juliet:2.0
168 romeo_and_juliet:0.4
168 romeo_and_juliet:1.1
168 romeo_and_juliet:2.1
168 romeo_and_juliet:2.4
168 romeo_and_juliet:3.2
169 romeo_and_juliet:1.2
169 romeo_and_juliet:1.5
169 romeo_and_juliet:2.2
169 romeo_and_juliet:4.1
170 romeo_and_juliet:1.4
171 romeo_and_juliet:2.3
172 romeo_and_juliet:3.0
172 romeo_and_juliet:4.2
173 romeo_and_juliet:3.4
174 romeo_and_juliet:4.0
175 titus_andronicus:0.0
175 titus_andronicus:1.1
175 titus_andronicus:2.0
175 titus_andronicus:2.1
175 titus_andronicus:3.0
175 titus_andronicus:4.2
176 titus_andronicus:1.0
176 titus_andronicus:3.1
177 titus_andronicus:1.2
178 titus_andronicus:1.3
179 titus_andronicus:3.2
179 titus_andronicus:4.1
180 titus_andronicus:3.3
181 titus_andronicus:4.0
182 macbeth:0.0
183 macbeth:0.1
184 macbeth:0.2
184 macbeth:3.0
185 macbeth:0.3
186 macbeth:0.4
186 macbeth:0.6
186 macbeth:1.1
186 macbeth:2.1
186 macbeth:2.3
187 macbeth:0.5
188 macbeth:1.0
188 macbeth:2.0
189 macbeth:1.2
190 macbeth:1.3
190 macbeth:3.1
190 macbeth:3.2
190 macbeth:4.5
190 macbeth:4.7
191 macbeth:2.2
192 macbeth:2.4
193 macbeth:2.5
194 macbeth:4.0
195 macbeth:4.1
195 macbeth:4.3
196 macbeth:4.2
196 macbeth:4.4
197 macbeth:4.6
198 coriolanus:0.0
198 coriolanus:1.0
198 coriolanus:3.5
198 coriolanus:4.0
199 coriolanus:0.1
200 coriolanus:0.2
201 coriolanus:0.3
201 coriolanus:0.4
202 coriolanus:0.5
202 coriolanus:0.8
203 coriolanus:0.6
204 coriolanus:0.7
205 coriolanus:0.9
206 coriolanus:1.1
206 coriolanus:2.0
206 coriolanus:2.1
206 coriolanus:2.2
206 coriolanus:3.1
207 coriolanus:3.0
208 coriolanus:3.2
209 coriolanus:3.3
210 coriolanus:3.4
211 coriolanus:3.6
212 coriolanus:4.1
213 coriolanus:4.2
214 coriolanus:4.3
215 coriolanus:4.4
216 coriolanus:4.5
217 julius_caesar:0.0
218 julius_caesar:0.1
218 julius_caesar:0.2
218 julius_caesar:1.0
218 julius_caesar:2.0
218 julius_caesar:3.2
218 julius_caesar:4.0
219 julius_caesar:1.1
220 julius_caesar:1.2
221 julius_caesar:1.3
222 julius_caesar:2.2
223 julius_caesar:3.0
224 julius_caesar:3.1
224 julius_caesar:4.2
225 julius_caesar:4.1
226 julius_caesar:4.3
227 julius_caesar:4.4
228 comedy_of_errors:0.0
229 comedy_of_errors:0.1
229 comedy_of_errors:1.1
229 comedy_of_errors:2.0
229 comedy_of_errors:2.1
229 comedy_of_errors:3.0
229 comedy_of_errors:3.2
229 comedy_of_errors:3.3
229 comedy_of_errors:4.0
230 comedy_of_errors:1.0
230 comedy_of_errors:3.1
231 much_ado_about_nothing:0.0
231 much_ado_about_nothing:1.0
231 much_ado_about_nothing:1.2
231 much_ado_about_nothing:2.1
231 much_ado_about_nothing:3.0
231 much_ado_about_nothing:4.0
231 much_ado_about_nothing:4.3
232 much_ado_about_nothing:0.1
233 much_ado_about_nothing:0.2
233 much_ado_about_nothing:1.1
234 much_ado_about_nothing:2.0
234 much_ado_about_nothing:2.3
234 much_ado_about_nothing:4.1
235 much_ado_about_nothing:2.2
235 much_ado_about_nothing:3.1
236 much_ado_about_nothing:2.4
237 much_ado_about_nothing:4.2
238 twelfth_night:0.0
238 twelfth_night:1.3
239 twelfth_night:0.1
239 twelfth_night:0.3
240 twelfth_night:0.2
240 twelfth_night:1.2
240 twelfth_night:1.4
240 twelfth_night:2.1
240 twelfth_night:2.3
240 twelfth_night:3.0
241 twelfth_night:0.4
241 twelfth_night:2.0
241 twelfth_night:4.0
242 twelfth_night:1.0
242 twelfth_night:2.2
242 tempest:1.0
242 tempest:2.2
243 twelfth_night:1.1
244 twelfth_night:3.1
245 twelfth_night:3.2
246 lear:0.0
246 lear:0.3
246 lear:0.4
246 lear:1.3
247 lear:0.1
247 lear:1.0
247 lear:2.2
248 lear:0.2
249 lear:1.1
250 lear:1.2
251 lear:2.0
252 lear:2.1
253 lear:2.3
253 lear:2.5
254 lear:2.4
254 lear:2.6
255 lear:3.0
255 lear:3.5
255 lear:4.1
256 lear:3.1
256 lear:4.0
256 lear:4.2
257 lear:3.2
258 lear:3.3
259 lear:3.4
260 lear:3.6
261 cymbeline:0.0
261 cymbeline:4.4
262 cymbeline:0.1
262 cymbeline:1.0
262 cymbeline:1.2
262 cymbeline:2.4
263 cymbeline:0.2
263 cymbeline:2.3
264 cymbeline:0.3
264 cymbeline:1.3
264 cymbeline:4.1
265 cymbeline:0.4
266 cymbeline:0.5
267 cymbeline:1.1
268 cymbeline:1.4
269 cymbeline:2.0
270 cymbeline:2.1
271 cymbeline:2.2
272 cymbeline:2.5
272 cymbeline:3.1
272 cymbeline:3.3
273 cymbeline:2.6
274 cymbeline:3.0
275 cymbeline:3.2
276 cymbeline:4.0
277 cymbeline:4.2
278 cymbeline:4.3
279 measure_for_measure:0.0
279 measure_for_measure:3.3
280 measure_for_measure:0.1
280 measure_for_measure:2.1
281 measure_for_measure:0.2
282 measure_for_measure:0.3
282 measure_for_measure:1.1
282 measure_for_measure:1.3
282 measure_for_measure:2.0
283 measure_for_measure:1.0
284 measure_for_measure:1.2
284 measure_for_measure:3.1
284 measure_for_measure:3.2
284 measure_for_measure:4.0
285 measure_for_measure:3.0
285 measure_for_measure:3.5
286 measure_for_measure:3.4
287 pericles:0.0
288 pericles:0.1
289 pericles:0.2
290 pericles:0.3
290 pericles:2.2
290 pericles:3.2
291 pericles:1.0
292 pericles:1.1
292 pericles:1.2
292 pericles:1.4
293 pericles:1.3
294 pericles:2.0
295 pericles:2.1
295 pericles:2.3
296 pericles:3.0
297 pericles:3.1
297 pericles:3.5
298 pericles:3.3
299 pericles:3.4
300 pericles:4.0
301 pericles:4.1
302 pericles:4.2
303 winters_tale:0.0
304 winters_tale:0.1
304 winters_tale:1.0
304 winters_tale:2.1
305 winters_tale:1.1
306 winters_tale:1.2
306 winters_tale:4.0
306 winters_tale:4.2
307 winters_tale:2.0
308 winters_tale:2.2
309 winters_tale:3.0
310 winters_tale:3.1
311 winters_tale:3.2
311 winters_tale:3.3
312 winters_tale:4.1
313 antony_and_cleopatra:0.0
313 antony_and_cleopatra:0.2
313 antony_and_cleopatra:0.4
313 antony_and_cleopatra:1.4
313 antony_and_cleopatra:2.2
313 antony_and_cleopatra:3.14
313 antony_and_cleopatra:4.1
314 antony_and_cleopatra:0.1
314 antony_and_cleopatra:3.1
315 antony_and_cleopatra:0.3
316 antony_and_cleopatra:1.0
317 antony_and_cleopatra:1.1
317 antony_and_cleopatra:1.5
317 antony_and_cleopatra:1.6
317 antony_and_cleopatra:2.1
317 antony_and_cleopatra:3.5
318 antony_and_cleopatra:1.2
319 antony_and_cleopatra:1.3
320 antony_and_cleopatra:2.0
321 antony_and_cleopatra:2.3
322 antony_and_cleopatra:2.4
323 antony_and_cleopatra:2.5
323 antony_and_cleopatra:3.0
324 antony_and_cleopatra:2.6
324 antony_and_cleopatra:2.9
325 antony_and_cleopatra:2.7
326 antony_and_cleopatra:2.8
327 antony_and_cleopatra:2.10
327 antony_and_cleopatra:3.3
327 antony_and_cleopatra:3.4
327 antony_and_cleopatra:3.13
328 antony_and_cleopatra:2.11
328 antony_and_cleopatra:2.12
329 antony_and_cleopatra:3.2
330 antony_and_cleopatra:3.6
331 antony_and_cleopatra:3.7
332 antony_and_cleopatra:3.8
333 antony_and_cleopatra:3.9
334 antony_and_cleopatra:3.10
335 antony_and_cleopatra:3.11
336 antony_and_cleopatra:3.12
337 antony_and_cleopatra:4.0
338 tempest:0.0
339 tempest:0.1
339 tempest:2.0
339 tempest:3.0
339 tempest:4.0
340 tempest:1.1
340 tempest:2.1
341 two_gentlemen_of_verona:0.0
341 two_gentlemen_of_verona:2.1
342 two_gentlemen_of_verona:0.1
342 two_gentlemen_of_verona:1.6
343 two_gentlemen_of_verona:0.2
344 two_gentlemen_of_verona:1.0
344 two_gentlemen_of_verona:1.3
344 two_gentlemen_of_verona:1.5
344 two_gentlemen_of_verona:2.0
345 two_gentlemen_of_verona:1.1
345 two_gentlemen_of_verona:3.1
345 two_gentlemen_of_verona:3.3
345 two_gentlemen_of_verona:4.1
345 two_gentlemen_of_verona:4.3
346 two_gentlemen_of_verona:1.2
346 two_gentlemen_of_verona:1.4
347 two_gentlemen_of_verona:3.0
347 two_gentlemen_of_verona:4.2
348 two_gentlemen_of_verona:3.2
348 two_gentlemen_of_verona:4.0
349 merchant_of_venice:0.0
349 merchant_of_venice:1.7
350 merchant_of_venice:0.1
350 merchant_of_venice:1.8
350 merchant_of_venice:3.1
351 merchant_of_venice:0.2
351 merchant_of_venice:2.0
351 merchant_of_venice:3.0
352 merchant_of_venice:1.0
353 merchant_of_venice:1.1
353 merchant_of_venice:1.2
354 merchant_of_venice:1.3
354 merchant_of_venice:1.5
354 merchant_of_venice:2.4
355 merchant_of_venice:1.4
356 merchant_of_venice:1.6
357 merchant_of_venice:2.1
358 merchant_of_venice:2.2
359 merchant_of_venice:2.3
359 merchant_of_venice:4.0
360 henry_viii:0.0
361 henry_viii:0.1
361 henry_viii:1.3
362 henry_viii:0.2
362 henry_viii:0.3
362 henry_viii:1.1
362 henry_viii:2.1
363 henry_viii:1.0
364 henry_viii:2.0
365 henry_viii:3.0
366 henry_viii:3.1
367 henry_viii:4.0
368 henry_viii:4.1
369 henry_viii:4.2
370 henry_viii:4.3
371 henry_viii:4.4
372 midsummer_nights_dream:0.0
372 midsummer_nights_dream:1.1
372 midsummer_nights_dream:2.1
372 midsummer_nights_dream:3.0
373 midsummer_nights_dream:0.1
373 midsummer_nights_dream:2.0
373 midsummer_nights_dream:3.1
374 midsummer_nights_dream:1.0
375 midsummer_nights_dream:4.0
376 as_you_like_it:0.0
377 as_you_like_it:0.1
377 as_you_like_it:0.2
378 as_you_like_it:1.0
379 as_you_like_it:1.1
380 as_you_like_it:1.2
381 as_you_like_it:1.3
381 as_you_like_it:2.1
381 as_you_like_it:2.3
381 as_you_like_it:3.0
381 as_you_like_it:3.2
381 as_you_like_it:4.1
381 as_you_like_it:4.3
382 as_you_like_it:1.4
383 as_you_like_it:1.5
384 as_you_like_it:1.6
385 as_you_like_it:2.0
386 as_you_like_it:2.2
386 as_you_like_it:4.0
387 as_you_like_it:2.4
388 as_you_like_it:3.1
389 as_you_like_it:4.2
390 troilus_and_cressida:0.0
390 troilus_and_cressida:0.1
390 troilus_and_cressida:2.0
390 troilus_and_cressida:2.1
390 troilus_and_cressida:3.1
390 troilus_and_cressida:3.3
391 troilus_and_cressida:0.2
391 troilus_and_cressida:3.4
391 troilus_and_cressida:4.8
392 troilus_and_cressida:1.0
392 troilus_and_cressida:1.2
392 troilus_and_cressida:2.2
392 troilus_and_cressida:4.0
393 troilus_and_cressida:1.1
393 troilus_and_cressida:4.2
394 troilus_and_cressida:3.0
395 troilus_and_cressida:3.2
396 troilus_and_cressida:4.1
397 troilus_and_cressida:4.3
398 troilus_and_cressida:4.4
399 troilus_and_cressida:4.5
400 troilus_and_cressida:4.6
401 troilus_and_cressida:4.7
402 troilus_and_cressida:4.9
403 henry_v:0.0
404 henry_v:0.1
405 henry_v:1.1
406 henry_v:1.2
407 henry_v:1.3
408 henry_v:2.0
409 henry_v:2.1
410 henry_v:2.2
411 henry_v:2.3
412 henry_v:2.4
413 henry_v:2.5
413 henry_v:3.6
413 henry_v:3.7
414 henry_v:2.6
414 henry_v:3.1
415 henry_v:3.0
416 henry_v:3.2
417 henry_v:3.3
418 henry_v:3.4
419 henry_v:3.5
420 henry_v:4.0
421 henry_v:4.1
422 life_and_death_of_king_john:0.0
423 life_and_death_of_king_john:1.0
423 life_and_death_of_king_john:2.0
423 life_and_death_of_king_john:2.3
424 life_and_death_of_king_john:2.1
425 life_and_death_of_king_john:2.2
425 life_and_death_of_king_john:3.0
425 life_and_death_of_king_john:3.1
425 life_and_death_of_king_john:3.2
425 life_and_death_of_king_john:4.5
426 life_and_death_of_king_john:4.0
427 life_and_death_of_king_john:4.1
428 life_and_death_of_king_john:4.2
429 life_and_death_of_king_john:4.3
430 life_and_death_of_king_john:4.4
431 life_and_death_of_king_john:4.6
432 timon_of_athens:0.0
432 timon_of_athens:0.1
432 timon_of_athens:1.1
432 timon_of_athens:3.2
432 timon_of_athens:4.0
433 timon_of_athens:1.0
434 timon_of_athens:2.0
435 timon_of_athens:2.1
436 timon_of_athens:2.2
437 timon_of_athens:2.3
438 timon_of_athens:2.4
439 timon_of_athens:2.5
440 timon_of_athens:3.0
441 timon_of_athens:3.1
442 timon_of_athens:4.1
443 timon_of_athens:4.2
444 timon_of_athens:4.3
