1 othello:0.0
1 othello:0.1
1 othello:0.2
1 othello:1.0
1 othello:1.1
1 othello:1.2
1 othello:2.0
1 othello:2.1
1 othello:2.2
1 othello:2.3
1 othello:3.0
1 othello:3.1
1 othello:3.2
1 othello:4.0
1 othello:4.1
1 winters_tale:1.1
2 henry_iv_part_ii:0.0
2 henry_iv_part_ii:0.2
2 henry_iv_part_ii:1.2
2 henry_iv_part_ii:2.0
2 henry_iv_part_ii:3.0
2 henry_iv_part_ii:3.1
2 henry_iv_part_ii:3.3
2 henry_iv_part_ii:3.4
2 richard_ii:0.0
2 richard_ii:0.1
2 richard_ii:0.2
2 richard_ii:0.3
2 richard_ii:1.0
2 richard_ii:1.1
2 richard_ii:1.2
2 richard_ii:2.0
2 richard_ii:2.1
2 richard_ii:2.2
2 richard_ii:2.3
2 richard_ii:3.0
2 richard_ii:4.0
2 richard_ii:4.1
2 richard_ii:4.2
2 henry_vi_part_2:0.0
2 henry_vi_part_2:1.1
2 merry_wives_of_windsor:3.2
2 richard_iii:0.0
2 richard_iii:2.1
2 henry_iv_part_i:0.0
2 henry_iv_part_i:0.2
2 henry_iv_part_i:1.2
2 henry_iv_part_i:2.0
2 henry_iv_part_i:2.1
2 henry_iv_part_i:3.0
2 henry_iv_part_i:3.2
2 henry_iv_part_i:3.3
2 henry_iv_part_i:4.0
2 henry_iv_part_i:4.1
2 henry_iv_part_i:4.2
2 henry_iv_part_i:4.3
2 henry_iv_part_i:4.4
2 henry_viii:4.3
3 henry_iv_part_ii:0.1
3 henry_iv_part_ii:1.0
3 henry_iv_part_ii:1.1
3 henry_iv_part_ii:1.3
3 henry_iv_part_ii:2.1
3 henry_iv_part_ii:3.2
3 henry_iv_part_ii:4.0
3 henry_iv_part_ii:4.1
3 henry_iv_part_ii:4.2
3 henry_iv_part_ii:4.3
3 henry_iv_part_ii:4.4
3 merry_wives_of_windsor:0.0
3 merry_wives_of_windsor:0.1
3 merry_wives_of_windsor:0.2
3 merry_wives_of_windsor:0.3
3 merry_wives_of_windsor:1.0
3 merry_wives_of_windsor:1.1
3 merry_wives_of_windsor:1.2
3 merry_wives_of_windsor:2.0
3 merry_wives_of_windsor:2.1
3 merry_wives_of_windsor:2.2
3 merry_wives_of_windsor:2.3
3 merry_wives_of_windsor:2.4
3 merry_wives_of_windsor:3.0
3 merry_wives_of_windsor:3.1
3 merry_wives_of_windsor:3.3
3 merry_wives_of_windsor:3.4
3 merry_wives_of_windsor:3.5
3 merry_wives_of_windsor:4.0
3 merry_wives_of_windsor:4.1
3 merry_wives_of_windsor:4.2
3 merry_wives_of_windsor:4.4
3 henry_iv_part_i:0.1
3 henry_iv_part_i:1.1
3 henry_iv_part_i:1.3
3 henry_iv_part_i:2.2
3 henry_iv_part_i:3.1
3 henry_v:1.0
3 henry_v:1.2
3 henry_v:2.1
3 henry_v:2.5
4 richard_ii:1.3
4 henry_vi_part_2:4.2
4 henry_vi_part_1:0.3
4 life_and_death_of_king_john:3.2
4 life_and_death_of_king_john:4.3
4 life_and_death_of_king_john:4.5
4 life_and_death_of_king_john:4.6
5 richard_ii:4.3
5 richard_ii:4.4
5 richard_ii:4.5
5 henry_vi_part_3:2.0
5 henry_viii:4.1
5 henry_v:3.0
5 henry_v:3.2
5 henry_v:3.6
5 henry_v:3.7
5 henry_v:4.0
5 henry_v:4.1
5 life_and_death_of_king_john:1.0
5 life_and_death_of_king_john:2.0
5 life_and_death_of_king_john:2.1
5 life_and_death_of_king_john:2.2
5 life_and_death_of_king_john:2.3
5 life_and_death_of_king_john:3.0
5 life_and_death_of_king_john:3.1
5 life_and_death_of_king_john:4.0
5 life_and_death_of_king_john:4.1
5 life_and_death_of_king_john:4.2
5 life_and_death_of_king_john:4.4
6 henry_vi_part_2:0.1
6 henry_vi_part_2:0.2
6 henry_vi_part_2:0.3
6 henry_vi_part_2:1.0
6 henry_vi_part_2:1.2
6 henry_vi_part_2:1.3
6 henry_vi_part_2:2.0
6 henry_vi_part_2:2.1
6 henry_vi_part_2:2.2
6 henry_vi_part_2:3.0
6 henry_vi_part_2:3.3
6 henry_vi_part_2:3.8
6 henry_vi_part_2:4.0
6 henry_vi_part_2:4.1
6 richard_iii:0.1
6 richard_iii:0.2
6 richard_iii:0.3
6 richard_iii:1.0
6 richard_iii:1.1
6 richard_iii:1.3
6 richard_iii:2.0
6 richard_iii:2.3
6 richard_iii:2.4
6 richard_iii:2.6
6 richard_iii:3.0
6 richard_iii:3.1
6 richard_iii:3.2
6 richard_iii:3.3
6 henry_vi_part_1:0.0
6 henry_vi_part_1:0.2
6 henry_vi_part_1:1.3
6 henry_vi_part_1:2.0
6 henry_vi_part_1:2.3
6 henry_vi_part_1:3.0
6 henry_vi_part_1:4.0
6 henry_vi_part_1:4.2
6 henry_vi_part_1:4.4
6 henry_vi_part_3:0.0
6 henry_vi_part_3:0.2
6 henry_vi_part_3:0.3
6 henry_vi_part_3:1.0
6 henry_vi_part_3:1.1
6 henry_vi_part_3:1.2
6 henry_vi_part_3:1.3
6 henry_vi_part_3:1.4
6 henry_vi_part_3:1.5
6 henry_vi_part_3:2.1
6 henry_vi_part_3:2.2
6 henry_vi_part_3:3.0
6 henry_vi_part_3:3.1
6 henry_vi_part_3:3.2
6 henry_vi_part_3:3.3
6 henry_vi_part_3:3.4
6 henry_vi_part_3:3.5
6 henry_vi_part_3:3.6
6 henry_vi_part_3:3.7
6 henry_vi_part_3:4.0
6 henry_vi_part_3:4.1
6 henry_vi_part_3:4.2
6 henry_vi_part_3:4.3
6 henry_vi_part_3:4.4
6 henry_vi_part_3:4.5
6 henry_vi_part_3:4.6
6 lear:0.0
6 lear:0.1
6 lear:1.0
6 lear:2.2
6 cymbeline:0.0
6 henry_viii:0.0
6 henry_viii:0.1
6 henry_viii:1.0
6 henry_viii:1.2
6 henry_viii:3.0
6 henry_v:3.5
6 life_and_death_of_king_john:0.0
7 henry_vi_part_2:3.1
7 henry_vi_part_2:3.2
7 henry_vi_part_2:3.4
7 henry_vi_part_2:3.5
7 henry_vi_part_2:3.6
7 henry_vi_part_2:3.7
7 henry_vi_part_2:3.9
8 merry_wives_of_windsor:4.3
9 richard_iii:1.2
9 coriolanus:0.0
9 coriolanus:0.1
9 coriolanus:0.3
9 coriolanus:0.4
9 coriolanus:0.5
9 coriolanus:0.6
9 coriolanus:0.7
9 coriolanus:0.8
9 coriolanus:0.9
9 coriolanus:1.0
9 coriolanus:1.1
9 coriolanus:1.2
9 coriolanus:2.0
9 coriolanus:2.1
9 coriolanus:2.2
9 coriolanus:3.0
9 coriolanus:3.1
9 coriolanus:3.2
9 coriolanus:3.3
9 coriolanus:3.4
9 coriolanus:3.5
9 coriolanus:3.6
9 coriolanus:4.0
9 coriolanus:4.1
9 coriolanus:4.3
9 julius_caesar:0.1
9 julius_caesar:0.2
9 julius_caesar:1.0
9 julius_caesar:1.1
9 julius_caesar:1.2
9 julius_caesar:1.3
9 julius_caesar:2.0
9 julius_caesar:2.1
9 julius_caesar:2.2
9 julius_caesar:3.1
9 julius_caesar:3.2
9 timon_of_athens:2.4
10 richard_iii:2.2
10 richard_iii:4.0
10 richard_iii:4.2
10 richard_iii:4.3
10 henry_vi_part_1:1.4
10 henry_vi_part_3:0.1
11 richard_iii:2.5
12 richard_iii:3.4
12 richard_iii:4.1
12 richard_iii:4.4
13 hamlet:0.0
13 hamlet:0.1
13 hamlet:0.2
13 hamlet:0.3
13 hamlet:0.4
13 hamlet:1.0
13 hamlet:1.1
13 hamlet:2.0
13 hamlet:2.1
13 hamlet:2.2
13 hamlet:2.3
13 hamlet:3.0
13 hamlet:3.1
13 hamlet:3.2
13 hamlet:3.3
13 hamlet:3.4
13 hamlet:3.5
13 hamlet:3.6
13 hamlet:4.0
13 hamlet:4.1
14 henry_iv_part_i:1.0
14 henry_viii:0.2
14 henry_viii:0.3
14 henry_viii:1.1
14 henry_viii:1.3
14 henry_viii:2.0
14 henry_viii:2.1
14 henry_viii:3.1
14 henry_viii:4.0
14 henry_viii:4.2
14 henry_viii:4.4
15 henry_vi_part_1:0.1
15 henry_vi_part_1:0.4
15 henry_vi_part_1:0.5
15 henry_vi_part_1:1.0
15 henry_vi_part_1:1.1
15 henry_vi_part_1:1.2
15 henry_vi_part_1:2.1
15 henry_vi_part_1:2.2
15 henry_vi_part_1:3.1
15 henry_vi_part_1:3.2
15 henry_vi_part_1:3.3
15 henry_vi_part_1:3.4
15 henry_vi_part_1:3.5
15 henry_vi_part_1:3.6
15 henry_vi_part_1:4.1
15 henry_vi_part_1:4.3
15 as_you_like_it:0.0
16 taming_of_the_shrew:0.0
16 taming_of_the_shrew:0.1
16 taming_of_the_shrew:1.0
16 taming_of_the_shrew:2.0
16 taming_of_the_shrew:2.1
16 taming_of_the_shrew:3.0
16 taming_of_the_shrew:3.1
16 taming_of_the_shrew:3.2
16 taming_of_the_shrew:3.3
16 taming_of_the_shrew:3.4
16 taming_of_the_shrew:4.0
16 taming_of_the_shrew:4.1
17 alls_well_that_ends_well:0.0
17 alls_well_that_ends_well:0.1
17 alls_well_that_ends_well:0.2
17 alls_well_that_ends_well:1.0
17 alls_well_that_ends_well:1.1
17 alls_well_that_ends_well:1.2
17 alls_well_that_ends_well:1.3
17 alls_well_that_ends_well:1.4
17 alls_well_that_ends_well:2.1
17 alls_well_that_ends_well:2.2
17 alls_well_that_ends_well:2.3
17 alls_well_that_ends_well:2.4
17 alls_well_that_ends_well:2.5
17 alls_well_that_ends_well:2.6
17 alls_well_that_ends_well:3.0
17 alls_well_that_ends_well:3.1
17 alls_well_that_ends_well:3.2
17 alls_well_that_ends_well:3.3
17 alls_well_that_ends_well:3.4
17 alls_well_that_ends_well:4.0
17 alls_well_that_ends_well:4.1
17 alls_well_that_ends_well:4.2
18 alls_well_that_ends_well:2.0
19 loves_labors_lost:0.0
19 loves_labors_lost:0.1
19 loves_labors_lost:1.0
19 loves_labors_lost:2.0
19 loves_labors_lost:3.0
19 loves_labors_lost:3.1
19 loves_labors_lost:3.2
19 loves_labors_lost:4.0
19 loves_labors_lost:4.1
19 henry_v:2.3
20 romeo_and_juliet:0.0
20 romeo_and_juliet:0.1
20 romeo_and_juliet:0.2
20 romeo_and_juliet:0.3
20 romeo_and_juliet:0.4
20 romeo_and_juliet:1.0
20 romeo_and_juliet:1.1
20 romeo_and_juliet:1.2
20 romeo_and_juliet:1.3
20 romeo_and_juliet:1.4
20 romeo_and_juliet:1.5
20 romeo_and_juliet:2.0
20 romeo_and_juliet:2.1
20 romeo_and_juliet:2.2
20 romeo_and_juliet:2.3
20 romeo_and_juliet:2.4
20 romeo_and_juliet:3.0
20 romeo_and_juliet:3.1
20 romeo_and_juliet:3.2
20 romeo_and_juliet:3.3
20 romeo_and_juliet:3.4
20 romeo_and_juliet:4.0
20 romeo_and_juliet:4.1
20 romeo_and_juliet:4.2
21 titus_andronicus:0.0
21 titus_andronicus:1.0
21 titus_andronicus:1.1
21 titus_andronicus:1.2
21 titus_andronicus:1.3
21 titus_andronicus:2.0
21 titus_andronicus:2.1
21 titus_andronicus:3.0
21 titus_andronicus:3.1
21 titus_andronicus:3.2
21 titus_andronicus:3.3
21 titus_andronicus:4.0
21 titus_andronicus:4.1
21 titus_andronicus:4.2
21 cymbeline:2.6
22 macbeth:0.0
22 macbeth:0.2
22 macbeth:0.4
22 macbeth:0.6
22 macbeth:1.0
22 macbeth:1.1
22 macbeth:1.2
22 macbeth:1.3
22 macbeth:2.0
22 macbeth:2.1
22 macbeth:2.2
22 macbeth:2.3
22 macbeth:2.4
22 macbeth:2.5
22 macbeth:3.0
22 macbeth:3.1
22 macbeth:3.2
22 macbeth:4.0
22 macbeth:4.1
22 macbeth:4.2
22 macbeth:4.3
22 macbeth:4.4
22 macbeth:4.5
22 macbeth:4.6
22 macbeth:4.7
23 macbeth:0.1
23 macbeth:0.3
23 macbeth:0.5
24 coriolanus:0.2
24 coriolanus:4.2
24 coriolanus:4.4
24 coriolanus:4.5
25 julius_caesar:0.0
26 julius_caesar:3.0
26 julius_caesar:4.0
26 julius_caesar:4.1
26 julius_caesar:4.2
26 julius_caesar:4.3
26 julius_caesar:4.4
26 antony_and_cleopatra:0.0
26 antony_and_cleopatra:0.1
26 antony_and_cleopatra:0.2
26 antony_and_cleopatra:0.3
26 antony_and_cleopatra:0.4
26 antony_and_cleopatra:1.0
26 antony_and_cleopatra:1.1
26 antony_and_cleopatra:1.2
26 antony_and_cleopatra:1.3
26 antony_and_cleopatra:1.4
26 antony_and_cleopatra:1.5
26 antony_and_cleopatra:1.6
26 antony_and_cleopatra:2.1
26 antony_and_cleopatra:2.2
26 antony_and_cleopatra:2.3
26 antony_and_cleopatra:2.4
26 antony_and_cleopatra:2.5
26 antony_and_cleopatra:2.6
26 antony_and_cleopatra:2.7
26 antony_and_cleopatra:2.8
26 antony_and_cleopatra:2.9
26 antony_and_cleopatra:2.10
26 antony_and_cleopatra:2.11
26 antony_and_cleopatra:2.12
26 antony_and_cleopatra:3.0
26 antony_and_cleopatra:3.1
26 antony_and_cleopatra:3.3
26 antony_and_cleopatra:3.4
26 antony_and_cleopatra:3.5
26 antony_and_cleopatra:3.6
26 antony_and_cleopatra:3.7
26 antony_and_cleopatra:3.9
26 antony_and_cleopatra:3.10
26 antony_and_cleopatra:3.11
26 antony_and_cleopatra:3.12
26 antony_and_cleopatra:3.13
26 antony_and_cleopatra:3.14
26 antony_and_cleopatra:4.0
26 antony_and_cleopatra:4.1
27 comedy_of_errors:0.0
27 comedy_of_errors:0.1
27 comedy_of_errors:1.0
27 comedy_of_errors:1.1
27 comedy_of_errors:2.0
27 comedy_of_errors:2.1
27 comedy_of_errors:3.0
27 comedy_of_errors:3.1
27 comedy_of_errors:3.2
27 comedy_of_errors:3.3
27 comedy_of_errors:4.0
27 pericles:4.1
28 much_ado_about_nothing:0.0
28 much_ado_about_nothing:0.1
28 much_ado_about_nothing:0.2
28 much_ado_about_nothing:1.0
28 much_ado_about_nothing:1.1
28 much_ado_about_nothing:1.2
28 much_ado_about_nothing:2.0
28 much_ado_about_nothing:2.1
28 much_ado_about_nothing:2.2
28 much_ado_about_nothing:2.3
28 much_ado_about_nothing:2.4
28 much_ado_about_nothing:3.0
28 much_ado_about_nothing:3.1
28 much_ado_about_nothing:4.0
28 much_ado_about_nothing:4.1
28 much_ado_about_nothing:4.2
28 much_ado_about_nothing:4.3
29 twelfth_night:0.0
29 twelfth_night:1.0
29 twelfth_night:2.2
29 twelfth_night:3.2
29 tempest:0.0
29 tempest:1.0
29 tempest:2.2
29 merchant_of_venice:0.0
29 merchant_of_venice:0.2
29 merchant_of_venice:1.7
29 merchant_of_venice:2.0
29 merchant_of_venice:2.2
30 twelfth_night:0.1
30 twelfth_night:0.3
30 twelfth_night:0.4
30 twelfth_night:1.1
30 twelfth_night:1.3
30 twelfth_night:2.0
30 twelfth_night:4.0
30 winters_tale:3.2
31 twelfth_night:0.2
31 twelfth_night:1.2
31 twelfth_night:1.4
31 twelfth_night:2.1
31 twelfth_night:2.3
31 twelfth_night:3.0
31 twelfth_night:3.1
32 lear:0.2
32 lear:0.3
32 lear:0.4
32 lear:1.1
32 lear:1.3
32 lear:2.0
32 lear:2.1
32 lear:2.3
32 lear:2.4
32 lear:2.5
32 lear:2.6
32 lear:3.1
32 lear:3.2
32 lear:3.4
32 lear:3.6
32 lear:4.0
32 lear:4.2
33 lear:1.2
33 lear:3.0
33 lear:3.5
33 lear:4.1
34 lear:3.3
35 cymbeline:0.1
35 cymbeline:1.0
35 cymbeline:1.2
35 cymbeline:2.0
35 cymbeline:2.4
35 cymbeline:3.0
36 cymbeline:0.2
36 cymbeline:0.4
36 cymbeline:2.1
36 cymbeline:2.3
36 cymbeline:3.2
37 cymbeline:0.3
37 cymbeline:0.5
37 cymbeline:1.1
37 cymbeline:1.3
37 cymbeline:1.4
37 cymbeline:4.0
37 cymbeline:4.1
37 cymbeline:4.2
37 cymbeline:4.3
38 cymbeline:2.2
38 cymbeline:2.5
38 cymbeline:3.1
38 cymbeline:3.3
38 cymbeline:4.4
39 measure_for_measure:0.0
39 measure_for_measure:0.2
39 measure_for_measure:1.0
39 measure_for_measure:1.2
39 measure_for_measure:2.1
39 measure_for_measure:3.1
39 measure_for_measure:3.2
39 measure_for_measure:3.3
39 measure_for_measure:3.4
39 measure_for_measure:4.0
40 measure_for_measure:0.1
40 measure_for_measure:0.3
40 measure_for_measure:1.1
40 measure_for_measure:1.3
40 measure_for_measure:2.0
40 measure_for_measure:3.0
40 measure_for_measure:3.5
41 pericles:0.0
41 pericles:0.1
41 pericles:0.2
41 pericles:0.3
41 pericles:1.0
41 pericles:1.3
41 pericles:2.0
41 pericles:2.2
41 pericles:3.3
42 pericles:1.1
42 pericles:1.2
42 pericles:1.4
43 pericles:2.1
43 pericles:2.3
43 pericles:3.4
43 pericles:4.2
44 pericles:3.0
44 pericles:3.1
44 pericles:3.2
44 pericles:3.5
44 pericles:4.0
45 winters_tale:0.0
45 winters_tale:0.1
45 winters_tale:1.0
45 winters_tale:1.2
45 winters_tale:2.1
45 winters_tale:2.2
45 winters_tale:3.0
45 winters_tale:3.1
45 winters_tale:3.3
45 winters_tale:4.0
45 winters_tale:4.1
45 winters_tale:4.2
46 winters_tale:2.0
47 antony_and_cleopatra:2.0
48 antony_and_cleopatra:3.2
48 antony_and_cleopatra:3.8
49 tempest:0.1
49 tempest:2.0
49 tempest:3.0
49 tempest:4.0
50 tempest:1.1
50 tempest:2.1
51 two_gentlemen_of_verona:0.0
51 two_gentlemen_of_verona:0.1
51 two_gentlemen_of_verona:0.2
51 two_gentlemen_of_verona:1.0
51 two_gentlemen_of_verona:1.1
51 two_gentlemen_of_verona:1.3
51 two_gentlemen_of_verona:1.5
51 two_gentlemen_of_verona:1.6
51 two_gentlemen_of_verona:2.1
51 two_gentlemen_of_verona:3.0
51 two_gentlemen_of_verona:3.1
51 two_gentlemen_of_verona:3.2
51 two_gentlemen_of_verona:3.3
51 two_gentlemen_of_verona:4.0
51 two_gentlemen_of_verona:4.1
51 two_gentlemen_of_verona:4.2
51 two_gentlemen_of_verona:4.3
52 two_gentlemen_of_verona:1.2
52 two_gentlemen_of_verona:1.4
52 two_gentlemen_of_verona:2.0
53 merchant_of_venice:0.1
53 merchant_of_venice:1.0
53 merchant_of_venice:1.6
53 merchant_of_venice:1.8
53 merchant_of_venice:2.1
53 merchant_of_venice:2.3
53 merchant_of_venice:3.0
53 merchant_of_venice:3.1
53 merchant_of_venice:4.0
54 merchant_of_venice:1.1
54 merchant_of_venice:1.2
54 merchant_of_venice:1.3
54 merchant_of_venice:1.4
54 merchant_of_venice:1.5
54 merchant_of_venice:2.4
55 midsummer_nights_dream:0.0
55 midsummer_nights_dream:1.0
55 midsummer_nights_dream:1.1
55 midsummer_nights_dream:2.1
55 midsummer_nights_dream:3.0
55 midsummer_nights_dream:4.0
56 midsummer_nights_dream:0.1
56 midsummer_nights_dream:2.0
56 midsummer_nights_dream:3.1
57 as_you_like_it:0.1
57 as_you_like_it:0.2
57 as_you_like_it:1.1
57 as_you_like_it:1.3
57 as_you_like_it:2.0
57 as_you_like_it:2.1
57 as_you_like_it:2.2
57 as_you_like_it:2.3
57 as_you_like_it:2.4
57 as_you_like_it:3.0
57 as_you_like_it:3.2
57 as_you_like_it:4.0
57 as_you_like_it:4.1
57 as_you_like_it:4.2
58 as_you_like_it:1.0
58 as_you_like_it:1.4
58 as_you_like_it:1.6
58 as_you_like_it:3.1
58 as_you_like_it:4.3
59 as_you_like_it:1.2
59 as_you_like_it:1.5
60 troilus_and_cressida:0.0
60 troilus_and_cressida:0.1
60 troilus_and_cressida:1.1
60 troilus_and_cressida:2.0
60 troilus_and_cressida:2.1
60 troilus_and_cressida:3.1
60 troilus_and_cressida:3.2
60 troilus_and_cressida:3.3
60 troilus_and_cressida:4.1
60 troilus_and_cressida:4.2
60 troilus_and_cressida:4.5
60 troilus_and_cressida:4.9
61 troilus_and_cressida:0.2
61 troilus_and_cressida:1.0
61 troilus_and_cressida:1.2
61 troilus_and_cressida:2.2
61 troilus_and_cressida:3.0
61 troilus_and_cressida:3.4
61 troilus_and_cressida:4.0
61 troilus_and_cressida:4.3
61 troilus_and_cressida:4.4
61 troilus_and_cressida:4.6
61 troilus_and_cressida:4.7
61 troilus_and_cressida:4.8
62 henry_v:0.0
62 henry_v:0.1
62 henry_v:1.1
62 henry_v:1.3
62 henry_v:2.0
62 henry_v:2.2
62 henry_v:2.4
62 henry_v:2.6
62 henry_v:3.1
62 henry_v:3.4
63 henry_v:3.3
64 timon_of_athens:0.0
64 timon_of_athens:0.1
64 timon_of_athens:1.0
64 timon_of_athens:1.1
64 timon_of_athens:2.1
64 timon_of_athens:2.3
64 timon_of_athens:2.5
64 timon_of_athens:3.0
64 timon_of_athens:3.1
64 timon_of_athens:3.2
64 timon_of_athens:4.0
64 timon_of_athens:4.1
64 timon_of_athens:4.2
64 timon_of_athens:4.3
65 timon_of_athens:2.0
65 timon_of_athens:2.2
