1 othello:0.0
1 othello:0.1
1 othello:0.2
1 othello:1.0
1 othello:1.2
1 othello:2.0
1 othello:2.1
1 othello:2.2
1 othello:2.3
1 othello:3.0
1 othello:3.1
1 othello:4.0
1 othello:4.1
2 othello:1.1
3 othello:3.2
4 henry_iv_part_ii:0.0
5 henry_iv_part_ii:0.1
5 henry_iv_part_ii:1.0
6 henry_iv_part_ii:0.2
7 henry_iv_part_ii:1.1
7 henry_iv_part_i:0.1
7 henry_iv_part_i:1.1
7 henry_iv_part_i:1.3
7 henry_iv_part_i:2.2
8 henry_iv_part_ii:1.2
9 henry_iv_part_ii:1.3
9 henry_iv_part_ii:4.3
10 henry_iv_part_ii:2.0
11 henry_iv_part_ii:2.1
11 henry_iv_part_ii:4.4
12 henry_iv_part_ii:3.0
12 henry_iv_part_ii:3.1
13 henry_iv_part_ii:3.2
14 henry_iv_part_ii:3.3
14 henry_iv_part_ii:3.4
15 henry_iv_part_ii:4.0
15 henry_iv_part_ii:4.2
16 henry_iv_part_ii:4.1
17 richard_ii:0.0
17 richard_ii:0.2
18 richard_ii:0.1
19 richard_ii:0.3
20 richard_ii:1.0
21 richard_ii:1.1
22 richard_ii:1.2
22 richard_ii:2.0
23 richard_ii:1.3
24 richard_ii:2.1
24 richard_ii:2.2
24 richard_ii:3.0
25 richard_ii:2.3
26 richard_ii:4.0
27 richard_ii:4.1
27 richard_ii:4.2
27 richard_iii:1.3
28 richard_ii:4.3
29 richard_ii:4.4
30 richard_ii:4.5
31 henry_vi_part_2:0.0
31 henry_vi_part_2:0.2
31 henry_vi_part_2:2.0
31 henry_vi_part_2:2.1
31 henry_vi_part_1:4.2
31 henry_vi_part_1:4.4
32 henry_vi_part_2:0.1
32 henry_vi_part_2:0.3
33 henry_vi_part_2:1.0
34 henry_vi_part_2:1.1
35 henry_vi_part_2:1.2
36 henry_vi_part_2:1.3
37 henry_vi_part_2:2.2
38 henry_vi_part_2:3.0
39 henry_vi_part_2:3.1
39 henry_vi_part_2:3.2
39 henry_vi_part_2:3.5
39 henry_vi_part_2:3.6
40 henry_vi_part_2:3.3
40 henry_vi_part_2:3.8
41 henry_vi_part_2:3.4
42 henry_vi_part_2:3.7
43 henry_vi_part_2:3.9
44 henry_vi_part_2:4.0
44 henry_vi_part_2:4.1
44 henry_vi_part_3:0.0
44 henry_vi_part_3:1.0
44 henry_vi_part_3:1.1
44 henry_vi_part_3:1.5
45 henry_vi_part_2:4.2
46 merry_wives_of_windsor:0.0
46 merry_wives_of_windsor:0.1
46 merry_wives_of_windsor:2.0
46 merry_wives_of_windsor:2.3
46 merry_wives_of_windsor:3.0
47 merry_wives_of_windsor:0.2
47 henry_v:1.0
47 henry_v:1.2
48 merry_wives_of_windsor:0.3
48 merry_wives_of_windsor:1.2
49 merry_wives_of_windsor:1.0
49 merry_wives_of_windsor:1.1
49 merry_wives_of_windsor:2.1
49 merry_wives_of_windsor:2.2
49 merry_wives_of_windsor:2.4
49 merry_wives_of_windsor:3.1
49 merry_wives_of_windsor:3.3
49 merry_wives_of_windsor:4.0
49 merry_wives_of_windsor:4.2
49 merry_wives_of_windsor:4.4
50 merry_wives_of_windsor:3.2
51 merry_wives_of_windsor:3.4
52 merry_wives_of_windsor:3.5
53 merry_wives_of_windsor:4.1
54 merry_wives_of_windsor:4.3
55 richard_iii:0.0
55 richard_iii:0.3
56 richard_iii:0.1
56 henry_viii:1.2
57 richard_iii:0.2
57 richard_iii:1.0
57 richard_iii:1.1
57 richard_iii:2.0
58 richard_iii:1.2
58 coriolanus:0.0
58 coriolanus:1.0
58 coriolanus:1.1
58 coriolanus:1.2
58 coriolanus:2.0
58 coriolanus:2.1
58 coriolanus:2.2
58 coriolanus:3.0
58 coriolanus:3.1
58 coriolanus:3.5
58 coriolanus:4.0
58 coriolanus:4.1
58 coriolanus:4.3
59 richard_iii:2.1
59 richard_iii:2.3
60 richard_iii:2.2
61 richard_iii:2.4
61 richard_iii:2.6
62 richard_iii:2.5
63 richard_iii:3.0
63 richard_iii:3.3
63 richard_iii:4.2
63 henry_vi_part_3:3.3
64 richard_iii:3.1
64 richard_iii:3.2
65 richard_iii:3.4
66 richard_iii:4.0
67 richard_iii:4.1
68 richard_iii:4.3
69 richard_iii:4.4
70 hamlet:0.0
70 hamlet:0.1
70 hamlet:0.3
70 hamlet:0.4
70 hamlet:3.5
70 hamlet:4.0
70 hamlet:4.1
71 hamlet:0.2
71 hamlet:3.4
71 hamlet:3.6
72 hamlet:1.0
73 hamlet:1.1
73 hamlet:2.0
73 hamlet:2.1
73 hamlet:2.3
73 hamlet:3.0
73 hamlet:3.1
73 hamlet:3.2
74 hamlet:2.2
75 hamlet:3.3
76 henry_iv_part_i:0.0
77 henry_iv_part_i:0.2
77 henry_iv_part_i:2.0
77 henry_iv_part_i:3.0
77 henry_iv_part_i:3.2
77 henry_iv_part_i:4.1
78 henry_iv_part_i:1.0
79 henry_iv_part_i:1.2
80 henry_iv_part_i:2.1
81 henry_iv_part_i:3.1
82 henry_iv_part_i:3.3
83 henry_iv_part_i:4.0
83 henry_iv_part_i:4.4
84 henry_iv_part_i:4.2
84 henry_iv_part_i:4.3
85 henry_vi_part_1:0.0
86 henry_vi_part_1:0.1
86 henry_vi_part_1:0.5
86 henry_vi_part_1:4.1
86 henry_vi_part_1:4.3
87 henry_vi_part_1:0.2
87 henry_vi_part_1:2.0
87 henry_vi_part_1:4.0
88 henry_vi_part_1:0.3
89 henry_vi_part_1:0.4
89 henry_vi_part_1:1.0
89 henry_vi_part_1:1.1
89 henry_vi_part_1:2.1
89 henry_vi_part_1:2.2
89 henry_vi_part_1:3.6
90 henry_vi_part_1:1.2
90 henry_vi_part_1:3.4
90 henry_vi_part_1:3.5
91 henry_vi_part_1:1.3
92 henry_vi_part_1:1.4
93 henry_vi_part_1:2.3
93 henry_vi_part_1:3.0
94 henry_vi_part_1:3.1
95 henry_vi_part_1:3.2
95 henry_vi_part_1:3.3
96 taming_of_the_shrew:0.0
96 taming_of_the_shrew:0.1
96 taming_of_the_shrew:1.0
96 taming_of_the_shrew:2.1
96 taming_of_the_shrew:3.1
96 taming_of_the_shrew:3.2
96 taming_of_the_shrew:3.3
96 taming_of_the_shrew:3.4
96 taming_of_the_shrew:4.0
96 taming_of_the_shrew:4.1
97 taming_of_the_shrew:2.0
98 taming_of_the_shrew:3.0
99 alls_well_that_ends_well:0.0
99 alls_well_that_ends_well:1.0
99 alls_well_that_ends_well:1.2
99 alls_well_that_ends_well:1.3
99 alls_well_that_ends_well:1.4
99 alls_well_that_ends_well:3.4
99 alls_well_that_ends_well:4.1
100 alls_well_that_ends_well:0.1
101 alls_well_that_ends_well:0.2
101 alls_well_that_ends_well:1.1
101 alls_well_that_ends_well:2.1
102 alls_well_that_ends_well:2.0
103 alls_well_that_ends_well:2.2
103 alls_well_that_ends_well:2.5
103 alls_well_that_ends_well:3.1
103 alls_well_that_ends_well:3.2
103 alls_well_that_ends_well:4.2
104 alls_well_that_ends_well:2.3
105 alls_well_that_ends_well:2.4
105 alls_well_that_ends_well:2.6
105 alls_well_that_ends_well:3.3
106 alls_well_that_ends_well:3.0
107 alls_well_that_ends_well:4.0
108 loves_labors_lost:0.0
108 loves_labors_lost:3.2
109 loves_labors_lost:0.1
109 loves_labors_lost:2.0
109 loves_labors_lost:4.0
110 loves_labors_lost:1.0
110 loves_labors_lost:3.0
110 loves_labors_lost:4.1
111 loves_labors_lost:3.1
112 henry_vi_part_3:0.1
113 henry_vi_part_3:0.2
113 henry_vi_part_3:0.3
113 henry_vi_part_3:1.3
114 henry_vi_part_3:1.2
115 henry_vi_part_3:1.4
116 henry_vi_part_3:2.0
117 henry_vi_part_3:2.1
117 henry_vi_part_3:3.0
117 henry_vi_part_3:3.6
117 henry_vi_part_3:4.4
117 henry_vi_part_3:4.6
118 henry_vi_part_3:2.2
119 henry_vi_part_3:3.1
119 henry_vi_part_3:3.5
119 henry_vi_part_3:3.7
120 henry_vi_part_3:3.2
120 henry_vi_part_3:4.0
120 henry_vi_part_3:4.1
121 henry_vi_part_3:3.4
122 henry_vi_part_3:4.2
123 henry_vi_part_3:4.3
124 henry_vi_part_3:4.5
125 romeo_and_juliet:0.0
125 romeo_and_juliet:0.1
126 romeo_and_juliet:0.2
126 romeo_and_juliet:0.4
126 romeo_and_juliet:1.1
126 romeo_and_juliet:1.4
126 romeo_and_juliet:2.1
126 romeo_and_juliet:2.4
126 romeo_and_juliet:3.2
127 romeo_and_juliet:0.3
127 romeo_and_juliet:1.0
127 romeo_and_juliet:1.3
127 romeo_and_juliet:2.0
128 romeo_and_juliet:1.2
128 romeo_and_juliet:1.5
128 romeo_and_juliet:2.2
128 romeo_and_juliet:3.0
128 romeo_and_juliet:4.1
128 romeo_and_juliet:4.2
129 romeo_and_juliet:2.3
129 romeo_and_juliet:3.1
129 romeo_and_juliet:3.3
129 romeo_and_juliet:3.4
130 romeo_and_juliet:4.0
131 titus_andronicus:0.0
131 titus_andronicus:1.1
131 titus_andronicus:2.0
131 titus_andronicus:2.1
131 titus_andronicus:3.0
131 titus_andronicus:3.2
131 titus_andronicus:3.3
131 titus_andronicus:4.1
131 titus_andronicus:4.2
132 titus_andronicus:1.0
132 titus_andronicus:1.2
132 titus_andronicus:3.1
133 titus_andronicus:1.3
134 titus_andronicus:4.0
135 macbeth:0.0
135 macbeth:0.2
135 macbeth:0.4
135 macbeth:1.0
135 macbeth:3.0
136 macbeth:0.1
136 macbeth:0.3
137 macbeth:0.5
138 macbeth:0.6
138 macbeth:1.1
138 macbeth:1.2
138 macbeth:2.0
138 macbeth:2.1
138 macbeth:2.3
138 macbeth:4.2
139 macbeth:1.3
139 macbeth:3.1
139 macbeth:3.2
139 macbeth:4.5
139 macbeth:4.7
140 macbeth:2.2
141 macbeth:2.4
142 macbeth:2.5
143 macbeth:4.0
144 macbeth:4.1
144 macbeth:4.3
145 macbeth:4.4
146 macbeth:4.6
147 coriolanus:0.1
147 coriolanus:4.5
148 coriolanus:0.2
149 coriolanus:0.3
149 coriolanus:0.4
149 coriolanus:0.5
149 coriolanus:0.7
149 coriolanus:0.8
150 coriolanus:0.6
151 coriolanus:0.9
152 coriolanus:3.2
153 coriolanus:3.3
154 coriolanus:3.4
155 coriolanus:3.6
156 coriolanus:4.2
157 coriolanus:4.4
158 julius_caesar:0.0
159 julius_caesar:0.1
159 julius_caesar:0.2
159 julius_caesar:1.0
159 julius_caesar:1.1
159 julius_caesar:1.2
159 julius_caesar:2.0
159 julius_caesar:2.1
159 julius_caesar:3.1
159 julius_caesar:3.2
159 julius_caesar:4.0
159 julius_caesar:4.3
160 julius_caesar:1.3
161 julius_caesar:2.2
162 julius_caesar:3.0
162 antony_and_cleopatra:0.3
162 antony_and_cleopatra:1.1
162 antony_and_cleopatra:1.2
162 antony_and_cleopatra:1.3
162 antony_and_cleopatra:2.1
162 antony_and_cleopatra:2.5
162 antony_and_cleopatra:3.0
162 antony_and_cleopatra:3.5
162 antony_and_cleopatra:4.0
163 julius_caesar:4.1
164 julius_caesar:4.2
165 julius_caesar:4.4
166 comedy_of_errors:0.0
167 comedy_of_errors:0.1
167 comedy_of_errors:1.1
167 comedy_of_errors:2.0
167 comedy_of_errors:2.1
167 comedy_of_errors:3.0
167 comedy_of_errors:3.2
167 comedy_of_errors:3.3
167 comedy_of_errors:4.0
168 comedy_of_errors:1.0
168 comedy_of_errors:3.1
169 much_ado_about_nothing:0.0
169 much_ado_about_nothing:1.0
169 much_ado_about_nothing:1.2
169 much_ado_about_nothing:2.0
169 much_ado_about_nothing:2.1
169 much_ado_about_nothing:3.0
169 much_ado_about_nothing:4.0
169 much_ado_about_nothing:4.1
169 much_ado_about_nothing:4.2
169 much_ado_about_nothing:4.3
170 much_ado_about_nothing:0.1
171 much_ado_about_nothing:0.2
171 much_ado_about_nothing:1.1
171 much_ado_about_nothing:2.2
171 much_ado_about_nothing:3.1
172 much_ado_about_nothing:2.3
173 much_ado_about_nothing:2.4
174 twelfth_night:0.0
174 twelfth_night:1.3
175 twelfth_night:0.1
175 twelfth_night:0.3
176 twelfth_night:0.2
176 twelfth_night:1.2
176 twelfth_night:1.4
176 twelfth_night:2.1
176 twelfth_night:2.3
176 twelfth_night:3.0
176 twelfth_night:3.1
177 twelfth_night:0.4
177 twelfth_night:1.1
177 twelfth_night:2.0
177 twelfth_night:4.0
178 twelfth_night:1.0
178 twelfth_night:2.2
178 tempest:1.0
178 tempest:2.2
179 twelfth_night:3.2
180 lear:0.0
180 lear:0.3
180 lear:0.4
180 lear:1.3
180 lear:2.3
180 lear:2.5
180 lear:3.6
181 lear:0.1
181 lear:1.0
181 lear:2.2
181 lear:2.4
182 lear:0.2
182 lear:3.1
182 lear:4.0
182 lear:4.2
183 lear:1.1
183 lear:2.6
184 lear:1.2
185 lear:2.0
185 lear:3.2
186 lear:2.1
187 lear:3.0
187 lear:3.5
187 lear:4.1
188 lear:3.3
189 lear:3.4
190 cymbeline:0.0
190 cymbeline:0.2
190 cymbeline:4.3
191 cymbeline:0.1
191 cymbeline:1.0
191 cymbeline:1.2
191 cymbeline:2.4
192 cymbeline:0.3
192 cymbeline:0.5
192 cymbeline:1.3
192 cymbeline:4.1
192 cymbeline:4.2
193 cymbeline:0.4
194 cymbeline:1.1
195 cymbeline:1.4
196 cymbeline:2.0
197 cymbeline:2.1
197 cymbeline:2.3
198 cymbeline:2.2
198 cymbeline:2.5
198 cymbeline:3.1
198 cymbeline:3.3
198 cymbeline:4.4
199 cymbeline:2.6
200 cymbeline:3.0
201 cymbeline:3.2
202 cymbeline:4.0
203 measure_for_measure:0.0
203 measure_for_measure:1.0
203 measure_for_measure:3.3
204 measure_for_measure:0.1
204 measure_for_measure:0.3
204 measure_for_measure:1.1
204 measure_for_measure:1.3
204 measure_for_measure:2.0
204 measure_for_measure:2.1
205 measure_for_measure:0.2
206 measure_for_measure:1.2
206 measure_for_measure:3.1
206 measure_for_measure:3.2
206 measure_for_measure:4.0
207 measure_for_measure:3.0
207 measure_for_measure:3.5
208 measure_for_measure:3.4
209 pericles:0.0
210 pericles:0.1
210 pericles:0.2
211 pericles:0.3
211 pericles:2.2
211 pericles:3.2
212 pericles:1.0
213 pericles:1.1
213 pericles:1.2
213 pericles:1.4
214 pericles:1.3
215 pericles:2.0
216 pericles:2.1
216 pericles:2.3
217 pericles:3.0
218 pericles:3.1
218 pericles:3.5
219 pericles:3.3
219 pericles:4.0
219 pericles:4.2
220 pericles:3.4
221 pericles:4.1
222 winters_tale:0.0
223 winters_tale:0.1
223 winters_tale:1.0
223 winters_tale:1.2
223 winters_tale:2.1
223 winters_tale:4.0
223 winters_tale:4.2
224 winters_tale:1.1
225 winters_tale:2.0
226 winters_tale:2.2
227 winters_tale:3.0
228 winters_tale:3.1
229 winters_tale:3.2
229 winters_tale:3.3
229 winters_tale:4.1
230 antony_and_cleopatra:0.0
230 antony_and_cleopatra:0.2
230 antony_and_cleopatra:0.4
230 antony_and_cleopatra:1.4
230 antony_and_cleopatra:2.2
230 antony_and_cleopatra:2.10
230 antony_and_cleopatra:3.3
230 antony_and_cleopatra:3.12
230 antony_and_cleopatra:3.14
230 antony_and_cleopatra:4.1
231 antony_and_cleopatra:0.1
231 antony_and_cleopatra:2.6
231 antony_and_cleopatra:3.1
232 antony_and_cleopatra:1.0
232 antony_and_cleopatra:1.5
232 antony_and_cleopatra:1.6
232 antony_and_cleopatra:2.4
233 antony_and_cleopatra:2.0
234 antony_and_cleopatra:2.3
235 antony_and_cleopatra:2.7
236 antony_and_cleopatra:2.8
237 antony_and_cleopatra:2.9
238 antony_and_cleopatra:2.11
238 antony_and_cleopatra:2.12
238 antony_and_cleopatra:3.4
239 antony_and_cleopatra:3.2
239 antony_and_cleopatra:3.8
240 antony_and_cleopatra:3.6
240 antony_and_cleopatra:3.9
241 antony_and_cleopatra:3.7
242 antony_and_cleopatra:3.10
243 antony_and_cleopatra:3.11
243 antony_and_cleopatra:3.13
244 tempest:0.0
245 tempest:0.1
245 tempest:2.0
245 tempest:3.0
245 tempest:4.0
246 tempest:1.1
246 tempest:2.1
247 two_gentlemen_of_verona:0.0
247 two_gentlemen_of_verona:0.2
248 two_gentlemen_of_verona:0.1
248 two_gentlemen_of_verona:1.1
248 two_gentlemen_of_verona:1.6
249 two_gentlemen_of_verona:1.0
249 two_gentlemen_of_verona:1.3
249 two_gentlemen_of_verona:1.5
249 two_gentlemen_of_verona:2.0
249 two_gentlemen_of_verona:2.1
249 two_gentlemen_of_verona:3.1
249 two_gentlemen_of_verona:3.3
249 two_gentlemen_of_verona:4.1
249 two_gentlemen_of_verona:4.3
250 two_gentlemen_of_verona:1.2
250 two_gentlemen_of_verona:1.4
251 two_gentlemen_of_verona:3.0
251 two_gentlemen_of_verona:4.2
252 two_gentlemen_of_verona:3.2
252 two_gentlemen_of_verona:4.0
253 merchant_of_venice:0.0
253 merchant_of_venice:1.7
254 merchant_of_venice:0.1
254 merchant_of_venice:1.8
254 merchant_of_venice:2.1
254 merchant_of_venice:2.3
254 merchant_of_venice:3.1
254 merchant_of_venice:4.0
255 merchant_of_venice:0.2
255 merchant_of_venice:2.0
255 merchant_of_venice:2.2
255 merchant_of_venice:3.0
256 merchant_of_venice:1.0
256 merchant_of_venice:1.6
257 merchant_of_venice:1.1
257 merchant_of_venice:1.2
258 merchant_of_venice:1.3
258 merchant_of_venice:1.5
258 merchant_of_venice:2.4
259 merchant_of_venice:1.4
260 henry_viii:0.0
261 henry_viii:0.1
261 henry_viii:1.3
261 henry_viii:2.0
262 henry_viii:0.2
262 henry_viii:0.3
262 henry_viii:1.1
262 henry_viii:2.1
263 henry_viii:1.0
263 henry_viii:3.0
264 henry_viii:3.1
265 henry_viii:4.0
266 henry_viii:4.1
267 henry_viii:4.2
268 henry_viii:4.3
269 henry_viii:4.4
270 midsummer_nights_dream:0.0
270 midsummer_nights_dream:1.1
270 midsummer_nights_dream:2.1
270 midsummer_nights_dream:3.0
271 midsummer_nights_dream:0.1
271 midsummer_nights_dream:2.0
271 midsummer_nights_dream:3.1
272 midsummer_nights_dream:1.0
273 midsummer_nights_dream:4.0
274 as_you_like_it:0.0
275 as_you_like_it:0.1
275 as_you_like_it:0.2
276 as_you_like_it:1.0
276 as_you_like_it:1.6
277 as_you_like_it:1.1
278 as_you_like_it:1.2
278 as_you_like_it:1.5
279 as_you_like_it:1.3
279 as_you_like_it:2.1
279 as_you_like_it:2.3
279 as_you_like_it:3.0
279 as_you_like_it:3.2
279 as_you_like_it:4.1
279 as_you_like_it:4.3
280 as_you_like_it:1.4
281 as_you_like_it:2.0
282 as_you_like_it:2.2
282 as_you_like_it:4.0
283 as_you_like_it:2.4
284 as_you_like_it:3.1
285 as_you_like_it:4.2
286 troilus_and_cressida:0.0
286 troilus_and_cressida:0.1
286 troilus_and_cressida:2.0
286 troilus_and_cressida:2.1
286 troilus_and_cressida:3.1
286 troilus_and_cressida:3.3
286 troilus_and_cressida:4.1
287 troilus_and_cressida:0.2
287 troilus_and_cressida:3.4
287 troilus_and_cressida:4.4
287 troilus_and_cressida:4.8
288 troilus_and_cressida:1.0
288 troilus_and_cressida:1.2
288 troilus_and_cressida:2.2
288 troilus_and_cressida:4.0
288 troilus_and_cressida:4.3
289 troilus_and_cressida:1.1
289 troilus_and_cressida:4.2
290 troilus_and_cressida:3.0
290 troilus_and_cressida:3.2
291 troilus_and_cressida:4.5
292 troilus_and_cressida:4.6
293 troilus_and_cressida:4.7
294 troilus_and_cressida:4.9
295 henry_v:0.0
296 henry_v:0.1
297 henry_v:1.1
298 henry_v:1.3
299 henry_v:2.0
300 henry_v:2.1
301 henry_v:2.2
302 henry_v:2.3
303 henry_v:2.4
304 henry_v:2.5
304 henry_v:3.6
304 henry_v:3.7
304 henry_v:4.0
305 henry_v:2.6
305 henry_v:3.1
305 henry_v:3.4
306 henry_v:3.0
307 henry_v:3.2
308 henry_v:3.3
309 henry_v:3.5
310 henry_v:4.1
311 life_and_death_of_king_john:0.0
312 life_and_death_of_king_john:1.0
312 life_and_death_of_king_john:2.0
312 life_and_death_of_king_john:2.3
313 life_and_death_of_king_john:2.1
313 life_and_death_of_king_john:2.2
313 life_and_death_of_king_john:3.0
313 life_and_death_of_king_john:3.1
313 life_and_death_of_king_john:3.2
313 life_and_death_of_king_john:4.2
313 life_and_death_of_king_john:4.5
314 life_and_death_of_king_john:4.0
315 life_and_death_of_king_john:4.1
316 life_and_death_of_king_john:4.3
317 life_and_death_of_king_john:4.4
318 life_and_death_of_king_john:4.6
319 timon_of_athens:0.0
319 timon_of_athens:0.1
319 timon_of_athens:1.1
319 timon_of_athens:2.5
319 timon_of_athens:3.2
319 timon_of_athens:4.0
320 timon_of_athens:1.0
321 timon_of_athens:2.0
322 timon_of_athens:2.1
322 timon_of_athens:2.3
323 timon_of_athens:2.2
324 timon_of_athens:2.4
325 timon_of_athens:3.0
326 timon_of_athens:3.1
327 timon_of_athens:4.1
327 timon_of_athens:4.3
328 timon_of_athens:4.2
