1 othello:0.0
2 othello:0.1
3 othello:0.2
4 othello:1.0
5 othello:1.1
6 othello:1.2
7 othello:2.0
8 othello:2.1
9 othello:2.2
9 othello:3.0
10 othello:2.3
11 othello:3.1
12 othello:3.2
13 othello:4.0
14 othello:4.1
15 henry_iv_part_ii:0.0
16 henry_iv_part_ii:0.1
17 henry_iv_part_ii:0.2
18 henry_iv_part_ii:1.0
19 henry_iv_part_ii:1.1
20 henry_iv_part_ii:1.2
21 henry_iv_part_ii:1.3
22 henry_iv_part_ii:2.0
23 henry_iv_part_ii:2.1
24 henry_iv_part_ii:3.0
25 henry_iv_part_ii:3.1
26 henry_iv_part_ii:3.2
27 henry_iv_part_ii:3.3
28 henry_iv_part_ii:3.4
29 henry_iv_part_ii:4.0
30 henry_iv_part_ii:4.1
31 henry_iv_part_ii:4.2
32 henry_iv_part_ii:4.3
33 henry_iv_part_ii:4.4
34 richard_ii:0.0
35 richard_ii:0.1
36 richard_ii:0.2
37 richard_ii:0.3
38 richard_ii:1.0
39 richard_ii:1.1
40 richard_ii:1.2
41 richard_ii:1.3
42 richard_ii:2.0
43 richard_ii:2.1
44 richard_ii:2.2
45 richard_ii:2.3
46 richard_ii:3.0
47 richard_ii:4.0
48 richard_ii:4.1
49 richard_ii:4.2
50 richard_ii:4.3
51 richard_ii:4.4
52 richard_ii:4.5
53 henry_vi_part_2:0.0
54 henry_vi_part_2:0.1
55 henry_vi_part_2:0.2
56 henry_vi_part_2:0.3
57 henry_vi_part_2:1.0
58 henry_vi_part_2:1.1
59 henry_vi_part_2:1.2
60 henry_vi_part_2:1.3
61 henry_vi_part_2:2.0
62 henry_vi_part_2:2.1
63 henry_vi_part_2:2.2
64 henry_vi_part_2:3.0
65 henry_vi_part_2:3.1
66 henry_vi_part_2:3.2
67 henry_vi_part_2:3.3
68 henry_vi_part_2:3.4
69 henry_vi_part_2:3.5
70 henry_vi_part_2:3.6
71 henry_vi_part_2:3.7
72 henry_vi_part_2:3.8
73 henry_vi_part_2:3.9
74 henry_vi_part_2:4.0
75 henry_vi_part_2:4.1
76 henry_vi_part_2:4.2
77 merry_wives_of_windsor:0.0
78 merry_wives_of_windsor:0.1
79 merry_wives_of_windsor:0.2
80 merry_wives_of_windsor:0.3
81 merry_wives_of_windsor:1.0
82 merry_wives_of_windsor:1.1
83 merry_wives_of_windsor:1.2
84 merry_wives_of_windsor:2.0
85 merry_wives_of_windsor:2.1
86 merry_wives_of_windsor:2.2
86 merry_wives_of_windsor:3.1
87 merry_wives_of_windsor:2.3
88 merry_wives_of_windsor:2.4
89 merry_wives_of_windsor:3.0
90 merry_wives_of_windsor:3.2
91 merry_wives_of_windsor:3.3
92 merry_wives_of_windsor:3.4
93 merry_wives_of_windsor:3.5
94 merry_wives_of_windsor:4.0
95 merry_wives_of_windsor:4.1
96 merry_wives_of_windsor:4.2
97 merry_wives_of_windsor:4.3
98 merry_wives_of_windsor:4.4
99 richard_iii:0.0
100 richard_iii:0.1
101 richard_iii:0.2
102 richard_iii:0.3
103 richard_iii:1.0
104 richard_iii:1.1
105 richard_iii:1.2
106 richard_iii:1.3
107 richard_iii:2.0
108 richard_iii:2.1
109 richard_iii:2.2
110 richard_iii:2.3
111 richard_iii:2.4
112 richard_iii:2.5
113 richard_iii:2.6
114 richard_iii:3.0
115 richard_iii:3.1
116 richard_iii:3.2
117 richard_iii:3.3
118 richard_iii:3.4
119 richard_iii:4.0
120 richard_iii:4.1
121 richard_iii:4.2
122 richard_iii:4.3
123 richard_iii:4.4
124 hamlet:0.0
125 hamlet:0.1
126 hamlet:0.2
127 hamlet:0.3
128 hamlet:0.4
129 hamlet:1.0
130 hamlet:1.1
131 hamlet:2.0
132 hamlet:2.1
133 hamlet:2.2
134 hamlet:2.3
135 hamlet:3.0
136 hamlet:3.1
137 hamlet:3.2
138 hamlet:3.3
139 hamlet:3.4
140 hamlet:3.5
141 hamlet:3.6
142 hamlet:4.0
143 hamlet:4.1
144 henry_iv_part_i:0.0
145 henry_iv_part_i:0.1
146 henry_iv_part_i:0.2
147 henry_iv_part_i:1.0
148 henry_iv_part_i:1.1
149 henry_iv_part_i:1.2
150 henry_iv_part_i:1.3
151 henry_iv_part_i:2.0
152 henry_iv_part_i:2.1
153 henry_iv_part_i:2.2
154 henry_iv_part_i:3.0
155 henry_iv_part_i:3.1
156 henry_iv_part_i:3.2
157 henry_iv_part_i:3.3
158 henry_iv_part_i:4.0
159 henry_iv_part_i:4.1
160 henry_iv_part_i:4.2
161 henry_iv_part_i:4.3
162 henry_iv_part_i:4.4
163 henry_vi_part_1:0.0
164 henry_vi_part_1:0.1
165 henry_vi_part_1:0.2
166 henry_vi_part_1:0.3
167 henry_vi_part_1:0.4
168 henry_vi_part_1:0.5
169 henry_vi_part_1:1.0
170 henry_vi_part_1:1.1
171 henry_vi_part_1:1.2
172 henry_vi_part_1:1.3
173 henry_vi_part_1:1.4
174 henry_vi_part_1:2.0
175 henry_vi_part_1:2.1
176 henry_vi_part_1:2.2
177 henry_vi_part_1:2.3
178 henry_vi_part_1:3.0
179 henry_vi_part_1:3.1
180 henry_vi_part_1:3.2
181 henry_vi_part_1:3.3
182 henry_vi_part_1:3.4
183 henry_vi_part_1:3.5
184 henry_vi_part_1:3.6
185 henry_vi_part_1:4.0
186 henry_vi_part_1:4.1
187 henry_vi_part_1:4.2
188 henry_vi_part_1:4.3
189 henry_vi_part_1:4.4
190 taming_of_the_shrew:0.0
191 taming_of_the_shrew:0.1
192 taming_of_the_shrew:1.0
193 taming_of_the_shrew:2.0
194 taming_of_the_shrew:2.1
195 taming_of_the_shrew:3.0
196 taming_of_the_shrew:3.1
197 taming_of_the_shrew:3.2
198 taming_of_the_shrew:3.3
199 taming_of_the_shrew:3.4
200 taming_of_the_shrew:4.0
201 taming_of_the_shrew:4.1
202 alls_well_that_ends_well:0.0
203 alls_well_that_ends_well:0.1
204 alls_well_that_ends_well:0.2
205 alls_well_that_ends_well:1.0
206 alls_well_that_ends_well:1.1
207 alls_well_that_ends_well:1.2
208 alls_well_that_ends_well:1.3
209 alls_well_that_ends_well:1.4
210 alls_well_that_ends_well:2.0
211 alls_well_that_ends_well:2.1
212 alls_well_that_ends_well:2.2
213 alls_well_that_ends_well:2.3
214 alls_well_that_ends_well:2.4
215 alls_well_that_ends_well:2.5
216 alls_well_that_ends_well:2.6
217 alls_well_that_ends_well:3.0
218 alls_well_that_ends_well:3.1
219 alls_well_that_ends_well:3.2
220 alls_well_that_ends_well:3.3
221 alls_well_that_ends_well:3.4
222 alls_well_that_ends_well:4.0
223 alls_well_that_ends_well:4.1
224 alls_well_that_ends_well:4.2
225 loves_labors_lost:0.0
226 loves_labors_lost:0.1
227 loves_labors_lost:1.0
228 loves_labors_lost:2.0
229 loves_labors_lost:3.0
230 loves_labors_lost:3.1
231 loves_labors_lost:3.2
232 loves_labors_lost:4.0
233 loves_labors_lost:4.1
234 henry_vi_part_3:0.0
235 henry_vi_part_3:0.1
236 henry_vi_part_3:0.2
237 henry_vi_part_3:0.3
238 henry_vi_part_3:1.0
239 henry_vi_part_3:1.1
240 henry_vi_part_3:1.2
241 henry_vi_part_3:1.3
242 henry_vi_part_3:1.4
243 henry_vi_part_3:1.5
244 henry_vi_part_3:2.0
245 henry_vi_part_3:2.1
246 henry_vi_part_3:2.2
247 henry_vi_part_3:3.0
248 henry_vi_part_3:3.1
249 henry_vi_part_3:3.2
250 henry_vi_part_3:3.3
251 henry_vi_part_3:3.4
252 henry_vi_part_3:3.5
253 henry_vi_part_3:3.6
254 henry_vi_part_3:3.7
255 henry_vi_part_3:4.0
256 henry_vi_part_3:4.1
257 henry_vi_part_3:4.2
258 henry_vi_part_3:4.3
259 henry_vi_part_3:4.4
260 henry_vi_part_3:4.5
261 henry_vi_part_3:4.6
262 romeo_and_juliet:0.0
263 romeo_and_juliet:0.1
264 romeo_and_juliet:0.2
265 romeo_and_juliet:0.3
266 romeo_and_juliet:0.4
267 romeo_and_juliet:1.0
268 romeo_and_juliet:1.1
269 romeo_and_juliet:1.2
270 romeo_and_juliet:1.3
271 romeo_and_juliet:1.4
272 romeo_and_juliet:1.5
273 romeo_and_juliet:2.0
274 romeo_and_juliet:2.1
275 romeo_and_juliet:2.2
276 romeo_and_juliet:2.3
277 romeo_and_juliet:2.4
278 romeo_and_juliet:3.0
279 romeo_and_juliet:3.1
280 romeo_and_juliet:3.2
281 romeo_and_juliet:3.3
282 romeo_and_juliet:3.4
283 romeo_and_juliet:4.0
284 romeo_and_juliet:4.1
285 romeo_and_juliet:4.2
286 titus_andronicus:0.0
287 titus_andronicus:1.0
288 titus_andronicus:1.1
289 titus_andronicus:1.2
290 titus_andronicus:1.3
291 titus_andronicus:2.0
292 titus_andronicus:2.1
293 titus_andronicus:3.0
294 titus_andronicus:3.1
295 titus_andronicus:3.2
296 titus_andronicus:3.3
297 titus_andronicus:4.0
298 titus_andronicus:4.1
299 titus_andronicus:4.2
300 macbeth:0.0
301 macbeth:0.1
302 macbeth:0.2
303 macbeth:0.3
304 macbeth:0.4
305 macbeth:0.5
306 macbeth:0.6
307 macbeth:1.0
308 macbeth:1.1
309 macbeth:1.2
310 macbeth:1.3
311 macbeth:2.0
312 macbeth:2.1
313 macbeth:2.2
314 macbeth:2.3
315 macbeth:2.4
316 macbeth:2.5
317 macbeth:3.0
318 macbeth:3.1
319 macbeth:3.2
320 macbeth:4.0
321 macbeth:4.1
322 macbeth:4.2
323 macbeth:4.3
324 macbeth:4.4
325 macbeth:4.5
326 macbeth:4.6
327 macbeth:4.7
328 coriolanus:0.0
329 coriolanus:0.1
330 coriolanus:0.2
331 coriolanus:0.3
332 coriolanus:0.4
333 coriolanus:0.5
334 coriolanus:0.6
335 coriolanus:0.7
336 coriolanus:0.8
337 coriolanus:0.9
338 coriolanus:1.0
339 coriolanus:1.1
340 coriolanus:1.2
341 coriolanus:2.0
342 coriolanus:2.1
343 coriolanus:2.2
344 coriolanus:3.0
345 coriolanus:3.1
346 coriolanus:3.2
347 coriolanus:3.3
348 coriolanus:3.4
349 coriolanus:3.5
350 coriolanus:3.6
351 coriolanus:4.0
352 coriolanus:4.1
353 coriolanus:4.2
354 coriolanus:4.3
355 coriolanus:4.4
356 coriolanus:4.5
357 julius_caesar:0.0
358 julius_caesar:0.1
359 julius_caesar:0.2
360 julius_caesar:1.0
361 julius_caesar:1.1
362 julius_caesar:1.2
363 julius_caesar:1.3
364 julius_caesar:2.0
365 julius_caesar:2.1
366 julius_caesar:2.2
367 julius_caesar:3.0
368 julius_caesar:3.1
369 julius_caesar:3.2
370 julius_caesar:4.0
371 julius_caesar:4.1
372 julius_caesar:4.2
373 julius_caesar:4.3
374 julius_caesar:4.4
375 comedy_of_errors:0.0
376 comedy_of_errors:0.1
377 comedy_of_errors:1.0
378 comedy_of_errors:1.1
378 comedy_of_errors:2.1
379 comedy_of_errors:2.0
380 comedy_of_errors:3.0
381 comedy_of_errors:3.1
382 comedy_of_errors:3.2
383 comedy_of_errors:3.3
384 comedy_of_errors:4.0
385 much_ado_about_nothing:0.0
386 much_ado_about_nothing:0.1
387 much_ado_about_nothing:0.2
388 much_ado_about_nothing:1.0
389 much_ado_about_nothing:1.1
390 much_ado_about_nothing:1.2
391 much_ado_about_nothing:2.0
392 much_ado_about_nothing:2.1
393 much_ado_about_nothing:2.2
394 much_ado_about_nothing:2.3
395 much_ado_about_nothing:2.4
396 much_ado_about_nothing:3.0
397 much_ado_about_nothing:3.1
398 much_ado_about_nothing:4.0
399 much_ado_about_nothing:4.1
400 much_ado_about_nothing:4.2
401 much_ado_about_nothing:4.3
402 twelfth_night:0.0
403 twelfth_night:0.1
404 twelfth_night:0.2
405 twelfth_night:0.3
406 twelfth_night:0.4
407 twelfth_night:1.0
408 twelfth_night:1.1
409 twelfth_night:1.2
410 twelfth_night:1.3
411 twelfth_night:1.4
412 twelfth_night:2.0
413 twelfth_night:2.1
414 twelfth_night:2.2
415 twelfth_night:2.3
416 twelfth_night:3.0
417 twelfth_night:3.1
418 twelfth_night:3.2
419 twelfth_night:4.0
420 lear:0.0
421 lear:0.1
422 lear:0.2
423 lear:0.3
424 lear:0.4
425 lear:1.0
426 lear:1.1
427 lear:1.2
428 lear:1.3
429 lear:2.0
430 lear:2.1
431 lear:2.2
432 lear:2.3
433 lear:2.4
434 lear:2.5
435 lear:2.6
436 lear:3.0
437 lear:3.1
438 lear:3.2
439 lear:3.3
440 lear:3.4
441 lear:3.5
442 lear:3.6
443 lear:4.0
444 lear:4.1
445 lear:4.2
446 cymbeline:0.0
447 cymbeline:0.1
448 cymbeline:0.2
449 cymbeline:0.3
450 cymbeline:0.4
451 cymbeline:0.5
452 cymbeline:1.0
453 cymbeline:1.1
454 cymbeline:1.2
455 cymbeline:1.3
456 cymbeline:1.4
457 cymbeline:2.0
458 cymbeline:2.1
459 cymbeline:2.2
460 cymbeline:2.3
461 cymbeline:2.4
462 cymbeline:2.5
463 cymbeline:2.6
464 cymbeline:3.0
465 cymbeline:3.1
466 cymbeline:3.2
467 cymbeline:3.3
468 cymbeline:4.0
469 cymbeline:4.1
470 cymbeline:4.2
471 cymbeline:4.3
472 cymbeline:4.4
473 measure_for_measure:0.0
474 measure_for_measure:0.1
475 measure_for_measure:0.2
476 measure_for_measure:0.3
477 measure_for_measure:1.0
478 measure_for_measure:1.1
479 measure_for_measure:1.2
480 measure_for_measure:1.3
481 measure_for_measure:2.0
482 measure_for_measure:2.1
483 measure_for_measure:3.0
484 measure_for_measure:3.1
485 measure_for_measure:3.2
486 measure_for_measure:3.3
487 measure_for_measure:3.4
488 measure_for_measure:3.5
489 measure_for_measure:4.0
490 pericles:0.0
491 pericles:0.1
492 pericles:0.2
493 pericles:0.3
494 pericles:1.0
495 pericles:1.1
496 pericles:1.2
497 pericles:1.3
498 pericles:1.4
499 pericles:2.0
500 pericles:2.1
501 pericles:2.2
502 pericles:2.3
503 pericles:3.0
504 pericles:3.1
505 pericles:3.2
506 pericles:3.3
507 pericles:3.4
508 pericles:3.5
509 pericles:4.0
510 pericles:4.1
511 pericles:4.2
512 winters_tale:0.0
513 winters_tale:0.1
514 winters_tale:1.0
515 winters_tale:1.1
516 winters_tale:1.2
517 winters_tale:2.0
518 winters_tale:2.1
519 winters_tale:2.2
520 winters_tale:3.0
521 winters_tale:3.1
522 winters_tale:3.2
523 winters_tale:3.3
524 winters_tale:4.0
525 winters_tale:4.1
526 winters_tale:4.2
527 antony_and_cleopatra:0.0
528 antony_and_cleopatra:0.1
529 antony_and_cleopatra:0.2
530 antony_and_cleopatra:0.3
531 antony_and_cleopatra:0.4
532 antony_and_cleopatra:1.0
533 antony_and_cleopatra:1.1
534 antony_and_cleopatra:1.2
535 antony_and_cleopatra:1.3
536 antony_and_cleopatra:1.4
537 antony_and_cleopatra:1.5
538 antony_and_cleopatra:1.6
539 antony_and_cleopatra:2.0
540 antony_and_cleopatra:2.1
541 antony_and_cleopatra:2.2
542 antony_and_cleopatra:2.3
543 antony_and_cleopatra:2.4
544 antony_and_cleopatra:2.5
545 antony_and_cleopatra:2.6
546 antony_and_cleopatra:2.7
547 antony_and_cleopatra:2.8
548 antony_and_cleopatra:2.9
549 antony_and_cleopatra:2.10
550 antony_and_cleopatra:2.11
551 antony_and_cleopatra:2.12
552 antony_and_cleopatra:3.0
553 antony_and_cleopatra:3.1
554 antony_and_cleopatra:3.2
555 antony_and_cleopatra:3.3
556 antony_and_cleopatra:3.4
557 antony_and_cleopatra:3.5
558 antony_and_cleopatra:3.6
559 antony_and_cleopatra:3.7
560 antony_and_cleopatra:3.8
561 antony_and_cleopatra:3.9
562 antony_and_cleopatra:3.10
563 antony_and_cleopatra:3.11
564 antony_and_cleopatra:3.12
565 antony_and_cleopatra:3.13
566 antony_and_cleopatra:3.14
567 antony_and_cleopatra:4.0
568 antony_and_cleopatra:4.1
569 tempest:0.0
570 tempest:0.1
571 tempest:1.0
572 tempest:1.1
573 tempest:2.0
574 tempest:2.1
575 tempest:2.2
576 tempest:3.0
577 tempest:4.0
578 two_gentlemen_of_verona:0.0
579 two_gentlemen_of_verona:0.1
579 two_gentlemen_of_verona:1.6
580 two_gentlemen_of_verona:0.2
581 two_gentlemen_of_verona:1.0
582 two_gentlemen_of_verona:1.1
583 two_gentlemen_of_verona:1.2
584 two_gentlemen_of_verona:1.3
585 two_gentlemen_of_verona:1.4
586 two_gentlemen_of_verona:1.5
587 two_gentlemen_of_verona:2.0
588 two_gentlemen_of_verona:2.1
589 two_gentlemen_of_verona:3.0
590 two_gentlemen_of_verona:3.1
591 two_gentlemen_of_verona:3.2
592 two_gentlemen_of_verona:3.3
593 two_gentlemen_of_verona:4.0
594 two_gentlemen_of_verona:4.1
595 two_gentlemen_of_verona:4.2
596 two_gentlemen_of_verona:4.3
597 merchant_of_venice:0.0
598 merchant_of_venice:0.1
599 merchant_of_venice:0.2
600 merchant_of_venice:1.0
601 merchant_of_venice:1.1
602 merchant_of_venice:1.2
603 merchant_of_venice:1.3
604 merchant_of_venice:1.4
605 merchant_of_venice:1.5
606 merchant_of_venice:1.6
607 merchant_of_venice:1.7
608 merchant_of_venice:1.8
609 merchant_of_venice:2.0
610 merchant_of_venice:2.1
611 merchant_of_venice:2.2
612 merchant_of_venice:2.3
613 merchant_of_venice:2.4
614 merchant_of_venice:3.0
615 merchant_of_venice:3.1
616 merchant_of_venice:4.0
617 henry_viii:0.0
618 henry_viii:0.1
619 henry_viii:0.2
620 henry_viii:0.3
621 henry_viii:1.0
622 henry_viii:1.1
623 henry_viii:1.2
624 henry_viii:1.3
625 henry_viii:2.0
626 henry_viii:2.1
627 henry_viii:3.0
628 henry_viii:3.1
629 henry_viii:4.0
630 henry_viii:4.1
631 henry_viii:4.2
632 henry_viii:4.3
633 henry_viii:4.4
634 midsummer_nights_dream:0.0
635 midsummer_nights_dream:0.1
636 midsummer_nights_dream:1.0
637 midsummer_nights_dream:1.1
638 midsummer_nights_dream:2.0
639 midsummer_nights_dream:2.1
640 midsummer_nights_dream:3.0
641 midsummer_nights_dream:3.1
642 midsummer_nights_dream:4.0
643 as_you_like_it:0.0
644 as_you_like_it:0.1
645 as_you_like_it:0.2
646 as_you_like_it:1.0
647 as_you_like_it:1.1
648 as_you_like_it:1.2
649 as_you_like_it:1.3
650 as_you_like_it:1.4
651 as_you_like_it:1.5
652 as_you_like_it:1.6
653 as_you_like_it:2.0
654 as_you_like_it:2.1
655 as_you_like_it:2.2
656 as_you_like_it:2.3
657 as_you_like_it:2.4
658 as_you_like_it:3.0
659 as_you_like_it:3.1
660 as_you_like_it:3.2
661 as_you_like_it:4.0
662 as_you_like_it:4.1
663 as_you_like_it:4.2
664 as_you_like_it:4.3
665 troilus_and_cressida:0.0
666 troilus_and_cressida:0.1
667 troilus_and_cressida:0.2
668 troilus_and_cressida:1.0
669 troilus_and_cressida:1.1
670 troilus_and_cressida:1.2
671 troilus_and_cressida:2.0
672 troilus_and_cressida:2.1
673 troilus_and_cressida:2.2
674 troilus_and_cressida:3.0
675 troilus_and_cressida:3.1
676 troilus_and_cressida:3.2
677 troilus_and_cressida:3.3
678 troilus_and_cressida:3.4
679 troilus_and_cressida:4.0
680 troilus_and_cressida:4.1
681 troilus_and_cressida:4.2
682 troilus_and_cressida:4.3
683 troilus_and_cressida:4.4
684 troilus_and_cressida:4.5
685 troilus_and_cressida:4.6
686 troilus_and_cressida:4.7
687 troilus_and_cressida:4.8
688 troilus_and_cressida:4.9
689 henry_v:0.0
690 henry_v:0.1
691 henry_v:1.0
692 henry_v:1.1
693 henry_v:1.2
694 henry_v:1.3
695 henry_v:2.0
696 henry_v:2.1
697 henry_v:2.2
698 henry_v:2.3
699 henry_v:2.4
700 henry_v:2.5
701 henry_v:2.6
702 henry_v:3.0
703 henry_v:3.1
704 henry_v:3.2
705 henry_v:3.3
706 henry_v:3.4
707 henry_v:3.5
708 henry_v:3.6
709 henry_v:3.7
710 henry_v:4.0
711 henry_v:4.1
712 life_and_death_of_king_john:0.0
713 life_and_death_of_king_john:1.0
714 life_and_death_of_king_john:2.0
715 life_and_death_of_king_john:2.1
716 life_and_death_of_king_john:2.2
717 life_and_death_of_king_john:2.3
718 life_and_death_of_king_john:3.0
719 life_and_death_of_king_john:3.1
720 life_and_death_of_king_john:3.2
721 life_and_death_of_king_john:4.0
722 life_and_death_of_king_john:4.1
723 life_and_death_of_king_john:4.2
724 life_and_death_of_king_john:4.3
725 life_and_death_of_king_john:4.4
726 life_and_death_of_king_john:4.5
727 life_and_death_of_king_john:4.6
728 timon_of_athens:0.0
729 timon_of_athens:0.1
730 timon_of_athens:1.0
731 timon_of_athens:1.1
732 timon_of_athens:2.0
733 timon_of_athens:2.1
734 timon_of_athens:2.2
735 timon_of_athens:2.3
736 timon_of_athens:2.4
737 timon_of_athens:2.5
738 timon_of_athens:3.0
739 timon_of_athens:3.1
740 timon_of_athens:3.2
741 timon_of_athens:4.0
742 timon_of_athens:4.1
743 timon_of_athens:4.2
744 timon_of_athens:4.3
