1 othello:0.0
1 othello:0.1
1 othello:0.2
1 othello:1.0
1 othello:1.2
1 othello:2.0
1 othello:2.1
1 othello:2.2
1 othello:2.3
1 othello:3.0
1 othello:3.1
1 othello:3.2
1 othello:4.0
1 othello:4.1
2 othello:1.1
3 henry_iv_part_ii:0.0
3 henry_iv_part_ii:0.2
3 henry_iv_part_ii:1.2
3 henry_iv_part_ii:3.0
3 henry_iv_part_ii:3.1
3 merry_wives_of_windsor:3.2
3 richard_iii:2.1
3 henry_iv_part_i:0.0
3 henry_iv_part_i:1.2
3 henry_iv_part_i:3.3
4 henry_iv_part_ii:0.1
4 henry_iv_part_ii:1.0
4 henry_iv_part_ii:1.1
4 henry_iv_part_ii:1.3
4 henry_iv_part_ii:2.1
4 henry_iv_part_ii:3.2
4 henry_iv_part_ii:4.0
4 henry_iv_part_ii:4.1
4 henry_iv_part_ii:4.2
4 henry_iv_part_ii:4.3
4 henry_iv_part_ii:4.4
4 merry_wives_of_windsor:0.0
4 merry_wives_of_windsor:0.2
4 merry_wives_of_windsor:1.0
4 merry_wives_of_windsor:1.1
4 henry_iv_part_i:0.1
4 henry_iv_part_i:1.1
4 henry_iv_part_i:1.3
4 henry_iv_part_i:2.2
4 henry_iv_part_i:3.1
4 henry_v:1.0
4 henry_v:1.2
5 henry_iv_part_ii:2.0
5 henry_iv_part_ii:3.3
5 henry_iv_part_ii:3.4
5 richard_ii:0.0
5 richard_ii:0.1
5 richard_ii:0.2
5 richard_ii:0.3
5 richard_ii:1.0
5 richard_ii:1.1
5 richard_ii:1.2
5 richard_ii:2.0
5 richard_ii:2.1
5 richard_ii:2.2
5 richard_ii:2.3
5 richard_ii:3.0
5 richard_ii:4.0
5 richard_ii:4.1
5 richard_ii:4.2
5 henry_vi_part_2:0.0
5 henry_vi_part_2:0.2
5 henry_vi_part_2:1.1
5 henry_vi_part_2:4.0
5 henry_vi_part_2:4.1
5 richard_iii:0.0
5 richard_iii:0.3
5 richard_iii:1.0
5 richard_iii:3.1
5 richard_iii:3.3
5 henry_iv_part_i:0.2
5 henry_iv_part_i:2.1
5 henry_iv_part_i:4.0
5 henry_vi_part_1:0.0
5 henry_vi_part_1:1.3
5 henry_vi_part_1:2.0
5 henry_vi_part_1:2.3
5 henry_vi_part_1:3.0
5 henry_vi_part_3:0.0
5 henry_vi_part_3:0.1
5 henry_vi_part_3:2.1
5 henry_vi_part_3:3.1
5 henry_vi_part_3:3.5
5 henry_viii:0.1
5 henry_v:1.1
6 richard_ii:1.3
6 henry_vi_part_2:4.2
6 henry_vi_part_1:0.3
7 richard_ii:4.3
7 richard_ii:4.4
7 richard_ii:4.5
7 henry_vi_part_3:2.0
8 henry_vi_part_2:0.1
8 henry_vi_part_2:0.3
8 henry_vi_part_2:1.0
8 henry_vi_part_2:1.2
8 henry_vi_part_2:1.3
8 henry_vi_part_2:2.0
8 henry_vi_part_2:2.1
8 henry_vi_part_2:2.2
8 henry_vi_part_2:3.0
8 henry_vi_part_2:3.3
8 henry_vi_part_2:3.8
8 richard_iii:0.1
8 richard_iii:0.2
8 richard_iii:1.1
8 richard_iii:1.3
8 richard_iii:2.0
8 richard_iii:2.3
8 richard_iii:2.4
8 richard_iii:2.6
8 richard_iii:3.0
8 henry_vi_part_1:0.2
8 henry_vi_part_1:4.0
8 henry_vi_part_1:4.2
8 henry_vi_part_1:4.4
8 henry_vi_part_3:3.4
8 henry_vi_part_3:4.5
8 henry_viii:0.0
8 henry_viii:1.2
8 henry_v:3.5
9 henry_vi_part_2:3.1
9 henry_vi_part_2:3.2
9 henry_vi_part_2:3.5
9 henry_vi_part_2:3.6
9 henry_vi_part_2:3.7
9 henry_vi_part_2:3.9
10 henry_vi_part_2:3.4
10 richard_iii:1.2
10 coriolanus:0.0
10 coriolanus:0.1
10 coriolanus:0.3
10 coriolanus:0.4
10 coriolanus:0.5
10 coriolanus:0.6
10 coriolanus:0.7
10 coriolanus:0.8
10 coriolanus:0.9
10 coriolanus:1.0
10 coriolanus:1.1
10 coriolanus:1.2
10 coriolanus:2.0
10 coriolanus:2.1
10 coriolanus:2.2
10 coriolanus:3.0
10 coriolanus:3.1
10 coriolanus:3.2
10 coriolanus:3.3
10 coriolanus:3.5
10 coriolanus:4.0
10 coriolanus:4.1
10 coriolanus:4.3
10 julius_caesar:0.1
10 julius_caesar:2.1
10 julius_caesar:2.2
11 merry_wives_of_windsor:0.1
11 merry_wives_of_windsor:0.3
11 merry_wives_of_windsor:1.2
11 merry_wives_of_windsor:2.0
11 merry_wives_of_windsor:2.1
11 merry_wives_of_windsor:2.2
11 merry_wives_of_windsor:2.3
11 merry_wives_of_windsor:2.4
11 merry_wives_of_windsor:3.0
11 merry_wives_of_windsor:3.1
11 merry_wives_of_windsor:3.3
11 merry_wives_of_windsor:3.4
11 merry_wives_of_windsor:3.5
11 merry_wives_of_windsor:4.0
11 merry_wives_of_windsor:4.1
11 merry_wives_of_windsor:4.2
11 merry_wives_of_windsor:4.4
12 merry_wives_of_windsor:4.3
13 richard_iii:2.2
13 richard_iii:4.0
13 richard_iii:4.2
13 richard_iii:4.3
14 richard_iii:2.5
15 richard_iii:3.2
16 richard_iii:3.4
16 richard_iii:4.1
16 richard_iii:4.4
17 hamlet:0.0
17 hamlet:0.1
17 hamlet:0.3
17 hamlet:0.4
17 hamlet:1.1
17 hamlet:2.1
17 hamlet:2.2
17 hamlet:2.3
17 hamlet:3.0
17 hamlet:3.1
17 hamlet:3.2
17 hamlet:3.3
17 hamlet:3.5
17 hamlet:4.0
17 hamlet:4.1
18 hamlet:0.2
18 hamlet:1.0
18 hamlet:2.0
18 hamlet:3.4
18 hamlet:3.6
19 henry_iv_part_i:1.0
19 henry_viii:0.2
19 henry_viii:0.3
19 henry_viii:1.1
19 henry_viii:1.3
19 henry_viii:2.0
19 henry_viii:2.1
19 henry_viii:4.0
20 henry_iv_part_i:2.0
20 henry_iv_part_i:3.0
20 henry_iv_part_i:3.2
20 henry_iv_part_i:4.1
20 henry_iv_part_i:4.2
20 henry_iv_part_i:4.3
20 henry_iv_part_i:4.4
20 henry_vi_part_1:1.4
21 henry_vi_part_1:0.1
21 henry_vi_part_1:0.4
21 henry_vi_part_1:0.5
21 henry_vi_part_1:1.0
21 henry_vi_part_1:1.1
21 henry_vi_part_1:2.1
21 henry_vi_part_1:2.2
21 henry_vi_part_1:3.6
21 henry_vi_part_1:4.1
21 henry_vi_part_1:4.3
21 as_you_like_it:0.0
22 henry_vi_part_1:1.2
22 henry_vi_part_1:3.1
22 henry_vi_part_1:3.2
22 henry_vi_part_1:3.3
22 henry_vi_part_1:3.4
22 henry_vi_part_1:3.5
23 taming_of_the_shrew:0.0
23 taming_of_the_shrew:0.1
23 taming_of_the_shrew:1.0
23 taming_of_the_shrew:2.0
23 taming_of_the_shrew:2.1
23 taming_of_the_shrew:3.0
23 taming_of_the_shrew:3.1
23 taming_of_the_shrew:3.2
23 taming_of_the_shrew:3.3
23 taming_of_the_shrew:3.4
23 taming_of_the_shrew:4.0
23 taming_of_the_shrew:4.1
24 alls_well_that_ends_well:0.0
24 alls_well_that_ends_well:0.1
24 alls_well_that_ends_well:0.2
24 alls_well_that_ends_well:1.0
24 alls_well_that_ends_well:1.1
24 alls_well_that_ends_well:1.2
24 alls_well_that_ends_well:1.3
24 alls_well_that_ends_well:1.4
24 alls_well_that_ends_well:2.1
24 alls_well_that_ends_well:2.2
24 alls_well_that_ends_well:2.3
24 alls_well_that_ends_well:2.4
24 alls_well_that_ends_well:2.5
24 alls_well_that_ends_well:2.6
24 alls_well_that_ends_well:3.0
24 alls_well_that_ends_well:3.1
24 alls_well_that_ends_well:3.2
24 alls_well_that_ends_well:3.3
24 alls_well_that_ends_well:3.4
24 alls_well_that_ends_well:4.0
24 alls_well_that_ends_well:4.1
24 alls_well_that_ends_well:4.2
25 alls_well_that_ends_well:2.0
26 loves_labors_lost:0.0
26 loves_labors_lost:1.0
26 loves_labors_lost:3.0
26 loves_labors_lost:3.2
26 loves_labors_lost:4.1
27 loves_labors_lost:0.1
27 loves_labors_lost:2.0
27 loves_labors_lost:4.0
27 henry_v:2.3
27 henry_v:3.3
28 loves_labors_lost:3.1
29 henry_vi_part_3:0.2
29 henry_vi_part_3:0.3
29 henry_vi_part_3:1.0
29 henry_vi_part_3:1.1
29 henry_vi_part_3:1.2
29 henry_vi_part_3:1.3
29 henry_vi_part_3:1.4
29 henry_vi_part_3:1.5
29 henry_vi_part_3:2.2
29 henry_vi_part_3:3.0
29 henry_vi_part_3:3.2
29 henry_vi_part_3:3.3
29 henry_vi_part_3:3.6
29 henry_vi_part_3:3.7
29 henry_vi_part_3:4.0
29 henry_vi_part_3:4.1
29 henry_vi_part_3:4.2
29 henry_vi_part_3:4.3
29 henry_vi_part_3:4.4
29 henry_vi_part_3:4.6
29 life_and_death_of_king_john:4.4
30 romeo_and_juliet:0.0
30 romeo_and_juliet:0.1
30 romeo_and_juliet:0.3
30 romeo_and_juliet:1.0
31 romeo_and_juliet:0.2
31 romeo_and_juliet:0.4
31 romeo_and_juliet:1.1
31 romeo_and_juliet:1.2
31 romeo_and_juliet:1.3
31 romeo_and_juliet:1.4
31 romeo_and_juliet:1.5
31 romeo_and_juliet:2.0
31 romeo_and_juliet:2.1
31 romeo_and_juliet:2.2
31 romeo_and_juliet:2.3
31 romeo_and_juliet:2.4
31 romeo_and_juliet:3.0
31 romeo_and_juliet:3.1
31 romeo_and_juliet:3.2
31 romeo_and_juliet:3.3
31 romeo_and_juliet:3.4
31 romeo_and_juliet:4.0
31 romeo_and_juliet:4.1
31 romeo_and_juliet:4.2
31 measure_for_measure:1.2
32 titus_andronicus:0.0
32 titus_andronicus:1.0
32 titus_andronicus:1.1
32 titus_andronicus:1.2
32 titus_andronicus:2.0
32 titus_andronicus:2.1
32 titus_andronicus:3.0
32 titus_andronicus:3.2
32 titus_andronicus:3.3
32 titus_andronicus:4.1
32 titus_andronicus:4.2
33 titus_andronicus:1.3
33 titus_andronicus:3.1
33 titus_andronicus:4.0
34 macbeth:0.0
34 macbeth:0.2
34 macbeth:0.4
34 macbeth:0.6
34 macbeth:1.0
34 macbeth:1.1
34 macbeth:1.2
34 macbeth:1.3
34 macbeth:2.0
34 macbeth:2.1
34 macbeth:2.2
34 macbeth:2.3
34 macbeth:2.4
34 macbeth:2.5
34 macbeth:3.0
34 macbeth:3.1
34 macbeth:3.2
34 macbeth:4.0
34 macbeth:4.2
34 macbeth:4.4
34 macbeth:4.6
34 macbeth:4.7
35 macbeth:0.1
35 macbeth:0.3
35 macbeth:0.5
36 macbeth:4.1
36 macbeth:4.3
36 macbeth:4.5
37 coriolanus:0.2
37 coriolanus:4.2
37 coriolanus:4.4
37 coriolanus:4.5
38 coriolanus:3.4
39 coriolanus:3.6
40 julius_caesar:0.0
41 julius_caesar:0.2
41 julius_caesar:1.0
41 julius_caesar:1.1
41 julius_caesar:1.2
41 julius_caesar:1.3
41 julius_caesar:2.0
41 julius_caesar:3.0
41 julius_caesar:3.1
41 julius_caesar:3.2
41 julius_caesar:4.0
41 julius_caesar:4.1
41 julius_caesar:4.2
41 julius_caesar:4.3
41 julius_caesar:4.4
41 antony_and_cleopatra:0.3
42 comedy_of_errors:0.0
43 comedy_of_errors:0.1
43 comedy_of_errors:1.0
43 comedy_of_errors:1.1
43 comedy_of_errors:2.0
43 comedy_of_errors:2.1
43 comedy_of_errors:3.0
43 comedy_of_errors:3.1
43 comedy_of_errors:3.2
43 comedy_of_errors:3.3
43 comedy_of_errors:4.0
44 much_ado_about_nothing:0.0
44 much_ado_about_nothing:0.1
44 much_ado_about_nothing:0.2
44 much_ado_about_nothing:1.0
44 much_ado_about_nothing:1.1
44 much_ado_about_nothing:1.2
44 much_ado_about_nothing:2.0
44 much_ado_about_nothing:2.1
44 much_ado_about_nothing:2.3
44 much_ado_about_nothing:3.0
44 much_ado_about_nothing:4.0
44 much_ado_about_nothing:4.1
44 much_ado_about_nothing:4.2
44 much_ado_about_nothing:4.3
45 much_ado_about_nothing:2.2
45 much_ado_about_nothing:2.4
45 much_ado_about_nothing:3.1
46 twelfth_night:0.0
46 twelfth_night:1.3
47 twelfth_night:0.1
47 twelfth_night:0.3
47 twelfth_night:0.4
47 twelfth_night:1.1
47 twelfth_night:2.0
47 twelfth_night:4.0
48 twelfth_night:0.2
48 twelfth_night:1.2
48 twelfth_night:1.4
48 twelfth_night:2.1
48 twelfth_night:2.3
48 twelfth_night:3.0
48 twelfth_night:3.1
49 twelfth_night:1.0
49 twelfth_night:2.2
49 twelfth_night:3.2
49 tempest:0.0
49 tempest:1.0
49 tempest:2.2
49 merchant_of_venice:0.0
49 merchant_of_venice:0.2
49 merchant_of_venice:1.7
49 merchant_of_venice:2.0
49 merchant_of_venice:2.2
50 lear:0.0
50 lear:0.2
50 lear:0.3
50 lear:0.4
50 lear:1.1
50 lear:1.3
50 lear:2.0
50 lear:2.1
50 lear:2.3
50 lear:2.5
50 lear:3.1
50 lear:3.2
50 lear:3.5
50 lear:3.6
50 lear:4.1
50 lear:4.2
51 lear:0.1
51 lear:1.0
51 lear:2.2
51 lear:2.4
51 lear:2.6
51 lear:3.0
51 lear:3.4
51 lear:4.0
52 lear:1.2
53 lear:3.3
54 cymbeline:0.0
54 cymbeline:0.2
54 cymbeline:0.3
54 cymbeline:0.4
54 cymbeline:0.5
54 cymbeline:1.1
54 cymbeline:1.3
54 cymbeline:1.4
54 cymbeline:2.1
54 cymbeline:2.3
54 cymbeline:4.0
54 cymbeline:4.1
54 cymbeline:4.2
54 cymbeline:4.3
55 cymbeline:0.1
55 cymbeline:1.0
55 cymbeline:1.2
55 cymbeline:2.0
55 cymbeline:2.4
55 cymbeline:3.0
55 cymbeline:3.2
56 cymbeline:2.2
56 cymbeline:2.5
56 cymbeline:3.1
56 cymbeline:3.3
56 cymbeline:4.4
57 cymbeline:2.6
57 timon_of_athens:2.4
57 timon_of_athens:4.1
57 timon_of_athens:4.3
58 measure_for_measure:0.0
58 measure_for_measure:0.2
58 measure_for_measure:1.0
58 measure_for_measure:3.3
58 antony_and_cleopatra:1.0
59 measure_for_measure:0.1
59 measure_for_measure:0.3
59 measure_for_measure:1.1
59 measure_for_measure:1.3
59 measure_for_measure:2.0
59 measure_for_measure:2.1
59 measure_for_measure:3.0
59 measure_for_measure:3.1
59 measure_for_measure:3.2
59 measure_for_measure:3.4
59 measure_for_measure:3.5
59 measure_for_measure:4.0
60 pericles:0.0
60 pericles:0.1
60 pericles:0.2
60 pericles:1.3
61 pericles:0.3
61 pericles:2.2
61 pericles:3.2
61 pericles:3.3
62 pericles:1.0
62 pericles:2.0
63 pericles:1.1
63 pericles:1.2
63 pericles:1.4
64 pericles:2.1
64 pericles:2.3
64 pericles:4.2
65 pericles:3.0
65 pericles:3.1
65 pericles:3.5
65 pericles:4.0
66 pericles:3.4
66 henry_viii:1.0
66 henry_viii:3.0
67 pericles:4.1
68 winters_tale:0.0
68 winters_tale:0.1
68 winters_tale:1.0
68 winters_tale:1.2
68 winters_tale:2.1
68 winters_tale:2.2
68 winters_tale:3.1
68 winters_tale:4.0
68 winters_tale:4.2
69 winters_tale:1.1
70 winters_tale:2.0
71 winters_tale:3.0
72 winters_tale:3.2
72 winters_tale:3.3
72 winters_tale:4.1
73 antony_and_cleopatra:0.0
73 antony_and_cleopatra:0.1
73 antony_and_cleopatra:0.2
73 antony_and_cleopatra:0.4
73 antony_and_cleopatra:1.1
73 antony_and_cleopatra:1.2
73 antony_and_cleopatra:1.3
73 antony_and_cleopatra:1.4
73 antony_and_cleopatra:1.5
73 antony_and_cleopatra:1.6
73 antony_and_cleopatra:2.1
73 antony_and_cleopatra:2.2
73 antony_and_cleopatra:2.3
73 antony_and_cleopatra:2.4
73 antony_and_cleopatra:2.5
73 antony_and_cleopatra:2.6
73 antony_and_cleopatra:2.8
73 antony_and_cleopatra:2.9
73 antony_and_cleopatra:2.10
73 antony_and_cleopatra:2.12
73 antony_and_cleopatra:3.1
73 antony_and_cleopatra:3.3
73 antony_and_cleopatra:3.4
73 antony_and_cleopatra:3.5
73 antony_and_cleopatra:3.12
73 antony_and_cleopatra:3.14
73 antony_and_cleopatra:4.1
74 antony_and_cleopatra:2.0
75 antony_and_cleopatra:2.7
75 antony_and_cleopatra:2.11
75 antony_and_cleopatra:3.0
75 antony_and_cleopatra:3.10
75 antony_and_cleopatra:4.0
76 antony_and_cleopatra:3.2
76 antony_and_cleopatra:3.8
77 antony_and_cleopatra:3.6
77 antony_and_cleopatra:3.7
77 antony_and_cleopatra:3.9
77 antony_and_cleopatra:3.11
77 antony_and_cleopatra:3.13
78 tempest:0.1
78 tempest:2.0
78 tempest:3.0
78 tempest:4.0
79 tempest:1.1
79 tempest:2.1
80 two_gentlemen_of_verona:0.0
80 two_gentlemen_of_verona:0.2
80 two_gentlemen_of_verona:1.0
80 two_gentlemen_of_verona:1.3
80 two_gentlemen_of_verona:1.5
80 two_gentlemen_of_verona:2.1
80 two_gentlemen_of_verona:3.0
80 two_gentlemen_of_verona:3.1
80 two_gentlemen_of_verona:3.2
80 two_gentlemen_of_verona:3.3
80 two_gentlemen_of_verona:4.0
80 two_gentlemen_of_verona:4.1
80 two_gentlemen_of_verona:4.2
80 two_gentlemen_of_verona:4.3
81 two_gentlemen_of_verona:0.1
81 two_gentlemen_of_verona:1.1
81 two_gentlemen_of_verona:1.6
82 two_gentlemen_of_verona:1.2
82 two_gentlemen_of_verona:1.4
82 two_gentlemen_of_verona:2.0
83 merchant_of_venice:0.1
83 merchant_of_venice:1.0
83 merchant_of_venice:1.6
83 merchant_of_venice:1.8
83 merchant_of_venice:2.1
83 merchant_of_venice:2.3
83 merchant_of_venice:3.0
83 merchant_of_venice:3.1
83 merchant_of_venice:4.0
84 merchant_of_venice:1.1
84 merchant_of_venice:1.2
84 merchant_of_venice:1.3
84 merchant_of_venice:1.4
84 merchant_of_venice:1.5
84 merchant_of_venice:2.4
85 henry_viii:3.1
85 henry_v:4.1
86 henry_viii:4.1
86 henry_viii:4.2
86 henry_viii:4.4
87 henry_viii:4.3
88 midsummer_nights_dream:0.0
88 midsummer_nights_dream:1.0
88 midsummer_nights_dream:1.1
88 midsummer_nights_dream:2.1
88 midsummer_nights_dream:3.0
88 midsummer_nights_dream:4.0
89 midsummer_nights_dream:0.1
89 midsummer_nights_dream:2.0
89 midsummer_nights_dream:3.1
90 as_you_like_it:0.1
90 as_you_like_it:0.2
90 as_you_like_it:1.1
90 as_you_like_it:1.3
90 as_you_like_it:2.1
90 as_you_like_it:2.3
90 as_you_like_it:2.4
90 as_you_like_it:3.0
90 as_you_like_it:3.2
90 as_you_like_it:4.1
91 as_you_like_it:1.0
91 as_you_like_it:1.4
91 as_you_like_it:1.6
91 as_you_like_it:3.1
91 as_you_like_it:4.3
92 as_you_like_it:1.2
92 as_you_like_it:1.5
93 as_you_like_it:2.0
94 as_you_like_it:2.2
94 as_you_like_it:4.0
94 as_you_like_it:4.2
95 troilus_and_cressida:0.0
95 troilus_and_cressida:0.1
95 troilus_and_cressida:1.1
95 troilus_and_cressida:2.0
95 troilus_and_cressida:2.1
95 troilus_and_cressida:3.1
95 troilus_and_cressida:3.2
95 troilus_and_cressida:3.3
95 troilus_and_cressida:4.1
95 troilus_and_cressida:4.2
95 troilus_and_cressida:4.5
95 troilus_and_cressida:4.9
96 troilus_and_cressida:0.2
96 troilus_and_cressida:1.0
96 troilus_and_cressida:1.2
96 troilus_and_cressida:2.2
96 troilus_and_cressida:3.0
96 troilus_and_cressida:3.4
96 troilus_and_cressida:4.0
96 troilus_and_cressida:4.3
96 troilus_and_cressida:4.4
96 troilus_and_cressida:4.6
96 troilus_and_cressida:4.7
96 troilus_and_cressida:4.8
97 henry_v:0.0
97 henry_v:0.1
97 henry_v:1.3
97 henry_v:2.4
97 henry_v:2.6
97 henry_v:3.1
97 henry_v:3.2
97 henry_v:3.4
98 henry_v:2.0
99 henry_v:2.1
99 henry_v:2.5
99 henry_v:3.0
99 henry_v:3.6
99 henry_v:3.7
99 henry_v:4.0
100 henry_v:2.2
101 life_and_death_of_king_john:0.0
101 life_and_death_of_king_john:1.0
101 life_and_death_of_king_john:2.0
101 life_and_death_of_king_john:2.1
101 life_and_death_of_king_john:2.2
101 life_and_death_of_king_john:2.3
101 life_and_death_of_king_john:4.1
102 life_and_death_of_king_john:3.0
102 life_and_death_of_king_john:3.1
102 life_and_death_of_king_john:3.2
102 life_and_death_of_king_john:4.0
102 life_and_death_of_king_john:4.2
102 life_and_death_of_king_john:4.3
102 life_and_death_of_king_john:4.5
102 life_and_death_of_king_john:4.6
103 timon_of_athens:0.0
103 timon_of_athens:0.1
103 timon_of_athens:1.0
103 timon_of_athens:1.1
103 timon_of_athens:2.1
103 timon_of_athens:2.3
103 timon_of_athens:2.5
103 timon_of_athens:3.0
103 timon_of_athens:3.1
103 timon_of_athens:3.2
103 timon_of_athens:4.0
103 timon_of_athens:4.2
104 timon_of_athens:2.0
104 timon_of_athens:2.2
