1 othello:0.0
1 othello:0.1
1 othello:0.2
1 othello:1.0
1 othello:1.2
1 othello:2.0
1 othello:2.1
1 othello:2.2
1 othello:2.3
1 othello:3.0
1 othello:3.1
1 othello:4.0
1 othello:4.1
2 othello:1.1
3 othello:3.2
4 henry_iv_part_ii:0.0
5 henry_iv_part_ii:0.1
5 henry_iv_part_ii:1.0
6 henry_iv_part_ii:0.2
6 henry_iv_part_ii:3.0
6 henry_iv_part_ii:3.1
7 henry_iv_part_ii:1.1
7 henry_iv_part_ii:1.3
7 henry_iv_part_ii:4.3
7 henry_iv_part_i:0.1
7 henry_iv_part_i:1.1
7 henry_iv_part_i:1.3
7 henry_iv_part_i:2.2
7 henry_iv_part_i:3.1
8 henry_iv_part_ii:1.2
9 henry_iv_part_ii:2.0
10 henry_iv_part_ii:2.1
10 henry_iv_part_ii:4.4
11 henry_iv_part_ii:3.2
12 henry_iv_part_ii:3.3
12 henry_iv_part_ii:3.4
13 henry_iv_part_ii:4.0
13 henry_iv_part_ii:4.2
14 henry_iv_part_ii:4.1
15 richard_ii:0.0
15 richard_ii:0.2
16 richard_ii:0.1
16 richard_ii:1.0
17 richard_ii:0.3
17 richard_ii:1.1
18 richard_ii:1.2
18 richard_ii:2.0
19 richard_ii:1.3
20 richard_ii:2.1
20 richard_ii:2.2
20 richard_ii:3.0
20 richard_ii:4.0
20 richard_ii:4.5
21 richard_ii:2.3
22 richard_ii:4.1
22 richard_ii:4.2
22 richard_iii:1.3
23 richard_ii:4.3
24 richard_ii:4.4
25 henry_vi_part_2:0.0
25 henry_vi_part_2:0.2
25 henry_vi_part_2:2.0
25 henry_vi_part_2:2.1
25 henry_vi_part_2:3.3
25 henry_vi_part_1:4.2
25 henry_vi_part_1:4.4
26 henry_vi_part_2:0.1
26 henry_vi_part_2:0.3
27 henry_vi_part_2:1.0
28 henry_vi_part_2:1.1
28 henry_vi_part_3:0.1
29 henry_vi_part_2:1.2
30 henry_vi_part_2:1.3
31 henry_vi_part_2:2.2
32 henry_vi_part_2:3.0
33 henry_vi_part_2:3.1
33 henry_vi_part_2:3.2
33 henry_vi_part_2:3.5
33 henry_vi_part_2:3.6
34 henry_vi_part_2:3.4
35 henry_vi_part_2:3.7
36 henry_vi_part_2:3.8
36 henry_vi_part_2:4.0
36 henry_vi_part_2:4.1
36 henry_vi_part_3:0.0
36 henry_vi_part_3:0.2
36 henry_vi_part_3:0.3
36 henry_vi_part_3:1.0
36 henry_vi_part_3:1.1
36 henry_vi_part_3:1.3
36 henry_vi_part_3:1.5
37 henry_vi_part_2:3.9
38 henry_vi_part_2:4.2
39 merry_wives_of_windsor:0.0
39 merry_wives_of_windsor:0.1
39 merry_wives_of_windsor:2.0
39 merry_wives_of_windsor:2.3
39 merry_wives_of_windsor:3.0
40 merry_wives_of_windsor:0.2
40 merry_wives_of_windsor:3.4
40 henry_v:1.0
40 henry_v:1.2
41 merry_wives_of_windsor:0.3
41 merry_wives_of_windsor:1.2
42 merry_wives_of_windsor:1.0
42 merry_wives_of_windsor:1.1
42 merry_wives_of_windsor:2.1
42 merry_wives_of_windsor:2.2
42 merry_wives_of_windsor:2.4
42 merry_wives_of_windsor:3.1
42 merry_wives_of_windsor:3.3
42 merry_wives_of_windsor:4.0
42 merry_wives_of_windsor:4.2
42 merry_wives_of_windsor:4.4
43 merry_wives_of_windsor:3.2
44 merry_wives_of_windsor:3.5
45 merry_wives_of_windsor:4.1
46 merry_wives_of_windsor:4.3
47 richard_iii:0.0
47 richard_iii:0.3
48 richard_iii:0.1
48 richard_iii:3.0
48 henry_viii:1.2
49 richard_iii:0.2
49 richard_iii:1.0
49 richard_iii:1.1
49 richard_iii:2.0
49 richard_iii:2.4
49 richard_iii:2.6
49 richard_iii:3.3
49 henry_vi_part_3:3.3
50 richard_iii:1.2
50 coriolanus:0.0
50 coriolanus:1.0
50 coriolanus:1.1
50 coriolanus:1.2
50 coriolanus:2.0
50 coriolanus:2.1
50 coriolanus:2.2
50 coriolanus:3.0
50 coriolanus:3.1
50 coriolanus:3.3
50 coriolanus:3.5
50 coriolanus:4.0
50 coriolanus:4.1
50 coriolanus:4.3
51 richard_iii:2.1
51 richard_iii:2.3
52 richard_iii:2.2
53 richard_iii:2.5
54 richard_iii:3.1
54 richard_iii:3.2
54 richard_iii:4.2
54 richard_iii:4.3
55 richard_iii:3.4
56 richard_iii:4.0
57 richard_iii:4.1
58 richard_iii:4.4
59 hamlet:0.0
59 hamlet:0.1
59 hamlet:0.3
59 hamlet:0.4
59 hamlet:1.1
59 hamlet:2.1
59 hamlet:2.3
59 hamlet:3.1
59 hamlet:3.2
59 hamlet:3.3
59 hamlet:3.5
59 hamlet:4.0
59 hamlet:4.1
60 hamlet:0.2
60 hamlet:1.0
60 hamlet:2.0
60 hamlet:3.4
60 hamlet:3.6
61 hamlet:2.2
61 hamlet:3.0
62 henry_iv_part_i:0.0
63 henry_iv_part_i:0.2
63 henry_iv_part_i:1.2
63 henry_iv_part_i:2.0
63 henry_iv_part_i:3.0
63 henry_iv_part_i:3.2
63 henry_iv_part_i:4.1
64 henry_iv_part_i:1.0
65 henry_iv_part_i:2.1
66 henry_iv_part_i:3.3
67 henry_iv_part_i:4.0
67 henry_iv_part_i:4.4
68 henry_iv_part_i:4.2
68 henry_iv_part_i:4.3
69 henry_vi_part_1:0.0
70 henry_vi_part_1:0.1
70 henry_vi_part_1:0.4
70 henry_vi_part_1:0.5
70 henry_vi_part_1:1.0
70 henry_vi_part_1:2.1
70 henry_vi_part_1:2.2
70 henry_vi_part_1:4.1
70 henry_vi_part_1:4.3
71 henry_vi_part_1:0.2
71 henry_vi_part_1:2.0
71 henry_vi_part_1:4.0
72 henry_vi_part_1:0.3
73 henry_vi_part_1:1.1
73 henry_vi_part_1:1.2
73 henry_vi_part_1:3.4
73 henry_vi_part_1:3.5
74 henry_vi_part_1:1.3
74 henry_vi_part_1:1.4
75 henry_vi_part_1:2.3
75 henry_vi_part_1:3.0
76 henry_vi_part_1:3.1
77 henry_vi_part_1:3.2
77 henry_vi_part_1:3.3
77 henry_vi_part_1:3.6
78 taming_of_the_shrew:0.0
78 taming_of_the_shrew:0.1
78 taming_of_the_shrew:1.0
78 taming_of_the_shrew:2.1
78 taming_of_the_shrew:3.1
78 taming_of_the_shrew:3.2
78 taming_of_the_shrew:3.3
78 taming_of_the_shrew:3.4
78 taming_of_the_shrew:4.0
78 taming_of_the_shrew:4.1
79 taming_of_the_shrew:2.0
80 taming_of_the_shrew:3.0
81 alls_well_that_ends_well:0.0
81 alls_well_that_ends_well:0.2
81 alls_well_that_ends_well:1.0
81 alls_well_that_ends_well:1.1
81 alls_well_that_ends_well:1.2
81 alls_well_that_ends_well:1.3
81 alls_well_that_ends_well:1.4
81 alls_well_that_ends_well:2.1
81 alls_well_that_ends_well:3.4
81 alls_well_that_ends_well:4.1
82 alls_well_that_ends_well:0.1
83 alls_well_that_ends_well:2.0
84 alls_well_that_ends_well:2.2
84 alls_well_that_ends_well:2.5
84 alls_well_that_ends_well:3.1
84 alls_well_that_ends_well:3.2
84 alls_well_that_ends_well:4.2
85 alls_well_that_ends_well:2.3
86 alls_well_that_ends_well:2.4
86 alls_well_that_ends_well:2.6
86 alls_well_that_ends_well:3.3
86 alls_well_that_ends_well:4.0
87 alls_well_that_ends_well:3.0
88 loves_labors_lost:0.0
88 loves_labors_lost:1.0
88 loves_labors_lost:3.0
88 loves_labors_lost:3.2
88 loves_labors_lost:4.1
89 loves_labors_lost:0.1
89 loves_labors_lost:2.0
89 loves_labors_lost:4.0
90 loves_labors_lost:3.1
91 henry_vi_part_3:1.2
92 henry_vi_part_3:1.4
93 henry_vi_part_3:2.0
94 henry_vi_part_3:2.1
94 henry_vi_part_3:3.0
94 henry_vi_part_3:3.4
94 henry_vi_part_3:3.6
94 henry_vi_part_3:4.4
94 henry_vi_part_3:4.6
95 henry_vi_part_3:2.2
96 henry_vi_part_3:3.1
96 henry_vi_part_3:3.5
96 henry_vi_part_3:3.7
97 henry_vi_part_3:3.2
97 henry_vi_part_3:4.0
97 henry_vi_part_3:4.1
98 henry_vi_part_3:4.2
99 henry_vi_part_3:4.3
100 henry_vi_part_3:4.5
101 romeo_and_juliet:0.0
101 romeo_and_juliet:0.1
102 romeo_and_juliet:0.2
102 romeo_and_juliet:0.4
102 romeo_and_juliet:1.1
102 romeo_and_juliet:1.4
102 romeo_and_juliet:2.1
102 romeo_and_juliet:2.4
102 romeo_and_juliet:3.2
103 romeo_and_juliet:0.3
103 romeo_and_juliet:1.0
103 romeo_and_juliet:1.3
103 romeo_and_juliet:2.0
104 romeo_and_juliet:1.2
104 romeo_and_juliet:1.5
104 romeo_and_juliet:2.2
104 romeo_and_juliet:3.0
104 romeo_and_juliet:4.1
104 romeo_and_juliet:4.2
105 romeo_and_juliet:2.3
105 romeo_and_juliet:3.1
105 romeo_and_juliet:3.3
105 romeo_and_juliet:3.4
106 romeo_and_juliet:4.0
107 titus_andronicus:0.0
107 titus_andronicus:1.1
107 titus_andronicus:2.0
107 titus_andronicus:2.1
107 titus_andronicus:3.0
107 titus_andronicus:3.2
107 titus_andronicus:3.3
107 titus_andronicus:4.1
107 titus_andronicus:4.2
108 titus_andronicus:1.0
108 titus_andronicus:1.2
108 titus_andronicus:3.1
108 titus_andronicus:4.0
109 titus_andronicus:1.3
110 macbeth:0.0
110 macbeth:0.2
110 macbeth:0.4
110 macbeth:0.6
110 macbeth:1.0
110 macbeth:1.1
110 macbeth:1.2
110 macbeth:2.0
110 macbeth:2.1
110 macbeth:2.3
110 macbeth:3.0
111 macbeth:0.1
111 macbeth:0.3
111 macbeth:0.5
112 macbeth:1.3
112 macbeth:3.1
112 macbeth:3.2
112 macbeth:4.5
112 macbeth:4.7
113 macbeth:2.2
114 macbeth:2.4
115 macbeth:2.5
116 macbeth:4.0
116 macbeth:4.2
116 macbeth:4.4
117 macbeth:4.1
117 macbeth:4.3
118 macbeth:4.6
119 coriolanus:0.1
119 coriolanus:3.6
119 coriolanus:4.5
120 coriolanus:0.2
120 coriolanus:4.2
120 coriolanus:4.4
121 coriolanus:0.3
121 coriolanus:0.4
121 coriolanus:0.5
121 coriolanus:0.6
121 coriolanus:0.7
121 coriolanus:0.8
122 coriolanus:0.9
123 coriolanus:3.2
124 coriolanus:3.4
125 julius_caesar:0.0
126 julius_caesar:0.1
126 julius_caesar:0.2
126 julius_caesar:1.0
126 julius_caesar:1.1
126 julius_caesar:1.2
126 julius_caesar:2.0
126 julius_caesar:2.1
126 julius_caesar:3.1
126 julius_caesar:3.2
126 julius_caesar:4.0
126 julius_caesar:4.2
126 julius_caesar:4.3
127 julius_caesar:1.3
127 merchant_of_venice:0.1
127 merchant_of_venice:1.8
127 merchant_of_venice:2.1
127 merchant_of_venice:2.3
127 merchant_of_venice:3.1
127 merchant_of_venice:4.0
128 julius_caesar:2.2
129 julius_caesar:3.0
129 antony_and_cleopatra:0.3
129 antony_and_cleopatra:1.1
129 antony_and_cleopatra:1.2
129 antony_and_cleopatra:1.3
129 antony_and_cleopatra:2.1
129 antony_and_cleopatra:2.5
129 antony_and_cleopatra:2.8
129 antony_and_cleopatra:2.11
129 antony_and_cleopatra:3.0
129 antony_and_cleopatra:3.5
129 antony_and_cleopatra:4.0
130 julius_caesar:4.1
131 julius_caesar:4.4
132 comedy_of_errors:0.0
133 comedy_of_errors:0.1
133 comedy_of_errors:1.1
133 comedy_of_errors:2.0
133 comedy_of_errors:2.1
133 comedy_of_errors:3.0
133 comedy_of_errors:3.2
133 comedy_of_errors:3.3
133 comedy_of_errors:4.0
134 comedy_of_errors:1.0
134 comedy_of_errors:3.1
135 much_ado_about_nothing:0.0
135 much_ado_about_nothing:1.0
135 much_ado_about_nothing:1.2
135 much_ado_about_nothing:2.0
135 much_ado_about_nothing:2.1
135 much_ado_about_nothing:3.0
135 much_ado_about_nothing:4.0
135 much_ado_about_nothing:4.1
135 much_ado_about_nothing:4.2
135 much_ado_about_nothing:4.3
136 much_ado_about_nothing:0.1
137 much_ado_about_nothing:0.2
137 much_ado_about_nothing:1.1
137 much_ado_about_nothing:2.2
137 much_ado_about_nothing:3.1
138 much_ado_about_nothing:2.3
139 much_ado_about_nothing:2.4
140 twelfth_night:0.0
140 twelfth_night:1.3
141 twelfth_night:0.1
141 twelfth_night:0.3
142 twelfth_night:0.2
142 twelfth_night:1.2
142 twelfth_night:1.4
142 twelfth_night:2.1
142 twelfth_night:2.3
142 twelfth_night:3.0
142 twelfth_night:3.1
143 twelfth_night:0.4
143 twelfth_night:1.1
143 twelfth_night:2.0
143 twelfth_night:4.0
144 twelfth_night:1.0
144 twelfth_night:2.2
144 tempest:1.0
144 tempest:2.2
145 twelfth_night:3.2
146 lear:0.0
146 lear:0.3
146 lear:0.4
146 lear:1.3
146 lear:2.1
146 lear:2.3
146 lear:2.5
146 lear:3.6
147 lear:0.1
147 lear:1.0
147 lear:2.2
147 lear:2.4
148 lear:0.2
148 lear:3.1
148 lear:4.0
148 lear:4.2
149 lear:1.1
149 lear:2.0
149 lear:2.6
149 lear:3.2
149 lear:3.4
150 lear:1.2
151 lear:3.0
151 lear:3.5
151 lear:4.1
152 lear:3.3
153 cymbeline:0.0
153 cymbeline:0.2
153 cymbeline:0.3
153 cymbeline:0.5
153 cymbeline:1.3
153 cymbeline:2.1
153 cymbeline:2.3
153 cymbeline:4.0
153 cymbeline:4.1
153 cymbeline:4.2
153 cymbeline:4.3
154 cymbeline:0.1
154 cymbeline:1.0
154 cymbeline:1.2
154 cymbeline:2.4
154 cymbeline:3.2
155 cymbeline:0.4
156 cymbeline:1.1
157 cymbeline:1.4
158 cymbeline:2.0
159 cymbeline:2.2
159 cymbeline:2.5
159 cymbeline:3.1
159 cymbeline:3.3
159 cymbeline:4.4
160 cymbeline:2.6
161 cymbeline:3.0
162 measure_for_measure:0.0
162 measure_for_measure:1.0
162 measure_for_measure:3.3
163 measure_for_measure:0.1
163 measure_for_measure:0.3
163 measure_for_measure:1.1
163 measure_for_measure:1.3
163 measure_for_measure:2.0
163 measure_for_measure:2.1
163 measure_for_measure:3.0
163 measure_for_measure:4.0
164 measure_for_measure:0.2
165 measure_for_measure:1.2
165 measure_for_measure:3.1
165 measure_for_measure:3.2
166 measure_for_measure:3.4
167 measure_for_measure:3.5
168 pericles:0.0
169 pericles:0.1
169 pericles:0.2
169 pericles:1.3
170 pericles:0.3
170 pericles:2.2
170 pericles:3.2
170 pericles:3.3
171 pericles:1.0
172 pericles:1.1
172 pericles:1.2
172 pericles:1.4
173 pericles:2.0
174 pericles:2.1
174 pericles:2.3
175 pericles:3.0
176 pericles:3.1
176 pericles:3.5
177 pericles:3.4
178 pericles:4.0
178 pericles:4.2
179 pericles:4.1
180 winters_tale:0.0
180 winters_tale:0.1
180 winters_tale:1.0
180 winters_tale:1.2
180 winters_tale:2.1
180 winters_tale:3.1
180 winters_tale:4.0
180 winters_tale:4.2
181 winters_tale:1.1
182 winters_tale:2.0
183 winters_tale:2.2
184 winters_tale:3.0
185 winters_tale:3.2
185 winters_tale:3.3
185 winters_tale:4.1
186 antony_and_cleopatra:0.0
186 antony_and_cleopatra:0.2
186 antony_and_cleopatra:0.4
186 antony_and_cleopatra:1.4
186 antony_and_cleopatra:2.2
186 antony_and_cleopatra:2.10
186 antony_and_cleopatra:2.12
186 antony_and_cleopatra:3.3
186 antony_and_cleopatra:3.12
186 antony_and_cleopatra:3.14
186 antony_and_cleopatra:4.1
187 antony_and_cleopatra:0.1
187 antony_and_cleopatra:2.6
187 antony_and_cleopatra:2.9
187 antony_and_cleopatra:3.1
188 antony_and_cleopatra:1.0
188 antony_and_cleopatra:1.5
188 antony_and_cleopatra:1.6
188 antony_and_cleopatra:2.4
189 antony_and_cleopatra:2.0
190 antony_and_cleopatra:2.3
191 antony_and_cleopatra:2.7
191 antony_and_cleopatra:3.10
192 antony_and_cleopatra:3.2
192 antony_and_cleopatra:3.8
193 antony_and_cleopatra:3.4
193 antony_and_cleopatra:3.11
193 antony_and_cleopatra:3.13
194 antony_and_cleopatra:3.6
194 antony_and_cleopatra:3.9
195 antony_and_cleopatra:3.7
196 tempest:0.0
197 tempest:0.1
197 tempest:2.0
197 tempest:3.0
197 tempest:4.0
198 tempest:1.1
198 tempest:2.1
199 two_gentlemen_of_verona:0.0
199 two_gentlemen_of_verona:0.2
200 two_gentlemen_of_verona:0.1
200 two_gentlemen_of_verona:1.1
200 two_gentlemen_of_verona:1.6
201 two_gentlemen_of_verona:1.0
201 two_gentlemen_of_verona:1.3
201 two_gentlemen_of_verona:1.5
201 two_gentlemen_of_verona:2.0
201 two_gentlemen_of_verona:2.1
201 two_gentlemen_of_verona:3.1
201 two_gentlemen_of_verona:3.3
201 two_gentlemen_of_verona:4.1
201 two_gentlemen_of_verona:4.3
202 two_gentlemen_of_verona:1.2
202 two_gentlemen_of_verona:1.4
203 two_gentlemen_of_verona:3.0
203 two_gentlemen_of_verona:4.2
204 two_gentlemen_of_verona:3.2
204 two_gentlemen_of_verona:4.0
205 merchant_of_venice:0.0
205 merchant_of_venice:1.3
205 merchant_of_venice:1.5
205 merchant_of_venice:1.7
206 merchant_of_venice:0.2
206 merchant_of_venice:1.4
206 merchant_of_venice:2.0
206 merchant_of_venice:2.2
206 merchant_of_venice:3.0
207 merchant_of_venice:1.0
207 merchant_of_venice:1.6
208 merchant_of_venice:1.1
208 merchant_of_venice:1.2
208 merchant_of_venice:2.4
209 henry_viii:0.0
210 henry_viii:0.1
210 henry_viii:1.3
210 henry_viii:2.0
211 henry_viii:0.2
211 henry_viii:0.3
211 henry_viii:1.1
211 henry_viii:2.1
212 henry_viii:1.0
212 henry_viii:3.0
213 henry_viii:3.1
214 henry_viii:4.0
214 henry_viii:4.2
215 henry_viii:4.1
216 henry_viii:4.3
217 henry_viii:4.4
218 midsummer_nights_dream:0.0
218 midsummer_nights_dream:1.1
218 midsummer_nights_dream:2.1
218 midsummer_nights_dream:3.0
219 midsummer_nights_dream:0.1
219 midsummer_nights_dream:2.0
219 midsummer_nights_dream:3.1
220 midsummer_nights_dream:1.0
221 midsummer_nights_dream:4.0
222 as_you_like_it:0.0
222 as_you_like_it:1.2
223 as_you_like_it:0.1
223 as_you_like_it:0.2
223 as_you_like_it:1.3
223 as_you_like_it:2.1
223 as_you_like_it:2.3
223 as_you_like_it:3.0
223 as_you_like_it:3.2
224 as_you_like_it:1.0
224 as_you_like_it:1.6
224 as_you_like_it:4.3
225 as_you_like_it:1.1
226 as_you_like_it:1.4
227 as_you_like_it:1.5
228 as_you_like_it:2.0
229 as_you_like_it:2.2
229 as_you_like_it:4.0
229 as_you_like_it:4.2
230 as_you_like_it:2.4
230 as_you_like_it:4.1
231 as_you_like_it:3.1
232 troilus_and_cressida:0.0
232 troilus_and_cressida:0.1
232 troilus_and_cressida:2.0
232 troilus_and_cressida:2.1
232 troilus_and_cressida:3.1
232 troilus_and_cressida:3.3
232 troilus_and_cressida:4.1
232 troilus_and_cressida:4.9
233 troilus_and_cressida:0.2
233 troilus_and_cressida:3.4
233 troilus_and_cressida:4.4
233 troilus_and_cressida:4.7
234 troilus_and_cressida:1.0
234 troilus_and_cressida:1.2
234 troilus_and_cressida:2.2
234 troilus_and_cressida:4.0
234 troilus_and_cressida:4.3
234 troilus_and_cressida:4.8
235 troilus_and_cressida:1.1
235 troilus_and_cressida:4.2
235 troilus_and_cressida:4.5
236 troilus_and_cressida:3.0
236 troilus_and_cressida:3.2
237 troilus_and_cressida:4.6
238 henry_v:0.0
239 henry_v:0.1
240 henry_v:1.1
241 henry_v:1.3
242 henry_v:2.0
243 henry_v:2.1
243 henry_v:2.5
244 henry_v:2.2
245 henry_v:2.3
245 henry_v:3.3
245 henry_v:4.1
246 henry_v:2.4
246 henry_v:2.6
246 henry_v:3.1
246 henry_v:3.4
247 henry_v:3.0
247 henry_v:3.6
247 henry_v:3.7
247 henry_v:4.0
248 henry_v:3.2
249 henry_v:3.5
250 life_and_death_of_king_john:0.0
251 life_and_death_of_king_john:1.0
251 life_and_death_of_king_john:2.0
251 life_and_death_of_king_john:2.1
251 life_and_death_of_king_john:2.3
252 life_and_death_of_king_john:2.2
252 life_and_death_of_king_john:3.0
252 life_and_death_of_king_john:3.1
252 life_and_death_of_king_john:3.2
252 life_and_death_of_king_john:4.2
252 life_and_death_of_king_john:4.5
253 life_and_death_of_king_john:4.0
254 life_and_death_of_king_john:4.1
255 life_and_death_of_king_john:4.3
256 life_and_death_of_king_john:4.4
257 life_and_death_of_king_john:4.6
258 timon_of_athens:0.0
258 timon_of_athens:0.1
258 timon_of_athens:1.1
258 timon_of_athens:2.5
258 timon_of_athens:3.2
258 timon_of_athens:4.0
258 timon_of_athens:4.2
259 timon_of_athens:1.0
260 timon_of_athens:2.0
261 timon_of_athens:2.1
261 timon_of_athens:2.3
262 timon_of_athens:2.2
263 timon_of_athens:2.4
263 timon_of_athens:4.1
263 timon_of_athens:4.3
264 timon_of_athens:3.0
265 timon_of_athens:3.1
