1 othello:0.0
2 othello:0.1
3 othello:0.2
4 othello:1.0
4 othello:1.2
4 othello:4.0
5 othello:1.1
6 othello:2.0
7 othello:2.1
8 othello:2.2
8 othello:3.0
8 othello:4.1
9 othello:2.3
10 othello:3.1
11 othello:3.2
12 henry_iv_part_ii:0.0
13 henry_iv_part_ii:0.1
14 henry_iv_part_ii:0.2
15 henry_iv_part_ii:1.0
16 henry_iv_part_ii:1.1
17 henry_iv_part_ii:1.2
18 henry_iv_part_ii:1.3
19 henry_iv_part_ii:2.0
20 henry_iv_part_ii:2.1
21 henry_iv_part_ii:3.0
22 henry_iv_part_ii:3.1
23 henry_iv_part_ii:3.2
24 henry_iv_part_ii:3.3
25 henry_iv_part_ii:3.4
26 henry_iv_part_ii:4.0
27 henry_iv_part_ii:4.1
28 henry_iv_part_ii:4.2
29 henry_iv_part_ii:4.3
30 henry_iv_part_ii:4.4
31 richard_ii:0.0
32 richard_ii:0.1
33 richard_ii:0.2
34 richard_ii:0.3
35 richard_ii:1.0
36 richard_ii:1.1
37 richard_ii:1.2
38 richard_ii:1.3
39 richard_ii:2.0
40 richard_ii:2.1
41 richard_ii:2.2
42 richard_ii:2.3
43 richard_ii:3.0
44 richard_ii:4.0
45 richard_ii:4.1
46 richard_ii:4.2
47 richard_ii:4.3
48 richard_ii:4.4
49 richard_ii:4.5
50 henry_vi_part_2:0.0
51 henry_vi_part_2:0.1
52 henry_vi_part_2:0.2
53 henry_vi_part_2:0.3
54 henry_vi_part_2:1.0
55 henry_vi_part_2:1.1
56 henry_vi_part_2:1.2
57 henry_vi_part_2:1.3
58 henry_vi_part_2:2.0
59 henry_vi_part_2:2.1
60 henry_vi_part_2:2.2
61 henry_vi_part_2:3.0
62 henry_vi_part_2:3.1
63 henry_vi_part_2:3.2
64 henry_vi_part_2:3.3
65 henry_vi_part_2:3.4
66 henry_vi_part_2:3.5
67 henry_vi_part_2:3.6
68 henry_vi_part_2:3.7
69 henry_vi_part_2:3.8
70 henry_vi_part_2:3.9
71 henry_vi_part_2:4.0
72 henry_vi_part_2:4.1
73 henry_vi_part_2:4.2
74 merry_wives_of_windsor:0.0
75 merry_wives_of_windsor:0.1
76 merry_wives_of_windsor:0.2
77 merry_wives_of_windsor:0.3
78 merry_wives_of_windsor:1.0
78 merry_wives_of_windsor:2.2
78 merry_wives_of_windsor:3.1
79 merry_wives_of_windsor:1.1
79 merry_wives_of_windsor:2.4
80 merry_wives_of_windsor:1.2
81 merry_wives_of_windsor:2.0
82 merry_wives_of_windsor:2.1
83 merry_wives_of_windsor:2.3
84 merry_wives_of_windsor:3.0
85 merry_wives_of_windsor:3.2
86 merry_wives_of_windsor:3.3
87 merry_wives_of_windsor:3.4
88 merry_wives_of_windsor:3.5
89 merry_wives_of_windsor:4.0
90 merry_wives_of_windsor:4.1
91 merry_wives_of_windsor:4.2
92 merry_wives_of_windsor:4.3
93 merry_wives_of_windsor:4.4
94 richard_iii:0.0
95 richard_iii:0.1
96 richard_iii:0.2
97 richard_iii:0.3
98 richard_iii:1.0
99 richard_iii:1.1
100 richard_iii:1.2
101 richard_iii:1.3
102 richard_iii:2.0
103 richard_iii:2.1
104 richard_iii:2.2
105 richard_iii:2.3
106 richard_iii:2.4
107 richard_iii:2.5
108 richard_iii:2.6
109 richard_iii:3.0
110 richard_iii:3.1
111 richard_iii:3.2
112 richard_iii:3.3
113 richard_iii:3.4
114 richard_iii:4.0
115 richard_iii:4.1
116 richard_iii:4.2
117 richard_iii:4.3
118 richard_iii:4.4
119 hamlet:0.0
120 hamlet:0.1
120 hamlet:0.4
121 hamlet:0.2
122 hamlet:0.3
123 hamlet:1.0
124 hamlet:1.1
124 hamlet:2.1
125 hamlet:2.0
126 hamlet:2.2
127 hamlet:2.3
128 hamlet:3.0
129 hamlet:3.1
130 hamlet:3.2
131 hamlet:3.3
132 hamlet:3.4
133 hamlet:3.5
134 hamlet:3.6
135 hamlet:4.0
136 hamlet:4.1
137 henry_iv_part_i:0.0
138 henry_iv_part_i:0.1
139 henry_iv_part_i:0.2
140 henry_iv_part_i:1.0
141 henry_iv_part_i:1.1
142 henry_iv_part_i:1.2
143 henry_iv_part_i:1.3
144 henry_iv_part_i:2.0
145 henry_iv_part_i:2.1
146 henry_iv_part_i:2.2
147 henry_iv_part_i:3.0
148 henry_iv_part_i:3.1
149 henry_iv_part_i:3.2
150 henry_iv_part_i:3.3
151 henry_iv_part_i:4.0
152 henry_iv_part_i:4.1
153 henry_iv_part_i:4.2
154 henry_iv_part_i:4.3
155 henry_iv_part_i:4.4
156 henry_vi_part_1:0.0
157 henry_vi_part_1:0.1
158 henry_vi_part_1:0.2
159 henry_vi_part_1:0.3
160 henry_vi_part_1:0.4
161 henry_vi_part_1:0.5
162 henry_vi_part_1:1.0
163 henry_vi_part_1:1.1
164 henry_vi_part_1:1.2
165 henry_vi_part_1:1.3
166 henry_vi_part_1:1.4
167 henry_vi_part_1:2.0
168 henry_vi_part_1:2.1
169 henry_vi_part_1:2.2
170 henry_vi_part_1:2.3
171 henry_vi_part_1:3.0
172 henry_vi_part_1:3.1
173 henry_vi_part_1:3.2
174 henry_vi_part_1:3.3
175 henry_vi_part_1:3.4
175 henry_vi_part_1:3.5
176 henry_vi_part_1:3.6
177 henry_vi_part_1:4.0
178 henry_vi_part_1:4.1
179 henry_vi_part_1:4.2
180 henry_vi_part_1:4.3
181 henry_vi_part_1:4.4
182 taming_of_the_shrew:0.0
182 taming_of_the_shrew:3.1
183 taming_of_the_shrew:0.1
184 taming_of_the_shrew:1.0
184 taming_of_the_shrew:2.1
185 taming_of_the_shrew:2.0
186 taming_of_the_shrew:3.0
187 taming_of_the_shrew:3.2
188 taming_of_the_shrew:3.3
189 taming_of_the_shrew:3.4
190 taming_of_the_shrew:4.0
191 taming_of_the_shrew:4.1
192 alls_well_that_ends_well:0.0
193 alls_well_that_ends_well:0.1
194 alls_well_that_ends_well:0.2
195 alls_well_that_ends_well:1.0
196 alls_well_that_ends_well:1.1
197 alls_well_that_ends_well:1.2
198 alls_well_that_ends_well:1.3
199 alls_well_that_ends_well:1.4
200 alls_well_that_ends_well:2.0
201 alls_well_that_ends_well:2.1
202 alls_well_that_ends_well:2.2
203 alls_well_that_ends_well:2.3
204 alls_well_that_ends_well:2.4
205 alls_well_that_ends_well:2.5
206 alls_well_that_ends_well:2.6
207 alls_well_that_ends_well:3.0
208 alls_well_that_ends_well:3.1
209 alls_well_that_ends_well:3.2
210 alls_well_that_ends_well:3.3
211 alls_well_that_ends_well:3.4
212 alls_well_that_ends_well:4.0
213 alls_well_that_ends_well:4.1
214 alls_well_that_ends_well:4.2
215 loves_labors_lost:0.0
215 loves_labors_lost:3.2
216 loves_labors_lost:0.1
216 loves_labors_lost:2.0
217 loves_labors_lost:1.0
218 loves_labors_lost:3.0
219 loves_labors_lost:3.1
220 loves_labors_lost:4.0
221 loves_labors_lost:4.1
222 henry_vi_part_3:0.0
223 henry_vi_part_3:0.1
224 henry_vi_part_3:0.2
225 henry_vi_part_3:0.3
226 henry_vi_part_3:1.0
227 henry_vi_part_3:1.1
228 henry_vi_part_3:1.2
229 henry_vi_part_3:1.3
230 henry_vi_part_3:1.4
231 henry_vi_part_3:1.5
232 henry_vi_part_3:2.0
233 henry_vi_part_3:2.1
234 henry_vi_part_3:2.2
235 henry_vi_part_3:3.0
236 henry_vi_part_3:3.1
237 henry_vi_part_3:3.2
238 henry_vi_part_3:3.3
239 henry_vi_part_3:3.4
240 henry_vi_part_3:3.5
241 henry_vi_part_3:3.6
242 henry_vi_part_3:3.7
243 henry_vi_part_3:4.0
244 henry_vi_part_3:4.1
245 henry_vi_part_3:4.2
246 henry_vi_part_3:4.3
247 henry_vi_part_3:4.4
248 henry_vi_part_3:4.5
249 henry_vi_part_3:4.6
250 romeo_and_juliet:0.0
251 romeo_and_juliet:0.1
252 romeo_and_juliet:0.2
253 romeo_and_juliet:0.3
254 romeo_and_juliet:0.4
255 romeo_and_juliet:1.0
256 romeo_and_juliet:1.1
257 romeo_and_juliet:1.2
258 romeo_and_juliet:1.3
259 romeo_and_juliet:1.4
260 romeo_and_juliet:1.5
261 romeo_and_juliet:2.0
262 romeo_and_juliet:2.1
263 romeo_and_juliet:2.2
264 romeo_and_juliet:2.3
265 romeo_and_juliet:2.4
266 romeo_and_juliet:3.0
267 romeo_and_juliet:3.1
268 romeo_and_juliet:3.2
269 romeo_and_juliet:3.3
270 romeo_and_juliet:3.4
271 romeo_and_juliet:4.0
272 romeo_and_juliet:4.1
273 romeo_and_juliet:4.2
274 titus_andronicus:0.0
275 titus_andronicus:1.0
276 titus_andronicus:1.1
277 titus_andronicus:1.2
278 titus_andronicus:1.3
279 titus_andronicus:2.0
279 titus_andronicus:2.1
280 titus_andronicus:3.0
281 titus_andronicus:3.1
282 titus_andronicus:3.2
283 titus_andronicus:3.3
284 titus_andronicus:4.0
285 titus_andronicus:4.1
286 titus_andronicus:4.2
287 macbeth:0.0
288 macbeth:0.1
289 macbeth:0.2
290 macbeth:0.3
291 macbeth:0.4
292 macbeth:0.5
293 macbeth:0.6
294 macbeth:1.0
295 macbeth:1.1
295 macbeth:2.3
296 macbeth:1.2
297 macbeth:1.3
298 macbeth:2.0
299 macbeth:2.1
300 macbeth:2.2
301 macbeth:2.4
302 macbeth:2.5
303 macbeth:3.0
304 macbeth:3.1
305 macbeth:3.2
306 macbeth:4.0
307 macbeth:4.1
308 macbeth:4.2
309 macbeth:4.3
310 macbeth:4.4
311 macbeth:4.5
312 macbeth:4.6
313 macbeth:4.7
314 coriolanus:0.0
315 coriolanus:0.1
316 coriolanus:0.2
317 coriolanus:0.3
318 coriolanus:0.4
319 coriolanus:0.5
320 coriolanus:0.6
321 coriolanus:0.7
322 coriolanus:0.8
323 coriolanus:0.9
324 coriolanus:1.0
325 coriolanus:1.1
326 coriolanus:1.2
327 coriolanus:2.0
327 coriolanus:2.2
328 coriolanus:2.1
329 coriolanus:3.0
330 coriolanus:3.1
331 coriolanus:3.2
332 coriolanus:3.3
333 coriolanus:3.4
334 coriolanus:3.5
335 coriolanus:3.6
336 coriolanus:4.0
337 coriolanus:4.1
338 coriolanus:4.2
339 coriolanus:4.3
340 coriolanus:4.4
341 coriolanus:4.5
342 julius_caesar:0.0
343 julius_caesar:0.1
343 julius_caesar:2.0
344 julius_caesar:0.2
345 julius_caesar:1.0
346 julius_caesar:1.1
347 julius_caesar:1.2
348 julius_caesar:1.3
349 julius_caesar:2.1
350 julius_caesar:2.2
351 julius_caesar:3.0
352 julius_caesar:3.1
353 julius_caesar:3.2
354 julius_caesar:4.0
355 julius_caesar:4.1
356 julius_caesar:4.2
357 julius_caesar:4.3
358 julius_caesar:4.4
359 comedy_of_errors:0.0
360 comedy_of_errors:0.1
360 comedy_of_errors:1.1
360 comedy_of_errors:2.1
360 comedy_of_errors:3.2
361 comedy_of_errors:1.0
362 comedy_of_errors:2.0
362 comedy_of_errors:3.3
363 comedy_of_errors:3.0
364 comedy_of_errors:3.1
365 comedy_of_errors:4.0
366 much_ado_about_nothing:0.0
366 much_ado_about_nothing:1.0
366 much_ado_about_nothing:1.2
366 much_ado_about_nothing:2.1
366 much_ado_about_nothing:4.0
367 much_ado_about_nothing:0.1
368 much_ado_about_nothing:0.2
369 much_ado_about_nothing:1.1
370 much_ado_about_nothing:2.0
371 much_ado_about_nothing:2.2
372 much_ado_about_nothing:2.3
373 much_ado_about_nothing:2.4
374 much_ado_about_nothing:3.0
374 much_ado_about_nothing:4.3
375 much_ado_about_nothing:3.1
376 much_ado_about_nothing:4.1
377 much_ado_about_nothing:4.2
378 twelfth_night:0.0
379 twelfth_night:0.1
380 twelfth_night:0.2
380 twelfth_night:1.2
380 twelfth_night:2.1
381 twelfth_night:0.3
382 twelfth_night:0.4
383 twelfth_night:1.0
384 twelfth_night:1.1
385 twelfth_night:1.3
386 twelfth_night:1.4
386 twelfth_night:2.3
387 twelfth_night:2.0
388 twelfth_night:2.2
389 twelfth_night:3.0
390 twelfth_night:3.1
391 twelfth_night:3.2
392 twelfth_night:4.0
393 lear:0.0
394 lear:0.1
395 lear:0.2
396 lear:0.3
396 lear:0.4
397 lear:1.0
398 lear:1.1
399 lear:1.2
400 lear:1.3
401 lear:2.0
402 lear:2.1
403 lear:2.2
404 lear:2.3
405 lear:2.4
406 lear:2.5
407 lear:2.6
408 lear:3.0
409 lear:3.1
410 lear:3.2
411 lear:3.3
412 lear:3.4
413 lear:3.5
413 lear:4.1
414 lear:3.6
415 lear:4.0
416 lear:4.2
417 cymbeline:0.0
418 cymbeline:0.1
419 cymbeline:0.2
420 cymbeline:0.3
420 cymbeline:1.3
421 cymbeline:0.4
422 cymbeline:0.5
423 cymbeline:1.0
424 cymbeline:1.1
425 cymbeline:1.2
426 cymbeline:1.4
427 cymbeline:2.0
428 cymbeline:2.1
429 cymbeline:2.2
430 cymbeline:2.3
431 cymbeline:2.4
432 cymbeline:2.5
433 cymbeline:2.6
434 cymbeline:3.0
435 cymbeline:3.1
436 cymbeline:3.2
437 cymbeline:3.3
438 cymbeline:4.0
439 cymbeline:4.1
440 cymbeline:4.2
441 cymbeline:4.3
442 cymbeline:4.4
443 measure_for_measure:0.0
444 measure_for_measure:0.1
445 measure_for_measure:0.2
446 measure_for_measure:0.3
447 measure_for_measure:1.0
448 measure_for_measure:1.1
448 measure_for_measure:1.3
449 measure_for_measure:1.2
450 measure_for_measure:2.0
451 measure_for_measure:2.1
452 measure_for_measure:3.0
453 measure_for_measure:3.1
454 measure_for_measure:3.2
455 measure_for_measure:3.3
456 measure_for_measure:3.4
457 measure_for_measure:3.5
458 measure_for_measure:4.0
459 pericles:0.0
460 pericles:0.1
461 pericles:0.2
462 pericles:0.3
463 pericles:1.0
464 pericles:1.1
465 pericles:1.2
465 pericles:1.4
466 pericles:1.3
467 pericles:2.0
468 pericles:2.1
469 pericles:2.2
470 pericles:2.3
471 pericles:3.0
472 pericles:3.1
473 pericles:3.2
474 pericles:3.3
475 pericles:3.4
476 pericles:3.5
477 pericles:4.0
478 pericles:4.1
479 pericles:4.2
480 winters_tale:0.0
481 winters_tale:0.1
482 winters_tale:1.0
483 winters_tale:1.1
484 winters_tale:1.2
485 winters_tale:2.0
486 winters_tale:2.1
487 winters_tale:2.2
488 winters_tale:3.0
489 winters_tale:3.1
490 winters_tale:3.2
491 winters_tale:3.3
492 winters_tale:4.0
493 winters_tale:4.1
494 winters_tale:4.2
495 antony_and_cleopatra:0.0
496 antony_and_cleopatra:0.1
497 antony_and_cleopatra:0.2
498 antony_and_cleopatra:0.3
499 antony_and_cleopatra:0.4
500 antony_and_cleopatra:1.0
501 antony_and_cleopatra:1.1
501 antony_and_cleopatra:2.1
502 antony_and_cleopatra:1.2
503 antony_and_cleopatra:1.3
504 antony_and_cleopatra:1.4
504 antony_and_cleopatra:2.2
505 antony_and_cleopatra:1.5
505 antony_and_cleopatra:1.6
506 antony_and_cleopatra:2.0
507 antony_and_cleopatra:2.3
508 antony_and_cleopatra:2.4
509 antony_and_cleopatra:2.5
510 antony_and_cleopatra:2.6
511 antony_and_cleopatra:2.7
512 antony_and_cleopatra:2.8
513 antony_and_cleopatra:2.9
514 antony_and_cleopatra:2.10
515 antony_and_cleopatra:2.11
516 antony_and_cleopatra:2.12
517 antony_and_cleopatra:3.0
518 antony_and_cleopatra:3.1
519 antony_and_cleopatra:3.2
520 antony_and_cleopatra:3.3
521 antony_and_cleopatra:3.4
522 antony_and_cleopatra:3.5
523 antony_and_cleopatra:3.6
524 antony_and_cleopatra:3.7
525 antony_and_cleopatra:3.8
526 antony_and_cleopatra:3.9
527 antony_and_cleopatra:3.10
528 antony_and_cleopatra:3.11
529 antony_and_cleopatra:3.12
530 antony_and_cleopatra:3.13
531 antony_and_cleopatra:3.14
532 antony_and_cleopatra:4.0
533 antony_and_cleopatra:4.1
534 tempest:0.0
535 tempest:0.1
536 tempest:1.0
537 tempest:1.1
537 tempest:2.1
538 tempest:2.0
539 tempest:2.2
540 tempest:3.0
541 tempest:4.0
542 two_gentlemen_of_verona:0.0
543 two_gentlemen_of_verona:0.1
543 two_gentlemen_of_verona:1.6
544 two_gentlemen_of_verona:0.2
545 two_gentlemen_of_verona:1.0
546 two_gentlemen_of_verona:1.1
547 two_gentlemen_of_verona:1.2
548 two_gentlemen_of_verona:1.3
548 two_gentlemen_of_verona:4.3
549 two_gentlemen_of_verona:1.4
550 two_gentlemen_of_verona:1.5
551 two_gentlemen_of_verona:2.0
552 two_gentlemen_of_verona:2.1
553 two_gentlemen_of_verona:3.0
554 two_gentlemen_of_verona:3.1
555 two_gentlemen_of_verona:3.2
555 two_gentlemen_of_verona:4.0
556 two_gentlemen_of_verona:3.3
557 two_gentlemen_of_verona:4.1
558 two_gentlemen_of_verona:4.2
559 merchant_of_venice:0.0
560 merchant_of_venice:0.1
561 merchant_of_venice:0.2
562 merchant_of_venice:1.0
563 merchant_of_venice:1.1
564 merchant_of_venice:1.2
565 merchant_of_venice:1.3
566 merchant_of_venice:1.4
567 merchant_of_venice:1.5
568 merchant_of_venice:1.6
569 merchant_of_venice:1.7
570 merchant_of_venice:1.8
571 merchant_of_venice:2.0
572 merchant_of_venice:2.1
573 merchant_of_venice:2.2
574 merchant_of_venice:2.3
575 merchant_of_venice:2.4
576 merchant_of_venice:3.0
577 merchant_of_venice:3.1
578 merchant_of_venice:4.0
579 henry_viii:0.0
580 henry_viii:0.1
581 henry_viii:0.2
582 henry_viii:0.3
583 henry_viii:1.0
584 henry_viii:1.1
585 henry_viii:1.2
586 henry_viii:1.3
587 henry_viii:2.0
588 henry_viii:2.1
589 henry_viii:3.0
590 henry_viii:3.1
591 henry_viii:4.0
592 henry_viii:4.1
593 henry_viii:4.2
594 henry_viii:4.3
595 henry_viii:4.4
596 midsummer_nights_dream:0.0
597 midsummer_nights_dream:0.1
598 midsummer_nights_dream:1.0
599 midsummer_nights_dream:1.1
599 midsummer_nights_dream:2.1
600 midsummer_nights_dream:2.0
601 midsummer_nights_dream:3.0
602 midsummer_nights_dream:3.1
603 midsummer_nights_dream:4.0
604 as_you_like_it:0.0
605 as_you_like_it:0.1
606 as_you_like_it:0.2
606 as_you_like_it:2.3
607 as_you_like_it:1.0
608 as_you_like_it:1.1
609 as_you_like_it:1.2
610 as_you_like_it:1.3
611 as_you_like_it:1.4
612 as_you_like_it:1.5
613 as_you_like_it:1.6
614 as_you_like_it:2.0
615 as_you_like_it:2.1
615 as_you_like_it:3.0
616 as_you_like_it:2.2
617 as_you_like_it:2.4
618 as_you_like_it:3.1
619 as_you_like_it:3.2
620 as_you_like_it:4.0
621 as_you_like_it:4.1
622 as_you_like_it:4.2
623 as_you_like_it:4.3
624 troilus_and_cressida:0.0
625 troilus_and_cressida:0.1
625 troilus_and_cressida:2.1
625 troilus_and_cressida:3.1
626 troilus_and_cressida:0.2
627 troilus_and_cressida:1.0
628 troilus_and_cressida:1.1
629 troilus_and_cressida:1.2
629 troilus_and_cressida:2.2
630 troilus_and_cressida:2.0
631 troilus_and_cressida:3.0
632 troilus_and_cressida:3.2
633 troilus_and_cressida:3.3
634 troilus_and_cressida:3.4
635 troilus_and_cressida:4.0
636 troilus_and_cressida:4.1
637 troilus_and_cressida:4.2
638 troilus_and_cressida:4.3
639 troilus_and_cressida:4.4
640 troilus_and_cressida:4.5
641 troilus_and_cressida:4.6
642 troilus_and_cressida:4.7
643 troilus_and_cressida:4.8
644 troilus_and_cressida:4.9
645 henry_v:0.0
646 henry_v:0.1
647 henry_v:1.0
648 henry_v:1.1
649 henry_v:1.2
650 henry_v:1.3
651 henry_v:2.0
652 henry_v:2.1
653 henry_v:2.2
654 henry_v:2.3
655 henry_v:2.4
656 henry_v:2.5
657 henry_v:2.6
658 henry_v:3.0
659 henry_v:3.1
660 henry_v:3.2
661 henry_v:3.3
662 henry_v:3.4
663 henry_v:3.5
664 henry_v:3.6
665 henry_v:3.7
666 henry_v:4.0
667 henry_v:4.1
668 life_and_death_of_king_john:0.0
669 life_and_death_of_king_john:1.0
670 life_and_death_of_king_john:2.0
671 life_and_death_of_king_john:2.1
672 life_and_death_of_king_john:2.2
673 life_and_death_of_king_john:2.3
674 life_and_death_of_king_john:3.0
675 life_and_death_of_king_john:3.1
676 life_and_death_of_king_john:3.2
677 life_and_death_of_king_john:4.0
678 life_and_death_of_king_john:4.1
679 life_and_death_of_king_john:4.2
680 life_and_death_of_king_john:4.3
681 life_and_death_of_king_john:4.4
682 life_and_death_of_king_john:4.5
683 life_and_death_of_king_john:4.6
684 timon_of_athens:0.0
685 timon_of_athens:0.1
685 timon_of_athens:3.2
686 timon_of_athens:1.0
687 timon_of_athens:1.1
688 timon_of_athens:2.0
689 timon_of_athens:2.1
690 timon_of_athens:2.2
691 timon_of_athens:2.3
692 timon_of_athens:2.4
693 timon_of_athens:2.5
694 timon_of_athens:3.0
695 timon_of_athens:3.1
696 timon_of_athens:4.0
697 timon_of_athens:4.1
698 timon_of_athens:4.2
699 timon_of_athens:4.3
