1 othello:0.0
2 othello:0.1
3 othello:0.2
4 othello:1.0
4 othello:1.2
4 othello:4.0
5 othello:1.1
6 othello:2.0
7 othello:2.1
7 othello:2.2
7 othello:3.0
7 othello:3.1
7 othello:4.1
8 othello:2.3
9 othello:3.2
10 henry_iv_part_ii:0.0
11 henry_iv_part_ii:0.1
12 henry_iv_part_ii:0.2
13 henry_iv_part_ii:1.0
14 henry_iv_part_ii:1.1
15 henry_iv_part_ii:1.2
16 henry_iv_part_ii:1.3
17 henry_iv_part_ii:2.0
18 henry_iv_part_ii:2.1
19 henry_iv_part_ii:3.0
20 henry_iv_part_ii:3.1
21 henry_iv_part_ii:3.2
22 henry_iv_part_ii:3.3
23 henry_iv_part_ii:3.4
24 henry_iv_part_ii:4.0
25 henry_iv_part_ii:4.1
26 henry_iv_part_ii:4.2
27 henry_iv_part_ii:4.3
28 henry_iv_part_ii:4.4
29 richard_ii:0.0
30 richard_ii:0.1
31 richard_ii:0.2
32 richard_ii:0.3
33 richard_ii:1.0
34 richard_ii:1.1
35 richard_ii:1.2
36 richard_ii:1.3
37 richard_ii:2.0
38 richard_ii:2.1
39 richard_ii:2.2
40 richard_ii:2.3
41 richard_ii:3.0
42 richard_ii:4.0
43 richard_ii:4.1
44 richard_ii:4.2
45 richard_ii:4.3
46 richard_ii:4.4
47 richard_ii:4.5
48 henry_vi_part_2:0.0
49 henry_vi_part_2:0.1
50 henry_vi_part_2:0.2
51 henry_vi_part_2:0.3
52 henry_vi_part_2:1.0
53 henry_vi_part_2:1.1
54 henry_vi_part_2:1.2
55 henry_vi_part_2:1.3
56 henry_vi_part_2:2.0
57 henry_vi_part_2:2.1
58 henry_vi_part_2:2.2
59 henry_vi_part_2:3.0
60 henry_vi_part_2:3.1
61 henry_vi_part_2:3.2
62 henry_vi_part_2:3.3
63 henry_vi_part_2:3.4
64 henry_vi_part_2:3.5
65 henry_vi_part_2:3.6
66 henry_vi_part_2:3.7
67 henry_vi_part_2:3.8
68 henry_vi_part_2:3.9
69 henry_vi_part_2:4.0
70 henry_vi_part_2:4.1
71 henry_vi_part_2:4.2
72 merry_wives_of_windsor:0.0
73 merry_wives_of_windsor:0.1
74 merry_wives_of_windsor:0.2
75 merry_wives_of_windsor:0.3
76 merry_wives_of_windsor:1.0
76 merry_wives_of_windsor:2.1
76 merry_wives_of_windsor:2.2
76 merry_wives_of_windsor:3.1
76 merry_wives_of_windsor:3.3
77 merry_wives_of_windsor:1.1
77 merry_wives_of_windsor:2.4
78 merry_wives_of_windsor:1.2
79 merry_wives_of_windsor:2.0
80 merry_wives_of_windsor:2.3
81 merry_wives_of_windsor:3.0
82 merry_wives_of_windsor:3.2
83 merry_wives_of_windsor:3.4
84 merry_wives_of_windsor:3.5
85 merry_wives_of_windsor:4.0
86 merry_wives_of_windsor:4.1
87 merry_wives_of_windsor:4.2
88 merry_wives_of_windsor:4.3
89 merry_wives_of_windsor:4.4
90 richard_iii:0.0
91 richard_iii:0.1
92 richard_iii:0.2
93 richard_iii:0.3
94 richard_iii:1.0
95 richard_iii:1.1
96 richard_iii:1.2
97 richard_iii:1.3
98 richard_iii:2.0
99 richard_iii:2.1
100 richard_iii:2.2
101 richard_iii:2.3
102 richard_iii:2.4
103 richard_iii:2.5
104 richard_iii:2.6
105 richard_iii:3.0
106 richard_iii:3.1
107 richard_iii:3.2
108 richard_iii:3.3
109 richard_iii:3.4
110 richard_iii:4.0
111 richard_iii:4.1
112 richard_iii:4.2
113 richard_iii:4.3
114 richard_iii:4.4
115 hamlet:0.0
116 hamlet:0.1
116 hamlet:0.3
117 hamlet:0.2
118 hamlet:0.4
119 hamlet:1.0
120 hamlet:1.1
120 hamlet:2.1
121 hamlet:2.0
122 hamlet:2.2
123 hamlet:2.3
124 hamlet:3.0
125 hamlet:3.1
126 hamlet:3.2
127 hamlet:3.3
128 hamlet:3.4
129 hamlet:3.5
130 hamlet:3.6
131 hamlet:4.0
132 hamlet:4.1
133 henry_iv_part_i:0.0
134 henry_iv_part_i:0.1
135 henry_iv_part_i:0.2
136 henry_iv_part_i:1.0
137 henry_iv_part_i:1.1
138 henry_iv_part_i:1.2
139 henry_iv_part_i:1.3
140 henry_iv_part_i:2.0
141 henry_iv_part_i:2.1
142 henry_iv_part_i:2.2
143 henry_iv_part_i:3.0
144 henry_iv_part_i:3.1
145 henry_iv_part_i:3.2
146 henry_iv_part_i:3.3
147 henry_iv_part_i:4.0
148 henry_iv_part_i:4.1
149 henry_iv_part_i:4.2
150 henry_iv_part_i:4.3
151 henry_iv_part_i:4.4
152 henry_vi_part_1:0.0
153 henry_vi_part_1:0.1
154 henry_vi_part_1:0.2
155 henry_vi_part_1:0.3
156 henry_vi_part_1:0.4
157 henry_vi_part_1:0.5
158 henry_vi_part_1:1.0
159 henry_vi_part_1:1.1
160 henry_vi_part_1:1.2
161 henry_vi_part_1:1.3
162 henry_vi_part_1:1.4
163 henry_vi_part_1:2.0
164 henry_vi_part_1:2.1
165 henry_vi_part_1:2.2
166 henry_vi_part_1:2.3
167 henry_vi_part_1:3.0
168 henry_vi_part_1:3.1
169 henry_vi_part_1:3.2
170 henry_vi_part_1:3.3
171 henry_vi_part_1:3.4
171 henry_vi_part_1:3.5
172 henry_vi_part_1:3.6
173 henry_vi_part_1:4.0
174 henry_vi_part_1:4.1
175 henry_vi_part_1:4.2
176 henry_vi_part_1:4.3
177 henry_vi_part_1:4.4
178 taming_of_the_shrew:0.0
178 taming_of_the_shrew:3.1
179 taming_of_the_shrew:0.1
180 taming_of_the_shrew:1.0
180 taming_of_the_shrew:2.1
181 taming_of_the_shrew:2.0
182 taming_of_the_shrew:3.0
183 taming_of_the_shrew:3.2
184 taming_of_the_shrew:3.3
184 taming_of_the_shrew:4.0
185 taming_of_the_shrew:3.4
185 taming_of_the_shrew:4.1
186 alls_well_that_ends_well:0.0
187 alls_well_that_ends_well:0.1
188 alls_well_that_ends_well:0.2
188 alls_well_that_ends_well:2.1
189 alls_well_that_ends_well:1.0
190 alls_well_that_ends_well:1.1
191 alls_well_that_ends_well:1.2
191 alls_well_that_ends_well:1.4
192 alls_well_that_ends_well:1.3
193 alls_well_that_ends_well:2.0
194 alls_well_that_ends_well:2.2
195 alls_well_that_ends_well:2.3
196 alls_well_that_ends_well:2.4
197 alls_well_that_ends_well:2.5
198 alls_well_that_ends_well:2.6
199 alls_well_that_ends_well:3.0
200 alls_well_that_ends_well:3.1
201 alls_well_that_ends_well:3.2
202 alls_well_that_ends_well:3.3
203 alls_well_that_ends_well:3.4
204 alls_well_that_ends_well:4.0
205 alls_well_that_ends_well:4.1
206 alls_well_that_ends_well:4.2
207 loves_labors_lost:0.0
207 loves_labors_lost:3.2
208 loves_labors_lost:0.1
208 loves_labors_lost:2.0
209 loves_labors_lost:1.0
209 loves_labors_lost:4.1
210 loves_labors_lost:3.0
211 loves_labors_lost:3.1
212 loves_labors_lost:4.0
213 henry_vi_part_3:0.0
214 henry_vi_part_3:0.1
215 henry_vi_part_3:0.2
216 henry_vi_part_3:0.3
217 henry_vi_part_3:1.0
218 henry_vi_part_3:1.1
219 henry_vi_part_3:1.2
220 henry_vi_part_3:1.3
221 henry_vi_part_3:1.4
222 henry_vi_part_3:1.5
223 henry_vi_part_3:2.0
224 henry_vi_part_3:2.1
225 henry_vi_part_3:2.2
226 henry_vi_part_3:3.0
227 henry_vi_part_3:3.1
228 henry_vi_part_3:3.2
229 henry_vi_part_3:3.3
230 henry_vi_part_3:3.4
231 henry_vi_part_3:3.5
232 henry_vi_part_3:3.6
233 henry_vi_part_3:3.7
234 henry_vi_part_3:4.0
235 henry_vi_part_3:4.1
236 henry_vi_part_3:4.2
237 henry_vi_part_3:4.3
238 henry_vi_part_3:4.4
239 henry_vi_part_3:4.5
240 henry_vi_part_3:4.6
241 romeo_and_juliet:0.0
242 romeo_and_juliet:0.1
243 romeo_and_juliet:0.2
244 romeo_and_juliet:0.3
245 romeo_and_juliet:0.4
246 romeo_and_juliet:1.0
247 romeo_and_juliet:1.1
248 romeo_and_juliet:1.2
249 romeo_and_juliet:1.3
249 romeo_and_juliet:2.0
250 romeo_and_juliet:1.4
251 romeo_and_juliet:1.5
252 romeo_and_juliet:2.1
253 romeo_and_juliet:2.2
254 romeo_and_juliet:2.3
255 romeo_and_juliet:2.4
256 romeo_and_juliet:3.0
257 romeo_and_juliet:3.1
258 romeo_and_juliet:3.2
259 romeo_and_juliet:3.3
260 romeo_and_juliet:3.4
261 romeo_and_juliet:4.0
262 romeo_and_juliet:4.1
263 romeo_and_juliet:4.2
264 titus_andronicus:0.0
264 titus_andronicus:2.0
264 titus_andronicus:4.2
265 titus_andronicus:1.0
265 titus_andronicus:3.1
266 titus_andronicus:1.1
267 titus_andronicus:1.2
268 titus_andronicus:1.3
269 titus_andronicus:2.1
269 titus_andronicus:3.0
270 titus_andronicus:3.2
271 titus_andronicus:3.3
272 titus_andronicus:4.0
273 titus_andronicus:4.1
274 macbeth:0.0
275 macbeth:0.1
276 macbeth:0.2
277 macbeth:0.3
278 macbeth:0.4
279 macbeth:0.5
280 macbeth:0.6
281 macbeth:1.0
282 macbeth:1.1
282 macbeth:2.3
283 macbeth:1.2
284 macbeth:1.3
285 macbeth:2.0
286 macbeth:2.1
287 macbeth:2.2
288 macbeth:2.4
289 macbeth:2.5
290 macbeth:3.0
291 macbeth:3.1
292 macbeth:3.2
293 macbeth:4.0
294 macbeth:4.1
295 macbeth:4.2
296 macbeth:4.3
297 macbeth:4.4
298 macbeth:4.5
299 macbeth:4.6
300 macbeth:4.7
301 coriolanus:0.0
302 coriolanus:0.1
303 coriolanus:0.2
304 coriolanus:0.3
305 coriolanus:0.4
306 coriolanus:0.5
307 coriolanus:0.6
308 coriolanus:0.7
309 coriolanus:0.8
310 coriolanus:0.9
311 coriolanus:1.0
312 coriolanus:1.1
312 coriolanus:2.0
312 coriolanus:2.2
313 coriolanus:1.2
314 coriolanus:2.1
315 coriolanus:3.0
316 coriolanus:3.1
317 coriolanus:3.2
318 coriolanus:3.3
319 coriolanus:3.4
320 coriolanus:3.5
321 coriolanus:3.6
322 coriolanus:4.0
323 coriolanus:4.1
324 coriolanus:4.2
325 coriolanus:4.3
326 coriolanus:4.4
327 coriolanus:4.5
328 julius_caesar:0.0
329 julius_caesar:0.1
329 julius_caesar:2.0
330 julius_caesar:0.2
331 julius_caesar:1.0
331 julius_caesar:3.2
332 julius_caesar:1.1
333 julius_caesar:1.2
334 julius_caesar:1.3
335 julius_caesar:2.1
336 julius_caesar:2.2
337 julius_caesar:3.0
338 julius_caesar:3.1
339 julius_caesar:4.0
340 julius_caesar:4.1
341 julius_caesar:4.2
342 julius_caesar:4.3
343 julius_caesar:4.4
344 comedy_of_errors:0.0
345 comedy_of_errors:0.1
345 comedy_of_errors:1.1
345 comedy_of_errors:2.1
345 comedy_of_errors:3.2
346 comedy_of_errors:1.0
346 comedy_of_errors:3.1
347 comedy_of_errors:2.0
347 comedy_of_errors:3.3
347 comedy_of_errors:4.0
348 comedy_of_errors:3.0
349 much_ado_about_nothing:0.0
349 much_ado_about_nothing:1.0
349 much_ado_about_nothing:1.2
349 much_ado_about_nothing:2.1
349 much_ado_about_nothing:4.0
350 much_ado_about_nothing:0.1
351 much_ado_about_nothing:0.2
352 much_ado_about_nothing:1.1
353 much_ado_about_nothing:2.0
354 much_ado_about_nothing:2.2
354 much_ado_about_nothing:3.1
355 much_ado_about_nothing:2.3
356 much_ado_about_nothing:2.4
357 much_ado_about_nothing:3.0
357 much_ado_about_nothing:4.3
358 much_ado_about_nothing:4.1
359 much_ado_about_nothing:4.2
360 twelfth_night:0.0
361 twelfth_night:0.1
362 twelfth_night:0.2
362 twelfth_night:1.2
362 twelfth_night:1.4
362 twelfth_night:2.1
362 twelfth_night:2.3
363 twelfth_night:0.3
363 twelfth_night:1.3
364 twelfth_night:0.4
365 twelfth_night:1.0
366 twelfth_night:1.1
367 twelfth_night:2.0
368 twelfth_night:2.2
369 twelfth_night:3.0
370 twelfth_night:3.1
371 twelfth_night:3.2
372 twelfth_night:4.0
373 lear:0.0
374 lear:0.1
375 lear:0.2
376 lear:0.3
376 lear:0.4
377 lear:1.0
378 lear:1.1
379 lear:1.2
380 lear:1.3
381 lear:2.0
382 lear:2.1
383 lear:2.2
384 lear:2.3
385 lear:2.4
386 lear:2.5
387 lear:2.6
388 lear:3.0
389 lear:3.1
390 lear:3.2
391 lear:3.3
392 lear:3.4
393 lear:3.5
393 lear:4.1
394 lear:3.6
395 lear:4.0
396 lear:4.2
397 cymbeline:0.0
398 cymbeline:0.1
399 cymbeline:0.2
400 cymbeline:0.3
400 cymbeline:1.3
401 cymbeline:0.4
402 cymbeline:0.5
403 cymbeline:1.0
404 cymbeline:1.1
405 cymbeline:1.2
406 cymbeline:1.4
407 cymbeline:2.0
408 cymbeline:2.1
409 cymbeline:2.2
410 cymbeline:2.3
411 cymbeline:2.4
412 cymbeline:2.5
413 cymbeline:2.6
414 cymbeline:3.0
415 cymbeline:3.1
415 cymbeline:3.3
416 cymbeline:3.2
417 cymbeline:4.0
418 cymbeline:4.1
419 cymbeline:4.2
420 cymbeline:4.3
421 cymbeline:4.4
422 measure_for_measure:0.0
423 measure_for_measure:0.1
424 measure_for_measure:0.2
425 measure_for_measure:0.3
425 measure_for_measure:1.1
425 measure_for_measure:1.3
426 measure_for_measure:1.0
427 measure_for_measure:1.2
428 measure_for_measure:2.0
429 measure_for_measure:2.1
429 measure_for_measure:4.0
430 measure_for_measure:3.0
431 measure_for_measure:3.1
432 measure_for_measure:3.2
433 measure_for_measure:3.3
434 measure_for_measure:3.4
435 measure_for_measure:3.5
436 pericles:0.0
437 pericles:0.1
438 pericles:0.2
439 pericles:0.3
440 pericles:1.0
441 pericles:1.1
442 pericles:1.2
442 pericles:1.4
443 pericles:1.3
444 pericles:2.0
445 pericles:2.1
446 pericles:2.2
447 pericles:2.3
448 pericles:3.0
449 pericles:3.1
449 pericles:3.5
450 pericles:3.2
451 pericles:3.3
452 pericles:3.4
453 pericles:4.0
454 pericles:4.1
455 pericles:4.2
456 winters_tale:0.0
457 winters_tale:0.1
458 winters_tale:1.0
459 winters_tale:1.1
460 winters_tale:1.2
460 winters_tale:4.0
460 winters_tale:4.2
461 winters_tale:2.0
462 winters_tale:2.1
463 winters_tale:2.2
464 winters_tale:3.0
465 winters_tale:3.1
466 winters_tale:3.2
467 winters_tale:3.3
468 winters_tale:4.1
469 antony_and_cleopatra:0.0
470 antony_and_cleopatra:0.1
471 antony_and_cleopatra:0.2
471 antony_and_cleopatra:3.14
472 antony_and_cleopatra:0.3
473 antony_and_cleopatra:0.4
473 antony_and_cleopatra:1.4
473 antony_and_cleopatra:2.2
474 antony_and_cleopatra:1.0
475 antony_and_cleopatra:1.1
475 antony_and_cleopatra:2.1
475 antony_and_cleopatra:3.5
476 antony_and_cleopatra:1.2
477 antony_and_cleopatra:1.3
478 antony_and_cleopatra:1.5
478 antony_and_cleopatra:1.6
479 antony_and_cleopatra:2.0
480 antony_and_cleopatra:2.3
481 antony_and_cleopatra:2.4
482 antony_and_cleopatra:2.5
483 antony_and_cleopatra:2.6
484 antony_and_cleopatra:2.7
485 antony_and_cleopatra:2.8
486 antony_and_cleopatra:2.9
487 antony_and_cleopatra:2.10
488 antony_and_cleopatra:2.11
489 antony_and_cleopatra:2.12
490 antony_and_cleopatra:3.0
491 antony_and_cleopatra:3.1
492 antony_and_cleopatra:3.2
493 antony_and_cleopatra:3.3
493 antony_and_cleopatra:3.13
494 antony_and_cleopatra:3.4
495 antony_and_cleopatra:3.6
496 antony_and_cleopatra:3.7
497 antony_and_cleopatra:3.8
498 antony_and_cleopatra:3.9
499 antony_and_cleopatra:3.10
500 antony_and_cleopatra:3.11
501 antony_and_cleopatra:3.12
502 antony_and_cleopatra:4.0
503 antony_and_cleopatra:4.1
504 tempest:0.0
505 tempest:0.1
505 tempest:4.0
506 tempest:1.0
507 tempest:1.1
507 tempest:2.1
508 tempest:2.0
509 tempest:2.2
510 tempest:3.0
511 two_gentlemen_of_verona:0.0
512 two_gentlemen_of_verona:0.1
512 two_gentlemen_of_verona:1.6
513 two_gentlemen_of_verona:0.2
514 two_gentlemen_of_verona:1.0
514 two_gentlemen_of_verona:1.3
514 two_gentlemen_of_verona:4.3
515 two_gentlemen_of_verona:1.1
516 two_gentlemen_of_verona:1.2
517 two_gentlemen_of_verona:1.4
518 two_gentlemen_of_verona:1.5
519 two_gentlemen_of_verona:2.0
520 two_gentlemen_of_verona:2.1
521 two_gentlemen_of_verona:3.0
521 two_gentlemen_of_verona:4.2
522 two_gentlemen_of_verona:3.1
522 two_gentlemen_of_verona:3.3
523 two_gentlemen_of_verona:3.2
523 two_gentlemen_of_verona:4.0
524 two_gentlemen_of_verona:4.1
525 merchant_of_venice:0.0
526 merchant_of_venice:0.1
527 merchant_of_venice:0.2
528 merchant_of_venice:1.0
529 merchant_of_venice:1.1
530 merchant_of_venice:1.2
530 merchant_of_venice:2.4
531 merchant_of_venice:1.3
532 merchant_of_venice:1.4
533 merchant_of_venice:1.5
534 merchant_of_venice:1.6
535 merchant_of_venice:1.7
536 merchant_of_venice:1.8
537 merchant_of_venice:2.0
538 merchant_of_venice:2.1
539 merchant_of_venice:2.2
540 merchant_of_venice:2.3
541 merchant_of_venice:3.0
542 merchant_of_venice:3.1
543 merchant_of_venice:4.0
544 henry_viii:0.0
545 henry_viii:0.1
546 henry_viii:0.2
547 henry_viii:0.3
548 henry_viii:1.0
549 henry_viii:1.1
550 henry_viii:1.2
551 henry_viii:1.3
552 henry_viii:2.0
553 henry_viii:2.1
554 henry_viii:3.0
555 henry_viii:3.1
556 henry_viii:4.0
557 henry_viii:4.1
558 henry_viii:4.2
559 henry_viii:4.3
560 henry_viii:4.4
561 midsummer_nights_dream:0.0
561 midsummer_nights_dream:1.1
561 midsummer_nights_dream:2.1
562 midsummer_nights_dream:0.1
562 midsummer_nights_dream:3.1
563 midsummer_nights_dream:1.0
564 midsummer_nights_dream:2.0
565 midsummer_nights_dream:3.0
566 midsummer_nights_dream:4.0
567 as_you_like_it:0.0
568 as_you_like_it:0.1
568 as_you_like_it:0.2
569 as_you_like_it:1.0
570 as_you_like_it:1.1
571 as_you_like_it:1.2
572 as_you_like_it:1.3
573 as_you_like_it:1.4
574 as_you_like_it:1.5
575 as_you_like_it:1.6
576 as_you_like_it:2.0
577 as_you_like_it:2.1
577 as_you_like_it:3.0
578 as_you_like_it:2.2
579 as_you_like_it:2.3
580 as_you_like_it:2.4
581 as_you_like_it:3.1
582 as_you_like_it:3.2
583 as_you_like_it:4.0
584 as_you_like_it:4.1
585 as_you_like_it:4.2
586 as_you_like_it:4.3
587 troilus_and_cressida:0.0
588 troilus_and_cressida:0.1
588 troilus_and_cressida:2.1
588 troilus_and_cressida:3.1
589 troilus_and_cressida:0.2
590 troilus_and_cressida:1.0
591 troilus_and_cressida:1.1
592 troilus_and_cressida:1.2
592 troilus_and_cressida:2.2
592 troilus_and_cressida:4.0
593 troilus_and_cressida:2.0
594 troilus_and_cressida:3.0
595 troilus_and_cressida:3.2
596 troilus_and_cressida:3.3
597 troilus_and_cressida:3.4
598 troilus_and_cressida:4.1
599 troilus_and_cressida:4.2
600 troilus_and_cressida:4.3
601 troilus_and_cressida:4.4
602 troilus_and_cressida:4.5
603 troilus_and_cressida:4.6
604 troilus_and_cressida:4.7
605 troilus_and_cressida:4.8
606 troilus_and_cressida:4.9
607 henry_v:0.0
608 henry_v:0.1
609 henry_v:1.0
610 henry_v:1.1
611 henry_v:1.2
612 henry_v:1.3
613 henry_v:2.0
614 henry_v:2.1
615 henry_v:2.2
616 henry_v:2.3
617 henry_v:2.4
618 henry_v:2.5
619 henry_v:2.6
620 henry_v:3.0
621 henry_v:3.1
622 henry_v:3.2
623 henry_v:3.3
624 henry_v:3.4
625 henry_v:3.5
626 henry_v:3.6
627 henry_v:3.7
628 henry_v:4.0
629 henry_v:4.1
630 life_and_death_of_king_john:0.0
631 life_and_death_of_king_john:1.0
632 life_and_death_of_king_john:2.0
633 life_and_death_of_king_john:2.1
634 life_and_death_of_king_john:2.2
634 life_and_death_of_king_john:3.0
634 life_and_death_of_king_john:4.5
635 life_and_death_of_king_john:2.3
636 life_and_death_of_king_john:3.1
637 life_and_death_of_king_john:3.2
638 life_and_death_of_king_john:4.0
639 life_and_death_of_king_john:4.1
640 life_and_death_of_king_john:4.2
641 life_and_death_of_king_john:4.3
642 life_and_death_of_king_john:4.4
643 life_and_death_of_king_john:4.6
644 timon_of_athens:0.0
644 timon_of_athens:0.1
644 timon_of_athens:3.2
645 timon_of_athens:1.0
646 timon_of_athens:1.1
647 timon_of_athens:2.0
648 timon_of_athens:2.1
649 timon_of_athens:2.2
650 timon_of_athens:2.3
651 timon_of_athens:2.4
652 timon_of_athens:2.5
653 timon_of_athens:3.0
654 timon_of_athens:3.1
655 timon_of_athens:4.0
656 timon_of_athens:4.1
657 timon_of_athens:4.2
658 timon_of_athens:4.3
