1 othello:0.0
1 othello:0.1
1 othello:0.2
1 othello:1.0
1 othello:1.2
1 othello:2.0
1 othello:2.1
1 othello:2.2
1 othello:2.3
1 othello:3.0
1 othello:3.1
1 othello:3.2
1 othello:4.0
1 othello:4.1
2 othello:1.1
3 henry_iv_part_ii:0.0
3 henry_iv_part_ii:0.2
3 henry_iv_part_ii:1.2
4 henry_iv_part_ii:0.1
4 henry_iv_part_ii:1.0
4 henry_iv_part_ii:2.1
4 henry_iv_part_ii:3.2
4 henry_iv_part_ii:4.1
4 henry_iv_part_ii:4.4
4 merry_wives_of_windsor:0.0
5 henry_iv_part_ii:1.1
5 henry_iv_part_ii:1.3
5 henry_iv_part_ii:4.3
5 merry_wives_of_windsor:0.2
5 henry_iv_part_i:0.1
5 henry_iv_part_i:1.1
5 henry_iv_part_i:1.3
5 henry_iv_part_i:2.2
5 henry_iv_part_i:3.1
5 henry_iv_part_i:4.0
5 henry_v:1.0
5 henry_v:1.2
6 henry_iv_part_ii:2.0
6 henry_iv_part_ii:3.3
6 henry_iv_part_ii:3.4
6 henry_vi_part_2:0.0
6 henry_vi_part_2:0.2
6 henry_vi_part_2:1.0
6 henry_vi_part_2:1.1
6 henry_vi_part_2:1.2
6 henry_vi_part_2:2.0
6 henry_vi_part_2:2.1
6 henry_vi_part_2:2.2
6 henry_vi_part_2:3.0
6 henry_vi_part_2:3.3
6 henry_vi_part_2:3.8
6 henry_vi_part_2:4.0
6 henry_vi_part_2:4.1
6 richard_iii:0.0
6 richard_iii:0.2
6 richard_iii:0.3
6 richard_iii:1.0
6 richard_iii:1.1
6 richard_iii:1.3
6 richard_iii:2.0
6 henry_vi_part_1:0.0
6 henry_vi_part_1:0.2
6 henry_vi_part_1:1.3
6 henry_vi_part_1:2.0
6 henry_vi_part_1:2.3
6 henry_vi_part_1:3.0
6 henry_vi_part_1:4.0
6 henry_vi_part_1:4.2
6 henry_vi_part_1:4.4
6 henry_vi_part_3:0.0
6 henry_vi_part_3:2.0
6 henry_vi_part_3:2.1
6 henry_vi_part_3:3.0
6 henry_vi_part_3:3.1
6 henry_vi_part_3:3.5
6 henry_vi_part_3:3.6
6 henry_vi_part_3:3.7
6 henry_vi_part_3:4.2
6 henry_vi_part_3:4.4
6 henry_vi_part_3:4.5
6 henry_vi_part_3:4.6
6 henry_viii:0.1
6 henry_v:3.2
6 henry_v:3.5
7 henry_iv_part_ii:3.0
7 henry_iv_part_ii:3.1
7 richard_ii:0.0
7 richard_ii:0.1
7 richard_ii:0.2
7 henry_iv_part_i:0.0
7 henry_iv_part_i:3.3
8 henry_iv_part_ii:4.0
8 henry_iv_part_ii:4.2
9 richard_ii:0.3
9 richard_ii:1.0
9 richard_ii:1.1
9 richard_ii:1.2
9 richard_ii:2.0
9 richard_ii:2.1
9 richard_ii:2.2
9 richard_ii:2.3
9 richard_ii:3.0
9 richard_ii:4.0
9 richard_ii:4.1
9 richard_ii:4.2
9 henry_iv_part_i:0.2
9 henry_iv_part_i:2.1
9 henry_vi_part_3:0.1
10 richard_ii:1.3
10 henry_vi_part_2:4.2
10 henry_vi_part_1:0.3
11 richard_ii:4.3
11 richard_ii:4.4
11 richard_ii:4.5
12 henry_vi_part_2:0.1
12 henry_vi_part_2:0.3
12 henry_vi_part_2:1.3
13 henry_vi_part_2:3.1
13 henry_vi_part_2:3.2
13 henry_vi_part_2:3.5
13 henry_vi_part_2:3.6
13 henry_vi_part_2:3.7
13 henry_vi_part_2:3.9
14 henry_vi_part_2:3.4
14 richard_iii:1.2
14 coriolanus:0.0
14 coriolanus:0.3
14 coriolanus:0.4
14 coriolanus:0.5
14 coriolanus:0.6
14 coriolanus:0.8
14 coriolanus:1.0
14 coriolanus:1.1
14 coriolanus:1.2
14 coriolanus:2.0
14 coriolanus:2.1
14 coriolanus:2.2
14 coriolanus:3.0
14 coriolanus:3.1
14 coriolanus:3.3
14 coriolanus:3.5
14 coriolanus:4.0
14 coriolanus:4.1
14 coriolanus:4.3
14 julius_caesar:2.2
15 merry_wives_of_windsor:0.1
15 merry_wives_of_windsor:0.3
15 merry_wives_of_windsor:1.2
15 merry_wives_of_windsor:2.0
15 merry_wives_of_windsor:2.3
15 merry_wives_of_windsor:3.0
15 merry_wives_of_windsor:3.5
16 merry_wives_of_windsor:1.0
16 merry_wives_of_windsor:1.1
16 merry_wives_of_windsor:2.1
16 merry_wives_of_windsor:2.2
16 merry_wives_of_windsor:2.4
16 merry_wives_of_windsor:3.1
16 merry_wives_of_windsor:3.3
16 merry_wives_of_windsor:4.0
16 merry_wives_of_windsor:4.2
16 merry_wives_of_windsor:4.4
17 merry_wives_of_windsor:3.2
17 merry_wives_of_windsor:3.4
18 merry_wives_of_windsor:4.1
19 merry_wives_of_windsor:4.3
20 richard_iii:0.1
20 richard_iii:3.0
20 henry_viii:1.2
21 richard_iii:2.1
21 richard_iii:2.3
21 richard_iii:2.4
21 richard_iii:2.5
21 richard_iii:2.6
21 richard_iii:3.1
21 richard_iii:3.2
21 richard_iii:3.3
21 richard_iii:4.0
21 richard_iii:4.2
21 richard_iii:4.3
21 henry_vi_part_3:3.4
21 henry_viii:0.0
22 richard_iii:2.2
23 richard_iii:3.4
23 richard_iii:4.4
24 richard_iii:4.1
25 hamlet:0.0
25 hamlet:0.1
25 hamlet:0.3
25 hamlet:0.4
25 hamlet:1.1
25 hamlet:2.1
25 hamlet:2.2
25 hamlet:2.3
25 hamlet:3.0
25 hamlet:3.1
25 hamlet:3.2
25 hamlet:3.3
25 hamlet:3.5
25 hamlet:4.0
25 hamlet:4.1
26 hamlet:0.2
26 hamlet:1.0
26 hamlet:2.0
26 hamlet:3.4
26 hamlet:3.6
27 henry_iv_part_i:1.0
28 henry_iv_part_i:1.2
28 henry_iv_part_i:2.0
28 henry_iv_part_i:3.0
28 henry_iv_part_i:3.2
28 henry_iv_part_i:4.1
28 henry_iv_part_i:4.2
28 henry_iv_part_i:4.3
28 henry_iv_part_i:4.4
28 henry_vi_part_1:1.4
29 henry_vi_part_1:0.1
29 henry_vi_part_1:0.4
29 henry_vi_part_1:0.5
29 henry_vi_part_1:1.0
29 henry_vi_part_1:1.1
29 henry_vi_part_1:2.1
29 henry_vi_part_1:2.2
29 henry_vi_part_1:4.1
29 henry_vi_part_1:4.3
30 henry_vi_part_1:1.2
30 henry_vi_part_1:3.1
31 henry_vi_part_1:3.2
31 henry_vi_part_1:3.3
31 henry_vi_part_1:3.4
31 henry_vi_part_1:3.5
31 henry_vi_part_1:3.6
32 taming_of_the_shrew:0.0
32 taming_of_the_shrew:0.1
32 taming_of_the_shrew:1.0
32 taming_of_the_shrew:2.0
32 taming_of_the_shrew:2.1
32 taming_of_the_shrew:3.0
32 taming_of_the_shrew:3.1
32 taming_of_the_shrew:3.2
32 taming_of_the_shrew:3.3
32 taming_of_the_shrew:3.4
32 taming_of_the_shrew:4.0
32 taming_of_the_shrew:4.1
33 alls_well_that_ends_well:0.0
33 alls_well_that_ends_well:0.1
33 alls_well_that_ends_well:0.2
33 alls_well_that_ends_well:1.0
33 alls_well_that_ends_well:1.1
33 alls_well_that_ends_well:1.2
33 alls_well_that_ends_well:1.3
33 alls_well_that_ends_well:1.4
33 alls_well_that_ends_well:2.1
33 alls_well_that_ends_well:2.2
33 alls_well_that_ends_well:2.3
33 alls_well_that_ends_well:2.4
33 alls_well_that_ends_well:2.5
33 alls_well_that_ends_well:2.6
33 alls_well_that_ends_well:3.0
33 alls_well_that_ends_well:3.2
33 alls_well_that_ends_well:3.4
33 alls_well_that_ends_well:4.0
33 alls_well_that_ends_well:4.1
34 alls_well_that_ends_well:2.0
35 alls_well_that_ends_well:3.1
35 alls_well_that_ends_well:3.3
35 alls_well_that_ends_well:4.2
36 loves_labors_lost:0.0
36 loves_labors_lost:1.0
36 loves_labors_lost:3.0
36 loves_labors_lost:3.2
36 loves_labors_lost:4.1
37 loves_labors_lost:0.1
37 loves_labors_lost:2.0
37 loves_labors_lost:4.0
38 loves_labors_lost:3.1
39 henry_vi_part_3:0.2
39 henry_vi_part_3:0.3
39 henry_vi_part_3:1.0
39 henry_vi_part_3:1.1
39 henry_vi_part_3:1.2
39 henry_vi_part_3:1.3
39 henry_vi_part_3:1.4
39 henry_vi_part_3:1.5
39 henry_vi_part_3:2.2
39 henry_vi_part_3:3.2
39 henry_vi_part_3:3.3
39 henry_vi_part_3:4.0
39 henry_vi_part_3:4.1
39 henry_vi_part_3:4.3
40 romeo_and_juliet:0.0
40 romeo_and_juliet:0.1
40 romeo_and_juliet:0.3
40 romeo_and_juliet:1.0
41 romeo_and_juliet:0.2
41 romeo_and_juliet:0.4
41 romeo_and_juliet:1.1
41 romeo_and_juliet:1.2
41 romeo_and_juliet:1.3
41 romeo_and_juliet:1.4
41 romeo_and_juliet:1.5
41 romeo_and_juliet:2.0
41 romeo_and_juliet:2.1
41 romeo_and_juliet:2.2
41 romeo_and_juliet:2.4
41 romeo_and_juliet:3.0
41 romeo_and_juliet:3.2
41 romeo_and_juliet:4.0
41 romeo_and_juliet:4.1
41 romeo_and_juliet:4.2
42 romeo_and_juliet:2.3
42 romeo_and_juliet:3.1
42 romeo_and_juliet:3.3
42 romeo_and_juliet:3.4
43 titus_andronicus:0.0
43 titus_andronicus:1.1
43 titus_andronicus:2.0
43 titus_andronicus:2.1
43 titus_andronicus:3.0
43 titus_andronicus:3.2
43 titus_andronicus:3.3
43 titus_andronicus:4.1
43 titus_andronicus:4.2
44 titus_andronicus:1.0
44 titus_andronicus:1.2
44 titus_andronicus:1.3
44 titus_andronicus:3.1
44 titus_andronicus:4.0
45 macbeth:0.0
45 macbeth:0.2
45 macbeth:0.4
45 macbeth:0.6
45 macbeth:1.0
45 macbeth:1.1
45 macbeth:1.2
45 macbeth:1.3
45 macbeth:2.0
45 macbeth:2.1
45 macbeth:2.2
45 macbeth:2.3
45 macbeth:2.4
45 macbeth:2.5
45 macbeth:3.0
45 macbeth:4.0
45 macbeth:4.2
45 macbeth:4.4
46 macbeth:0.1
46 macbeth:0.3
46 macbeth:0.5
47 macbeth:3.1
47 macbeth:3.2
47 macbeth:4.5
47 macbeth:4.7
48 macbeth:4.1
48 macbeth:4.3
48 macbeth:4.6
49 coriolanus:0.1
49 coriolanus:0.7
49 coriolanus:0.9
49 coriolanus:3.6
49 coriolanus:4.5
50 coriolanus:0.2
50 coriolanus:4.2
50 coriolanus:4.4
51 coriolanus:3.2
52 coriolanus:3.4
53 julius_caesar:0.0
54 julius_caesar:0.1
54 julius_caesar:0.2
54 julius_caesar:1.0
54 julius_caesar:1.1
54 julius_caesar:1.2
54 julius_caesar:1.3
54 julius_caesar:2.0
54 julius_caesar:2.1
54 julius_caesar:3.1
54 julius_caesar:3.2
54 julius_caesar:4.0
54 julius_caesar:4.2
54 julius_caesar:4.3
55 julius_caesar:3.0
55 antony_and_cleopatra:0.0
55 antony_and_cleopatra:0.1
55 antony_and_cleopatra:0.2
55 antony_and_cleopatra:0.3
55 antony_and_cleopatra:0.4
55 antony_and_cleopatra:1.0
55 antony_and_cleopatra:1.1
55 antony_and_cleopatra:1.2
55 antony_and_cleopatra:1.3
55 antony_and_cleopatra:1.4
55 antony_and_cleopatra:1.5
55 antony_and_cleopatra:1.6
55 antony_and_cleopatra:2.1
55 antony_and_cleopatra:2.2
55 antony_and_cleopatra:2.4
55 antony_and_cleopatra:2.5
55 antony_and_cleopatra:2.6
55 antony_and_cleopatra:2.8
55 antony_and_cleopatra:2.9
55 antony_and_cleopatra:2.10
55 antony_and_cleopatra:2.12
55 antony_and_cleopatra:3.1
55 antony_and_cleopatra:3.3
55 antony_and_cleopatra:3.4
55 antony_and_cleopatra:3.5
55 antony_and_cleopatra:3.12
55 antony_and_cleopatra:3.14
56 julius_caesar:4.1
56 julius_caesar:4.4
57 comedy_of_errors:0.0
58 comedy_of_errors:0.1
58 comedy_of_errors:1.0
58 comedy_of_errors:1.1
58 comedy_of_errors:2.0
58 comedy_of_errors:2.1
58 comedy_of_errors:3.0
58 comedy_of_errors:3.1
58 comedy_of_errors:3.2
58 comedy_of_errors:3.3
58 comedy_of_errors:4.0
59 much_ado_about_nothing:0.0
59 much_ado_about_nothing:0.1
59 much_ado_about_nothing:0.2
59 much_ado_about_nothing:1.0
59 much_ado_about_nothing:1.1
59 much_ado_about_nothing:1.2
59 much_ado_about_nothing:2.0
59 much_ado_about_nothing:2.1
59 much_ado_about_nothing:2.3
59 much_ado_about_nothing:3.0
59 much_ado_about_nothing:4.0
59 much_ado_about_nothing:4.1
59 much_ado_about_nothing:4.2
59 much_ado_about_nothing:4.3
60 much_ado_about_nothing:2.2
60 much_ado_about_nothing:2.4
60 much_ado_about_nothing:3.1
61 twelfth_night:0.0
61 twelfth_night:1.3
62 twelfth_night:0.1
62 twelfth_night:0.3
62 twelfth_night:0.4
62 twelfth_night:1.1
62 twelfth_night:2.0
62 twelfth_night:4.0
63 twelfth_night:0.2
63 twelfth_night:1.2
63 twelfth_night:1.4
63 twelfth_night:2.1
63 twelfth_night:2.3
63 twelfth_night:3.0
63 twelfth_night:3.1
64 twelfth_night:1.0
64 twelfth_night:2.2
64 twelfth_night:3.2
64 tempest:0.0
64 tempest:1.0
64 tempest:2.2
64 merchant_of_venice:0.0
64 merchant_of_venice:0.2
64 merchant_of_venice:1.7
64 merchant_of_venice:2.0
64 merchant_of_venice:2.2
65 lear:0.0
65 lear:0.3
65 lear:0.4
65 lear:1.1
65 lear:1.3
65 lear:2.0
65 lear:2.1
65 lear:2.3
65 lear:2.5
65 lear:3.2
65 lear:3.5
65 lear:3.6
66 lear:0.1
66 lear:1.0
66 lear:2.2
66 lear:2.4
66 lear:2.6
66 lear:3.0
66 lear:3.4
66 lear:4.1
67 lear:0.2
67 lear:3.1
67 lear:4.0
67 lear:4.2
68 lear:1.2
69 lear:3.3
70 cymbeline:0.0
70 cymbeline:0.2
70 cymbeline:0.3
70 cymbeline:0.5
70 cymbeline:1.1
70 cymbeline:1.3
70 cymbeline:1.4
70 cymbeline:2.1
70 cymbeline:2.3
70 cymbeline:4.0
70 cymbeline:4.1
70 cymbeline:4.2
70 cymbeline:4.3
71 cymbeline:0.1
71 cymbeline:1.0
71 cymbeline:1.2
71 cymbeline:2.0
71 cymbeline:2.4
71 cymbeline:3.0
71 cymbeline:3.2
72 cymbeline:0.4
73 cymbeline:2.2
73 cymbeline:2.5
73 cymbeline:3.1
73 cymbeline:3.3
73 cymbeline:4.4
74 cymbeline:2.6
75 measure_for_measure:0.0
75 measure_for_measure:0.2
75 measure_for_measure:1.0
75 measure_for_measure:3.3
76 measure_for_measure:0.1
76 measure_for_measure:0.3
76 measure_for_measure:1.1
76 measure_for_measure:1.3
76 measure_for_measure:2.0
76 measure_for_measure:2.1
76 measure_for_measure:3.0
76 measure_for_measure:3.5
76 measure_for_measure:4.0
77 measure_for_measure:1.2
77 measure_for_measure:3.1
77 measure_for_measure:3.2
77 measure_for_measure:3.4
78 pericles:0.0
78 pericles:0.1
78 pericles:0.2
78 pericles:1.3
79 pericles:0.3
79 pericles:2.2
79 pericles:3.2
79 pericles:3.3
80 pericles:1.0
81 pericles:1.1
81 pericles:1.2
81 pericles:1.4
82 pericles:2.0
83 pericles:2.1
83 pericles:2.3
83 pericles:4.2
84 pericles:3.0
85 pericles:3.1
85 pericles:3.5
85 pericles:4.0
86 pericles:3.4
86 henry_viii:1.0
86 henry_viii:3.0
87 pericles:4.1
88 winters_tale:0.0
88 winters_tale:0.1
88 winters_tale:1.0
88 winters_tale:1.2
88 winters_tale:2.1
88 winters_tale:3.1
88 winters_tale:4.0
88 winters_tale:4.2
89 winters_tale:1.1
90 winters_tale:2.0
91 winters_tale:2.2
92 winters_tale:3.0
93 winters_tale:3.2
93 winters_tale:3.3
93 winters_tale:4.1
94 antony_and_cleopatra:2.0
95 antony_and_cleopatra:2.3
96 antony_and_cleopatra:2.7
96 antony_and_cleopatra:2.11
96 antony_and_cleopatra:3.0
96 antony_and_cleopatra:3.10
96 antony_and_cleopatra:4.0
96 antony_and_cleopatra:4.1
97 antony_and_cleopatra:3.2
97 antony_and_cleopatra:3.8
98 antony_and_cleopatra:3.6
98 antony_and_cleopatra:3.7
98 antony_and_cleopatra:3.9
98 antony_and_cleopatra:3.11
98 antony_and_cleopatra:3.13
99 tempest:0.1
99 tempest:2.0
99 tempest:3.0
99 tempest:4.0
100 tempest:1.1
100 tempest:2.1
101 two_gentlemen_of_verona:0.0
101 two_gentlemen_of_verona:0.2
101 two_gentlemen_of_verona:1.0
101 two_gentlemen_of_verona:1.3
101 two_gentlemen_of_verona:1.5
101 two_gentlemen_of_verona:2.1
101 two_gentlemen_of_verona:3.0
101 two_gentlemen_of_verona:3.1
101 two_gentlemen_of_verona:3.3
101 two_gentlemen_of_verona:4.1
101 two_gentlemen_of_verona:4.2
101 two_gentlemen_of_verona:4.3
102 two_gentlemen_of_verona:0.1
102 two_gentlemen_of_verona:1.1
102 two_gentlemen_of_verona:1.6
103 two_gentlemen_of_verona:1.2
103 two_gentlemen_of_verona:1.4
103 two_gentlemen_of_verona:2.0
104 two_gentlemen_of_verona:3.2
104 two_gentlemen_of_verona:4.0
105 merchant_of_venice:0.1
105 merchant_of_venice:1.0
105 merchant_of_venice:1.6
105 merchant_of_venice:1.8
105 merchant_of_venice:2.1
105 merchant_of_venice:2.3
105 merchant_of_venice:3.0
105 merchant_of_venice:3.1
105 merchant_of_venice:4.0
106 merchant_of_venice:1.1
106 merchant_of_venice:1.2
106 merchant_of_venice:1.3
106 merchant_of_venice:1.4
106 merchant_of_venice:1.5
106 merchant_of_venice:2.4
107 henry_viii:0.2
107 henry_viii:0.3
107 henry_viii:1.1
107 henry_viii:1.3
107 henry_viii:2.0
107 henry_viii:2.1
107 henry_viii:4.0
107 henry_viii:4.2
108 henry_viii:3.1
109 henry_viii:4.1
109 henry_viii:4.4
110 henry_viii:4.3
111 midsummer_nights_dream:0.0
111 midsummer_nights_dream:1.0
111 midsummer_nights_dream:1.1
111 midsummer_nights_dream:2.1
111 midsummer_nights_dream:3.0
111 midsummer_nights_dream:4.0
112 midsummer_nights_dream:0.1
112 midsummer_nights_dream:2.0
112 midsummer_nights_dream:3.1
113 as_you_like_it:0.0
113 as_you_like_it:0.1
113 as_you_like_it:0.2
113 as_you_like_it:1.2
113 as_you_like_it:1.3
113 as_you_like_it:2.1
113 as_you_like_it:2.2
113 as_you_like_it:2.3
113 as_you_like_it:3.0
113 as_you_like_it:3.2
114 as_you_like_it:1.0
114 as_you_like_it:1.4
114 as_you_like_it:1.6
114 as_you_like_it:3.1
114 as_you_like_it:4.3
115 as_you_like_it:1.1
115 as_you_like_it:2.0
116 as_you_like_it:1.5
117 as_you_like_it:2.4
117 as_you_like_it:4.1
118 as_you_like_it:4.0
118 as_you_like_it:4.2
119 troilus_and_cressida:0.0
119 troilus_and_cressida:0.1
119 troilus_and_cressida:1.1
119 troilus_and_cressida:2.0
119 troilus_and_cressida:2.1
119 troilus_and_cressida:3.1
119 troilus_and_cressida:3.2
119 troilus_and_cressida:3.3
119 troilus_and_cressida:4.1
119 troilus_and_cressida:4.2
119 troilus_and_cressida:4.5
119 troilus_and_cressida:4.9
120 troilus_and_cressida:0.2
120 troilus_and_cressida:3.0
120 troilus_and_cressida:3.4
120 troilus_and_cressida:4.4
120 troilus_and_cressida:4.7
120 troilus_and_cressida:4.8
121 troilus_and_cressida:1.0
121 troilus_and_cressida:1.2
121 troilus_and_cressida:2.2
121 troilus_and_cressida:4.0
121 troilus_and_cressida:4.3
121 troilus_and_cressida:4.6
122 henry_v:0.0
122 henry_v:0.1
122 henry_v:1.3
123 henry_v:1.1
124 henry_v:2.0
125 henry_v:2.1
125 henry_v:2.5
125 henry_v:3.0
125 henry_v:3.6
125 henry_v:3.7
125 henry_v:4.0
126 henry_v:2.2
127 henry_v:2.3
127 henry_v:3.3
127 henry_v:4.1
128 henry_v:2.4
128 henry_v:2.6
128 henry_v:3.1
128 henry_v:3.4
129 life_and_death_of_king_john:0.0
129 life_and_death_of_king_john:1.0
129 life_and_death_of_king_john:2.0
129 life_and_death_of_king_john:2.1
129 life_and_death_of_king_john:2.3
129 life_and_death_of_king_john:4.1
130 life_and_death_of_king_john:2.2
130 life_and_death_of_king_john:3.0
130 life_and_death_of_king_john:3.1
130 life_and_death_of_king_john:3.2
130 life_and_death_of_king_john:4.0
130 life_and_death_of_king_john:4.2
130 life_and_death_of_king_john:4.3
130 life_and_death_of_king_john:4.5
130 life_and_death_of_king_john:4.6
131 life_and_death_of_king_john:4.4
132 timon_of_athens:0.0
132 timon_of_athens:0.1
132 timon_of_athens:1.1
132 timon_of_athens:2.1
132 timon_of_athens:2.3
132 timon_of_athens:2.5
132 timon_of_athens:3.1
132 timon_of_athens:3.2
132 timon_of_athens:4.0
132 timon_of_athens:4.2
133 timon_of_athens:1.0
134 timon_of_athens:2.0
135 timon_of_athens:2.2
136 timon_of_athens:2.4
136 timon_of_athens:4.1
136 timon_of_athens:4.3
137 timon_of_athens:3.0
