1 othello:0.0
1 othello:0.1
1 othello:0.2
1 othello:1.0
1 othello:1.2
1 othello:2.0
1 othello:2.1
1 othello:2.2
1 othello:2.3
1 othello:3.0
1 othello:3.1
1 othello:3.2
1 othello:4.0
1 othello:4.1
2 othello:1.1
3 henry_iv_part_ii:0.0
4 henry_iv_part_ii:0.1
4 henry_iv_part_ii:1.0
4 henry_iv_part_ii:2.1
4 henry_iv_part_ii:4.4
5 henry_iv_part_ii:0.2
5 henry_iv_part_ii:3.0
5 henry_iv_part_ii:3.1
6 henry_iv_part_ii:1.1
6 henry_iv_part_ii:1.3
6 henry_iv_part_ii:4.3
6 merry_wives_of_windsor:0.2
6 henry_iv_part_i:0.1
6 henry_iv_part_i:1.1
6 henry_iv_part_i:1.3
6 henry_iv_part_i:2.2
6 henry_iv_part_i:3.1
7 henry_iv_part_ii:1.2
8 henry_iv_part_ii:2.0
9 henry_iv_part_ii:3.2
10 henry_iv_part_ii:3.3
10 henry_iv_part_ii:3.4
10 henry_iv_part_ii:4.1
10 henry_vi_part_3:3.5
10 henry_vi_part_3:3.7
10 henry_vi_part_3:4.0
10 henry_vi_part_3:4.1
11 henry_iv_part_ii:4.0
11 henry_iv_part_ii:4.2
12 richard_ii:0.0
12 richard_ii:0.1
12 richard_ii:0.2
12 richard_ii:1.0
12 richard_ii:1.2
13 richard_ii:0.3
13 richard_ii:1.1
13 richard_ii:2.0
13 richard_ii:2.1
13 richard_ii:2.2
13 richard_ii:3.0
13 richard_ii:4.0
13 richard_ii:4.1
13 richard_ii:4.2
13 richard_ii:4.5
14 richard_ii:1.3
15 richard_ii:2.3
16 richard_ii:4.3
16 richard_ii:4.4
17 henry_vi_part_2:0.0
17 henry_vi_part_2:0.2
17 henry_vi_part_2:1.2
17 henry_vi_part_2:2.0
17 henry_vi_part_2:2.1
17 henry_vi_part_2:3.3
17 henry_vi_part_1:4.2
17 henry_vi_part_1:4.4
18 henry_vi_part_2:0.1
18 henry_vi_part_2:0.3
19 henry_vi_part_2:1.0
19 henry_vi_part_1:0.2
20 henry_vi_part_2:1.1
20 henry_vi_part_3:0.1
21 henry_vi_part_2:1.3
22 henry_vi_part_2:2.2
23 henry_vi_part_2:3.0
24 henry_vi_part_2:3.1
24 henry_vi_part_2:3.2
24 henry_vi_part_2:3.5
24 henry_vi_part_2:3.6
24 henry_vi_part_2:3.7
25 henry_vi_part_2:3.4
26 henry_vi_part_2:3.8
26 henry_vi_part_2:4.0
26 henry_vi_part_2:4.1
26 henry_vi_part_3:0.0
26 henry_vi_part_3:0.2
26 henry_vi_part_3:0.3
26 henry_vi_part_3:1.0
26 henry_vi_part_3:1.1
26 henry_vi_part_3:1.2
26 henry_vi_part_3:1.3
26 henry_vi_part_3:1.4
26 henry_vi_part_3:1.5
27 henry_vi_part_2:3.9
28 henry_vi_part_2:4.2
29 merry_wives_of_windsor:0.0
29 merry_wives_of_windsor:0.1
29 merry_wives_of_windsor:2.0
29 merry_wives_of_windsor:2.3
29 merry_wives_of_windsor:3.0
29 merry_wives_of_windsor:4.1
30 merry_wives_of_windsor:0.3
30 merry_wives_of_windsor:1.2
30 merry_wives_of_windsor:3.5
31 merry_wives_of_windsor:1.0
31 merry_wives_of_windsor:1.1
31 merry_wives_of_windsor:2.1
31 merry_wives_of_windsor:2.2
31 merry_wives_of_windsor:2.4
31 merry_wives_of_windsor:3.1
31 merry_wives_of_windsor:3.3
31 merry_wives_of_windsor:4.0
31 merry_wives_of_windsor:4.2
31 merry_wives_of_windsor:4.4
32 merry_wives_of_windsor:3.2
32 merry_wives_of_windsor:3.4
33 merry_wives_of_windsor:4.3
34 richard_iii:0.0
34 richard_iii:0.3
34 henry_vi_part_3:2.1
34 henry_vi_part_3:3.0
34 henry_vi_part_3:3.1
34 henry_vi_part_3:3.6
34 henry_vi_part_3:4.4
34 henry_vi_part_3:4.6
35 richard_iii:0.1
35 henry_viii:1.2
36 richard_iii:0.2
36 richard_iii:1.0
36 richard_iii:1.1
36 richard_iii:2.0
36 richard_iii:2.4
36 richard_iii:2.6
36 richard_iii:4.0
37 richard_iii:1.2
37 coriolanus:0.0
37 coriolanus:0.3
37 coriolanus:0.4
37 coriolanus:0.5
37 coriolanus:1.0
37 coriolanus:1.1
37 coriolanus:1.2
37 coriolanus:2.0
37 coriolanus:2.1
37 coriolanus:2.2
37 coriolanus:3.0
37 coriolanus:3.1
37 coriolanus:3.3
37 coriolanus:3.5
37 coriolanus:4.0
37 coriolanus:4.1
37 coriolanus:4.3
38 richard_iii:1.3
38 richard_iii:3.0
38 richard_iii:3.3
38 henry_vi_part_3:3.3
39 richard_iii:2.1
39 richard_iii:2.3
39 henry_vi_part_3:3.4
40 richard_iii:2.2
41 richard_iii:2.5
42 richard_iii:3.1
42 richard_iii:3.2
42 richard_iii:4.2
42 richard_iii:4.3
43 richard_iii:3.4
43 richard_iii:4.4
44 richard_iii:4.1
45 hamlet:0.0
45 hamlet:0.1
45 hamlet:0.3
45 hamlet:0.4
45 hamlet:1.1
45 hamlet:2.1
45 hamlet:2.3
45 hamlet:3.1
45 hamlet:3.2
45 hamlet:3.3
45 hamlet:3.5
45 hamlet:4.0
45 hamlet:4.1
46 hamlet:0.2
46 hamlet:1.0
46 hamlet:2.0
46 hamlet:3.4
46 hamlet:3.6
47 hamlet:2.2
47 hamlet:3.0
48 henry_iv_part_i:0.0
49 henry_iv_part_i:0.2
49 henry_iv_part_i:1.2
49 henry_iv_part_i:2.0
49 henry_iv_part_i:3.0
49 henry_iv_part_i:3.2
49 henry_iv_part_i:4.1
49 henry_iv_part_i:4.2
50 henry_iv_part_i:1.0
51 henry_iv_part_i:2.1
52 henry_iv_part_i:3.3
53 henry_iv_part_i:4.0
53 henry_iv_part_i:4.3
53 henry_iv_part_i:4.4
54 henry_vi_part_1:0.0
54 henry_vi_part_1:1.1
54 henry_vi_part_1:2.0
54 henry_vi_part_1:4.0
55 henry_vi_part_1:0.1
55 henry_vi_part_1:0.4
55 henry_vi_part_1:0.5
55 henry_vi_part_1:1.0
55 henry_vi_part_1:2.1
55 henry_vi_part_1:2.2
55 henry_vi_part_1:4.1
55 henry_vi_part_1:4.3
56 henry_vi_part_1:0.3
57 henry_vi_part_1:1.2
57 henry_vi_part_1:3.4
57 henry_vi_part_1:3.5
58 henry_vi_part_1:1.3
58 henry_vi_part_1:1.4
59 henry_vi_part_1:2.3
59 henry_vi_part_1:3.0
60 henry_vi_part_1:3.1
61 henry_vi_part_1:3.2
61 henry_vi_part_1:3.3
61 henry_vi_part_1:3.6
62 taming_of_the_shrew:0.0
62 taming_of_the_shrew:0.1
62 taming_of_the_shrew:1.0
62 taming_of_the_shrew:2.0
62 taming_of_the_shrew:2.1
62 taming_of_the_shrew:3.1
62 taming_of_the_shrew:3.2
62 taming_of_the_shrew:3.3
62 taming_of_the_shrew:3.4
62 taming_of_the_shrew:4.0
62 taming_of_the_shrew:4.1
63 taming_of_the_shrew:3.0
64 alls_well_that_ends_well:0.0
64 alls_well_that_ends_well:0.2
64 alls_well_that_ends_well:1.0
64 alls_well_that_ends_well:1.1
64 alls_well_that_ends_well:1.2
64 alls_well_that_ends_well:1.3
64 alls_well_that_ends_well:1.4
64 alls_well_that_ends_well:2.1
64 alls_well_that_ends_well:2.5
64 alls_well_that_ends_well:3.4
64 alls_well_that_ends_well:4.2
65 alls_well_that_ends_well:0.1
65 alls_well_that_ends_well:2.2
66 alls_well_that_ends_well:2.0
67 alls_well_that_ends_well:2.3
68 alls_well_that_ends_well:2.4
68 alls_well_that_ends_well:2.6
68 alls_well_that_ends_well:3.1
68 alls_well_that_ends_well:3.3
68 alls_well_that_ends_well:4.0
69 alls_well_that_ends_well:3.0
69 alls_well_that_ends_well:3.2
69 alls_well_that_ends_well:4.1
70 loves_labors_lost:0.0
70 loves_labors_lost:1.0
70 loves_labors_lost:3.0
70 loves_labors_lost:3.2
70 loves_labors_lost:4.1
71 loves_labors_lost:0.1
71 loves_labors_lost:2.0
71 loves_labors_lost:4.0
72 loves_labors_lost:3.1
73 henry_vi_part_3:2.0
74 henry_vi_part_3:2.2
74 henry_vi_part_3:3.2
75 henry_vi_part_3:4.2
76 henry_vi_part_3:4.3
77 henry_vi_part_3:4.5
78 romeo_and_juliet:0.0
78 romeo_and_juliet:0.1
79 romeo_and_juliet:0.2
79 romeo_and_juliet:0.4
79 romeo_and_juliet:1.1
79 romeo_and_juliet:1.4
79 romeo_and_juliet:2.1
79 romeo_and_juliet:2.4
79 romeo_and_juliet:3.2
80 romeo_and_juliet:0.3
80 romeo_and_juliet:1.0
80 romeo_and_juliet:1.3
80 romeo_and_juliet:2.0
81 romeo_and_juliet:1.2
81 romeo_and_juliet:1.5
81 romeo_and_juliet:2.2
81 romeo_and_juliet:3.0
81 romeo_and_juliet:4.1
81 romeo_and_juliet:4.2
82 romeo_and_juliet:2.3
82 romeo_and_juliet:3.1
82 romeo_and_juliet:3.3
82 romeo_and_juliet:3.4
83 romeo_and_juliet:4.0
84 titus_andronicus:0.0
84 titus_andronicus:1.1
84 titus_andronicus:2.0
84 titus_andronicus:2.1
84 titus_andronicus:3.0
84 titus_andronicus:3.2
84 titus_andronicus:3.3
84 titus_andronicus:4.1
84 titus_andronicus:4.2
85 titus_andronicus:1.0
85 titus_andronicus:1.2
85 titus_andronicus:3.1
85 titus_andronicus:4.0
86 titus_andronicus:1.3
87 macbeth:0.0
87 macbeth:0.2
87 macbeth:0.4
87 macbeth:0.6
87 macbeth:1.0
87 macbeth:1.1
87 macbeth:1.2
87 macbeth:2.0
87 macbeth:2.1
87 macbeth:2.3
87 macbeth:3.0
87 macbeth:4.6
88 macbeth:0.1
88 macbeth:0.3
88 macbeth:0.5
89 macbeth:1.3
89 macbeth:3.1
89 macbeth:3.2
89 macbeth:4.5
89 macbeth:4.7
90 macbeth:2.2
91 macbeth:2.4
92 macbeth:2.5
93 macbeth:4.0
93 macbeth:4.2
93 macbeth:4.4
94 macbeth:4.1
94 macbeth:4.3
95 coriolanus:0.1
95 coriolanus:0.7
95 coriolanus:0.9
95 coriolanus:3.6
95 coriolanus:4.5
96 coriolanus:0.2
96 coriolanus:4.2
96 coriolanus:4.4
97 coriolanus:0.6
97 coriolanus:0.8
98 coriolanus:3.2
99 coriolanus:3.4
100 julius_caesar:0.0
101 julius_caesar:0.1
101 julius_caesar:0.2
101 julius_caesar:1.0
101 julius_caesar:1.1
101 julius_caesar:1.2
101 julius_caesar:1.3
101 julius_caesar:2.0
101 julius_caesar:2.1
101 julius_caesar:3.1
101 julius_caesar:3.2
101 julius_caesar:4.0
101 julius_caesar:4.2
101 julius_caesar:4.3
102 julius_caesar:2.2
103 julius_caesar:3.0
103 antony_and_cleopatra:0.3
103 antony_and_cleopatra:1.1
103 antony_and_cleopatra:1.2
103 antony_and_cleopatra:1.3
103 antony_and_cleopatra:2.1
103 antony_and_cleopatra:2.5
103 antony_and_cleopatra:2.8
103 antony_and_cleopatra:2.9
103 antony_and_cleopatra:2.11
103 antony_and_cleopatra:3.0
103 antony_and_cleopatra:3.5
103 antony_and_cleopatra:4.0
104 julius_caesar:4.1
105 julius_caesar:4.4
106 comedy_of_errors:0.0
107 comedy_of_errors:0.1
107 comedy_of_errors:1.1
107 comedy_of_errors:2.0
107 comedy_of_errors:2.1
107 comedy_of_errors:3.0
107 comedy_of_errors:3.2
107 comedy_of_errors:3.3
107 comedy_of_errors:4.0
108 comedy_of_errors:1.0
108 comedy_of_errors:3.1
109 much_ado_about_nothing:0.0
109 much_ado_about_nothing:1.0
109 much_ado_about_nothing:1.2
109 much_ado_about_nothing:2.0
109 much_ado_about_nothing:2.1
109 much_ado_about_nothing:2.3
109 much_ado_about_nothing:3.0
109 much_ado_about_nothing:4.0
109 much_ado_about_nothing:4.1
109 much_ado_about_nothing:4.2
109 much_ado_about_nothing:4.3
110 much_ado_about_nothing:0.1
110 much_ado_about_nothing:2.4
111 much_ado_about_nothing:0.2
111 much_ado_about_nothing:1.1
111 much_ado_about_nothing:2.2
111 much_ado_about_nothing:3.1
112 twelfth_night:0.0
112 twelfth_night:1.3
113 twelfth_night:0.1
113 twelfth_night:0.3
114 twelfth_night:0.2
114 twelfth_night:1.2
114 twelfth_night:1.4
114 twelfth_night:2.1
114 twelfth_night:2.3
114 twelfth_night:3.0
114 twelfth_night:3.1
115 twelfth_night:0.4
115 twelfth_night:1.1
115 twelfth_night:2.0
115 twelfth_night:4.0
116 twelfth_night:1.0
116 twelfth_night:2.2
116 twelfth_night:3.2
116 tempest:1.0
116 tempest:2.2
117 lear:0.0
117 lear:0.3
117 lear:0.4
117 lear:1.1
117 lear:1.3
117 lear:2.1
117 lear:2.3
117 lear:2.5
117 lear:3.6
118 lear:0.1
118 lear:1.0
118 lear:2.2
118 lear:2.4
118 lear:2.6
118 lear:3.4
119 lear:0.2
119 lear:3.1
119 lear:4.0
119 lear:4.2
120 lear:1.2
121 lear:2.0
121 lear:3.2
122 lear:3.0
122 lear:3.5
122 lear:4.1
123 lear:3.3
124 cymbeline:0.0
124 cymbeline:0.2
124 cymbeline:0.3
124 cymbeline:0.5
124 cymbeline:1.3
124 cymbeline:2.1
124 cymbeline:2.3
124 cymbeline:4.0
124 cymbeline:4.1
124 cymbeline:4.2
124 cymbeline:4.3
125 cymbeline:0.1
125 cymbeline:1.0
125 cymbeline:1.2
125 cymbeline:2.4
125 cymbeline:3.0
125 cymbeline:3.2
126 cymbeline:0.4
127 cymbeline:1.1
128 cymbeline:1.4
129 cymbeline:2.0
130 cymbeline:2.2
130 cymbeline:2.5
130 cymbeline:3.1
130 cymbeline:3.3
130 cymbeline:4.4
131 cymbeline:2.6
132 measure_for_measure:0.0
132 measure_for_measure:0.2
132 measure_for_measure:1.0
132 measure_for_measure:3.3
133 measure_for_measure:0.1
133 measure_for_measure:0.3
133 measure_for_measure:1.1
133 measure_for_measure:1.3
133 measure_for_measure:2.0
133 measure_for_measure:2.1
133 measure_for_measure:3.0
133 measure_for_measure:3.5
133 measure_for_measure:4.0
134 measure_for_measure:1.2
134 measure_for_measure:3.1
134 measure_for_measure:3.2
134 measure_for_measure:3.4
135 pericles:0.0
135 pericles:0.1
135 pericles:0.2
136 pericles:0.3
136 pericles:2.2
136 pericles:3.2
136 pericles:3.3
137 pericles:1.0
138 pericles:1.1
138 pericles:1.2
138 pericles:1.4
139 pericles:1.3
140 pericles:2.0
141 pericles:2.1
141 pericles:2.3
141 pericles:4.2
142 pericles:3.0
143 pericles:3.1
143 pericles:3.5
143 pericles:4.0
144 pericles:3.4
145 pericles:4.1
146 winters_tale:0.0
146 winters_tale:0.1
146 winters_tale:1.0
146 winters_tale:1.2
146 winters_tale:2.1
146 winters_tale:3.1
146 winters_tale:4.0
146 winters_tale:4.2
147 winters_tale:1.1
148 winters_tale:2.0
149 winters_tale:2.2
150 winters_tale:3.0
151 winters_tale:3.2
151 winters_tale:3.3
151 winters_tale:4.1
152 antony_and_cleopatra:0.0
152 antony_and_cleopatra:0.1
152 antony_and_cleopatra:0.2
152 antony_and_cleopatra:0.4
152 antony_and_cleopatra:1.4
152 antony_and_cleopatra:2.2
152 antony_and_cleopatra:2.6
152 antony_and_cleopatra:2.10
152 antony_and_cleopatra:2.12
152 antony_and_cleopatra:3.1
152 antony_and_cleopatra:3.3
152 antony_and_cleopatra:3.4
152 antony_and_cleopatra:3.12
152 antony_and_cleopatra:3.14
152 antony_and_cleopatra:4.1
153 antony_and_cleopatra:1.0
153 antony_and_cleopatra:1.5
153 antony_and_cleopatra:1.6
153 antony_and_cleopatra:2.4
154 antony_and_cleopatra:2.0
155 antony_and_cleopatra:2.3
156 antony_and_cleopatra:2.7
156 antony_and_cleopatra:3.10
157 antony_and_cleopatra:3.2
157 antony_and_cleopatra:3.8
158 antony_and_cleopatra:3.6
158 antony_and_cleopatra:3.9
158 antony_and_cleopatra:3.11
158 antony_and_cleopatra:3.13
159 antony_and_cleopatra:3.7
160 tempest:0.0
161 tempest:0.1
161 tempest:2.0
161 tempest:3.0
161 tempest:4.0
162 tempest:1.1
162 tempest:2.1
163 two_gentlemen_of_verona:0.0
163 two_gentlemen_of_verona:0.2
163 two_gentlemen_of_verona:1.0
163 two_gentlemen_of_verona:1.3
163 two_gentlemen_of_verona:1.5
163 two_gentlemen_of_verona:2.1
163 two_gentlemen_of_verona:3.1
163 two_gentlemen_of_verona:3.3
163 two_gentlemen_of_verona:4.1
163 two_gentlemen_of_verona:4.3
164 two_gentlemen_of_verona:0.1
164 two_gentlemen_of_verona:1.1
164 two_gentlemen_of_verona:1.6
165 two_gentlemen_of_verona:1.2
165 two_gentlemen_of_verona:1.4
165 two_gentlemen_of_verona:2.0
166 two_gentlemen_of_verona:3.0
166 two_gentlemen_of_verona:4.2
167 two_gentlemen_of_verona:3.2
167 two_gentlemen_of_verona:4.0
168 merchant_of_venice:0.0
168 merchant_of_venice:0.2
168 merchant_of_venice:1.5
168 merchant_of_venice:1.7
168 merchant_of_venice:2.0
168 merchant_of_venice:2.2
168 merchant_of_venice:3.0
169 merchant_of_venice:0.1
169 merchant_of_venice:1.0
169 merchant_of_venice:1.6
169 merchant_of_venice:1.8
169 merchant_of_venice:2.1
169 merchant_of_venice:2.3
169 merchant_of_venice:3.1
169 merchant_of_venice:4.0
170 merchant_of_venice:1.1
170 merchant_of_venice:1.2
170 merchant_of_venice:1.3
171 merchant_of_venice:1.4
171 merchant_of_venice:2.4
172 henry_viii:0.0
172 henry_viii:1.0
173 henry_viii:0.1
173 henry_viii:1.3
173 henry_viii:2.0
173 henry_viii:4.0
174 henry_viii:0.2
174 henry_viii:0.3
174 henry_viii:1.1
174 henry_viii:2.1
175 henry_viii:3.0
176 henry_viii:3.1
177 henry_viii:4.1
177 henry_viii:4.4
178 henry_viii:4.2
179 henry_viii:4.3
180 midsummer_nights_dream:0.0
180 midsummer_nights_dream:1.1
180 midsummer_nights_dream:2.1
180 midsummer_nights_dream:3.0
180 midsummer_nights_dream:4.0
181 midsummer_nights_dream:0.1
181 midsummer_nights_dream:2.0
181 midsummer_nights_dream:3.1
182 midsummer_nights_dream:1.0
183 as_you_like_it:0.0
183 as_you_like_it:1.2
184 as_you_like_it:0.1
184 as_you_like_it:0.2
184 as_you_like_it:1.3
184 as_you_like_it:2.1
184 as_you_like_it:2.3
184 as_you_like_it:3.0
184 as_you_like_it:3.2
185 as_you_like_it:1.0
185 as_you_like_it:1.4
185 as_you_like_it:1.6
185 as_you_like_it:4.3
186 as_you_like_it:1.1
186 as_you_like_it:2.0
187 as_you_like_it:1.5
188 as_you_like_it:2.2
188 as_you_like_it:4.0
188 as_you_like_it:4.2
189 as_you_like_it:2.4
189 as_you_like_it:4.1
190 as_you_like_it:3.1
191 troilus_and_cressida:0.0
191 troilus_and_cressida:0.1
191 troilus_and_cressida:2.0
191 troilus_and_cressida:2.1
191 troilus_and_cressida:3.1
191 troilus_and_cressida:3.3
191 troilus_and_cressida:4.1
191 troilus_and_cressida:4.9
192 troilus_and_cressida:0.2
192 troilus_and_cressida:3.4
192 troilus_and_cressida:4.4
192 troilus_and_cressida:4.7
193 troilus_and_cressida:1.0
193 troilus_and_cressida:1.2
193 troilus_and_cressida:2.2
193 troilus_and_cressida:4.0
193 troilus_and_cressida:4.3
193 troilus_and_cressida:4.8
194 troilus_and_cressida:1.1
194 troilus_and_cressida:4.2
194 troilus_and_cressida:4.5
195 troilus_and_cressida:3.0
195 troilus_and_cressida:3.2
196 troilus_and_cressida:4.6
197 henry_v:0.0
198 henry_v:0.1
198 henry_v:1.3
199 henry_v:1.0
199 henry_v:1.2
200 henry_v:1.1
201 henry_v:2.0
202 henry_v:2.1
202 henry_v:2.5
203 henry_v:2.2
204 henry_v:2.3
204 henry_v:3.3
204 henry_v:4.1
205 henry_v:2.4
205 henry_v:2.6
205 henry_v:3.1
205 henry_v:3.4
206 henry_v:3.0
206 henry_v:3.6
206 henry_v:3.7
206 henry_v:4.0
207 henry_v:3.2
208 henry_v:3.5
209 life_and_death_of_king_john:0.0
209 life_and_death_of_king_john:1.0
209 life_and_death_of_king_john:2.0
209 life_and_death_of_king_john:2.1
209 life_and_death_of_king_john:2.3
210 life_and_death_of_king_john:2.2
210 life_and_death_of_king_john:3.0
210 life_and_death_of_king_john:3.1
210 life_and_death_of_king_john:3.2
210 life_and_death_of_king_john:4.2
210 life_and_death_of_king_john:4.5
211 life_and_death_of_king_john:4.0
212 life_and_death_of_king_john:4.1
212 life_and_death_of_king_john:4.4
213 life_and_death_of_king_john:4.3
214 life_and_death_of_king_john:4.6
215 timon_of_athens:0.0
215 timon_of_athens:0.1
215 timon_of_athens:1.1
215 timon_of_athens:2.5
215 timon_of_athens:3.2
215 timon_of_athens:4.0
215 timon_of_athens:4.2
216 timon_of_athens:1.0
217 timon_of_athens:2.0
218 timon_of_athens:2.1
218 timon_of_athens:2.3
219 timon_of_athens:2.2
220 timon_of_athens:2.4
220 timon_of_athens:4.1
220 timon_of_athens:4.3
221 timon_of_athens:3.0
222 timon_of_athens:3.1
