1 othello:0.0
2 othello:0.1
2 othello:0.2
3 othello:1.0
3 othello:1.2
3 othello:2.0
3 othello:4.0
4 othello:1.1
5 othello:2.1
5 othello:2.2
5 othello:2.3
5 othello:3.0
5 othello:3.1
5 othello:4.1
6 othello:3.2
7 henry_iv_part_ii:0.0
8 henry_iv_part_ii:0.1
9 henry_iv_part_ii:0.2
10 henry_iv_part_ii:1.0
11 henry_iv_part_ii:1.1
11 henry_iv_part_i:0.1
11 henry_iv_part_i:1.1
11 henry_iv_part_i:1.3
12 henry_iv_part_ii:1.2
13 henry_iv_part_ii:1.3
14 henry_iv_part_ii:2.0
15 henry_iv_part_ii:2.1
16 henry_iv_part_ii:3.0
16 henry_iv_part_ii:3.1
17 henry_iv_part_ii:3.2
18 henry_iv_part_ii:3.3
19 henry_iv_part_ii:3.4
20 henry_iv_part_ii:4.0
20 henry_iv_part_ii:4.2
21 henry_iv_part_ii:4.1
22 henry_iv_part_ii:4.3
23 henry_iv_part_ii:4.4
24 richard_ii:0.0
24 richard_ii:0.2
25 richard_ii:0.1
26 richard_ii:0.3
27 richard_ii:1.0
28 richard_ii:1.1
29 richard_ii:1.2
30 richard_ii:1.3
31 richard_ii:2.0
32 richard_ii:2.1
33 richard_ii:2.2
33 richard_ii:3.0
34 richard_ii:2.3
35 richard_ii:4.0
36 richard_ii:4.1
36 richard_ii:4.2
37 richard_ii:4.3
38 richard_ii:4.4
39 richard_ii:4.5
40 henry_vi_part_2:0.0
40 henry_vi_part_2:0.2
40 henry_vi_part_2:2.0
41 henry_vi_part_2:0.1
42 henry_vi_part_2:0.3
43 henry_vi_part_2:1.0
44 henry_vi_part_2:1.1
45 henry_vi_part_2:1.2
46 henry_vi_part_2:1.3
47 henry_vi_part_2:2.1
47 henry_vi_part_1:4.2
48 henry_vi_part_2:2.2
49 henry_vi_part_2:3.0
50 henry_vi_part_2:3.1
50 henry_vi_part_2:3.2
50 henry_vi_part_2:3.6
51 henry_vi_part_2:3.3
52 henry_vi_part_2:3.4
53 henry_vi_part_2:3.5
54 henry_vi_part_2:3.7
55 henry_vi_part_2:3.8
56 henry_vi_part_2:3.9
57 henry_vi_part_2:4.0
58 henry_vi_part_2:4.1
58 henry_vi_part_3:0.2
58 henry_vi_part_3:1.3
59 henry_vi_part_2:4.2
60 merry_wives_of_windsor:0.0
60 merry_wives_of_windsor:2.0
61 merry_wives_of_windsor:0.1
62 merry_wives_of_windsor:0.2
62 henry_v:1.0
63 merry_wives_of_windsor:0.3
63 merry_wives_of_windsor:1.2
64 merry_wives_of_windsor:1.0
64 merry_wives_of_windsor:1.1
64 merry_wives_of_windsor:2.1
64 merry_wives_of_windsor:2.2
64 merry_wives_of_windsor:2.4
64 merry_wives_of_windsor:3.1
64 merry_wives_of_windsor:3.3
64 merry_wives_of_windsor:4.2
64 merry_wives_of_windsor:4.4
65 merry_wives_of_windsor:2.3
66 merry_wives_of_windsor:3.0
67 merry_wives_of_windsor:3.2
68 merry_wives_of_windsor:3.4
69 merry_wives_of_windsor:3.5
70 merry_wives_of_windsor:4.0
71 merry_wives_of_windsor:4.1
72 merry_wives_of_windsor:4.3
73 richard_iii:0.0
74 richard_iii:0.1
75 richard_iii:0.2
76 richard_iii:0.3
77 richard_iii:1.0
78 richard_iii:1.1
79 richard_iii:1.2
79 coriolanus:1.2
79 julius_caesar:2.1
80 richard_iii:1.3
81 richard_iii:2.0
82 richard_iii:2.1
83 richard_iii:2.2
84 richard_iii:2.3
85 richard_iii:2.4
85 richard_iii:2.6
86 richard_iii:2.5
87 richard_iii:3.0
88 richard_iii:3.1
88 richard_iii:3.2
89 richard_iii:3.3
90 richard_iii:3.4
91 richard_iii:4.0
92 richard_iii:4.1
93 richard_iii:4.2
94 richard_iii:4.3
95 richard_iii:4.4
96 hamlet:0.0
97 hamlet:0.1
97 hamlet:0.3
97 hamlet:0.4
97 hamlet:4.0
97 hamlet:4.1
98 hamlet:0.2
99 hamlet:1.0
100 hamlet:1.1
100 hamlet:2.0
100 hamlet:2.1
100 hamlet:2.3
100 hamlet:3.1
101 hamlet:2.2
102 hamlet:3.0
103 hamlet:3.2
104 hamlet:3.3
105 hamlet:3.4
105 hamlet:3.6
106 hamlet:3.5
107 henry_iv_part_i:0.0
108 henry_iv_part_i:0.2
109 henry_iv_part_i:1.0
110 henry_iv_part_i:1.2
111 henry_iv_part_i:2.0
112 henry_iv_part_i:2.1
113 henry_iv_part_i:2.2
114 henry_iv_part_i:3.0
114 henry_iv_part_i:3.2
114 henry_iv_part_i:4.1
115 henry_iv_part_i:3.1
116 henry_iv_part_i:3.3
117 henry_iv_part_i:4.0
118 henry_iv_part_i:4.2
119 henry_iv_part_i:4.3
120 henry_iv_part_i:4.4
121 henry_vi_part_1:0.0
122 henry_vi_part_1:0.1
122 henry_vi_part_1:0.5
123 henry_vi_part_1:0.2
123 henry_vi_part_1:2.0
124 henry_vi_part_1:0.3
125 henry_vi_part_1:0.4
126 henry_vi_part_1:1.0
126 henry_vi_part_1:2.1
126 henry_vi_part_1:2.2
127 henry_vi_part_1:1.1
128 henry_vi_part_1:1.2
129 henry_vi_part_1:1.3
130 henry_vi_part_1:1.4
131 henry_vi_part_1:2.3
132 henry_vi_part_1:3.0
133 henry_vi_part_1:3.1
134 henry_vi_part_1:3.2
134 henry_vi_part_1:3.3
135 henry_vi_part_1:3.4
135 henry_vi_part_1:3.5
135 henry_vi_part_1:3.6
136 henry_vi_part_1:4.0
137 henry_vi_part_1:4.1
138 henry_vi_part_1:4.3
139 henry_vi_part_1:4.4
140 taming_of_the_shrew:0.0
140 taming_of_the_shrew:3.1
141 taming_of_the_shrew:0.1
141 taming_of_the_shrew:1.0
141 taming_of_the_shrew:2.1
141 taming_of_the_shrew:3.2
142 taming_of_the_shrew:2.0
143 taming_of_the_shrew:3.0
144 taming_of_the_shrew:3.3
144 taming_of_the_shrew:4.0
145 taming_of_the_shrew:3.4
145 taming_of_the_shrew:4.1
146 alls_well_that_ends_well:0.0
146 alls_well_that_ends_well:1.0
146 alls_well_that_ends_well:1.2
146 alls_well_that_ends_well:1.4
147 alls_well_that_ends_well:0.1
148 alls_well_that_ends_well:0.2
148 alls_well_that_ends_well:1.1
148 alls_well_that_ends_well:2.1
149 alls_well_that_ends_well:1.3
150 alls_well_that_ends_well:2.0
151 alls_well_that_ends_well:2.2
152 alls_well_that_ends_well:2.3
153 alls_well_that_ends_well:2.4
154 alls_well_that_ends_well:2.5
154 alls_well_that_ends_well:3.2
155 alls_well_that_ends_well:2.6
156 alls_well_that_ends_well:3.0
157 alls_well_that_ends_well:3.1
157 alls_well_that_ends_well:4.2
158 alls_well_that_ends_well:3.3
159 alls_well_that_ends_well:3.4
160 alls_well_that_ends_well:4.0
161 alls_well_that_ends_well:4.1
162 loves_labors_lost:0.0
162 loves_labors_lost:3.2
163 loves_labors_lost:0.1
163 loves_labors_lost:2.0
163 loves_labors_lost:4.0
164 loves_labors_lost:1.0
164 loves_labors_lost:3.0
164 loves_labors_lost:4.1
165 loves_labors_lost:3.1
166 henry_vi_part_3:0.0
166 henry_vi_part_3:1.1
167 henry_vi_part_3:0.1
168 henry_vi_part_3:0.3
169 henry_vi_part_3:1.0
169 henry_vi_part_3:1.5
170 henry_vi_part_3:1.2
171 henry_vi_part_3:1.4
172 henry_vi_part_3:2.0
173 henry_vi_part_3:2.1
173 henry_vi_part_3:3.0
173 henry_vi_part_3:4.4
174 henry_vi_part_3:2.2
175 henry_vi_part_3:3.1
176 henry_vi_part_3:3.2
177 henry_vi_part_3:3.3
178 henry_vi_part_3:3.4
179 henry_vi_part_3:3.5
180 henry_vi_part_3:3.6
181 henry_vi_part_3:3.7
182 henry_vi_part_3:4.0
182 henry_vi_part_3:4.1
183 henry_vi_part_3:4.2
184 henry_vi_part_3:4.3
185 henry_vi_part_3:4.5
186 henry_vi_part_3:4.6
187 romeo_and_juliet:0.0
188 romeo_and_juliet:0.1
189 romeo_and_juliet:0.2
189 romeo_and_juliet:3.1
190 romeo_and_juliet:0.3
190 romeo_and_juliet:1.3
190 romeo_and_juliet:2.0
191 romeo_and_juliet:0.4
191 romeo_and_juliet:1.1
191 romeo_and_juliet:2.1
191 romeo_and_juliet:2.4
191 romeo_and_juliet:3.2
192 romeo_and_juliet:1.0
193 romeo_and_juliet:1.2
193 romeo_and_juliet:1.5
193 romeo_and_juliet:2.2
193 romeo_and_juliet:4.1
194 romeo_and_juliet:1.4
195 romeo_and_juliet:2.3
196 romeo_and_juliet:3.0
196 romeo_and_juliet:4.2
197 romeo_and_juliet:3.3
198 romeo_and_juliet:3.4
199 romeo_and_juliet:4.0
200 titus_andronicus:0.0
200 titus_andronicus:1.1
200 titus_andronicus:2.0
200 titus_andronicus:2.1
200 titus_andronicus:3.0
200 titus_andronicus:4.2
201 titus_andronicus:1.0
201 titus_andronicus:3.1
202 titus_andronicus:1.2
203 titus_andronicus:1.3
204 titus_andronicus:3.2
204 titus_andronicus:4.1
205 titus_andronicus:3.3
206 titus_andronicus:4.0
207 macbeth:0.0
208 macbeth:0.1
209 macbeth:0.2
210 macbeth:0.3
211 macbeth:0.4
212 macbeth:0.5
213 macbeth:0.6
213 macbeth:1.1
213 macbeth:2.1
213 macbeth:2.3
214 macbeth:1.0
214 macbeth:2.0
215 macbeth:1.2
216 macbeth:1.3
216 macbeth:3.1
216 macbeth:3.2
216 macbeth:4.7
217 macbeth:2.2
218 macbeth:2.4
219 macbeth:2.5
220 macbeth:3.0
221 macbeth:4.0
222 macbeth:4.1
223 macbeth:4.2
223 macbeth:4.4
224 macbeth:4.3
225 macbeth:4.5
226 macbeth:4.6
227 coriolanus:0.0
228 coriolanus:0.1
229 coriolanus:0.2
230 coriolanus:0.3
230 coriolanus:0.4
231 coriolanus:0.5
231 coriolanus:0.8
232 coriolanus:0.6
233 coriolanus:0.7
234 coriolanus:0.9
235 coriolanus:1.0
235 coriolanus:2.1
235 coriolanus:3.1
236 coriolanus:1.1
236 coriolanus:2.0
236 coriolanus:2.2
236 coriolanus:3.5
236 coriolanus:4.0
237 coriolanus:3.0
238 coriolanus:3.2
239 coriolanus:3.3
240 coriolanus:3.4
241 coriolanus:3.6
242 coriolanus:4.1
243 coriolanus:4.2
244 coriolanus:4.3
245 coriolanus:4.4
246 coriolanus:4.5
247 julius_caesar:0.0
248 julius_caesar:0.1
248 julius_caesar:0.2
248 julius_caesar:1.0
248 julius_caesar:2.0
248 julius_caesar:3.2
248 julius_caesar:4.0
249 julius_caesar:1.1
250 julius_caesar:1.2
251 julius_caesar:1.3
252 julius_caesar:2.2
253 julius_caesar:3.0
254 julius_caesar:3.1
255 julius_caesar:4.1
256 julius_caesar:4.2
257 julius_caesar:4.3
258 julius_caesar:4.4
259 comedy_of_errors:0.0
260 comedy_of_errors:0.1
260 comedy_of_errors:1.1
260 comedy_of_errors:2.0
260 comedy_of_errors:2.1
260 comedy_of_errors:3.0
260 comedy_of_errors:3.2
260 comedy_of_errors:3.3
260 comedy_of_errors:4.0
261 comedy_of_errors:1.0
261 comedy_of_errors:3.1
262 much_ado_about_nothing:0.0
262 much_ado_about_nothing:1.0
262 much_ado_about_nothing:1.2
262 much_ado_about_nothing:2.1
262 much_ado_about_nothing:3.0
262 much_ado_about_nothing:4.0
262 much_ado_about_nothing:4.3
263 much_ado_about_nothing:0.1
264 much_ado_about_nothing:0.2
264 much_ado_about_nothing:1.1
265 much_ado_about_nothing:2.0
265 much_ado_about_nothing:2.3
266 much_ado_about_nothing:2.2
266 much_ado_about_nothing:3.1
267 much_ado_about_nothing:2.4
268 much_ado_about_nothing:4.1
269 much_ado_about_nothing:4.2
270 twelfth_night:0.0
271 twelfth_night:0.1
272 twelfth_night:0.2
272 twelfth_night:1.2
272 twelfth_night:1.4
272 twelfth_night:2.1
272 twelfth_night:2.3
272 twelfth_night:3.0
273 twelfth_night:0.3
273 twelfth_night:1.3
274 twelfth_night:0.4
274 twelfth_night:2.0
274 twelfth_night:4.0
275 twelfth_night:1.0
275 twelfth_night:2.2
275 tempest:1.0
275 tempest:2.2
276 twelfth_night:1.1
277 twelfth_night:3.1
278 twelfth_night:3.2
279 lear:0.0
279 lear:0.3
279 lear:0.4
279 lear:1.3
280 lear:0.1
280 lear:1.0
281 lear:0.2
282 lear:1.1
283 lear:1.2
284 lear:2.0
285 lear:2.1
286 lear:2.2
287 lear:2.3
287 lear:2.5
288 lear:2.4
289 lear:2.6
290 lear:3.0
290 lear:3.5
290 lear:4.1
291 lear:3.1
292 lear:3.2
293 lear:3.3
294 lear:3.4
295 lear:3.6
296 lear:4.0
296 lear:4.2
297 cymbeline:0.0
297 cymbeline:4.4
298 cymbeline:0.1
298 cymbeline:1.0
298 cymbeline:1.2
298 cymbeline:2.4
299 cymbeline:0.2
299 cymbeline:2.3
300 cymbeline:0.3
300 cymbeline:1.3
301 cymbeline:0.4
302 cymbeline:0.5
303 cymbeline:1.1
304 cymbeline:1.4
305 cymbeline:2.0
306 cymbeline:2.1
307 cymbeline:2.2
308 cymbeline:2.5
308 cymbeline:3.1
308 cymbeline:3.3
309 cymbeline:2.6
310 cymbeline:3.0
311 cymbeline:3.2
312 cymbeline:4.0
313 cymbeline:4.1
314 cymbeline:4.2
315 cymbeline:4.3
316 measure_for_measure:0.0
317 measure_for_measure:0.1
318 measure_for_measure:0.2
319 measure_for_measure:0.3
319 measure_for_measure:1.1
319 measure_for_measure:1.3
319 measure_for_measure:2.0
320 measure_for_measure:1.0
321 measure_for_measure:1.2
321 measure_for_measure:3.1
321 measure_for_measure:3.2
322 measure_for_measure:2.1
322 measure_for_measure:4.0
323 measure_for_measure:3.0
324 measure_for_measure:3.3
325 measure_for_measure:3.4
326 measure_for_measure:3.5
327 pericles:0.0
328 pericles:0.1
329 pericles:0.2
330 pericles:0.3
330 pericles:3.2
331 pericles:1.0
332 pericles:1.1
332 pericles:1.2
332 pericles:1.4
333 pericles:1.3
334 pericles:2.0
335 pericles:2.1
335 pericles:2.3
336 pericles:2.2
337 pericles:3.0
338 pericles:3.1
338 pericles:3.5
339 pericles:3.3
340 pericles:3.4
341 pericles:4.0
342 pericles:4.1
343 pericles:4.2
344 winters_tale:0.0
345 winters_tale:0.1
345 winters_tale:1.0
345 winters_tale:2.1
346 winters_tale:1.1
347 winters_tale:1.2
347 winters_tale:4.0
347 winters_tale:4.2
348 winters_tale:2.0
349 winters_tale:2.2
350 winters_tale:3.0
351 winters_tale:3.1
352 winters_tale:3.2
353 winters_tale:3.3
354 winters_tale:4.1
355 antony_and_cleopatra:0.0
355 antony_and_cleopatra:0.2
355 antony_and_cleopatra:0.4
355 antony_and_cleopatra:1.4
355 antony_and_cleopatra:2.2
355 antony_and_cleopatra:3.14
355 antony_and_cleopatra:4.1
356 antony_and_cleopatra:0.1
356 antony_and_cleopatra:3.1
357 antony_and_cleopatra:0.3
358 antony_and_cleopatra:1.0
359 antony_and_cleopatra:1.1
359 antony_and_cleopatra:1.5
359 antony_and_cleopatra:1.6
359 antony_and_cleopatra:2.1
359 antony_and_cleopatra:3.5
360 antony_and_cleopatra:1.2
361 antony_and_cleopatra:1.3
362 antony_and_cleopatra:2.0
363 antony_and_cleopatra:2.3
364 antony_and_cleopatra:2.4
365 antony_and_cleopatra:2.5
365 antony_and_cleopatra:3.0
366 antony_and_cleopatra:2.6
366 antony_and_cleopatra:2.9
367 antony_and_cleopatra:2.7
368 antony_and_cleopatra:2.8
369 antony_and_cleopatra:2.10
369 antony_and_cleopatra:3.3
370 antony_and_cleopatra:2.11
371 antony_and_cleopatra:2.12
372 antony_and_cleopatra:3.2
373 antony_and_cleopatra:3.4
373 antony_and_cleopatra:3.13
374 antony_and_cleopatra:3.6
375 antony_and_cleopatra:3.7
376 antony_and_cleopatra:3.8
377 antony_and_cleopatra:3.9
378 antony_and_cleopatra:3.10
379 antony_and_cleopatra:3.11
380 antony_and_cleopatra:3.12
381 antony_and_cleopatra:4.0
382 tempest:0.0
383 tempest:0.1
383 tempest:3.0
383 tempest:4.0
384 tempest:1.1
384 tempest:2.1
385 tempest:2.0
386 two_gentlemen_of_verona:0.0
386 two_gentlemen_of_verona:2.1
387 two_gentlemen_of_verona:0.1
387 two_gentlemen_of_verona:1.6
388 two_gentlemen_of_verona:0.2
389 two_gentlemen_of_verona:1.0
389 two_gentlemen_of_verona:1.3
389 two_gentlemen_of_verona:1.5
389 two_gentlemen_of_verona:2.0
390 two_gentlemen_of_verona:1.1
390 two_gentlemen_of_verona:3.1
390 two_gentlemen_of_verona:3.3
390 two_gentlemen_of_verona:4.1
390 two_gentlemen_of_verona:4.3
391 two_gentlemen_of_verona:1.2
391 two_gentlemen_of_verona:1.4
392 two_gentlemen_of_verona:3.0
392 two_gentlemen_of_verona:4.2
393 two_gentlemen_of_verona:3.2
393 two_gentlemen_of_verona:4.0
394 merchant_of_venice:0.0
395 merchant_of_venice:0.1
395 merchant_of_venice:3.1
396 merchant_of_venice:0.2
396 merchant_of_venice:3.0
397 merchant_of_venice:1.0
398 merchant_of_venice:1.1
399 merchant_of_venice:1.2
399 merchant_of_venice:1.4
399 merchant_of_venice:2.4
400 merchant_of_venice:1.3
400 merchant_of_venice:1.5
401 merchant_of_venice:1.6
402 merchant_of_venice:1.7
403 merchant_of_venice:1.8
404 merchant_of_venice:2.0
405 merchant_of_venice:2.1
406 merchant_of_venice:2.2
407 merchant_of_venice:2.3
407 merchant_of_venice:4.0
408 henry_viii:0.0
409 henry_viii:0.1
409 henry_viii:1.3
410 henry_viii:0.2
411 henry_viii:0.3
411 henry_viii:1.1
411 henry_viii:2.1
412 henry_viii:1.0
413 henry_viii:1.2
414 henry_viii:2.0
415 henry_viii:3.0
416 henry_viii:3.1
417 henry_viii:4.0
418 henry_viii:4.1
419 henry_viii:4.2
420 henry_viii:4.3
421 henry_viii:4.4
422 midsummer_nights_dream:0.0
422 midsummer_nights_dream:1.1
422 midsummer_nights_dream:2.1
423 midsummer_nights_dream:0.1
423 midsummer_nights_dream:2.0
423 midsummer_nights_dream:3.1
424 midsummer_nights_dream:1.0
425 midsummer_nights_dream:3.0
426 midsummer_nights_dream:4.0
427 as_you_like_it:0.0
428 as_you_like_it:0.1
428 as_you_like_it:0.2
429 as_you_like_it:1.0
430 as_you_like_it:1.1
431 as_you_like_it:1.2
432 as_you_like_it:1.3
432 as_you_like_it:2.1
432 as_you_like_it:2.3
432 as_you_like_it:3.0
432 as_you_like_it:3.2
432 as_you_like_it:4.1
432 as_you_like_it:4.3
433 as_you_like_it:1.4
434 as_you_like_it:1.5
435 as_you_like_it:1.6
436 as_you_like_it:2.0
437 as_you_like_it:2.2
437 as_you_like_it:4.0
438 as_you_like_it:2.4
439 as_you_like_it:3.1
440 as_you_like_it:4.2
441 troilus_and_cressida:0.0
441 troilus_and_cressida:0.1
441 troilus_and_cressida:2.0
441 troilus_and_cressida:2.1
441 troilus_and_cressida:3.1
441 troilus_and_cressida:3.3
442 troilus_and_cressida:0.2
442 troilus_and_cressida:3.4
442 troilus_and_cressida:4.8
443 troilus_and_cressida:1.0
443 troilus_and_cressida:1.2
443 troilus_and_cressida:2.2
443 troilus_and_cressida:4.0
444 troilus_and_cressida:1.1
445 troilus_and_cressida:3.0
446 troilus_and_cressida:3.2
447 troilus_and_cressida:4.1
448 troilus_and_cressida:4.2
449 troilus_and_cressida:4.3
450 troilus_and_cressida:4.4
451 troilus_and_cressida:4.5
452 troilus_and_cressida:4.6
453 troilus_and_cressida:4.7
454 troilus_and_cressida:4.9
455 henry_v:0.0
456 henry_v:0.1
457 henry_v:1.1
458 henry_v:1.2
459 henry_v:1.3
460 henry_v:2.0
461 henry_v:2.1
462 henry_v:2.2
463 henry_v:2.3
464 henry_v:2.4
465 henry_v:2.5
465 henry_v:3.6
465 henry_v:3.7
466 henry_v:2.6
467 henry_v:3.0
468 henry_v:3.1
469 henry_v:3.2
470 henry_v:3.3
471 henry_v:3.4
472 henry_v:3.5
473 henry_v:4.0
474 henry_v:4.1
475 life_and_death_of_king_john:0.0
476 life_and_death_of_king_john:1.0
477 life_and_death_of_king_john:2.0
477 life_and_death_of_king_john:2.3
478 life_and_death_of_king_john:2.1
479 life_and_death_of_king_john:2.2
479 life_and_death_of_king_john:3.0
479 life_and_death_of_king_john:4.5
480 life_and_death_of_king_john:3.1
481 life_and_death_of_king_john:3.2
482 life_and_death_of_king_john:4.0
483 life_and_death_of_king_john:4.1
484 life_and_death_of_king_john:4.2
485 life_and_death_of_king_john:4.3
486 life_and_death_of_king_john:4.4
487 life_and_death_of_king_john:4.6
488 timon_of_athens:0.0
488 timon_of_athens:0.1
488 timon_of_athens:1.1
488 timon_of_athens:3.2
488 timon_of_athens:4.0
489 timon_of_athens:1.0
490 timon_of_athens:2.0
491 timon_of_athens:2.1
492 timon_of_athens:2.2
493 timon_of_athens:2.3
494 timon_of_athens:2.4
495 timon_of_athens:2.5
496 timon_of_athens:3.0
497 timon_of_athens:3.1
498 timon_of_athens:4.1
499 timon_of_athens:4.2
500 timon_of_athens:4.3
