1 othello:0.0
1 othello:0.1
1 othello:0.2
1 othello:1.0
1 othello:1.2
1 othello:2.0
1 othello:4.0
2 othello:1.1
3 othello:2.1
3 othello:2.2
3 othello:2.3
3 othello:3.0
3 othello:3.1
3 othello:4.1
4 othello:3.2
5 henry_iv_part_ii:0.0
6 henry_iv_part_ii:0.1
6 henry_iv_part_ii:1.0
7 henry_iv_part_ii:0.2
8 henry_iv_part_ii:1.1
8 henry_iv_part_i:0.1
8 henry_iv_part_i:1.1
8 henry_iv_part_i:1.3
8 henry_iv_part_i:2.2
9 henry_iv_part_ii:1.2
10 henry_iv_part_ii:1.3
10 henry_iv_part_ii:4.3
11 henry_iv_part_ii:2.0
12 henry_iv_part_ii:2.1
12 henry_iv_part_ii:4.4
13 henry_iv_part_ii:3.0
13 henry_iv_part_ii:3.1
14 henry_iv_part_ii:3.2
15 henry_iv_part_ii:3.3
15 henry_iv_part_ii:3.4
16 henry_iv_part_ii:4.0
16 henry_iv_part_ii:4.2
17 henry_iv_part_ii:4.1
18 richard_ii:0.0
18 richard_ii:0.2
19 richard_ii:0.1
20 richard_ii:0.3
21 richard_ii:1.0
22 richard_ii:1.1
23 richard_ii:1.2
24 richard_ii:1.3
25 richard_ii:2.0
26 richard_ii:2.1
26 richard_ii:2.2
26 richard_ii:3.0
27 richard_ii:2.3
28 richard_ii:4.0
29 richard_ii:4.1
29 richard_ii:4.2
29 richard_iii:1.3
30 richard_ii:4.3
31 richard_ii:4.4
32 richard_ii:4.5
33 henry_vi_part_2:0.0
33 henry_vi_part_2:0.2
33 henry_vi_part_2:2.0
33 henry_vi_part_2:2.1
33 henry_vi_part_1:4.2
34 henry_vi_part_2:0.1
35 henry_vi_part_2:0.3
36 henry_vi_part_2:1.0
37 henry_vi_part_2:1.1
38 henry_vi_part_2:1.2
39 henry_vi_part_2:1.3
40 henry_vi_part_2:2.2
41 henry_vi_part_2:3.0
42 henry_vi_part_2:3.1
42 henry_vi_part_2:3.2
42 henry_vi_part_2:3.5
42 henry_vi_part_2:3.6
43 henry_vi_part_2:3.3
44 henry_vi_part_2:3.4
45 henry_vi_part_2:3.7
46 henry_vi_part_2:3.8
46 henry_vi_part_2:4.0
46 henry_vi_part_2:4.1
46 henry_vi_part_3:0.0
46 henry_vi_part_3:0.3
46 henry_vi_part_3:1.0
46 henry_vi_part_3:1.1
46 henry_vi_part_3:1.5
47 henry_vi_part_2:3.9
48 henry_vi_part_2:4.2
49 merry_wives_of_windsor:0.0
49 merry_wives_of_windsor:0.1
49 merry_wives_of_windsor:2.0
50 merry_wives_of_windsor:0.2
50 henry_v:1.0
50 henry_v:1.2
51 merry_wives_of_windsor:0.3
51 merry_wives_of_windsor:1.2
52 merry_wives_of_windsor:1.0
52 merry_wives_of_windsor:1.1
52 merry_wives_of_windsor:2.1
52 merry_wives_of_windsor:2.2
52 merry_wives_of_windsor:2.4
52 merry_wives_of_windsor:3.1
52 merry_wives_of_windsor:3.3
52 merry_wives_of_windsor:4.2
52 merry_wives_of_windsor:4.4
53 merry_wives_of_windsor:2.3
53 merry_wives_of_windsor:3.5
54 merry_wives_of_windsor:3.0
55 merry_wives_of_windsor:3.2
56 merry_wives_of_windsor:3.4
57 merry_wives_of_windsor:4.0
58 merry_wives_of_windsor:4.1
59 merry_wives_of_windsor:4.3
60 richard_iii:0.0
61 richard_iii:0.1
61 henry_viii:1.2
62 richard_iii:0.2
62 richard_iii:1.0
63 richard_iii:0.3
63 macbeth:2.2
64 richard_iii:1.1
65 richard_iii:1.2
65 coriolanus:1.2
65 julius_caesar:2.1
66 richard_iii:2.0
66 richard_iii:2.4
66 richard_iii:2.6
67 richard_iii:2.1
67 richard_iii:2.3
68 richard_iii:2.2
69 richard_iii:2.5
70 richard_iii:3.0
70 richard_iii:3.3
71 richard_iii:3.1
71 richard_iii:3.2
72 richard_iii:3.4
73 richard_iii:4.0
74 richard_iii:4.1
75 richard_iii:4.2
76 richard_iii:4.3
77 richard_iii:4.4
78 hamlet:0.0
78 hamlet:0.1
78 hamlet:0.3
78 hamlet:0.4
79 hamlet:0.2
79 hamlet:3.4
79 hamlet:3.6
80 hamlet:1.0
81 hamlet:1.1
81 hamlet:2.0
81 hamlet:2.1
81 hamlet:2.3
81 hamlet:3.1
81 hamlet:3.2
82 hamlet:2.2
83 hamlet:3.0
84 hamlet:3.3
85 hamlet:3.5
86 hamlet:4.0
86 hamlet:4.1
87 henry_iv_part_i:0.0
88 henry_iv_part_i:0.2
88 henry_iv_part_i:2.0
88 henry_iv_part_i:3.0
89 henry_iv_part_i:1.0
90 henry_iv_part_i:1.2
91 henry_iv_part_i:2.1
92 henry_iv_part_i:3.1
93 henry_iv_part_i:3.2
93 henry_iv_part_i:4.1
93 henry_iv_part_i:4.2
94 henry_iv_part_i:3.3
95 henry_iv_part_i:4.0
95 henry_iv_part_i:4.4
96 henry_iv_part_i:4.3
97 henry_vi_part_1:0.0
98 henry_vi_part_1:0.1
98 henry_vi_part_1:0.5
99 henry_vi_part_1:0.2
99 henry_vi_part_1:2.0
99 henry_vi_part_1:4.0
100 henry_vi_part_1:0.3
101 henry_vi_part_1:0.4
102 henry_vi_part_1:1.0
102 henry_vi_part_1:2.1
102 henry_vi_part_1:2.2
102 henry_vi_part_1:4.1
103 henry_vi_part_1:1.1
103 henry_vi_part_1:3.4
103 henry_vi_part_1:3.5
103 henry_vi_part_1:3.6
104 henry_vi_part_1:1.2
105 henry_vi_part_1:1.3
106 henry_vi_part_1:1.4
107 henry_vi_part_1:2.3
107 henry_vi_part_1:3.0
108 henry_vi_part_1:3.1
109 henry_vi_part_1:3.2
109 henry_vi_part_1:3.3
110 henry_vi_part_1:4.3
111 henry_vi_part_1:4.4
112 taming_of_the_shrew:0.0
112 taming_of_the_shrew:0.1
112 taming_of_the_shrew:1.0
112 taming_of_the_shrew:2.1
112 taming_of_the_shrew:3.1
112 taming_of_the_shrew:3.2
112 taming_of_the_shrew:3.4
112 taming_of_the_shrew:4.1
113 taming_of_the_shrew:2.0
114 taming_of_the_shrew:3.0
115 taming_of_the_shrew:3.3
115 taming_of_the_shrew:4.0
116 alls_well_that_ends_well:0.0
116 alls_well_that_ends_well:1.0
116 alls_well_that_ends_well:1.2
116 alls_well_that_ends_well:1.3
116 alls_well_that_ends_well:1.4
116 alls_well_that_ends_well:4.1
117 alls_well_that_ends_well:0.1
118 alls_well_that_ends_well:0.2
118 alls_well_that_ends_well:1.1
118 alls_well_that_ends_well:2.1
119 alls_well_that_ends_well:2.0
120 alls_well_that_ends_well:2.2
120 alls_well_that_ends_well:2.5
120 alls_well_that_ends_well:3.2
121 alls_well_that_ends_well:2.3
122 alls_well_that_ends_well:2.4
122 alls_well_that_ends_well:3.3
123 alls_well_that_ends_well:2.6
124 alls_well_that_ends_well:3.0
125 alls_well_that_ends_well:3.1
125 alls_well_that_ends_well:4.2
126 alls_well_that_ends_well:3.4
127 alls_well_that_ends_well:4.0
128 loves_labors_lost:0.0
128 loves_labors_lost:3.2
129 loves_labors_lost:0.1
129 loves_labors_lost:2.0
129 loves_labors_lost:4.0
130 loves_labors_lost:1.0
130 loves_labors_lost:3.0
130 loves_labors_lost:4.1
131 loves_labors_lost:3.1
132 henry_vi_part_3:0.1
133 henry_vi_part_3:0.2
133 henry_vi_part_3:1.3
134 henry_vi_part_3:1.2
135 henry_vi_part_3:1.4
136 henry_vi_part_3:2.0
137 henry_vi_part_3:2.1
137 henry_vi_part_3:3.0
137 henry_vi_part_3:3.6
137 henry_vi_part_3:4.4
138 henry_vi_part_3:2.2
139 henry_vi_part_3:3.1
139 henry_vi_part_3:3.5
139 henry_vi_part_3:4.0
139 henry_vi_part_3:4.1
140 henry_vi_part_3:3.2
141 henry_vi_part_3:3.3
142 henry_vi_part_3:3.4
143 henry_vi_part_3:3.7
144 henry_vi_part_3:4.2
145 henry_vi_part_3:4.3
146 henry_vi_part_3:4.5
147 henry_vi_part_3:4.6
148 romeo_and_juliet:0.0
149 romeo_and_juliet:0.1
150 romeo_and_juliet:0.2
150 romeo_and_juliet:0.4
150 romeo_and_juliet:1.4
150 romeo_and_juliet:2.4
150 romeo_and_juliet:3.1
150 romeo_and_juliet:3.3
151 romeo_and_juliet:0.3
151 romeo_and_juliet:1.0
151 romeo_and_juliet:1.3
151 romeo_and_juliet:2.0
152 romeo_and_juliet:1.1
152 romeo_and_juliet:2.1
152 romeo_and_juliet:2.2
152 romeo_and_juliet:3.2
152 romeo_and_juliet:4.2
153 romeo_and_juliet:1.2
153 romeo_and_juliet:1.5
153 romeo_and_juliet:4.1
154 romeo_and_juliet:2.3
155 romeo_and_juliet:3.0
156 romeo_and_juliet:3.4
157 romeo_and_juliet:4.0
158 titus_andronicus:0.0
158 titus_andronicus:1.1
158 titus_andronicus:2.0
158 titus_andronicus:2.1
158 titus_andronicus:3.0
158 titus_andronicus:3.2
158 titus_andronicus:4.1
158 titus_andronicus:4.2
159 titus_andronicus:1.0
159 titus_andronicus:3.1
160 titus_andronicus:1.2
161 titus_andronicus:1.3
162 titus_andronicus:3.3
163 titus_andronicus:4.0
164 macbeth:0.0
165 macbeth:0.1
166 macbeth:0.2
166 macbeth:0.4
166 macbeth:1.0
166 macbeth:3.0
167 macbeth:0.3
167 macbeth:0.5
168 macbeth:0.6
168 macbeth:1.1
168 macbeth:2.0
168 macbeth:2.1
168 macbeth:2.3
169 macbeth:1.2
170 macbeth:1.3
170 macbeth:3.1
170 macbeth:3.2
170 macbeth:4.5
170 macbeth:4.7
171 macbeth:2.4
172 macbeth:2.5
173 macbeth:4.0
174 macbeth:4.1
174 macbeth:4.3
175 macbeth:4.2
175 macbeth:4.4
176 macbeth:4.6
177 coriolanus:0.0
177 coriolanus:1.0
177 coriolanus:3.5
177 coriolanus:4.0
178 coriolanus:0.1
178 coriolanus:4.5
179 coriolanus:0.2
180 coriolanus:0.3
180 coriolanus:0.4
180 coriolanus:0.5
180 coriolanus:0.7
180 coriolanus:0.8
181 coriolanus:0.6
182 coriolanus:0.9
183 coriolanus:1.1
183 coriolanus:2.0
183 coriolanus:2.1
183 coriolanus:2.2
183 coriolanus:3.1
183 coriolanus:4.1
183 coriolanus:4.3
184 coriolanus:3.0
184 coriolanus:4.2
185 coriolanus:3.2
186 coriolanus:3.3
187 coriolanus:3.4
188 coriolanus:3.6
189 coriolanus:4.4
190 julius_caesar:0.0
191 julius_caesar:0.1
191 julius_caesar:0.2
191 julius_caesar:1.0
191 julius_caesar:1.1
191 julius_caesar:2.0
191 julius_caesar:3.1
191 julius_caesar:3.2
191 julius_caesar:4.0
192 julius_caesar:1.2
193 julius_caesar:1.3
194 julius_caesar:2.2
195 julius_caesar:3.0
195 antony_and_cleopatra:0.3
195 antony_and_cleopatra:1.1
195 antony_and_cleopatra:1.3
195 antony_and_cleopatra:2.1
195 antony_and_cleopatra:2.5
195 antony_and_cleopatra:3.0
195 antony_and_cleopatra:3.5
195 antony_and_cleopatra:4.0
196 julius_caesar:4.1
197 julius_caesar:4.2
198 julius_caesar:4.3
199 julius_caesar:4.4
200 comedy_of_errors:0.0
201 comedy_of_errors:0.1
201 comedy_of_errors:1.1
201 comedy_of_errors:2.0
201 comedy_of_errors:2.1
201 comedy_of_errors:3.0
201 comedy_of_errors:3.2
201 comedy_of_errors:3.3
201 comedy_of_errors:4.0
202 comedy_of_errors:1.0
202 comedy_of_errors:3.1
203 much_ado_about_nothing:0.0
203 much_ado_about_nothing:1.0
203 much_ado_about_nothing:1.2
203 much_ado_about_nothing:2.1
203 much_ado_about_nothing:3.0
203 much_ado_about_nothing:4.0
203 much_ado_about_nothing:4.2
203 much_ado_about_nothing:4.3
204 much_ado_about_nothing:0.1
205 much_ado_about_nothing:0.2
205 much_ado_about_nothing:1.1
206 much_ado_about_nothing:2.0
206 much_ado_about_nothing:2.3
206 much_ado_about_nothing:4.1
207 much_ado_about_nothing:2.2
207 much_ado_about_nothing:2.4
207 much_ado_about_nothing:3.1
208 twelfth_night:0.0
208 twelfth_night:1.3
209 twelfth_night:0.1
209 twelfth_night:0.3
210 twelfth_night:0.2
210 twelfth_night:1.2
210 twelfth_night:1.4
210 twelfth_night:2.1
210 twelfth_night:2.3
210 twelfth_night:3.0
210 twelfth_night:3.1
211 twelfth_night:0.4
211 twelfth_night:1.1
211 twelfth_night:2.0
211 twelfth_night:4.0
212 twelfth_night:1.0
212 twelfth_night:2.2
212 tempest:1.0
212 tempest:2.2
213 twelfth_night:3.2
214 lear:0.0
214 lear:0.3
214 lear:0.4
214 lear:1.3
214 lear:2.3
214 lear:3.6
215 lear:0.1
215 lear:1.0
215 lear:2.2
216 lear:0.2
216 lear:3.1
216 lear:4.0
216 lear:4.2
217 lear:1.1
218 lear:1.2
219 lear:2.0
219 lear:3.2
220 lear:2.1
221 lear:2.4
221 lear:2.6
222 lear:2.5
222 lear:3.0
222 lear:3.5
222 lear:4.1
223 lear:3.3
224 lear:3.4
225 cymbeline:0.0
225 cymbeline:4.4
226 cymbeline:0.1
226 cymbeline:1.0
226 cymbeline:1.2
226 cymbeline:2.4
227 cymbeline:0.2
227 cymbeline:2.1
227 cymbeline:2.3
228 cymbeline:0.3
228 cymbeline:1.3
228 cymbeline:4.1
229 cymbeline:0.4
230 cymbeline:0.5
231 cymbeline:1.1
232 cymbeline:1.4
233 cymbeline:2.0
234 cymbeline:2.2
234 cymbeline:2.5
234 cymbeline:3.1
234 cymbeline:3.3
235 cymbeline:2.6
236 cymbeline:3.0
237 cymbeline:3.2
238 cymbeline:4.0
239 cymbeline:4.2
239 cymbeline:4.3
240 measure_for_measure:0.0
240 measure_for_measure:3.3
241 measure_for_measure:0.1
241 measure_for_measure:2.1
242 measure_for_measure:0.2
243 measure_for_measure:0.3
243 measure_for_measure:1.1
243 measure_for_measure:1.3
243 measure_for_measure:2.0
244 measure_for_measure:1.0
245 measure_for_measure:1.2
245 measure_for_measure:3.1
245 measure_for_measure:3.2
245 measure_for_measure:4.0
246 measure_for_measure:3.0
246 measure_for_measure:3.5
247 measure_for_measure:3.4
248 pericles:0.0
249 pericles:0.1
249 pericles:4.0
249 pericles:4.2
250 pericles:0.2
251 pericles:0.3
251 pericles:2.2
251 pericles:3.2
252 pericles:1.0
253 pericles:1.1
253 pericles:1.2
253 pericles:1.4
254 pericles:1.3
255 pericles:2.0
256 pericles:2.1
256 pericles:2.3
257 pericles:3.0
258 pericles:3.1
258 pericles:3.5
259 pericles:3.3
260 pericles:3.4
261 pericles:4.1
262 winters_tale:0.0
263 winters_tale:0.1
263 winters_tale:1.0
263 winters_tale:1.2
263 winters_tale:2.1
263 winters_tale:4.0
263 winters_tale:4.2
264 winters_tale:1.1
265 winters_tale:2.0
266 winters_tale:2.2
267 winters_tale:3.0
268 winters_tale:3.1
269 winters_tale:3.2
269 winters_tale:3.3
270 winters_tale:4.1
271 antony_and_cleopatra:0.0
271 antony_and_cleopatra:0.2
271 antony_and_cleopatra:0.4
271 antony_and_cleopatra:1.4
271 antony_and_cleopatra:2.2
271 antony_and_cleopatra:2.10
271 antony_and_cleopatra:3.12
271 antony_and_cleopatra:3.14
271 antony_and_cleopatra:4.1
272 antony_and_cleopatra:0.1
272 antony_and_cleopatra:3.1
273 antony_and_cleopatra:1.0
273 antony_and_cleopatra:1.5
273 antony_and_cleopatra:1.6
274 antony_and_cleopatra:1.2
275 antony_and_cleopatra:2.0
276 antony_and_cleopatra:2.3
277 antony_and_cleopatra:2.4
278 antony_and_cleopatra:2.6
278 antony_and_cleopatra:2.9
279 antony_and_cleopatra:2.7
280 antony_and_cleopatra:2.8
281 antony_and_cleopatra:2.11
281 antony_and_cleopatra:2.12
282 antony_and_cleopatra:3.2
283 antony_and_cleopatra:3.3
283 antony_and_cleopatra:3.4
283 antony_and_cleopatra:3.13
284 antony_and_cleopatra:3.6
284 antony_and_cleopatra:3.9
285 antony_and_cleopatra:3.7
286 antony_and_cleopatra:3.8
287 antony_and_cleopatra:3.10
288 antony_and_cleopatra:3.11
289 tempest:0.0
290 tempest:0.1
290 tempest:2.0
290 tempest:3.0
290 tempest:4.0
291 tempest:1.1
291 tempest:2.1
292 two_gentlemen_of_verona:0.0
292 two_gentlemen_of_verona:2.1
292 two_gentlemen_of_verona:3.1
292 two_gentlemen_of_verona:3.3
292 two_gentlemen_of_verona:4.1
293 two_gentlemen_of_verona:0.1
293 two_gentlemen_of_verona:1.1
293 two_gentlemen_of_verona:1.6
294 two_gentlemen_of_verona:0.2
295 two_gentlemen_of_verona:1.0
295 two_gentlemen_of_verona:1.3
295 two_gentlemen_of_verona:1.5
295 two_gentlemen_of_verona:2.0
295 two_gentlemen_of_verona:4.3
296 two_gentlemen_of_verona:1.2
296 two_gentlemen_of_verona:1.4
297 two_gentlemen_of_verona:3.0
297 two_gentlemen_of_verona:4.2
298 two_gentlemen_of_verona:3.2
298 two_gentlemen_of_verona:4.0
299 merchant_of_venice:0.0
299 merchant_of_venice:1.7
300 merchant_of_venice:0.1
300 merchant_of_venice:1.8
300 merchant_of_venice:2.3
300 merchant_of_venice:3.1
301 merchant_of_venice:0.2
301 merchant_of_venice:2.0
301 merchant_of_venice:2.2
301 merchant_of_venice:3.0
302 merchant_of_venice:1.0
303 merchant_of_venice:1.1
303 merchant_of_venice:1.2
304 merchant_of_venice:1.3
304 merchant_of_venice:1.5
304 merchant_of_venice:2.4
305 merchant_of_venice:1.4
306 merchant_of_venice:1.6
307 merchant_of_venice:2.1
307 merchant_of_venice:4.0
308 henry_viii:0.0
309 henry_viii:0.1
309 henry_viii:1.3
309 henry_viii:2.0
310 henry_viii:0.2
310 henry_viii:0.3
310 henry_viii:1.1
310 henry_viii:2.1
311 henry_viii:1.0
311 henry_viii:3.0
312 henry_viii:3.1
313 henry_viii:4.0
314 henry_viii:4.1
315 henry_viii:4.2
316 henry_viii:4.3
317 henry_viii:4.4
318 midsummer_nights_dream:0.0
318 midsummer_nights_dream:1.1
318 midsummer_nights_dream:2.1
318 midsummer_nights_dream:3.0
319 midsummer_nights_dream:0.1
319 midsummer_nights_dream:2.0
319 midsummer_nights_dream:3.1
320 midsummer_nights_dream:1.0
321 midsummer_nights_dream:4.0
322 as_you_like_it:0.0
323 as_you_like_it:0.1
323 as_you_like_it:0.2
324 as_you_like_it:1.0
325 as_you_like_it:1.1
326 as_you_like_it:1.2
327 as_you_like_it:1.3
327 as_you_like_it:2.1
327 as_you_like_it:2.3
327 as_you_like_it:3.0
327 as_you_like_it:3.2
327 as_you_like_it:4.1
327 as_you_like_it:4.3
328 as_you_like_it:1.4
329 as_you_like_it:1.5
330 as_you_like_it:1.6
331 as_you_like_it:2.0
332 as_you_like_it:2.2
332 as_you_like_it:4.0
333 as_you_like_it:2.4
334 as_you_like_it:3.1
335 as_you_like_it:4.2
336 troilus_and_cressida:0.0
336 troilus_and_cressida:0.1
336 troilus_and_cressida:2.0
336 troilus_and_cressida:2.1
336 troilus_and_cressida:3.1
336 troilus_and_cressida:3.3
336 troilus_and_cressida:4.1
337 troilus_and_cressida:0.2
337 troilus_and_cressida:3.4
337 troilus_and_cressida:4.4
338 troilus_and_cressida:1.0
338 troilus_and_cressida:1.2
338 troilus_and_cressida:2.2
338 troilus_and_cressida:4.0
338 troilus_and_cressida:4.8
339 troilus_and_cressida:1.1
339 troilus_and_cressida:4.2
340 troilus_and_cressida:3.0
341 troilus_and_cressida:3.2
341 troilus_and_cressida:4.5
342 troilus_and_cressida:4.3
343 troilus_and_cressida:4.6
344 troilus_and_cressida:4.7
345 troilus_and_cressida:4.9
346 henry_v:0.0
347 henry_v:0.1
348 henry_v:1.1
349 henry_v:1.3
350 henry_v:2.0
351 henry_v:2.1
352 henry_v:2.2
353 henry_v:2.3
354 henry_v:2.4
355 henry_v:2.5
355 henry_v:3.6
355 henry_v:3.7
356 henry_v:2.6
356 henry_v:3.1
357 henry_v:3.0
358 henry_v:3.2
359 henry_v:3.3
360 henry_v:3.4
361 henry_v:3.5
362 henry_v:4.0
363 henry_v:4.1
364 life_and_death_of_king_john:0.0
365 life_and_death_of_king_john:1.0
365 life_and_death_of_king_john:2.0
365 life_and_death_of_king_john:2.3
366 life_and_death_of_king_john:2.1
367 life_and_death_of_king_john:2.2
367 life_and_death_of_king_john:3.0
367 life_and_death_of_king_john:3.1
367 life_and_death_of_king_john:3.2
367 life_and_death_of_king_john:4.5
368 life_and_death_of_king_john:4.0
369 life_and_death_of_king_john:4.1
370 life_and_death_of_king_john:4.2
371 life_and_death_of_king_john:4.3
372 life_and_death_of_king_john:4.4
373 life_and_death_of_king_john:4.6
374 timon_of_athens:0.0
374 timon_of_athens:0.1
374 timon_of_athens:1.1
374 timon_of_athens:3.2
374 timon_of_athens:4.0
375 timon_of_athens:1.0
376 timon_of_athens:2.0
377 timon_of_athens:2.1
378 timon_of_athens:2.2
379 timon_of_athens:2.3
380 timon_of_athens:2.4
381 timon_of_athens:2.5
382 timon_of_athens:3.0
383 timon_of_athens:3.1
384 timon_of_athens:4.1
384 timon_of_athens:4.3
385 timon_of_athens:4.2
