1 othello:0.0
1 othello:0.1
1 othello:0.2
1 othello:1.0
1 othello:1.2
1 othello:2.0
1 othello:2.1
1 othello:2.2
1 othello:2.3
1 othello:3.0
1 othello:3.1
1 othello:3.2
1 othello:4.0
1 othello:4.1
2 othello:1.1
3 henry_iv_part_ii:0.0
3 henry_iv_part_ii:1.2
4 henry_iv_part_ii:0.1
4 henry_iv_part_ii:1.0
4 henry_iv_part_ii:2.1
4 henry_iv_part_ii:3.2
4 henry_iv_part_ii:4.1
4 henry_iv_part_ii:4.4
4 merry_wives_of_windsor:1.1
5 henry_iv_part_ii:0.2
5 henry_iv_part_ii:3.0
5 henry_iv_part_ii:3.1
5 richard_ii:0.0
5 richard_ii:0.2
6 henry_iv_part_ii:1.1
6 henry_iv_part_ii:1.3
6 henry_iv_part_ii:4.3
6 merry_wives_of_windsor:0.2
6 henry_iv_part_i:0.1
6 henry_iv_part_i:1.1
6 henry_iv_part_i:1.3
6 henry_iv_part_i:2.2
6 henry_iv_part_i:3.1
7 henry_iv_part_ii:2.0
7 henry_iv_part_ii:3.3
7 henry_iv_part_ii:3.4
7 henry_vi_part_3:3.1
7 henry_vi_part_3:3.5
7 henry_vi_part_3:4.0
7 henry_vi_part_3:4.1
8 henry_iv_part_ii:4.0
8 henry_iv_part_ii:4.2
9 richard_ii:0.1
9 richard_ii:1.0
9 richard_ii:1.2
9 henry_vi_part_2:1.1
10 richard_ii:0.3
10 richard_ii:1.1
10 richard_ii:2.0
10 richard_ii:2.1
10 richard_ii:2.2
10 richard_ii:3.0
10 richard_ii:4.0
10 richard_ii:4.1
10 richard_ii:4.2
10 richard_ii:4.5
11 richard_ii:1.3
12 richard_ii:2.3
13 richard_ii:4.3
13 richard_ii:4.4
14 henry_vi_part_2:0.0
14 henry_vi_part_2:0.2
14 henry_vi_part_2:1.0
14 henry_vi_part_2:1.2
14 henry_vi_part_2:2.0
14 henry_vi_part_2:2.1
14 henry_vi_part_2:2.2
14 henry_vi_part_2:3.0
14 henry_vi_part_2:3.3
14 henry_vi_part_2:3.8
14 henry_vi_part_2:4.0
14 henry_vi_part_1:4.2
14 henry_vi_part_1:4.4
15 henry_vi_part_2:0.1
15 henry_vi_part_2:0.3
15 henry_vi_part_2:1.3
16 henry_vi_part_2:3.1
16 henry_vi_part_2:3.2
16 henry_vi_part_2:3.5
16 henry_vi_part_2:3.6
16 henry_vi_part_2:3.7
16 henry_vi_part_2:3.9
17 henry_vi_part_2:3.4
18 henry_vi_part_2:4.1
18 henry_vi_part_3:0.0
18 henry_vi_part_3:0.1
18 henry_vi_part_3:0.2
18 henry_vi_part_3:0.3
18 henry_vi_part_3:1.0
18 henry_vi_part_3:1.1
18 henry_vi_part_3:1.2
18 henry_vi_part_3:1.3
18 henry_vi_part_3:1.4
18 henry_vi_part_3:1.5
18 henry_vi_part_3:2.2
18 henry_vi_part_3:3.2
18 henry_vi_part_3:3.7
18 henry_vi_part_3:4.3
19 henry_vi_part_2:4.2
20 merry_wives_of_windsor:0.0
20 merry_wives_of_windsor:0.1
20 merry_wives_of_windsor:1.0
20 merry_wives_of_windsor:2.0
20 merry_wives_of_windsor:2.1
20 merry_wives_of_windsor:2.2
20 merry_wives_of_windsor:2.3
20 merry_wives_of_windsor:2.4
20 merry_wives_of_windsor:3.0
20 merry_wives_of_windsor:3.1
20 merry_wives_of_windsor:3.3
20 merry_wives_of_windsor:4.0
20 merry_wives_of_windsor:4.1
20 merry_wives_of_windsor:4.2
20 merry_wives_of_windsor:4.4
21 merry_wives_of_windsor:0.3
21 merry_wives_of_windsor:1.2
21 merry_wives_of_windsor:3.5
22 merry_wives_of_windsor:3.2
22 merry_wives_of_windsor:3.4
23 merry_wives_of_windsor:4.3
24 richard_iii:0.0
24 richard_iii:0.2
24 richard_iii:0.3
24 richard_iii:1.0
24 richard_iii:1.1
24 richard_iii:2.0
24 richard_iii:2.1
24 richard_iii:2.3
24 richard_iii:2.4
24 richard_iii:2.6
24 richard_iii:4.0
24 henry_vi_part_3:2.1
24 henry_vi_part_3:3.0
24 henry_vi_part_3:3.4
24 henry_vi_part_3:3.6
24 henry_vi_part_3:4.4
24 henry_vi_part_3:4.6
25 richard_iii:0.1
25 henry_viii:1.2
26 richard_iii:1.2
26 coriolanus:0.0
26 coriolanus:0.3
26 coriolanus:0.4
26 coriolanus:0.5
26 coriolanus:1.0
26 coriolanus:1.1
26 coriolanus:1.2
26 coriolanus:2.0
26 coriolanus:2.1
26 coriolanus:2.2
26 coriolanus:3.0
26 coriolanus:3.1
26 coriolanus:3.3
26 coriolanus:3.5
26 coriolanus:4.0
26 coriolanus:4.1
26 coriolanus:4.3
26 julius_caesar:2.2
27 richard_iii:1.3
27 richard_iii:3.0
27 richard_iii:3.3
27 henry_vi_part_3:3.3
28 richard_iii:2.2
29 richard_iii:2.5
30 richard_iii:3.1
30 richard_iii:3.2
30 richard_iii:4.2
30 richard_iii:4.3
31 richard_iii:3.4
31 richard_iii:4.4
32 richard_iii:4.1
33 hamlet:0.0
33 hamlet:0.1
33 hamlet:0.3
33 hamlet:0.4
33 hamlet:1.1
33 hamlet:2.1
33 hamlet:2.2
33 hamlet:2.3
33 hamlet:3.0
33 hamlet:3.1
33 hamlet:3.2
33 hamlet:3.3
33 hamlet:3.5
33 hamlet:4.0
33 hamlet:4.1
34 hamlet:0.2
34 hamlet:1.0
34 hamlet:2.0
34 hamlet:3.4
34 hamlet:3.6
35 henry_iv_part_i:0.0
35 henry_iv_part_i:0.2
35 henry_iv_part_i:1.2
35 henry_iv_part_i:2.0
35 henry_iv_part_i:2.1
35 henry_iv_part_i:3.0
35 henry_iv_part_i:3.2
35 henry_iv_part_i:4.0
35 henry_iv_part_i:4.1
35 henry_iv_part_i:4.2
35 henry_iv_part_i:4.3
35 henry_iv_part_i:4.4
36 henry_iv_part_i:1.0
37 henry_iv_part_i:3.3
38 henry_vi_part_1:0.0
38 henry_vi_part_1:0.2
38 henry_vi_part_1:1.1
38 henry_vi_part_1:2.0
38 henry_vi_part_1:4.0
39 henry_vi_part_1:0.1
39 henry_vi_part_1:0.4
39 henry_vi_part_1:0.5
39 henry_vi_part_1:1.0
39 henry_vi_part_1:2.1
39 henry_vi_part_1:2.2
39 henry_vi_part_1:3.6
39 henry_vi_part_1:4.1
39 henry_vi_part_1:4.3
40 henry_vi_part_1:0.3
41 henry_vi_part_1:1.2
41 henry_vi_part_1:3.4
41 henry_vi_part_1:3.5
42 henry_vi_part_1:1.3
42 henry_vi_part_1:1.4
43 henry_vi_part_1:2.3
43 henry_vi_part_1:3.0
44 henry_vi_part_1:3.1
44 henry_vi_part_1:3.2
44 henry_vi_part_1:3.3
45 taming_of_the_shrew:0.0
45 taming_of_the_shrew:0.1
45 taming_of_the_shrew:1.0
45 taming_of_the_shrew:2.0
45 taming_of_the_shrew:2.1
45 taming_of_the_shrew:3.0
45 taming_of_the_shrew:3.1
45 taming_of_the_shrew:3.2
45 taming_of_the_shrew:3.3
45 taming_of_the_shrew:3.4
45 taming_of_the_shrew:4.0
45 taming_of_the_shrew:4.1
46 alls_well_that_ends_well:0.0
46 alls_well_that_ends_well:0.2
46 alls_well_that_ends_well:1.0
46 alls_well_that_ends_well:1.1
46 alls_well_that_ends_well:1.2
46 alls_well_that_ends_well:1.3
46 alls_well_that_ends_well:1.4
46 alls_well_that_ends_well:2.1
46 alls_well_that_ends_well:2.4
46 alls_well_that_ends_well:3.4
47 alls_well_that_ends_well:0.1
47 alls_well_that_ends_well:2.2
47 alls_well_that_ends_well:2.5
47 alls_well_that_ends_well:3.1
47 alls_well_that_ends_well:4.2
48 alls_well_that_ends_well:2.0
49 alls_well_that_ends_well:2.3
50 alls_well_that_ends_well:2.6
50 alls_well_that_ends_well:3.3
50 alls_well_that_ends_well:4.0
51 alls_well_that_ends_well:3.0
51 alls_well_that_ends_well:3.2
51 alls_well_that_ends_well:4.1
51 antony_and_cleopatra:3.2
52 loves_labors_lost:0.0
52 loves_labors_lost:1.0
52 loves_labors_lost:3.0
52 loves_labors_lost:3.2
52 loves_labors_lost:4.1
53 loves_labors_lost:0.1
53 loves_labors_lost:2.0
53 loves_labors_lost:4.0
54 loves_labors_lost:3.1
55 henry_vi_part_3:2.0
55 henry_vi_part_3:4.5
56 henry_vi_part_3:4.2
57 romeo_and_juliet:0.0
57 romeo_and_juliet:0.1
58 romeo_and_juliet:0.2
58 romeo_and_juliet:0.4
58 romeo_and_juliet:1.1
58 romeo_and_juliet:1.2
58 romeo_and_juliet:1.4
58 romeo_and_juliet:1.5
58 romeo_and_juliet:2.1
58 romeo_and_juliet:2.2
58 romeo_and_juliet:2.4
58 romeo_and_juliet:3.0
58 romeo_and_juliet:3.2
58 romeo_and_juliet:4.0
58 romeo_and_juliet:4.1
58 romeo_and_juliet:4.2
59 romeo_and_juliet:0.3
59 romeo_and_juliet:1.0
59 romeo_and_juliet:1.3
59 romeo_and_juliet:2.0
60 romeo_and_juliet:2.3
60 romeo_and_juliet:3.1
60 romeo_and_juliet:3.3
60 romeo_and_juliet:3.4
61 titus_andronicus:0.0
61 titus_andronicus:1.1
61 titus_andronicus:2.0
61 titus_andronicus:2.1
61 titus_andronicus:3.0
61 titus_andronicus:3.2
61 titus_andronicus:3.3
61 titus_andronicus:4.1
61 titus_andronicus:4.2
62 titus_andronicus:1.0
62 titus_andronicus:1.2
62 titus_andronicus:3.1
62 titus_andronicus:4.0
63 titus_andronicus:1.3
64 macbeth:0.0
64 macbeth:0.2
64 macbeth:0.4
64 macbeth:0.6
64 macbeth:1.0
64 macbeth:1.1
64 macbeth:1.2
64 macbeth:2.0
64 macbeth:2.1
64 macbeth:2.2
64 macbeth:2.3
64 macbeth:3.0
64 macbeth:4.6
65 macbeth:0.1
65 macbeth:0.3
65 macbeth:0.5
66 macbeth:1.3
66 macbeth:3.1
66 macbeth:3.2
66 macbeth:4.5
66 macbeth:4.7
67 macbeth:2.4
68 macbeth:2.5
69 macbeth:4.0
69 macbeth:4.2
69 macbeth:4.4
70 macbeth:4.1
70 macbeth:4.3
71 coriolanus:0.1
71 coriolanus:0.7
71 coriolanus:0.9
71 coriolanus:3.6
71 coriolanus:4.5
72 coriolanus:0.2
72 coriolanus:4.2
72 coriolanus:4.4
73 coriolanus:0.6
73 coriolanus:0.8
74 coriolanus:3.2
75 coriolanus:3.4
76 julius_caesar:0.0
77 julius_caesar:0.1
77 julius_caesar:0.2
77 julius_caesar:1.0
77 julius_caesar:1.1
77 julius_caesar:1.2
77 julius_caesar:1.3
77 julius_caesar:2.0
77 julius_caesar:2.1
77 julius_caesar:3.1
77 julius_caesar:3.2
77 julius_caesar:4.0
77 julius_caesar:4.2
77 julius_caesar:4.3
78 julius_caesar:3.0
78 antony_and_cleopatra:0.3
78 antony_and_cleopatra:1.1
78 antony_and_cleopatra:1.2
78 antony_and_cleopatra:1.3
78 antony_and_cleopatra:2.1
78 antony_and_cleopatra:2.5
78 antony_and_cleopatra:2.7
78 antony_and_cleopatra:2.8
78 antony_and_cleopatra:2.9
78 antony_and_cleopatra:2.11
78 antony_and_cleopatra:3.0
78 antony_and_cleopatra:3.5
78 antony_and_cleopatra:3.8
78 antony_and_cleopatra:4.0
79 julius_caesar:4.1
79 julius_caesar:4.4
80 comedy_of_errors:0.0
81 comedy_of_errors:0.1
81 comedy_of_errors:1.0
81 comedy_of_errors:1.1
81 comedy_of_errors:2.0
81 comedy_of_errors:2.1
81 comedy_of_errors:3.0
81 comedy_of_errors:3.1
81 comedy_of_errors:3.2
81 comedy_of_errors:3.3
81 comedy_of_errors:4.0
82 much_ado_about_nothing:0.0
82 much_ado_about_nothing:0.1
82 much_ado_about_nothing:0.2
82 much_ado_about_nothing:1.0
82 much_ado_about_nothing:1.1
82 much_ado_about_nothing:1.2
82 much_ado_about_nothing:2.0
82 much_ado_about_nothing:2.1
82 much_ado_about_nothing:2.3
82 much_ado_about_nothing:3.0
82 much_ado_about_nothing:4.0
82 much_ado_about_nothing:4.1
82 much_ado_about_nothing:4.2
82 much_ado_about_nothing:4.3
83 much_ado_about_nothing:2.2
83 much_ado_about_nothing:2.4
83 much_ado_about_nothing:3.1
84 twelfth_night:0.0
84 twelfth_night:1.3
85 twelfth_night:0.1
85 twelfth_night:0.3
85 twelfth_night:0.4
85 twelfth_night:1.1
85 twelfth_night:2.0
85 twelfth_night:4.0
86 twelfth_night:0.2
86 twelfth_night:1.2
86 twelfth_night:1.4
86 twelfth_night:2.1
86 twelfth_night:2.3
86 twelfth_night:3.0
86 twelfth_night:3.1
87 twelfth_night:1.0
87 twelfth_night:2.2
87 twelfth_night:3.2
87 tempest:1.0
87 tempest:2.2
87 merchant_of_venice:0.0
88 lear:0.0
88 lear:0.3
88 lear:0.4
88 lear:1.1
88 lear:1.3
88 lear:2.1
88 lear:2.3
88 lear:2.5
88 lear:3.5
88 lear:3.6
88 lear:4.1
89 lear:0.1
89 lear:1.0
89 lear:2.2
89 lear:2.4
89 lear:2.6
89 lear:3.0
89 lear:3.4
90 lear:0.2
90 lear:3.1
90 lear:4.0
90 lear:4.2
91 lear:1.2
92 lear:2.0
92 lear:3.2
93 lear:3.3
94 cymbeline:0.0
94 cymbeline:0.2
94 cymbeline:0.3
94 cymbeline:0.5
94 cymbeline:1.1
94 cymbeline:1.3
94 cymbeline:1.4
94 cymbeline:2.1
94 cymbeline:2.3
94 cymbeline:4.0
94 cymbeline:4.1
94 cymbeline:4.2
94 cymbeline:4.3
95 cymbeline:0.1
95 cymbeline:1.0
95 cymbeline:1.2
95 cymbeline:2.0
95 cymbeline:2.4
95 cymbeline:3.0
95 cymbeline:3.2
96 cymbeline:0.4
97 cymbeline:2.2
97 cymbeline:2.5
97 cymbeline:3.1
97 cymbeline:3.3
97 cymbeline:4.4
98 cymbeline:2.6
99 measure_for_measure:0.0
99 measure_for_measure:0.2
99 measure_for_measure:1.0
99 measure_for_measure:3.3
100 measure_for_measure:0.1
100 measure_for_measure:0.3
100 measure_for_measure:1.1
100 measure_for_measure:1.3
100 measure_for_measure:2.0
100 measure_for_measure:2.1
100 measure_for_measure:3.0
100 measure_for_measure:3.5
100 measure_for_measure:4.0
101 measure_for_measure:1.2
101 measure_for_measure:3.1
101 measure_for_measure:3.2
101 measure_for_measure:3.4
102 pericles:0.0
102 pericles:0.1
102 pericles:0.2
102 pericles:1.3
103 pericles:0.3
103 pericles:2.2
103 pericles:3.2
103 pericles:3.3
104 pericles:1.0
105 pericles:1.1
105 pericles:1.2
105 pericles:1.4
106 pericles:2.0
107 pericles:2.1
107 pericles:2.3
107 pericles:4.2
108 pericles:3.0
109 pericles:3.1
109 pericles:3.5
109 pericles:4.0
110 pericles:3.4
110 henry_viii:3.0
111 pericles:4.1
112 winters_tale:0.0
112 winters_tale:0.1
112 winters_tale:1.0
112 winters_tale:1.2
112 winters_tale:2.1
112 winters_tale:3.1
112 winters_tale:4.0
112 winters_tale:4.2
113 winters_tale:1.1
114 winters_tale:2.0
115 winters_tale:2.2
116 winters_tale:3.0
117 winters_tale:3.2
117 winters_tale:3.3
117 winters_tale:4.1
118 antony_and_cleopatra:0.0
118 antony_and_cleopatra:0.1
118 antony_and_cleopatra:0.2
118 antony_and_cleopatra:0.4
118 antony_and_cleopatra:1.4
118 antony_and_cleopatra:2.2
118 antony_and_cleopatra:2.6
118 antony_and_cleopatra:2.10
118 antony_and_cleopatra:2.12
118 antony_and_cleopatra:3.1
118 antony_and_cleopatra:3.3
118 antony_and_cleopatra:3.4
118 antony_and_cleopatra:3.12
118 antony_and_cleopatra:3.14
118 antony_and_cleopatra:4.1
119 antony_and_cleopatra:1.0
119 antony_and_cleopatra:1.5
119 antony_and_cleopatra:1.6
119 antony_and_cleopatra:2.4
120 antony_and_cleopatra:2.0
121 antony_and_cleopatra:2.3
122 antony_and_cleopatra:3.6
122 antony_and_cleopatra:3.7
122 antony_and_cleopatra:3.9
122 antony_and_cleopatra:3.11
122 antony_and_cleopatra:3.13
123 antony_and_cleopatra:3.10
124 tempest:0.0
125 tempest:0.1
125 tempest:2.0
125 tempest:3.0
125 tempest:4.0
126 tempest:1.1
126 tempest:2.1
127 two_gentlemen_of_verona:0.0
127 two_gentlemen_of_verona:0.2
127 two_gentlemen_of_verona:1.0
127 two_gentlemen_of_verona:1.3
127 two_gentlemen_of_verona:1.5
127 two_gentlemen_of_verona:2.1
127 two_gentlemen_of_verona:3.1
127 two_gentlemen_of_verona:3.3
127 two_gentlemen_of_verona:4.1
127 two_gentlemen_of_verona:4.3
128 two_gentlemen_of_verona:0.1
128 two_gentlemen_of_verona:1.1
128 two_gentlemen_of_verona:1.6
129 two_gentlemen_of_verona:1.2
129 two_gentlemen_of_verona:1.4
129 two_gentlemen_of_verona:2.0
130 two_gentlemen_of_verona:3.0
130 two_gentlemen_of_verona:4.2
131 two_gentlemen_of_verona:3.2
131 two_gentlemen_of_verona:4.0
132 merchant_of_venice:0.1
132 merchant_of_venice:1.0
132 merchant_of_venice:1.6
132 merchant_of_venice:1.8
132 merchant_of_venice:2.1
132 merchant_of_venice:2.3
132 merchant_of_venice:3.1
132 merchant_of_venice:4.0
133 merchant_of_venice:0.2
133 merchant_of_venice:1.4
133 merchant_of_venice:2.0
133 merchant_of_venice:2.2
133 merchant_of_venice:3.0
134 merchant_of_venice:1.1
134 merchant_of_venice:1.2
134 merchant_of_venice:1.3
135 merchant_of_venice:1.5
135 merchant_of_venice:1.7
135 merchant_of_venice:2.4
136 henry_viii:0.0
136 henry_viii:0.1
136 henry_viii:1.0
136 henry_viii:1.3
137 henry_viii:0.2
137 henry_viii:0.3
137 henry_viii:1.1
137 henry_viii:2.0
137 henry_viii:2.1
137 henry_viii:4.0
137 henry_viii:4.2
138 henry_viii:3.1
139 henry_viii:4.1
139 henry_viii:4.4
140 henry_viii:4.3
141 midsummer_nights_dream:0.0
141 midsummer_nights_dream:1.1
141 midsummer_nights_dream:2.1
141 midsummer_nights_dream:3.0
141 midsummer_nights_dream:4.0
142 midsummer_nights_dream:0.1
142 midsummer_nights_dream:2.0
142 midsummer_nights_dream:3.1
143 midsummer_nights_dream:1.0
144 as_you_like_it:0.0
144 as_you_like_it:1.2
144 as_you_like_it:1.5
145 as_you_like_it:0.1
145 as_you_like_it:0.2
145 as_you_like_it:1.3
145 as_you_like_it:2.1
145 as_you_like_it:2.3
145 as_you_like_it:3.0
145 as_you_like_it:3.2
146 as_you_like_it:1.0
146 as_you_like_it:1.4
146 as_you_like_it:1.6
146 as_you_like_it:3.1
146 as_you_like_it:4.3
147 as_you_like_it:1.1
147 as_you_like_it:2.0
148 as_you_like_it:2.2
148 as_you_like_it:4.0
148 as_you_like_it:4.2
149 as_you_like_it:2.4
149 as_you_like_it:4.1
150 troilus_and_cressida:0.0
150 troilus_and_cressida:0.1
150 troilus_and_cressida:2.0
150 troilus_and_cressida:2.1
150 troilus_and_cressida:3.1
150 troilus_and_cressida:3.3
150 troilus_and_cressida:4.1
150 troilus_and_cressida:4.9
151 troilus_and_cressida:0.2
151 troilus_and_cressida:3.4
151 troilus_and_cressida:4.4
151 troilus_and_cressida:4.7
152 troilus_and_cressida:1.0
152 troilus_and_cressida:1.2
152 troilus_and_cressida:2.2
152 troilus_and_cressida:4.0
152 troilus_and_cressida:4.3
152 troilus_and_cressida:4.6
152 troilus_and_cressida:4.8
153 troilus_and_cressida:1.1
153 troilus_and_cressida:4.2
153 troilus_and_cressida:4.5
154 troilus_and_cressida:3.0
154 troilus_and_cressida:3.2
155 henry_v:0.0
156 henry_v:0.1
156 henry_v:1.3
157 henry_v:1.0
157 henry_v:1.2
158 henry_v:1.1
159 henry_v:2.0
160 henry_v:2.1
160 henry_v:2.5
161 henry_v:2.2
162 henry_v:2.3
162 henry_v:3.3
162 henry_v:4.1
163 henry_v:2.4
163 henry_v:2.6
163 henry_v:3.1
163 henry_v:3.4
164 henry_v:3.0
164 henry_v:3.2
164 henry_v:3.6
164 henry_v:3.7
164 henry_v:4.0
165 henry_v:3.5
166 life_and_death_of_king_john:0.0
166 life_and_death_of_king_john:1.0
166 life_and_death_of_king_john:2.0
166 life_and_death_of_king_john:2.1
166 life_and_death_of_king_john:2.3
167 life_and_death_of_king_john:2.2
167 life_and_death_of_king_john:3.0
167 life_and_death_of_king_john:3.1
167 life_and_death_of_king_john:3.2
167 life_and_death_of_king_john:4.2
167 life_and_death_of_king_john:4.3
167 life_and_death_of_king_john:4.5
167 life_and_death_of_king_john:4.6
168 life_and_death_of_king_john:4.0
168 life_and_death_of_king_john:4.1
169 life_and_death_of_king_john:4.4
170 timon_of_athens:0.0
170 timon_of_athens:0.1
170 timon_of_athens:1.1
170 timon_of_athens:2.1
170 timon_of_athens:2.3
170 timon_of_athens:2.5
170 timon_of_athens:3.2
170 timon_of_athens:4.0
170 timon_of_athens:4.2
171 timon_of_athens:1.0
172 timon_of_athens:2.0
173 timon_of_athens:2.2
174 timon_of_athens:2.4
174 timon_of_athens:4.1
174 timon_of_athens:4.3
175 timon_of_athens:3.0
176 timon_of_athens:3.1
