1 othello:0.0
2 othello:0.1
3 othello:0.2
4 othello:1.0
5 othello:1.1
6 othello:1.2
7 othello:2.0
8 othello:2.1
9 othello:2.2
9 othello:3.0
9 othello:4.1
10 othello:2.3
11 othello:3.1
12 othello:3.2
13 othello:4.0
14 henry_iv_part_ii:0.0
15 henry_iv_part_ii:0.1
16 henry_iv_part_ii:0.2
17 henry_iv_part_ii:1.0
18 henry_iv_part_ii:1.1
19 henry_iv_part_ii:1.2
20 henry_iv_part_ii:1.3
21 henry_iv_part_ii:2.0
22 henry_iv_part_ii:2.1
23 henry_iv_part_ii:3.0
24 henry_iv_part_ii:3.1
25 henry_iv_part_ii:3.2
26 henry_iv_part_ii:3.3
27 henry_iv_part_ii:3.4
28 henry_iv_part_ii:4.0
29 henry_iv_part_ii:4.1
30 henry_iv_part_ii:4.2
31 henry_iv_part_ii:4.3
32 henry_iv_part_ii:4.4
33 richard_ii:0.0
34 richard_ii:0.1
35 richard_ii:0.2
36 richard_ii:0.3
37 richard_ii:1.0
38 richard_ii:1.1
39 richard_ii:1.2
40 richard_ii:1.3
41 richard_ii:2.0
42 richard_ii:2.1
43 richard_ii:2.2
44 richard_ii:2.3
45 richard_ii:3.0
46 richard_ii:4.0
47 richard_ii:4.1
48 richard_ii:4.2
49 richard_ii:4.3
50 richard_ii:4.4
51 richard_ii:4.5
52 henry_vi_part_2:0.0
53 henry_vi_part_2:0.1
54 henry_vi_part_2:0.2
55 henry_vi_part_2:0.3
56 henry_vi_part_2:1.0
57 henry_vi_part_2:1.1
58 henry_vi_part_2:1.2
59 henry_vi_part_2:1.3
60 henry_vi_part_2:2.0
61 henry_vi_part_2:2.1
62 henry_vi_part_2:2.2
63 henry_vi_part_2:3.0
64 henry_vi_part_2:3.1
65 henry_vi_part_2:3.2
66 henry_vi_part_2:3.3
67 henry_vi_part_2:3.4
68 henry_vi_part_2:3.5
69 henry_vi_part_2:3.6
70 henry_vi_part_2:3.7
71 henry_vi_part_2:3.8
72 henry_vi_part_2:3.9
73 henry_vi_part_2:4.0
74 henry_vi_part_2:4.1
75 henry_vi_part_2:4.2
76 merry_wives_of_windsor:0.0
77 merry_wives_of_windsor:0.1
78 merry_wives_of_windsor:0.2
79 merry_wives_of_windsor:0.3
80 merry_wives_of_windsor:1.0
80 merry_wives_of_windsor:2.2
80 merry_wives_of_windsor:3.1
81 merry_wives_of_windsor:1.1
82 merry_wives_of_windsor:1.2
83 merry_wives_of_windsor:2.0
84 merry_wives_of_windsor:2.1
85 merry_wives_of_windsor:2.3
86 merry_wives_of_windsor:2.4
87 merry_wives_of_windsor:3.0
88 merry_wives_of_windsor:3.2
89 merry_wives_of_windsor:3.3
90 merry_wives_of_windsor:3.4
91 merry_wives_of_windsor:3.5
92 merry_wives_of_windsor:4.0
93 merry_wives_of_windsor:4.1
94 merry_wives_of_windsor:4.2
95 merry_wives_of_windsor:4.3
96 merry_wives_of_windsor:4.4
97 richard_iii:0.0
98 richard_iii:0.1
99 richard_iii:0.2
100 richard_iii:0.3
101 richard_iii:1.0
102 richard_iii:1.1
103 richard_iii:1.2
104 richard_iii:1.3
105 richard_iii:2.0
106 richard_iii:2.1
107 richard_iii:2.2
108 richard_iii:2.3
109 richard_iii:2.4
110 richard_iii:2.5
111 richard_iii:2.6
112 richard_iii:3.0
113 richard_iii:3.1
114 richard_iii:3.2
115 richard_iii:3.3
116 richard_iii:3.4
117 richard_iii:4.0
118 richard_iii:4.1
119 richard_iii:4.2
120 richard_iii:4.3
121 richard_iii:4.4
122 hamlet:0.0
123 hamlet:0.1
124 hamlet:0.2
125 hamlet:0.3
126 hamlet:0.4
127 hamlet:1.0
128 hamlet:1.1
129 hamlet:2.0
130 hamlet:2.1
131 hamlet:2.2
132 hamlet:2.3
133 hamlet:3.0
134 hamlet:3.1
135 hamlet:3.2
136 hamlet:3.3
137 hamlet:3.4
138 hamlet:3.5
139 hamlet:3.6
140 hamlet:4.0
141 hamlet:4.1
142 henry_iv_part_i:0.0
143 henry_iv_part_i:0.1
144 henry_iv_part_i:0.2
145 henry_iv_part_i:1.0
146 henry_iv_part_i:1.1
147 henry_iv_part_i:1.2
148 henry_iv_part_i:1.3
149 henry_iv_part_i:2.0
150 henry_iv_part_i:2.1
151 henry_iv_part_i:2.2
152 henry_iv_part_i:3.0
153 henry_iv_part_i:3.1
154 henry_iv_part_i:3.2
155 henry_iv_part_i:3.3
156 henry_iv_part_i:4.0
157 henry_iv_part_i:4.1
158 henry_iv_part_i:4.2
159 henry_iv_part_i:4.3
160 henry_iv_part_i:4.4
161 henry_vi_part_1:0.0
162 henry_vi_part_1:0.1
163 henry_vi_part_1:0.2
164 henry_vi_part_1:0.3
165 henry_vi_part_1:0.4
166 henry_vi_part_1:0.5
167 henry_vi_part_1:1.0
168 henry_vi_part_1:1.1
169 henry_vi_part_1:1.2
170 henry_vi_part_1:1.3
171 henry_vi_part_1:1.4
172 henry_vi_part_1:2.0
173 henry_vi_part_1:2.1
174 henry_vi_part_1:2.2
175 henry_vi_part_1:2.3
176 henry_vi_part_1:3.0
177 henry_vi_part_1:3.1
178 henry_vi_part_1:3.2
179 henry_vi_part_1:3.3
180 henry_vi_part_1:3.4
181 henry_vi_part_1:3.5
182 henry_vi_part_1:3.6
183 henry_vi_part_1:4.0
184 henry_vi_part_1:4.1
185 henry_vi_part_1:4.2
186 henry_vi_part_1:4.3
187 henry_vi_part_1:4.4
188 taming_of_the_shrew:0.0
189 taming_of_the_shrew:0.1
190 taming_of_the_shrew:1.0
191 taming_of_the_shrew:2.0
192 taming_of_the_shrew:2.1
193 taming_of_the_shrew:3.0
194 taming_of_the_shrew:3.1
195 taming_of_the_shrew:3.2
196 taming_of_the_shrew:3.3
197 taming_of_the_shrew:3.4
198 taming_of_the_shrew:4.0
199 taming_of_the_shrew:4.1
200 alls_well_that_ends_well:0.0
201 alls_well_that_ends_well:0.1
202 alls_well_that_ends_well:0.2
203 alls_well_that_ends_well:1.0
204 alls_well_that_ends_well:1.1
205 alls_well_that_ends_well:1.2
206 alls_well_that_ends_well:1.3
207 alls_well_that_ends_well:1.4
208 alls_well_that_ends_well:2.0
209 alls_well_that_ends_well:2.1
210 alls_well_that_ends_well:2.2
211 alls_well_that_ends_well:2.3
212 alls_well_that_ends_well:2.4
213 alls_well_that_ends_well:2.5
214 alls_well_that_ends_well:2.6
215 alls_well_that_ends_well:3.0
216 alls_well_that_ends_well:3.1
217 alls_well_that_ends_well:3.2
218 alls_well_that_ends_well:3.3
219 alls_well_that_ends_well:3.4
220 alls_well_that_ends_well:4.0
221 alls_well_that_ends_well:4.1
222 alls_well_that_ends_well:4.2
223 loves_labors_lost:0.0
224 loves_labors_lost:0.1
225 loves_labors_lost:1.0
226 loves_labors_lost:2.0
227 loves_labors_lost:3.0
228 loves_labors_lost:3.1
229 loves_labors_lost:3.2
230 loves_labors_lost:4.0
231 loves_labors_lost:4.1
232 henry_vi_part_3:0.0
233 henry_vi_part_3:0.1
234 henry_vi_part_3:0.2
235 henry_vi_part_3:0.3
236 henry_vi_part_3:1.0
237 henry_vi_part_3:1.1
238 henry_vi_part_3:1.2
239 henry_vi_part_3:1.3
240 henry_vi_part_3:1.4
241 henry_vi_part_3:1.5
242 henry_vi_part_3:2.0
243 henry_vi_part_3:2.1
244 henry_vi_part_3:2.2
245 henry_vi_part_3:3.0
246 henry_vi_part_3:3.1
247 henry_vi_part_3:3.2
248 henry_vi_part_3:3.3
249 henry_vi_part_3:3.4
250 henry_vi_part_3:3.5
251 henry_vi_part_3:3.6
252 henry_vi_part_3:3.7
253 henry_vi_part_3:4.0
254 henry_vi_part_3:4.1
255 henry_vi_part_3:4.2
256 henry_vi_part_3:4.3
257 henry_vi_part_3:4.4
258 henry_vi_part_3:4.5
259 henry_vi_part_3:4.6
260 romeo_and_juliet:0.0
261 romeo_and_juliet:0.1
262 romeo_and_juliet:0.2
263 romeo_and_juliet:0.3
264 romeo_and_juliet:0.4
265 romeo_and_juliet:1.0
266 romeo_and_juliet:1.1
267 romeo_and_juliet:1.2
268 romeo_and_juliet:1.3
269 romeo_and_juliet:1.4
270 romeo_and_juliet:1.5
271 romeo_and_juliet:2.0
272 romeo_and_juliet:2.1
273 romeo_and_juliet:2.2
274 romeo_and_juliet:2.3
275 romeo_and_juliet:2.4
276 romeo_and_juliet:3.0
277 romeo_and_juliet:3.1
278 romeo_and_juliet:3.2
279 romeo_and_juliet:3.3
280 romeo_and_juliet:3.4
281 romeo_and_juliet:4.0
282 romeo_and_juliet:4.1
283 romeo_and_juliet:4.2
284 titus_andronicus:0.0
285 titus_andronicus:1.0
286 titus_andronicus:1.1
287 titus_andronicus:1.2
288 titus_andronicus:1.3
289 titus_andronicus:2.0
289 titus_andronicus:3.0
290 titus_andronicus:2.1
291 titus_andronicus:3.1
292 titus_andronicus:3.2
293 titus_andronicus:3.3
294 titus_andronicus:4.0
295 titus_andronicus:4.1
296 titus_andronicus:4.2
297 macbeth:0.0
298 macbeth:0.1
299 macbeth:0.2
300 macbeth:0.3
301 macbeth:0.4
302 macbeth:0.5
303 macbeth:0.6
304 macbeth:1.0
305 macbeth:1.1
305 macbeth:2.3
306 macbeth:1.2
307 macbeth:1.3
308 macbeth:2.0
309 macbeth:2.1
310 macbeth:2.2
311 macbeth:2.4
312 macbeth:2.5
313 macbeth:3.0
314 macbeth:3.1
315 macbeth:3.2
316 macbeth:4.0
317 macbeth:4.1
318 macbeth:4.2
319 macbeth:4.3
320 macbeth:4.4
321 macbeth:4.5
322 macbeth:4.6
323 macbeth:4.7
324 coriolanus:0.0
325 coriolanus:0.1
326 coriolanus:0.2
327 coriolanus:0.3
328 coriolanus:0.4
329 coriolanus:0.5
330 coriolanus:0.6
331 coriolanus:0.7
332 coriolanus:0.8
333 coriolanus:0.9
334 coriolanus:1.0
335 coriolanus:1.1
336 coriolanus:1.2
337 coriolanus:2.0
338 coriolanus:2.1
339 coriolanus:2.2
340 coriolanus:3.0
341 coriolanus:3.1
342 coriolanus:3.2
343 coriolanus:3.3
344 coriolanus:3.4
345 coriolanus:3.5
346 coriolanus:3.6
347 coriolanus:4.0
348 coriolanus:4.1
349 coriolanus:4.2
350 coriolanus:4.3
351 coriolanus:4.4
352 coriolanus:4.5
353 julius_caesar:0.0
354 julius_caesar:0.1
355 julius_caesar:0.2
356 julius_caesar:1.0
357 julius_caesar:1.1
358 julius_caesar:1.2
359 julius_caesar:1.3
360 julius_caesar:2.0
361 julius_caesar:2.1
362 julius_caesar:2.2
363 julius_caesar:3.0
364 julius_caesar:3.1
365 julius_caesar:3.2
366 julius_caesar:4.0
367 julius_caesar:4.1
368 julius_caesar:4.2
369 julius_caesar:4.3
370 julius_caesar:4.4
371 comedy_of_errors:0.0
372 comedy_of_errors:0.1
372 comedy_of_errors:1.1
372 comedy_of_errors:2.1
372 comedy_of_errors:3.2
373 comedy_of_errors:1.0
374 comedy_of_errors:2.0
374 comedy_of_errors:3.3
375 comedy_of_errors:3.0
376 comedy_of_errors:3.1
377 comedy_of_errors:4.0
378 much_ado_about_nothing:0.0
378 much_ado_about_nothing:1.0
378 much_ado_about_nothing:1.2
379 much_ado_about_nothing:0.1
380 much_ado_about_nothing:0.2
381 much_ado_about_nothing:1.1
382 much_ado_about_nothing:2.0
383 much_ado_about_nothing:2.1
384 much_ado_about_nothing:2.2
385 much_ado_about_nothing:2.3
386 much_ado_about_nothing:2.4
387 much_ado_about_nothing:3.0
387 much_ado_about_nothing:4.3
388 much_ado_about_nothing:3.1
389 much_ado_about_nothing:4.0
390 much_ado_about_nothing:4.1
391 much_ado_about_nothing:4.2
392 twelfth_night:0.0
393 twelfth_night:0.1
394 twelfth_night:0.2
394 twelfth_night:1.2
395 twelfth_night:0.3
396 twelfth_night:0.4
397 twelfth_night:1.0
398 twelfth_night:1.1
399 twelfth_night:1.3
400 twelfth_night:1.4
400 twelfth_night:2.3
401 twelfth_night:2.0
402 twelfth_night:2.1
403 twelfth_night:2.2
404 twelfth_night:3.0
405 twelfth_night:3.1
406 twelfth_night:3.2
407 twelfth_night:4.0
408 lear:0.0
409 lear:0.1
410 lear:0.2
411 lear:0.3
412 lear:0.4
413 lear:1.0
414 lear:1.1
415 lear:1.2
416 lear:1.3
417 lear:2.0
418 lear:2.1
419 lear:2.2
420 lear:2.3
421 lear:2.4
422 lear:2.5
423 lear:2.6
424 lear:3.0
425 lear:3.1
426 lear:3.2
427 lear:3.3
428 lear:3.4
429 lear:3.5
430 lear:3.6
431 lear:4.0
432 lear:4.1
433 lear:4.2
434 cymbeline:0.0
435 cymbeline:0.1
436 cymbeline:0.2
437 cymbeline:0.3
437 cymbeline:1.3
438 cymbeline:0.4
439 cymbeline:0.5
440 cymbeline:1.0
441 cymbeline:1.1
442 cymbeline:1.2
443 cymbeline:1.4
444 cymbeline:2.0
445 cymbeline:2.1
446 cymbeline:2.2
447 cymbeline:2.3
448 cymbeline:2.4
449 cymbeline:2.5
450 cymbeline:2.6
451 cymbeline:3.0
452 cymbeline:3.1
453 cymbeline:3.2
454 cymbeline:3.3
455 cymbeline:4.0
456 cymbeline:4.1
457 cymbeline:4.2
458 cymbeline:4.3
459 cymbeline:4.4
460 measure_for_measure:0.0
461 measure_for_measure:0.1
462 measure_for_measure:0.2
463 measure_for_measure:0.3
464 measure_for_measure:1.0
465 measure_for_measure:1.1
465 measure_for_measure:1.3
466 measure_for_measure:1.2
467 measure_for_measure:2.0
468 measure_for_measure:2.1
469 measure_for_measure:3.0
470 measure_for_measure:3.1
471 measure_for_measure:3.2
472 measure_for_measure:3.3
473 measure_for_measure:3.4
474 measure_for_measure:3.5
475 measure_for_measure:4.0
476 pericles:0.0
477 pericles:0.1
478 pericles:0.2
479 pericles:0.3
480 pericles:1.0
481 pericles:1.1
482 pericles:1.2
483 pericles:1.3
484 pericles:1.4
485 pericles:2.0
486 pericles:2.1
487 pericles:2.2
488 pericles:2.3
489 pericles:3.0
490 pericles:3.1
491 pericles:3.2
492 pericles:3.3
493 pericles:3.4
494 pericles:3.5
495 pericles:4.0
496 pericles:4.1
497 pericles:4.2
498 winters_tale:0.0
499 winters_tale:0.1
500 winters_tale:1.0
501 winters_tale:1.1
502 winters_tale:1.2
503 winters_tale:2.0
504 winters_tale:2.1
505 winters_tale:2.2
506 winters_tale:3.0
507 winters_tale:3.1
508 winters_tale:3.2
509 winters_tale:3.3
510 winters_tale:4.0
511 winters_tale:4.1
512 winters_tale:4.2
513 antony_and_cleopatra:0.0
514 antony_and_cleopatra:0.1
515 antony_and_cleopatra:0.2
516 antony_and_cleopatra:0.3
517 antony_and_cleopatra:0.4
518 antony_and_cleopatra:1.0
519 antony_and_cleopatra:1.1
519 antony_and_cleopatra:2.1
520 antony_and_cleopatra:1.2
521 antony_and_cleopatra:1.3
522 antony_and_cleopatra:1.4
522 antony_and_cleopatra:2.2
523 antony_and_cleopatra:1.5
523 antony_and_cleopatra:1.6
524 antony_and_cleopatra:2.0
525 antony_and_cleopatra:2.3
526 antony_and_cleopatra:2.4
527 antony_and_cleopatra:2.5
528 antony_and_cleopatra:2.6
529 antony_and_cleopatra:2.7
530 antony_and_cleopatra:2.8
531 antony_and_cleopatra:2.9
532 antony_and_cleopatra:2.10
533 antony_and_cleopatra:2.11
534 antony_and_cleopatra:2.12
535 antony_and_cleopatra:3.0
536 antony_and_cleopatra:3.1
537 antony_and_cleopatra:3.2
538 antony_and_cleopatra:3.3
539 antony_and_cleopatra:3.4
540 antony_and_cleopatra:3.5
541 antony_and_cleopatra:3.6
542 antony_and_cleopatra:3.7
543 antony_and_cleopatra:3.8
544 antony_and_cleopatra:3.9
545 antony_and_cleopatra:3.10
546 antony_and_cleopatra:3.11
547 antony_and_cleopatra:3.12
548 antony_and_cleopatra:3.13
549 antony_and_cleopatra:3.14
550 antony_and_cleopatra:4.0
551 antony_and_cleopatra:4.1
552 tempest:0.0
553 tempest:0.1
554 tempest:1.0
555 tempest:1.1
555 tempest:2.1
556 tempest:2.0
557 tempest:2.2
558 tempest:3.0
559 tempest:4.0
560 two_gentlemen_of_verona:0.0
561 two_gentlemen_of_verona:0.1
561 two_gentlemen_of_verona:1.6
562 two_gentlemen_of_verona:0.2
563 two_gentlemen_of_verona:1.0
564 two_gentlemen_of_verona:1.1
565 two_gentlemen_of_verona:1.2
566 two_gentlemen_of_verona:1.3
567 two_gentlemen_of_verona:1.4
568 two_gentlemen_of_verona:1.5
569 two_gentlemen_of_verona:2.0
570 two_gentlemen_of_verona:2.1
571 two_gentlemen_of_verona:3.0
572 two_gentlemen_of_verona:3.1
573 two_gentlemen_of_verona:3.2
574 two_gentlemen_of_verona:3.3
575 two_gentlemen_of_verona:4.0
576 two_gentlemen_of_verona:4.1
577 two_gentlemen_of_verona:4.2
578 two_gentlemen_of_verona:4.3
579 merchant_of_venice:0.0
580 merchant_of_venice:0.1
581 merchant_of_venice:0.2
582 merchant_of_venice:1.0
583 merchant_of_venice:1.1
584 merchant_of_venice:1.2
585 merchant_of_venice:1.3
586 merchant_of_venice:1.4
587 merchant_of_venice:1.5
588 merchant_of_venice:1.6
589 merchant_of_venice:1.7
590 merchant_of_venice:1.8
591 merchant_of_venice:2.0
592 merchant_of_venice:2.1
593 merchant_of_venice:2.2
594 merchant_of_venice:2.3
595 merchant_of_venice:2.4
596 merchant_of_venice:3.0
597 merchant_of_venice:3.1
598 merchant_of_venice:4.0
599 henry_viii:0.0
600 henry_viii:0.1
601 henry_viii:0.2
602 henry_viii:0.3
603 henry_viii:1.0
604 henry_viii:1.1
605 henry_viii:1.2
606 henry_viii:1.3
607 henry_viii:2.0
608 henry_viii:2.1
609 henry_viii:3.0
610 henry_viii:3.1
611 henry_viii:4.0
612 henry_viii:4.1
613 henry_viii:4.2
614 henry_viii:4.3
615 henry_viii:4.4
616 midsummer_nights_dream:0.0
617 midsummer_nights_dream:0.1
618 midsummer_nights_dream:1.0
619 midsummer_nights_dream:1.1
620 midsummer_nights_dream:2.0
621 midsummer_nights_dream:2.1
622 midsummer_nights_dream:3.0
623 midsummer_nights_dream:3.1
624 midsummer_nights_dream:4.0
625 as_you_like_it:0.0
626 as_you_like_it:0.1
627 as_you_like_it:0.2
628 as_you_like_it:1.0
629 as_you_like_it:1.1
630 as_you_like_it:1.2
631 as_you_like_it:1.3
632 as_you_like_it:1.4
633 as_you_like_it:1.5
634 as_you_like_it:1.6
635 as_you_like_it:2.0
636 as_you_like_it:2.1
636 as_you_like_it:3.0
637 as_you_like_it:2.2
638 as_you_like_it:2.3
639 as_you_like_it:2.4
640 as_you_like_it:3.1
641 as_you_like_it:3.2
642 as_you_like_it:4.0
643 as_you_like_it:4.1
644 as_you_like_it:4.2
645 as_you_like_it:4.3
646 troilus_and_cressida:0.0
647 troilus_and_cressida:0.1
647 troilus_and_cressida:3.1
648 troilus_and_cressida:0.2
649 troilus_and_cressida:1.0
650 troilus_and_cressida:1.1
651 troilus_and_cressida:1.2
651 troilus_and_cressida:2.2
652 troilus_and_cressida:2.0
653 troilus_and_cressida:2.1
654 troilus_and_cressida:3.0
655 troilus_and_cressida:3.2
656 troilus_and_cressida:3.3
657 troilus_and_cressida:3.4
658 troilus_and_cressida:4.0
659 troilus_and_cressida:4.1
660 troilus_and_cressida:4.2
661 troilus_and_cressida:4.3
662 troilus_and_cressida:4.4
663 troilus_and_cressida:4.5
664 troilus_and_cressida:4.6
665 troilus_and_cressida:4.7
666 troilus_and_cressida:4.8
667 troilus_and_cressida:4.9
668 henry_v:0.0
669 henry_v:0.1
670 henry_v:1.0
671 henry_v:1.1
672 henry_v:1.2
673 henry_v:1.3
674 henry_v:2.0
675 henry_v:2.1
676 henry_v:2.2
677 henry_v:2.3
678 henry_v:2.4
679 henry_v:2.5
680 henry_v:2.6
681 henry_v:3.0
682 henry_v:3.1
683 henry_v:3.2
684 henry_v:3.3
685 henry_v:3.4
686 henry_v:3.5
687 henry_v:3.6
688 henry_v:3.7
689 henry_v:4.0
690 henry_v:4.1
691 life_and_death_of_king_john:0.0
692 life_and_death_of_king_john:1.0
693 life_and_death_of_king_john:2.0
694 life_and_death_of_king_john:2.1
695 life_and_death_of_king_john:2.2
696 life_and_death_of_king_john:2.3
697 life_and_death_of_king_john:3.0
698 life_and_death_of_king_john:3.1
699 life_and_death_of_king_john:3.2
700 life_and_death_of_king_john:4.0
701 life_and_death_of_king_john:4.1
702 life_and_death_of_king_john:4.2
703 life_and_death_of_king_john:4.3
704 life_and_death_of_king_john:4.4
705 life_and_death_of_king_john:4.5
706 life_and_death_of_king_john:4.6
707 timon_of_athens:0.0
708 timon_of_athens:0.1
708 timon_of_athens:3.2
709 timon_of_athens:1.0
710 timon_of_athens:1.1
711 timon_of_athens:2.0
712 timon_of_athens:2.1
713 timon_of_athens:2.2
714 timon_of_athens:2.3
715 timon_of_athens:2.4
716 timon_of_athens:2.5
717 timon_of_athens:3.0
718 timon_of_athens:3.1
719 timon_of_athens:4.0
720 timon_of_athens:4.1
721 timon_of_athens:4.2
722 timon_of_athens:4.3
