1 othello:0.0
2 othello:0.1
3 othello:0.2
4 othello:1.0
4 othello:1.2
4 othello:4.0
5 othello:1.1
6 othello:2.0
7 othello:2.1
7 othello:2.2
7 othello:3.0
7 othello:3.1
7 othello:4.1
8 othello:2.3
9 othello:3.2
10 henry_iv_part_ii:0.0
11 henry_iv_part_ii:0.1
12 henry_iv_part_ii:0.2
13 henry_iv_part_ii:1.0
14 henry_iv_part_ii:1.1
15 henry_iv_part_ii:1.2
16 henry_iv_part_ii:1.3
17 henry_iv_part_ii:2.0
18 henry_iv_part_ii:2.1
19 henry_iv_part_ii:3.0
19 henry_iv_part_ii:3.1
20 henry_iv_part_ii:3.2
21 henry_iv_part_ii:3.3
22 henry_iv_part_ii:3.4
23 henry_iv_part_ii:4.0
24 henry_iv_part_ii:4.1
25 henry_iv_part_ii:4.2
26 henry_iv_part_ii:4.3
27 henry_iv_part_ii:4.4
28 richard_ii:0.0
29 richard_ii:0.1
30 richard_ii:0.2
31 richard_ii:0.3
32 richard_ii:1.0
33 richard_ii:1.1
34 richard_ii:1.2
35 richard_ii:1.3
36 richard_ii:2.0
37 richard_ii:2.1
38 richard_ii:2.2
39 richard_ii:2.3
40 richard_ii:3.0
41 richard_ii:4.0
42 richard_ii:4.1
43 richard_ii:4.2
44 richard_ii:4.3
45 richard_ii:4.4
46 richard_ii:4.5
47 henry_vi_part_2:0.0
48 henry_vi_part_2:0.1
49 henry_vi_part_2:0.2
50 henry_vi_part_2:0.3
51 henry_vi_part_2:1.0
52 henry_vi_part_2:1.1
53 henry_vi_part_2:1.2
54 henry_vi_part_2:1.3
55 henry_vi_part_2:2.0
56 henry_vi_part_2:2.1
57 henry_vi_part_2:2.2
58 henry_vi_part_2:3.0
59 henry_vi_part_2:3.1
59 henry_vi_part_2:3.2
60 henry_vi_part_2:3.3
61 henry_vi_part_2:3.4
62 henry_vi_part_2:3.5
63 henry_vi_part_2:3.6
64 henry_vi_part_2:3.7
65 henry_vi_part_2:3.8
66 henry_vi_part_2:3.9
67 henry_vi_part_2:4.0
68 henry_vi_part_2:4.1
69 henry_vi_part_2:4.2
70 merry_wives_of_windsor:0.0
71 merry_wives_of_windsor:0.1
72 merry_wives_of_windsor:0.2
73 merry_wives_of_windsor:0.3
74 merry_wives_of_windsor:1.0
74 merry_wives_of_windsor:2.1
74 merry_wives_of_windsor:2.2
74 merry_wives_of_windsor:3.1
74 merry_wives_of_windsor:3.3
74 merry_wives_of_windsor:4.4
75 merry_wives_of_windsor:1.1
75 merry_wives_of_windsor:2.4
76 merry_wives_of_windsor:1.2
77 merry_wives_of_windsor:2.0
78 merry_wives_of_windsor:2.3
79 merry_wives_of_windsor:3.0
80 merry_wives_of_windsor:3.2
81 merry_wives_of_windsor:3.4
82 merry_wives_of_windsor:3.5
83 merry_wives_of_windsor:4.0
84 merry_wives_of_windsor:4.1
85 merry_wives_of_windsor:4.2
86 merry_wives_of_windsor:4.3
87 richard_iii:0.0
88 richard_iii:0.1
89 richard_iii:0.2
90 richard_iii:0.3
91 richard_iii:1.0
92 richard_iii:1.1
93 richard_iii:1.2
94 richard_iii:1.3
95 richard_iii:2.0
96 richard_iii:2.1
97 richard_iii:2.2
98 richard_iii:2.3
99 richard_iii:2.4
100 richard_iii:2.5
101 richard_iii:2.6
102 richard_iii:3.0
103 richard_iii:3.1
104 richard_iii:3.2
105 richard_iii:3.3
106 richard_iii:3.4
107 richard_iii:4.0
108 richard_iii:4.1
109 richard_iii:4.2
110 richard_iii:4.3
111 richard_iii:4.4
112 hamlet:0.0
113 hamlet:0.1
113 hamlet:0.3
113 hamlet:0.4
113 hamlet:4.1
114 hamlet:0.2
115 hamlet:1.0
116 hamlet:1.1
116 hamlet:2.1
116 hamlet:3.1
117 hamlet:2.0
118 hamlet:2.2
119 hamlet:2.3
120 hamlet:3.0
121 hamlet:3.2
122 hamlet:3.3
123 hamlet:3.4
123 hamlet:3.6
124 hamlet:3.5
125 hamlet:4.0
126 henry_iv_part_i:0.0
127 henry_iv_part_i:0.1
127 henry_iv_part_i:1.1
128 henry_iv_part_i:0.2
129 henry_iv_part_i:1.0
130 henry_iv_part_i:1.2
131 henry_iv_part_i:1.3
132 henry_iv_part_i:2.0
133 henry_iv_part_i:2.1
134 henry_iv_part_i:2.2
135 henry_iv_part_i:3.0
135 henry_iv_part_i:4.1
136 henry_iv_part_i:3.1
137 henry_iv_part_i:3.2
138 henry_iv_part_i:3.3
139 henry_iv_part_i:4.0
140 henry_iv_part_i:4.2
141 henry_iv_part_i:4.3
142 henry_iv_part_i:4.4
143 henry_vi_part_1:0.0
144 henry_vi_part_1:0.1
145 henry_vi_part_1:0.2
146 henry_vi_part_1:0.3
147 henry_vi_part_1:0.4
148 henry_vi_part_1:0.5
149 henry_vi_part_1:1.0
150 henry_vi_part_1:1.1
151 henry_vi_part_1:1.2
152 henry_vi_part_1:1.3
153 henry_vi_part_1:1.4
154 henry_vi_part_1:2.0
155 henry_vi_part_1:2.1
155 henry_vi_part_1:2.2
156 henry_vi_part_1:2.3
157 henry_vi_part_1:3.0
158 henry_vi_part_1:3.1
159 henry_vi_part_1:3.2
159 henry_vi_part_1:3.3
160 henry_vi_part_1:3.4
160 henry_vi_part_1:3.5
161 henry_vi_part_1:3.6
162 henry_vi_part_1:4.0
163 henry_vi_part_1:4.1
164 henry_vi_part_1:4.2
165 henry_vi_part_1:4.3
166 henry_vi_part_1:4.4
167 taming_of_the_shrew:0.0
167 taming_of_the_shrew:3.1
168 taming_of_the_shrew:0.1
169 taming_of_the_shrew:1.0
169 taming_of_the_shrew:2.1
170 taming_of_the_shrew:2.0
171 taming_of_the_shrew:3.0
172 taming_of_the_shrew:3.2
173 taming_of_the_shrew:3.3
173 taming_of_the_shrew:4.0
174 taming_of_the_shrew:3.4
174 taming_of_the_shrew:4.1
175 alls_well_that_ends_well:0.0
176 alls_well_that_ends_well:0.1
177 alls_well_that_ends_well:0.2
177 alls_well_that_ends_well:2.1
178 alls_well_that_ends_well:1.0
178 alls_well_that_ends_well:1.2
178 alls_well_that_ends_well:1.4
179 alls_well_that_ends_well:1.1
180 alls_well_that_ends_well:1.3
181 alls_well_that_ends_well:2.0
182 alls_well_that_ends_well:2.2
183 alls_well_that_ends_well:2.3
184 alls_well_that_ends_well:2.4
185 alls_well_that_ends_well:2.5
186 alls_well_that_ends_well:2.6
187 alls_well_that_ends_well:3.0
188 alls_well_that_ends_well:3.1
189 alls_well_that_ends_well:3.2
190 alls_well_that_ends_well:3.3
191 alls_well_that_ends_well:3.4
192 alls_well_that_ends_well:4.0
193 alls_well_that_ends_well:4.1
194 alls_well_that_ends_well:4.2
195 loves_labors_lost:0.0
195 loves_labors_lost:3.2
196 loves_labors_lost:0.1
196 loves_labors_lost:2.0
197 loves_labors_lost:1.0
197 loves_labors_lost:3.0
197 loves_labors_lost:4.1
198 loves_labors_lost:3.1
199 loves_labors_lost:4.0
200 henry_vi_part_3:0.0
201 henry_vi_part_3:0.1
202 henry_vi_part_3:0.2
203 henry_vi_part_3:0.3
204 henry_vi_part_3:1.0
205 henry_vi_part_3:1.1
206 henry_vi_part_3:1.2
207 henry_vi_part_3:1.3
208 henry_vi_part_3:1.4
209 henry_vi_part_3:1.5
210 henry_vi_part_3:2.0
211 henry_vi_part_3:2.1
212 henry_vi_part_3:2.2
213 henry_vi_part_3:3.0
214 henry_vi_part_3:3.1
215 henry_vi_part_3:3.2
216 henry_vi_part_3:3.3
217 henry_vi_part_3:3.4
218 henry_vi_part_3:3.5
219 henry_vi_part_3:3.6
220 henry_vi_part_3:3.7
221 henry_vi_part_3:4.0
222 henry_vi_part_3:4.1
223 henry_vi_part_3:4.2
224 henry_vi_part_3:4.3
225 henry_vi_part_3:4.4
226 henry_vi_part_3:4.5
227 henry_vi_part_3:4.6
228 romeo_and_juliet:0.0
229 romeo_and_juliet:0.1
230 romeo_and_juliet:0.2
231 romeo_and_juliet:0.3
231 romeo_and_juliet:1.3
231 romeo_and_juliet:2.0
232 romeo_and_juliet:0.4
232 romeo_and_juliet:2.4
233 romeo_and_juliet:1.0
234 romeo_and_juliet:1.1
234 romeo_and_juliet:2.1
235 romeo_and_juliet:1.2
236 romeo_and_juliet:1.4
237 romeo_and_juliet:1.5
238 romeo_and_juliet:2.2
239 romeo_and_juliet:2.3
240 romeo_and_juliet:3.0
241 romeo_and_juliet:3.1
241 romeo_and_juliet:3.3
242 romeo_and_juliet:3.2
243 romeo_and_juliet:3.4
244 romeo_and_juliet:4.0
245 romeo_and_juliet:4.1
246 romeo_and_juliet:4.2
247 titus_andronicus:0.0
247 titus_andronicus:2.0
247 titus_andronicus:4.2
248 titus_andronicus:1.0
248 titus_andronicus:3.1
249 titus_andronicus:1.1
250 titus_andronicus:1.2
251 titus_andronicus:1.3
252 titus_andronicus:2.1
252 titus_andronicus:3.0
252 titus_andronicus:3.2
253 titus_andronicus:3.3
254 titus_andronicus:4.0
255 titus_andronicus:4.1
256 macbeth:0.0
257 macbeth:0.1
258 macbeth:0.2
259 macbeth:0.3
260 macbeth:0.4
261 macbeth:0.5
262 macbeth:0.6
262 macbeth:1.1
262 macbeth:2.3
263 macbeth:1.0
264 macbeth:1.2
265 macbeth:1.3
266 macbeth:2.0
267 macbeth:2.1
268 macbeth:2.2
269 macbeth:2.4
270 macbeth:2.5
271 macbeth:3.0
272 macbeth:3.1
273 macbeth:3.2
273 macbeth:4.7
274 macbeth:4.0
275 macbeth:4.1
276 macbeth:4.2
277 macbeth:4.3
278 macbeth:4.4
279 macbeth:4.5
280 macbeth:4.6
281 coriolanus:0.0
282 coriolanus:0.1
283 coriolanus:0.2
284 coriolanus:0.3
285 coriolanus:0.4
286 coriolanus:0.5
287 coriolanus:0.6
288 coriolanus:0.7
289 coriolanus:0.8
290 coriolanus:0.9
291 coriolanus:1.0
291 coriolanus:3.1
292 coriolanus:1.1
292 coriolanus:2.0
292 coriolanus:2.2
292 coriolanus:3.5
293 coriolanus:1.2
294 coriolanus:2.1
295 coriolanus:3.0
296 coriolanus:3.2
297 coriolanus:3.3
298 coriolanus:3.4
299 coriolanus:3.6
300 coriolanus:4.0
301 coriolanus:4.1
302 coriolanus:4.2
303 coriolanus:4.3
304 coriolanus:4.4
305 coriolanus:4.5
306 julius_caesar:0.0
307 julius_caesar:0.1
307 julius_caesar:0.2
308 julius_caesar:1.0
308 julius_caesar:2.0
308 julius_caesar:3.2
308 julius_caesar:4.0
309 julius_caesar:1.1
310 julius_caesar:1.2
311 julius_caesar:1.3
312 julius_caesar:2.1
313 julius_caesar:2.2
314 julius_caesar:3.0
315 julius_caesar:3.1
316 julius_caesar:4.1
317 julius_caesar:4.2
318 julius_caesar:4.3
319 julius_caesar:4.4
320 comedy_of_errors:0.0
321 comedy_of_errors:0.1
321 comedy_of_errors:1.1
321 comedy_of_errors:2.1
321 comedy_of_errors:3.2
322 comedy_of_errors:1.0
322 comedy_of_errors:3.1
323 comedy_of_errors:2.0
323 comedy_of_errors:3.0
323 comedy_of_errors:3.3
323 comedy_of_errors:4.0
324 much_ado_about_nothing:0.0
324 much_ado_about_nothing:1.0
324 much_ado_about_nothing:1.2
324 much_ado_about_nothing:2.1
324 much_ado_about_nothing:3.0
324 much_ado_about_nothing:4.0
324 much_ado_about_nothing:4.3
325 much_ado_about_nothing:0.1
326 much_ado_about_nothing:0.2
326 much_ado_about_nothing:1.1
327 much_ado_about_nothing:2.0
328 much_ado_about_nothing:2.2
328 much_ado_about_nothing:3.1
329 much_ado_about_nothing:2.3
330 much_ado_about_nothing:2.4
331 much_ado_about_nothing:4.1
332 much_ado_about_nothing:4.2
333 twelfth_night:0.0
334 twelfth_night:0.1
335 twelfth_night:0.2
335 twelfth_night:1.2
335 twelfth_night:1.4
335 twelfth_night:2.1
335 twelfth_night:2.3
336 twelfth_night:0.3
336 twelfth_night:1.3
337 twelfth_night:0.4
338 twelfth_night:1.0
338 twelfth_night:2.2
339 twelfth_night:1.1
340 twelfth_night:2.0
341 twelfth_night:3.0
342 twelfth_night:3.1
343 twelfth_night:3.2
344 twelfth_night:4.0
345 lear:0.0
346 lear:0.1
347 lear:0.2
348 lear:0.3
348 lear:0.4
349 lear:1.0
350 lear:1.1
351 lear:1.2
352 lear:1.3
353 lear:2.0
354 lear:2.1
355 lear:2.2
356 lear:2.3
356 lear:2.5
357 lear:2.4
358 lear:2.6
359 lear:3.0
360 lear:3.1
361 lear:3.2
362 lear:3.3
363 lear:3.4
364 lear:3.5
364 lear:4.1
365 lear:3.6
366 lear:4.0
366 lear:4.2
367 cymbeline:0.0
368 cymbeline:0.1
369 cymbeline:0.2
369 cymbeline:2.3
370 cymbeline:0.3
370 cymbeline:1.3
371 cymbeline:0.4
372 cymbeline:0.5
373 cymbeline:1.0
374 cymbeline:1.1
375 cymbeline:1.2
376 cymbeline:1.4
377 cymbeline:2.0
378 cymbeline:2.1
379 cymbeline:2.2
380 cymbeline:2.4
381 cymbeline:2.5
381 cymbeline:3.1
381 cymbeline:3.3
382 cymbeline:2.6
383 cymbeline:3.0
384 cymbeline:3.2
385 cymbeline:4.0
386 cymbeline:4.1
387 cymbeline:4.2
388 cymbeline:4.3
389 cymbeline:4.4
390 measure_for_measure:0.0
391 measure_for_measure:0.1
392 measure_for_measure:0.2
393 measure_for_measure:0.3
393 measure_for_measure:1.1
393 measure_for_measure:1.3
394 measure_for_measure:1.0
395 measure_for_measure:1.2
396 measure_for_measure:2.0
397 measure_for_measure:2.1
397 measure_for_measure:4.0
398 measure_for_measure:3.0
399 measure_for_measure:3.1
399 measure_for_measure:3.2
400 measure_for_measure:3.3
401 measure_for_measure:3.4
402 measure_for_measure:3.5
403 pericles:0.0
404 pericles:0.1
405 pericles:0.2
406 pericles:0.3
407 pericles:1.0
408 pericles:1.1
408 pericles:1.2
408 pericles:1.4
409 pericles:1.3
410 pericles:2.0
411 pericles:2.1
412 pericles:2.2
413 pericles:2.3
414 pericles:3.0
415 pericles:3.1
415 pericles:3.5
416 pericles:3.2
417 pericles:3.3
418 pericles:3.4
419 pericles:4.0
420 pericles:4.1
421 pericles:4.2
422 winters_tale:0.0
423 winters_tale:0.1
424 winters_tale:1.0
425 winters_tale:1.1
426 winters_tale:1.2
426 winters_tale:4.0
426 winters_tale:4.2
427 winters_tale:2.0
428 winters_tale:2.1
429 winters_tale:2.2
430 winters_tale:3.0
431 winters_tale:3.1
432 winters_tale:3.2
433 winters_tale:3.3
434 winters_tale:4.1
435 antony_and_cleopatra:0.0
436 antony_and_cleopatra:0.1
437 antony_and_cleopatra:0.2
437 antony_and_cleopatra:0.4
437 antony_and_cleopatra:1.4
437 antony_and_cleopatra:2.2
438 antony_and_cleopatra:0.3
439 antony_and_cleopatra:1.0
440 antony_and_cleopatra:1.1
440 antony_and_cleopatra:2.1
440 antony_and_cleopatra:3.5
441 antony_and_cleopatra:1.2
442 antony_and_cleopatra:1.3
443 antony_and_cleopatra:1.5
443 antony_and_cleopatra:1.6
444 antony_and_cleopatra:2.0
445 antony_and_cleopatra:2.3
446 antony_and_cleopatra:2.4
447 antony_and_cleopatra:2.5
448 antony_and_cleopatra:2.6
449 antony_and_cleopatra:2.7
450 antony_and_cleopatra:2.8
451 antony_and_cleopatra:2.9
452 antony_and_cleopatra:2.10
453 antony_and_cleopatra:2.11
454 antony_and_cleopatra:2.12
455 antony_and_cleopatra:3.0
456 antony_and_cleopatra:3.1
457 antony_and_cleopatra:3.2
458 antony_and_cleopatra:3.3
458 antony_and_cleopatra:3.13
459 antony_and_cleopatra:3.4
460 antony_and_cleopatra:3.6
461 antony_and_cleopatra:3.7
462 antony_and_cleopatra:3.8
463 antony_and_cleopatra:3.9
464 antony_and_cleopatra:3.10
465 antony_and_cleopatra:3.11
466 antony_and_cleopatra:3.12
467 antony_and_cleopatra:3.14
468 antony_and_cleopatra:4.0
469 antony_and_cleopatra:4.1
470 tempest:0.0
471 tempest:0.1
471 tempest:4.0
472 tempest:1.0
472 tempest:2.2
473 tempest:1.1
473 tempest:2.1
474 tempest:2.0
475 tempest:3.0
476 two_gentlemen_of_verona:0.0
477 two_gentlemen_of_verona:0.1
477 two_gentlemen_of_verona:1.6
478 two_gentlemen_of_verona:0.2
479 two_gentlemen_of_verona:1.0
479 two_gentlemen_of_verona:1.3
479 two_gentlemen_of_verona:4.3
480 two_gentlemen_of_verona:1.1
481 two_gentlemen_of_verona:1.2
482 two_gentlemen_of_verona:1.4
483 two_gentlemen_of_verona:1.5
484 two_gentlemen_of_verona:2.0
485 two_gentlemen_of_verona:2.1
486 two_gentlemen_of_verona:3.0
486 two_gentlemen_of_verona:4.2
487 two_gentlemen_of_verona:3.1
487 two_gentlemen_of_verona:3.3
487 two_gentlemen_of_verona:4.1
488 two_gentlemen_of_verona:3.2
488 two_gentlemen_of_verona:4.0
489 merchant_of_venice:0.0
490 merchant_of_venice:0.1
491 merchant_of_venice:0.2
492 merchant_of_venice:1.0
493 merchant_of_venice:1.1
494 merchant_of_venice:1.2
494 merchant_of_venice:2.4
495 merchant_of_venice:1.3
496 merchant_of_venice:1.4
497 merchant_of_venice:1.5
498 merchant_of_venice:1.6
499 merchant_of_venice:1.7
500 merchant_of_venice:1.8
501 merchant_of_venice:2.0
502 merchant_of_venice:2.1
503 merchant_of_venice:2.2
504 merchant_of_venice:2.3
505 merchant_of_venice:3.0
506 merchant_of_venice:3.1
507 merchant_of_venice:4.0
508 henry_viii:0.0
509 henry_viii:0.1
510 henry_viii:0.2
511 henry_viii:0.3
512 henry_viii:1.0
513 henry_viii:1.1
513 henry_viii:2.1
514 henry_viii:1.2
515 henry_viii:1.3
516 henry_viii:2.0
517 henry_viii:3.0
518 henry_viii:3.1
519 henry_viii:4.0
520 henry_viii:4.1
521 henry_viii:4.2
522 henry_viii:4.3
523 henry_viii:4.4
524 midsummer_nights_dream:0.0
524 midsummer_nights_dream:1.1
524 midsummer_nights_dream:2.1
525 midsummer_nights_dream:0.1
525 midsummer_nights_dream:2.0
525 midsummer_nights_dream:3.1
526 midsummer_nights_dream:1.0
527 midsummer_nights_dream:3.0
528 midsummer_nights_dream:4.0
529 as_you_like_it:0.0
530 as_you_like_it:0.1
530 as_you_like_it:0.2
531 as_you_like_it:1.0
532 as_you_like_it:1.1
533 as_you_like_it:1.2
534 as_you_like_it:1.3
535 as_you_like_it:1.4
536 as_you_like_it:1.5
537 as_you_like_it:1.6
538 as_you_like_it:2.0
539 as_you_like_it:2.1
539 as_you_like_it:2.3
539 as_you_like_it:3.0
540 as_you_like_it:2.2
541 as_you_like_it:2.4
542 as_you_like_it:3.1
543 as_you_like_it:3.2
544 as_you_like_it:4.0
545 as_you_like_it:4.1
546 as_you_like_it:4.2
547 as_you_like_it:4.3
548 troilus_and_cressida:0.0
549 troilus_and_cressida:0.1
549 troilus_and_cressida:2.1
549 troilus_and_cressida:3.1
549 troilus_and_cressida:3.3
550 troilus_and_cressida:0.2
551 troilus_and_cressida:1.0
552 troilus_and_cressida:1.1
553 troilus_and_cressida:1.2
553 troilus_and_cressida:2.2
553 troilus_and_cressida:4.0
554 troilus_and_cressida:2.0
555 troilus_and_cressida:3.0
556 troilus_and_cressida:3.2
557 troilus_and_cressida:3.4
558 troilus_and_cressida:4.1
559 troilus_and_cressida:4.2
560 troilus_and_cressida:4.3
561 troilus_and_cressida:4.4
562 troilus_and_cressida:4.5
563 troilus_and_cressida:4.6
564 troilus_and_cressida:4.7
565 troilus_and_cressida:4.8
566 troilus_and_cressida:4.9
567 henry_v:0.0
568 henry_v:0.1
569 henry_v:1.0
570 henry_v:1.1
571 henry_v:1.2
572 henry_v:1.3
573 henry_v:2.0
574 henry_v:2.1
575 henry_v:2.2
576 henry_v:2.3
577 henry_v:2.4
578 henry_v:2.5
579 henry_v:2.6
580 henry_v:3.0
581 henry_v:3.1
582 henry_v:3.2
583 henry_v:3.3
584 henry_v:3.4
585 henry_v:3.5
586 henry_v:3.6
586 henry_v:3.7
587 henry_v:4.0
588 henry_v:4.1
589 life_and_death_of_king_john:0.0
590 life_and_death_of_king_john:1.0
591 life_and_death_of_king_john:2.0
592 life_and_death_of_king_john:2.1
593 life_and_death_of_king_john:2.2
593 life_and_death_of_king_john:3.0
593 life_and_death_of_king_john:4.5
594 life_and_death_of_king_john:2.3
595 life_and_death_of_king_john:3.1
596 life_and_death_of_king_john:3.2
597 life_and_death_of_king_john:4.0
598 life_and_death_of_king_john:4.1
599 life_and_death_of_king_john:4.2
600 life_and_death_of_king_john:4.3
601 life_and_death_of_king_john:4.4
602 life_and_death_of_king_john:4.6
603 timon_of_athens:0.0
603 timon_of_athens:0.1
603 timon_of_athens:3.2
603 timon_of_athens:4.0
604 timon_of_athens:1.0
605 timon_of_athens:1.1
606 timon_of_athens:2.0
607 timon_of_athens:2.1
608 timon_of_athens:2.2
609 timon_of_athens:2.3
610 timon_of_athens:2.4
611 timon_of_athens:2.5
612 timon_of_athens:3.0
613 timon_of_athens:3.1
614 timon_of_athens:4.1
615 timon_of_athens:4.2
616 timon_of_athens:4.3
