1 othello:0.0
1 othello:0.1
1 othello:0.2
1 othello:1.0
1 othello:1.1
1 othello:1.2
1 othello:2.0
1 othello:2.1
1 othello:2.2
1 othello:2.3
1 othello:3.0
1 othello:3.1
1 othello:3.2
1 othello:4.0
1 othello:4.1
1 henry_iv_part_ii:0.0
1 coriolanus:0.1
1 twelfth_night:1.0
1 winters_tale:1.1
2 henry_iv_part_ii:0.1
2 henry_iv_part_ii:0.2
2 henry_iv_part_ii:1.0
2 henry_iv_part_ii:1.1
2 henry_iv_part_ii:1.2
2 henry_iv_part_ii:1.3
2 henry_iv_part_ii:2.0
2 henry_iv_part_ii:2.1
2 henry_iv_part_ii:3.0
2 henry_iv_part_ii:3.1
2 henry_iv_part_ii:3.2
2 henry_iv_part_ii:3.3
2 henry_iv_part_ii:3.4
2 henry_iv_part_ii:4.0
2 henry_iv_part_ii:4.1
2 henry_iv_part_ii:4.2
2 henry_iv_part_ii:4.3
2 henry_iv_part_ii:4.4
2 richard_ii:0.0
2 richard_ii:0.1
2 richard_ii:0.2
2 richard_ii:0.3
2 richard_ii:1.0
2 richard_ii:1.1
2 richard_ii:1.2
2 richard_ii:1.3
2 richard_ii:2.0
2 richard_ii:2.1
2 richard_ii:2.2
2 richard_ii:2.3
2 richard_ii:3.0
2 richard_ii:4.0
2 richard_ii:4.1
2 richard_ii:4.2
2 henry_vi_part_2:0.0
2 henry_vi_part_2:0.1
2 henry_vi_part_2:0.2
2 henry_vi_part_2:1.0
2 henry_vi_part_2:1.1
2 merry_wives_of_windsor:0.0
2 merry_wives_of_windsor:0.1
2 merry_wives_of_windsor:0.2
2 merry_wives_of_windsor:0.3
2 merry_wives_of_windsor:1.0
2 merry_wives_of_windsor:1.1
2 merry_wives_of_windsor:1.2
2 merry_wives_of_windsor:2.0
2 merry_wives_of_windsor:2.1
2 merry_wives_of_windsor:2.2
2 merry_wives_of_windsor:2.3
2 merry_wives_of_windsor:2.4
2 merry_wives_of_windsor:3.0
2 merry_wives_of_windsor:3.1
2 merry_wives_of_windsor:3.2
2 merry_wives_of_windsor:3.3
2 merry_wives_of_windsor:3.4
2 merry_wives_of_windsor:3.5
2 merry_wives_of_windsor:4.0
2 merry_wives_of_windsor:4.1
2 merry_wives_of_windsor:4.2
2 merry_wives_of_windsor:4.4
2 henry_iv_part_i:0.0
2 henry_iv_part_i:0.1
2 henry_iv_part_i:1.1
2 henry_iv_part_i:1.3
2 henry_iv_part_i:2.2
2 henry_iv_part_i:3.1
2 henry_iv_part_i:4.0
2 henry_iv_part_i:4.2
2 henry_iv_part_i:4.3
2 comedy_of_errors:0.1
2 cymbeline:1.0
2 measure_for_measure:1.0
2 henry_v:1.0
2 henry_v:1.2
2 henry_v:2.1
2 henry_v:2.5
2 henry_v:3.6
2 henry_v:4.0
3 richard_ii:4.3
3 richard_ii:4.4
3 richard_ii:4.5
3 henry_vi_part_2:0.3
3 henry_vi_part_2:1.2
3 henry_vi_part_2:1.3
3 henry_vi_part_2:2.0
3 henry_vi_part_2:2.1
3 henry_vi_part_2:2.2
3 henry_vi_part_2:3.0
3 henry_vi_part_2:3.1
3 henry_vi_part_2:3.2
3 henry_vi_part_2:3.3
3 henry_vi_part_2:3.4
3 henry_vi_part_2:3.5
3 henry_vi_part_2:3.6
3 henry_vi_part_2:3.7
3 henry_vi_part_2:3.8
3 henry_vi_part_2:3.9
3 henry_vi_part_2:4.0
3 henry_vi_part_2:4.1
3 henry_vi_part_2:4.2
3 richard_iii:0.0
3 richard_iii:0.1
3 richard_iii:0.2
3 richard_iii:0.3
3 richard_iii:1.0
3 richard_iii:1.1
3 richard_iii:1.2
3 richard_iii:1.3
3 richard_iii:2.0
3 richard_iii:2.1
3 richard_iii:2.2
3 richard_iii:2.3
3 richard_iii:2.4
3 richard_iii:2.5
3 richard_iii:2.6
3 richard_iii:3.0
3 richard_iii:3.1
3 richard_iii:3.2
3 richard_iii:3.3
3 richard_iii:3.4
3 richard_iii:4.0
3 richard_iii:4.1
3 richard_iii:4.2
3 richard_iii:4.3
3 richard_iii:4.4
3 henry_iv_part_i:0.2
3 henry_iv_part_i:1.2
3 henry_iv_part_i:2.0
3 henry_iv_part_i:2.1
3 henry_iv_part_i:3.0
3 henry_iv_part_i:3.2
3 henry_iv_part_i:3.3
3 henry_iv_part_i:4.1
3 henry_iv_part_i:4.4
3 henry_vi_part_1:0.0
3 henry_vi_part_1:0.1
3 henry_vi_part_1:0.2
3 henry_vi_part_1:0.3
3 henry_vi_part_1:0.4
3 henry_vi_part_1:0.5
3 henry_vi_part_1:1.0
3 henry_vi_part_1:1.1
3 henry_vi_part_1:1.2
3 henry_vi_part_1:1.3
3 henry_vi_part_1:1.4
3 henry_vi_part_1:2.0
3 henry_vi_part_1:2.1
3 henry_vi_part_1:2.2
3 henry_vi_part_1:2.3
3 henry_vi_part_1:3.0
3 henry_vi_part_1:3.1
3 henry_vi_part_1:3.2
3 henry_vi_part_1:3.3
3 henry_vi_part_1:3.4
3 henry_vi_part_1:3.5
3 henry_vi_part_1:3.6
3 henry_vi_part_1:4.0
3 henry_vi_part_1:4.1
3 henry_vi_part_1:4.2
3 henry_vi_part_1:4.3
3 henry_vi_part_1:4.4
3 taming_of_the_shrew:0.0
3 taming_of_the_shrew:0.1
3 taming_of_the_shrew:1.0
3 taming_of_the_shrew:2.0
3 taming_of_the_shrew:2.1
3 taming_of_the_shrew:3.0
3 taming_of_the_shrew:3.1
3 taming_of_the_shrew:3.2
3 taming_of_the_shrew:3.3
3 taming_of_the_shrew:3.4
3 taming_of_the_shrew:4.0
3 taming_of_the_shrew:4.1
3 alls_well_that_ends_well:0.0
3 alls_well_that_ends_well:0.1
3 alls_well_that_ends_well:0.2
3 alls_well_that_ends_well:1.0
3 alls_well_that_ends_well:1.1
3 alls_well_that_ends_well:1.2
3 alls_well_that_ends_well:1.3
3 alls_well_that_ends_well:1.4
3 alls_well_that_ends_well:2.0
3 alls_well_that_ends_well:2.1
3 alls_well_that_ends_well:2.2
3 alls_well_that_ends_well:2.3
3 alls_well_that_ends_well:2.4
3 alls_well_that_ends_well:2.5
3 alls_well_that_ends_well:2.6
3 alls_well_that_ends_well:3.0
3 alls_well_that_ends_well:3.1
3 alls_well_that_ends_well:3.2
3 alls_well_that_ends_well:3.3
3 alls_well_that_ends_well:3.4
3 alls_well_that_ends_well:4.0
3 alls_well_that_ends_well:4.1
3 alls_well_that_ends_well:4.2
3 loves_labors_lost:0.0
3 loves_labors_lost:1.0
3 henry_vi_part_3:0.0
3 henry_vi_part_3:0.1
3 henry_vi_part_3:0.2
3 henry_vi_part_3:0.3
3 henry_vi_part_3:1.0
3 henry_vi_part_3:1.1
3 henry_vi_part_3:1.2
3 henry_vi_part_3:1.3
3 henry_vi_part_3:1.4
3 henry_vi_part_3:1.5
3 henry_vi_part_3:2.0
3 henry_vi_part_3:2.1
3 henry_vi_part_3:2.2
3 henry_vi_part_3:3.0
3 henry_vi_part_3:3.1
3 henry_vi_part_3:3.2
3 henry_vi_part_3:3.3
3 henry_vi_part_3:3.4
3 henry_vi_part_3:3.5
3 henry_vi_part_3:3.6
3 henry_vi_part_3:3.7
3 henry_vi_part_3:4.0
3 henry_vi_part_3:4.1
3 henry_vi_part_3:4.2
3 henry_vi_part_3:4.3
3 henry_vi_part_3:4.4
3 henry_vi_part_3:4.5
3 henry_vi_part_3:4.6
3 romeo_and_juliet:0.0
3 romeo_and_juliet:0.1
3 romeo_and_juliet:0.2
3 romeo_and_juliet:0.3
3 romeo_and_juliet:0.4
3 romeo_and_juliet:1.0
3 romeo_and_juliet:1.1
3 romeo_and_juliet:1.2
3 romeo_and_juliet:1.3
3 romeo_and_juliet:1.4
3 romeo_and_juliet:1.5
3 romeo_and_juliet:2.0
3 romeo_and_juliet:2.1
3 romeo_and_juliet:2.2
3 romeo_and_juliet:2.3
3 romeo_and_juliet:2.4
3 romeo_and_juliet:3.0
3 romeo_and_juliet:3.1
3 romeo_and_juliet:3.2
3 romeo_and_juliet:3.3
3 romeo_and_juliet:3.4
3 romeo_and_juliet:4.0
3 romeo_and_juliet:4.1
3 romeo_and_juliet:4.2
3 titus_andronicus:0.0
3 titus_andronicus:1.0
3 titus_andronicus:1.1
3 titus_andronicus:1.2
3 titus_andronicus:1.3
3 titus_andronicus:2.0
3 titus_andronicus:2.1
3 titus_andronicus:3.0
3 titus_andronicus:3.1
3 titus_andronicus:3.2
3 titus_andronicus:3.3
3 titus_andronicus:4.0
3 titus_andronicus:4.1
3 titus_andronicus:4.2
3 macbeth:0.1
3 coriolanus:0.0
3 coriolanus:0.2
3 coriolanus:0.3
3 coriolanus:0.4
3 coriolanus:0.5
3 julius_caesar:0.0
3 comedy_of_errors:0.0
3 comedy_of_errors:1.0
3 much_ado_about_nothing:2.2
3 twelfth_night:0.0
3 twelfth_night:0.1
3 twelfth_night:0.3
3 twelfth_night:2.2
3 lear:0.0
3 lear:0.1
3 lear:0.2
3 lear:0.3
3 lear:0.4
3 lear:1.0
3 lear:1.1
3 lear:1.3
3 lear:2.0
3 lear:2.1
3 lear:2.2
3 lear:2.4
3 lear:2.6
3 lear:3.1
3 lear:3.3
3 lear:3.4
3 cymbeline:0.0
3 cymbeline:0.1
3 cymbeline:0.2
3 cymbeline:0.3
3 cymbeline:0.4
3 cymbeline:0.5
3 cymbeline:1.1
3 cymbeline:1.2
3 cymbeline:1.3
3 cymbeline:1.4
3 cymbeline:2.1
3 cymbeline:2.2
3 cymbeline:2.3
3 cymbeline:2.4
3 cymbeline:2.5
3 cymbeline:3.0
3 cymbeline:3.1
3 cymbeline:3.2
3 cymbeline:3.3
3 cymbeline:4.0
3 cymbeline:4.1
3 cymbeline:4.2
3 cymbeline:4.3
3 cymbeline:4.4
3 measure_for_measure:0.2
3 pericles:0.0
3 pericles:0.1
3 pericles:0.3
3 pericles:2.1
3 pericles:3.0
3 tempest:0.1
3 tempest:1.1
3 two_gentlemen_of_verona:0.0
3 two_gentlemen_of_verona:1.0
3 merchant_of_venice:0.1
3 merchant_of_venice:1.0
3 merchant_of_venice:1.6
3 merchant_of_venice:1.8
3 henry_viii:0.0
3 henry_viii:0.1
3 henry_viii:1.0
3 henry_viii:1.2
3 henry_viii:3.0
3 midsummer_nights_dream:0.0
3 midsummer_nights_dream:1.0
3 midsummer_nights_dream:1.1
3 midsummer_nights_dream:2.1
3 as_you_like_it:0.0
3 as_you_like_it:0.1
3 as_you_like_it:0.2
3 as_you_like_it:1.0
3 as_you_like_it:1.1
3 as_you_like_it:1.2
3 as_you_like_it:1.3
3 as_you_like_it:1.5
3 troilus_and_cressida:0.2
3 henry_v:0.0
3 henry_v:0.1
3 henry_v:1.1
3 henry_v:1.3
3 henry_v:2.0
3 henry_v:2.2
3 henry_v:2.4
3 henry_v:2.6
3 henry_v:3.0
3 henry_v:3.1
3 henry_v:3.2
3 henry_v:3.4
3 henry_v:3.5
3 henry_v:3.7
3 henry_v:4.1
3 life_and_death_of_king_john:0.0
3 life_and_death_of_king_john:1.0
3 life_and_death_of_king_john:2.0
3 life_and_death_of_king_john:2.1
3 life_and_death_of_king_john:2.2
3 life_and_death_of_king_john:2.3
3 life_and_death_of_king_john:3.0
3 life_and_death_of_king_john:3.1
3 life_and_death_of_king_john:3.2
3 life_and_death_of_king_john:4.0
3 life_and_death_of_king_john:4.1
3 life_and_death_of_king_john:4.2
3 life_and_death_of_king_john:4.3
3 life_and_death_of_king_john:4.4
3 life_and_death_of_king_john:4.5
3 life_and_death_of_king_john:4.6
4 merry_wives_of_windsor:4.3
5 hamlet:0.0
5 hamlet:0.1
5 hamlet:0.2
5 hamlet:0.3
5 hamlet:0.4
5 hamlet:1.0
5 hamlet:1.1
5 hamlet:2.0
5 hamlet:2.1
5 hamlet:2.2
5 hamlet:2.3
5 hamlet:3.0
5 hamlet:3.1
5 hamlet:3.2
5 hamlet:3.3
5 hamlet:3.4
5 hamlet:3.5
5 hamlet:3.6
5 hamlet:4.0
5 hamlet:4.1
6 henry_iv_part_i:1.0
6 henry_viii:0.2
6 henry_viii:0.3
6 henry_viii:1.1
6 henry_viii:1.3
6 henry_viii:2.0
6 henry_viii:2.1
6 henry_viii:3.1
6 henry_viii:4.0
6 henry_viii:4.1
6 henry_viii:4.2
6 henry_viii:4.3
6 henry_viii:4.4
7 loves_labors_lost:0.1
7 loves_labors_lost:2.0
7 loves_labors_lost:3.0
7 loves_labors_lost:3.1
7 loves_labors_lost:3.2
7 loves_labors_lost:4.0
7 loves_labors_lost:4.1
7 much_ado_about_nothing:0.0
7 much_ado_about_nothing:0.1
7 much_ado_about_nothing:0.2
7 much_ado_about_nothing:1.0
7 much_ado_about_nothing:1.1
7 much_ado_about_nothing:1.2
7 much_ado_about_nothing:2.0
7 much_ado_about_nothing:2.1
7 much_ado_about_nothing:2.3
7 much_ado_about_nothing:2.4
7 much_ado_about_nothing:3.0
7 much_ado_about_nothing:3.1
7 much_ado_about_nothing:4.0
7 much_ado_about_nothing:4.1
7 much_ado_about_nothing:4.2
7 much_ado_about_nothing:4.3
7 measure_for_measure:0.1
7 tempest:2.0
7 henry_v:2.3
7 henry_v:3.3
8 macbeth:0.0
8 macbeth:0.2
8 macbeth:0.3
8 macbeth:0.4
8 macbeth:0.5
8 macbeth:0.6
8 macbeth:1.0
8 macbeth:1.1
8 macbeth:1.2
8 macbeth:1.3
8 macbeth:2.0
8 macbeth:2.1
8 macbeth:2.2
8 macbeth:2.3
8 macbeth:2.4
8 macbeth:2.5
8 macbeth:3.0
8 macbeth:3.1
8 macbeth:3.2
8 macbeth:4.0
8 macbeth:4.1
8 macbeth:4.2
8 macbeth:4.3
8 macbeth:4.4
8 macbeth:4.5
8 macbeth:4.6
8 macbeth:4.7
9 coriolanus:0.6
9 coriolanus:0.7
9 coriolanus:0.8
9 coriolanus:0.9
9 coriolanus:1.0
9 coriolanus:1.1
9 coriolanus:1.2
9 coriolanus:2.0
9 coriolanus:2.1
9 coriolanus:2.2
9 coriolanus:3.0
9 coriolanus:3.1
9 coriolanus:3.2
9 coriolanus:3.3
9 coriolanus:3.4
9 coriolanus:3.5
9 coriolanus:3.6
9 coriolanus:4.0
9 coriolanus:4.1
9 coriolanus:4.2
9 coriolanus:4.3
9 coriolanus:4.4
9 coriolanus:4.5
9 julius_caesar:0.1
9 julius_caesar:0.2
9 julius_caesar:1.0
9 julius_caesar:1.1
9 julius_caesar:1.2
9 julius_caesar:1.3
9 julius_caesar:2.0
9 julius_caesar:2.1
9 julius_caesar:2.2
9 julius_caesar:3.0
9 julius_caesar:3.1
9 julius_caesar:3.2
9 julius_caesar:4.0
9 julius_caesar:4.1
9 julius_caesar:4.2
9 julius_caesar:4.3
9 julius_caesar:4.4
9 cymbeline:2.0
9 cymbeline:2.6
9 antony_and_cleopatra:0.0
9 antony_and_cleopatra:0.1
9 antony_and_cleopatra:0.2
9 antony_and_cleopatra:0.3
9 antony_and_cleopatra:0.4
9 antony_and_cleopatra:1.0
9 antony_and_cleopatra:1.1
9 antony_and_cleopatra:1.2
9 antony_and_cleopatra:1.3
9 antony_and_cleopatra:1.4
9 antony_and_cleopatra:1.5
9 antony_and_cleopatra:1.6
9 antony_and_cleopatra:2.0
9 antony_and_cleopatra:2.1
9 antony_and_cleopatra:2.2
9 antony_and_cleopatra:2.3
9 antony_and_cleopatra:2.4
9 antony_and_cleopatra:2.5
9 antony_and_cleopatra:2.6
9 antony_and_cleopatra:2.7
9 antony_and_cleopatra:2.8
9 antony_and_cleopatra:2.9
9 antony_and_cleopatra:2.10
9 antony_and_cleopatra:2.11
9 antony_and_cleopatra:2.12
9 antony_and_cleopatra:3.0
9 antony_and_cleopatra:3.1
9 antony_and_cleopatra:3.2
9 antony_and_cleopatra:3.3
9 antony_and_cleopatra:3.4
9 antony_and_cleopatra:3.5
9 antony_and_cleopatra:3.6
9 antony_and_cleopatra:3.7
9 antony_and_cleopatra:3.8
9 antony_and_cleopatra:3.9
9 antony_and_cleopatra:3.10
9 antony_and_cleopatra:3.11
9 antony_and_cleopatra:3.12
9 antony_and_cleopatra:3.13
9 antony_and_cleopatra:3.14
9 antony_and_cleopatra:4.0
9 antony_and_cleopatra:4.1
9 timon_of_athens:2.4
10 comedy_of_errors:1.1
10 comedy_of_errors:2.0
10 comedy_of_errors:2.1
10 comedy_of_errors:3.0
10 comedy_of_errors:3.1
10 comedy_of_errors:3.2
10 comedy_of_errors:3.3
10 comedy_of_errors:4.0
10 measure_for_measure:0.0
10 pericles:4.1
11 twelfth_night:0.2
11 twelfth_night:0.4
11 twelfth_night:1.1
11 twelfth_night:1.2
11 twelfth_night:1.3
11 twelfth_night:1.4
11 twelfth_night:2.0
11 twelfth_night:2.1
11 twelfth_night:2.3
11 twelfth_night:3.0
11 twelfth_night:3.1
11 twelfth_night:3.2
11 twelfth_night:4.0
11 winters_tale:3.2
12 lear:1.2
12 lear:2.3
12 lear:2.5
12 lear:3.0
12 lear:3.2
12 lear:3.5
12 lear:3.6
12 lear:4.0
12 lear:4.1
12 lear:4.2
12 pericles:3.4
13 measure_for_measure:0.3
13 measure_for_measure:1.1
13 measure_for_measure:1.2
13 measure_for_measure:1.3
13 measure_for_measure:2.0
13 measure_for_measure:2.1
13 measure_for_measure:3.0
13 measure_for_measure:3.1
13 measure_for_measure:3.2
13 measure_for_measure:3.3
13 measure_for_measure:3.4
13 measure_for_measure:3.5
13 measure_for_measure:4.0
13 as_you_like_it:2.0
14 pericles:0.2
14 pericles:1.0
14 pericles:1.1
14 pericles:1.2
14 pericles:1.3
14 pericles:1.4
14 pericles:2.0
14 pericles:2.2
14 pericles:2.3
14 pericles:3.2
14 pericles:3.3
14 pericles:4.2
15 pericles:3.1
15 pericles:3.5
15 pericles:4.0
16 winters_tale:0.0
16 winters_tale:0.1
16 winters_tale:1.0
16 winters_tale:1.2
16 winters_tale:2.0
16 winters_tale:2.1
16 winters_tale:2.2
16 winters_tale:3.0
16 winters_tale:3.1
16 winters_tale:3.3
16 winters_tale:4.0
16 winters_tale:4.1
16 winters_tale:4.2
17 tempest:0.0
17 tempest:1.0
17 tempest:2.2
17 two_gentlemen_of_verona:0.2
17 two_gentlemen_of_verona:1.2
17 two_gentlemen_of_verona:1.4
17 merchant_of_venice:0.0
17 merchant_of_venice:0.2
17 merchant_of_venice:2.0
17 merchant_of_venice:2.2
18 tempest:2.1
18 tempest:3.0
18 tempest:4.0
19 two_gentlemen_of_verona:0.1
19 two_gentlemen_of_verona:1.1
19 two_gentlemen_of_verona:1.3
19 two_gentlemen_of_verona:1.5
19 two_gentlemen_of_verona:1.6
19 two_gentlemen_of_verona:2.0
19 two_gentlemen_of_verona:2.1
19 two_gentlemen_of_verona:3.0
19 two_gentlemen_of_verona:3.1
19 two_gentlemen_of_verona:3.2
19 two_gentlemen_of_verona:3.3
19 two_gentlemen_of_verona:4.0
19 two_gentlemen_of_verona:4.1
19 two_gentlemen_of_verona:4.2
19 two_gentlemen_of_verona:4.3
20 merchant_of_venice:1.1
20 merchant_of_venice:1.2
20 merchant_of_venice:1.3
20 merchant_of_venice:1.4
20 merchant_of_venice:1.5
20 merchant_of_venice:1.7
20 merchant_of_venice:2.1
20 merchant_of_venice:2.3
20 merchant_of_venice:2.4
20 merchant_of_venice:3.0
20 merchant_of_venice:3.1
20 merchant_of_venice:4.0
21 midsummer_nights_dream:0.1
21 midsummer_nights_dream:2.0
21 midsummer_nights_dream:3.0
21 midsummer_nights_dream:3.1
21 midsummer_nights_dream:4.0
22 as_you_like_it:1.4
22 as_you_like_it:1.6
22 as_you_like_it:2.1
22 as_you_like_it:2.2
22 as_you_like_it:2.3
22 as_you_like_it:2.4
22 as_you_like_it:3.0
22 as_you_like_it:3.1
22 as_you_like_it:3.2
22 as_you_like_it:4.0
22 as_you_like_it:4.1
22 as_you_like_it:4.2
22 as_you_like_it:4.3
23 troilus_and_cressida:0.0
23 troilus_and_cressida:0.1
23 troilus_and_cressida:1.1
23 troilus_and_cressida:2.0
23 troilus_and_cressida:2.1
23 troilus_and_cressida:3.0
23 troilus_and_cressida:3.1
23 troilus_and_cressida:3.2
23 troilus_and_cressida:3.3
23 troilus_and_cressida:4.1
23 troilus_and_cressida:4.2
23 troilus_and_cressida:4.9
24 troilus_and_cressida:1.0
24 troilus_and_cressida:1.2
24 troilus_and_cressida:2.2
24 troilus_and_cressida:3.4
24 troilus_and_cressida:4.0
24 troilus_and_cressida:4.3
24 troilus_and_cressida:4.4
24 troilus_and_cressida:4.5
24 troilus_and_cressida:4.6
24 troilus_and_cressida:4.7
24 troilus_and_cressida:4.8
25 timon_of_athens:0.0
25 timon_of_athens:0.1
25 timon_of_athens:1.0
25 timon_of_athens:1.1
25 timon_of_athens:2.0
25 timon_of_athens:2.1
25 timon_of_athens:2.2
25 timon_of_athens:2.3
25 timon_of_athens:2.5
25 timon_of_athens:3.0
25 timon_of_athens:3.1
25 timon_of_athens:3.2
25 timon_of_athens:4.0
25 timon_of_athens:4.1
25 timon_of_athens:4.2
25 timon_of_athens:4.3
