1 othello:0.0
2 othello:0.1
3 othello:0.2
4 othello:1.0
4 othello:1.2
4 othello:4.0
5 othello:1.1
6 othello:2.0
7 othello:2.1
7 othello:2.2
7 othello:2.3
7 othello:3.0
7 othello:3.1
7 othello:4.1
8 othello:3.2
9 henry_iv_part_ii:0.0
10 henry_iv_part_ii:0.1
11 henry_iv_part_ii:0.2
12 henry_iv_part_ii:1.0
13 henry_iv_part_ii:1.1
14 henry_iv_part_ii:1.2
15 henry_iv_part_ii:1.3
16 henry_iv_part_ii:2.0
17 henry_iv_part_ii:2.1
18 henry_iv_part_ii:3.0
18 henry_iv_part_ii:3.1
19 henry_iv_part_ii:3.2
20 henry_iv_part_ii:3.3
21 henry_iv_part_ii:3.4
22 henry_iv_part_ii:4.0
23 henry_iv_part_ii:4.1
24 henry_iv_part_ii:4.2
25 henry_iv_part_ii:4.3
26 henry_iv_part_ii:4.4
27 richard_ii:0.0
28 richard_ii:0.1
29 richard_ii:0.2
30 richard_ii:0.3
31 richard_ii:1.0
32 richard_ii:1.1
33 richard_ii:1.2
34 richard_ii:1.3
35 richard_ii:2.0
36 richard_ii:2.1
37 richard_ii:2.2
37 richard_ii:3.0
38 richard_ii:2.3
39 richard_ii:4.0
40 richard_ii:4.1
40 richard_ii:4.2
41 richard_ii:4.3
42 richard_ii:4.4
43 richard_ii:4.5
44 henry_vi_part_2:0.0
45 henry_vi_part_2:0.1
46 henry_vi_part_2:0.2
47 henry_vi_part_2:0.3
48 henry_vi_part_2:1.0
49 henry_vi_part_2:1.1
50 henry_vi_part_2:1.2
51 henry_vi_part_2:1.3
52 henry_vi_part_2:2.0
53 henry_vi_part_2:2.1
53 henry_vi_part_1:4.2
54 henry_vi_part_2:2.2
55 henry_vi_part_2:3.0
56 henry_vi_part_2:3.1
56 henry_vi_part_2:3.2
57 henry_vi_part_2:3.3
58 henry_vi_part_2:3.4
59 henry_vi_part_2:3.5
60 henry_vi_part_2:3.6
61 henry_vi_part_2:3.7
62 henry_vi_part_2:3.8
63 henry_vi_part_2:3.9
64 henry_vi_part_2:4.0
65 henry_vi_part_2:4.1
66 henry_vi_part_2:4.2
67 merry_wives_of_windsor:0.0
67 merry_wives_of_windsor:2.0
68 merry_wives_of_windsor:0.1
69 merry_wives_of_windsor:0.2
70 merry_wives_of_windsor:0.3
71 merry_wives_of_windsor:1.0
71 merry_wives_of_windsor:2.1
71 merry_wives_of_windsor:2.2
71 merry_wives_of_windsor:3.1
71 merry_wives_of_windsor:3.3
71 merry_wives_of_windsor:4.2
71 merry_wives_of_windsor:4.4
72 merry_wives_of_windsor:1.1
72 merry_wives_of_windsor:2.4
73 merry_wives_of_windsor:1.2
74 merry_wives_of_windsor:2.3
75 merry_wives_of_windsor:3.0
76 merry_wives_of_windsor:3.2
77 merry_wives_of_windsor:3.4
78 merry_wives_of_windsor:3.5
79 merry_wives_of_windsor:4.0
80 merry_wives_of_windsor:4.1
81 merry_wives_of_windsor:4.3
82 richard_iii:0.0
83 richard_iii:0.1
84 richard_iii:0.2
85 richard_iii:0.3
86 richard_iii:1.0
87 richard_iii:1.1
88 richard_iii:1.2
88 coriolanus:1.2
89 richard_iii:1.3
90 richard_iii:2.0
91 richard_iii:2.1
92 richard_iii:2.2
93 richard_iii:2.3
94 richard_iii:2.4
94 richard_iii:2.6
95 richard_iii:2.5
96 richard_iii:3.0
97 richard_iii:3.1
98 richard_iii:3.2
99 richard_iii:3.3
100 richard_iii:3.4
101 richard_iii:4.0
102 richard_iii:4.1
103 richard_iii:4.2
104 richard_iii:4.3
105 richard_iii:4.4
106 hamlet:0.0
107 hamlet:0.1
107 hamlet:0.3
107 hamlet:0.4
107 hamlet:4.1
108 hamlet:0.2
109 hamlet:1.0
110 hamlet:1.1
110 hamlet:2.1
110 hamlet:3.1
111 hamlet:2.0
112 hamlet:2.2
113 hamlet:2.3
114 hamlet:3.0
115 hamlet:3.2
116 hamlet:3.3
117 hamlet:3.4
117 hamlet:3.6
118 hamlet:3.5
119 hamlet:4.0
120 henry_iv_part_i:0.0
121 henry_iv_part_i:0.1
121 henry_iv_part_i:1.1
121 henry_iv_part_i:1.3
122 henry_iv_part_i:0.2
123 henry_iv_part_i:1.0
124 henry_iv_part_i:1.2
125 henry_iv_part_i:2.0
126 henry_iv_part_i:2.1
127 henry_iv_part_i:2.2
128 henry_iv_part_i:3.0
128 henry_iv_part_i:4.1
129 henry_iv_part_i:3.1
130 henry_iv_part_i:3.2
131 henry_iv_part_i:3.3
132 henry_iv_part_i:4.0
133 henry_iv_part_i:4.2
134 henry_iv_part_i:4.3
135 henry_iv_part_i:4.4
136 henry_vi_part_1:0.0
137 henry_vi_part_1:0.1
138 henry_vi_part_1:0.2
139 henry_vi_part_1:0.3
140 henry_vi_part_1:0.4
141 henry_vi_part_1:0.5
142 henry_vi_part_1:1.0
142 henry_vi_part_1:2.1
142 henry_vi_part_1:2.2
143 henry_vi_part_1:1.1
144 henry_vi_part_1:1.2
145 henry_vi_part_1:1.3
146 henry_vi_part_1:1.4
147 henry_vi_part_1:2.0
148 henry_vi_part_1:2.3
149 henry_vi_part_1:3.0
150 henry_vi_part_1:3.1
151 henry_vi_part_1:3.2
151 henry_vi_part_1:3.3
152 henry_vi_part_1:3.4
152 henry_vi_part_1:3.5
153 henry_vi_part_1:3.6
154 henry_vi_part_1:4.0
155 henry_vi_part_1:4.1
156 henry_vi_part_1:4.3
157 henry_vi_part_1:4.4
158 taming_of_the_shrew:0.0
158 taming_of_the_shrew:3.1
159 taming_of_the_shrew:0.1
159 taming_of_the_shrew:3.2
160 taming_of_the_shrew:1.0
160 taming_of_the_shrew:2.1
161 taming_of_the_shrew:2.0
162 taming_of_the_shrew:3.0
163 taming_of_the_shrew:3.3
163 taming_of_the_shrew:4.0
164 taming_of_the_shrew:3.4
164 taming_of_the_shrew:4.1
165 alls_well_that_ends_well:0.0
166 alls_well_that_ends_well:0.1
167 alls_well_that_ends_well:0.2
167 alls_well_that_ends_well:1.1
167 alls_well_that_ends_well:2.1
168 alls_well_that_ends_well:1.0
168 alls_well_that_ends_well:1.2
168 alls_well_that_ends_well:1.4
169 alls_well_that_ends_well:1.3
170 alls_well_that_ends_well:2.0
171 alls_well_that_ends_well:2.2
172 alls_well_that_ends_well:2.3
173 alls_well_that_ends_well:2.4
174 alls_well_that_ends_well:2.5
175 alls_well_that_ends_well:2.6
176 alls_well_that_ends_well:3.0
177 alls_well_that_ends_well:3.1
177 alls_well_that_ends_well:4.2
178 alls_well_that_ends_well:3.2
179 alls_well_that_ends_well:3.3
180 alls_well_that_ends_well:3.4
181 alls_well_that_ends_well:4.0
182 alls_well_that_ends_well:4.1
183 loves_labors_lost:0.0
183 loves_labors_lost:3.2
184 loves_labors_lost:0.1
184 loves_labors_lost:2.0
185 loves_labors_lost:1.0
185 loves_labors_lost:3.0
185 loves_labors_lost:4.1
186 loves_labors_lost:3.1
187 loves_labors_lost:4.0
188 henry_vi_part_3:0.0
188 henry_vi_part_3:1.1
189 henry_vi_part_3:0.1
190 henry_vi_part_3:0.2
191 henry_vi_part_3:0.3
192 henry_vi_part_3:1.0
193 henry_vi_part_3:1.2
194 henry_vi_part_3:1.3
195 henry_vi_part_3:1.4
196 henry_vi_part_3:1.5
197 henry_vi_part_3:2.0
198 henry_vi_part_3:2.1
199 henry_vi_part_3:2.2
200 henry_vi_part_3:3.0
200 henry_vi_part_3:4.0
201 henry_vi_part_3:3.1
202 henry_vi_part_3:3.2
203 henry_vi_part_3:3.3
204 henry_vi_part_3:3.4
205 henry_vi_part_3:3.5
206 henry_vi_part_3:3.6
207 henry_vi_part_3:3.7
208 henry_vi_part_3:4.1
209 henry_vi_part_3:4.2
210 henry_vi_part_3:4.3
211 henry_vi_part_3:4.4
212 henry_vi_part_3:4.5
213 henry_vi_part_3:4.6
214 romeo_and_juliet:0.0
215 romeo_and_juliet:0.1
216 romeo_and_juliet:0.2
217 romeo_and_juliet:0.3
217 romeo_and_juliet:1.3
217 romeo_and_juliet:2.0
218 romeo_and_juliet:0.4
218 romeo_and_juliet:2.4
218 romeo_and_juliet:3.1
219 romeo_and_juliet:1.0
220 romeo_and_juliet:1.1
220 romeo_and_juliet:2.1
221 romeo_and_juliet:1.2
221 romeo_and_juliet:2.2
221 romeo_and_juliet:4.1
222 romeo_and_juliet:1.4
223 romeo_and_juliet:1.5
224 romeo_and_juliet:2.3
225 romeo_and_juliet:3.0
226 romeo_and_juliet:3.2
227 romeo_and_juliet:3.3
228 romeo_and_juliet:3.4
229 romeo_and_juliet:4.0
230 romeo_and_juliet:4.2
231 titus_andronicus:0.0
231 titus_andronicus:2.0
231 titus_andronicus:2.1
231 titus_andronicus:4.2
232 titus_andronicus:1.0
232 titus_andronicus:3.1
233 titus_andronicus:1.1
234 titus_andronicus:1.2
235 titus_andronicus:1.3
236 titus_andronicus:3.0
236 titus_andronicus:3.2
237 titus_andronicus:3.3
238 titus_andronicus:4.0
239 titus_andronicus:4.1
240 macbeth:0.0
241 macbeth:0.1
242 macbeth:0.2
243 macbeth:0.3
244 macbeth:0.4
245 macbeth:0.5
246 macbeth:0.6
246 macbeth:1.1
246 macbeth:2.1
246 macbeth:2.3
247 macbeth:1.0
247 macbeth:2.0
248 macbeth:1.2
249 macbeth:1.3
250 macbeth:2.2
251 macbeth:2.4
252 macbeth:2.5
253 macbeth:3.0
254 macbeth:3.1
254 macbeth:3.2
254 macbeth:4.7
255 macbeth:4.0
256 macbeth:4.1
257 macbeth:4.2
258 macbeth:4.3
259 macbeth:4.4
260 macbeth:4.5
261 macbeth:4.6
262 coriolanus:0.0
263 coriolanus:0.1
264 coriolanus:0.2
265 coriolanus:0.3
266 coriolanus:0.4
267 coriolanus:0.5
267 coriolanus:0.8
268 coriolanus:0.6
269 coriolanus:0.7
270 coriolanus:0.9
271 coriolanus:1.0
271 coriolanus:3.1
272 coriolanus:1.1
272 coriolanus:2.0
272 coriolanus:2.2
272 coriolanus:3.5
273 coriolanus:2.1
274 coriolanus:3.0
275 coriolanus:3.2
276 coriolanus:3.3
277 coriolanus:3.4
278 coriolanus:3.6
279 coriolanus:4.0
280 coriolanus:4.1
281 coriolanus:4.2
282 coriolanus:4.3
283 coriolanus:4.4
284 coriolanus:4.5
285 julius_caesar:0.0
286 julius_caesar:0.1
286 julius_caesar:0.2
287 julius_caesar:1.0
287 julius_caesar:2.0
287 julius_caesar:3.2
287 julius_caesar:4.0
288 julius_caesar:1.1
289 julius_caesar:1.2
290 julius_caesar:1.3
291 julius_caesar:2.1
292 julius_caesar:2.2
293 julius_caesar:3.0
294 julius_caesar:3.1
295 julius_caesar:4.1
296 julius_caesar:4.2
297 julius_caesar:4.3
298 julius_caesar:4.4
299 comedy_of_errors:0.0
300 comedy_of_errors:0.1
300 comedy_of_errors:1.1
300 comedy_of_errors:2.0
300 comedy_of_errors:2.1
300 comedy_of_errors:3.2
301 comedy_of_errors:1.0
301 comedy_of_errors:3.1
302 comedy_of_errors:3.0
302 comedy_of_errors:3.3
302 comedy_of_errors:4.0
303 much_ado_about_nothing:0.0
303 much_ado_about_nothing:1.0
303 much_ado_about_nothing:1.2
303 much_ado_about_nothing:2.1
303 much_ado_about_nothing:3.0
303 much_ado_about_nothing:4.0
303 much_ado_about_nothing:4.3
304 much_ado_about_nothing:0.1
305 much_ado_about_nothing:0.2
305 much_ado_about_nothing:1.1
306 much_ado_about_nothing:2.0
306 much_ado_about_nothing:2.3
307 much_ado_about_nothing:2.2
307 much_ado_about_nothing:3.1
308 much_ado_about_nothing:2.4
309 much_ado_about_nothing:4.1
310 much_ado_about_nothing:4.2
311 twelfth_night:0.0
312 twelfth_night:0.1
313 twelfth_night:0.2
313 twelfth_night:1.2
313 twelfth_night:1.4
313 twelfth_night:2.1
313 twelfth_night:2.3
314 twelfth_night:0.3
314 twelfth_night:1.3
315 twelfth_night:0.4
315 twelfth_night:2.0
315 twelfth_night:4.0
316 twelfth_night:1.0
316 twelfth_night:2.2
316 tempest:1.0
316 tempest:2.2
317 twelfth_night:1.1
318 twelfth_night:3.0
319 twelfth_night:3.1
320 twelfth_night:3.2
321 lear:0.0
321 lear:0.3
321 lear:0.4
321 lear:1.3
322 lear:0.1
323 lear:0.2
324 lear:1.0
325 lear:1.1
326 lear:1.2
327 lear:2.0
328 lear:2.1
329 lear:2.2
330 lear:2.3
330 lear:2.5
331 lear:2.4
332 lear:2.6
333 lear:3.0
334 lear:3.1
335 lear:3.2
336 lear:3.3
337 lear:3.4
338 lear:3.5
338 lear:4.1
339 lear:3.6
340 lear:4.0
340 lear:4.2
341 cymbeline:0.0
341 cymbeline:4.4
342 cymbeline:0.1
342 cymbeline:1.0
343 cymbeline:0.2
343 cymbeline:2.3
344 cymbeline:0.3
344 cymbeline:1.3
345 cymbeline:0.4
346 cymbeline:0.5
347 cymbeline:1.1
348 cymbeline:1.2
349 cymbeline:1.4
350 cymbeline:2.0
351 cymbeline:2.1
352 cymbeline:2.2
353 cymbeline:2.4
354 cymbeline:2.5
354 cymbeline:3.1
354 cymbeline:3.3
355 cymbeline:2.6
356 cymbeline:3.0
357 cymbeline:3.2
358 cymbeline:4.0
359 cymbeline:4.1
360 cymbeline:4.2
361 cymbeline:4.3
362 measure_for_measure:0.0
363 measure_for_measure:0.1
364 measure_for_measure:0.2
365 measure_for_measure:0.3
365 measure_for_measure:1.1
365 measure_for_measure:1.3
365 measure_for_measure:2.0
366 measure_for_measure:1.0
367 measure_for_measure:1.2
368 measure_for_measure:2.1
368 measure_for_measure:4.0
369 measure_for_measure:3.0
370 measure_for_measure:3.1
370 measure_for_measure:3.2
371 measure_for_measure:3.3
372 measure_for_measure:3.4
373 measure_for_measure:3.5
374 pericles:0.0
375 pericles:0.1
376 pericles:0.2
377 pericles:0.3
377 pericles:3.2
378 pericles:1.0
379 pericles:1.1
379 pericles:1.2
379 pericles:1.4
380 pericles:1.3
381 pericles:2.0
382 pericles:2.1
382 pericles:2.3
383 pericles:2.2
384 pericles:3.0
385 pericles:3.1
385 pericles:3.5
386 pericles:3.3
387 pericles:3.4
388 pericles:4.0
389 pericles:4.1
390 pericles:4.2
391 winters_tale:0.0
392 winters_tale:0.1
392 winters_tale:2.1
393 winters_tale:1.0
394 winters_tale:1.1
395 winters_tale:1.2
395 winters_tale:4.0
395 winters_tale:4.2
396 winters_tale:2.0
397 winters_tale:2.2
398 winters_tale:3.0
399 winters_tale:3.1
400 winters_tale:3.2
401 winters_tale:3.3
402 winters_tale:4.1
403 antony_and_cleopatra:0.0
403 antony_and_cleopatra:0.2
403 antony_and_cleopatra:3.14
404 antony_and_cleopatra:0.1
404 antony_and_cleopatra:3.1
405 antony_and_cleopatra:0.3
406 antony_and_cleopatra:0.4
406 antony_and_cleopatra:1.4
406 antony_and_cleopatra:2.2
407 antony_and_cleopatra:1.0
408 antony_and_cleopatra:1.1
408 antony_and_cleopatra:2.1
408 antony_and_cleopatra:3.5
409 antony_and_cleopatra:1.2
410 antony_and_cleopatra:1.3
411 antony_and_cleopatra:1.5
411 antony_and_cleopatra:1.6
412 antony_and_cleopatra:2.0
413 antony_and_cleopatra:2.3
414 antony_and_cleopatra:2.4
415 antony_and_cleopatra:2.5
416 antony_and_cleopatra:2.6
417 antony_and_cleopatra:2.7
418 antony_and_cleopatra:2.8
419 antony_and_cleopatra:2.9
420 antony_and_cleopatra:2.10
420 antony_and_cleopatra:3.3
421 antony_and_cleopatra:2.11
422 antony_and_cleopatra:2.12
423 antony_and_cleopatra:3.0
424 antony_and_cleopatra:3.2
425 antony_and_cleopatra:3.4
425 antony_and_cleopatra:3.13
426 antony_and_cleopatra:3.6
427 antony_and_cleopatra:3.7
428 antony_and_cleopatra:3.8
429 antony_and_cleopatra:3.9
430 antony_and_cleopatra:3.10
431 antony_and_cleopatra:3.11
432 antony_and_cleopatra:3.12
433 antony_and_cleopatra:4.0
434 antony_and_cleopatra:4.1
435 tempest:0.0
436 tempest:0.1
436 tempest:3.0
436 tempest:4.0
437 tempest:1.1
437 tempest:2.1
438 tempest:2.0
439 two_gentlemen_of_verona:0.0
439 two_gentlemen_of_verona:2.1
440 two_gentlemen_of_verona:0.1
440 two_gentlemen_of_verona:1.6
441 two_gentlemen_of_verona:0.2
442 two_gentlemen_of_verona:1.0
442 two_gentlemen_of_verona:1.3
442 two_gentlemen_of_verona:4.3
443 two_gentlemen_of_verona:1.1
443 two_gentlemen_of_verona:3.1
443 two_gentlemen_of_verona:3.3
443 two_gentlemen_of_verona:4.1
444 two_gentlemen_of_verona:1.2
445 two_gentlemen_of_verona:1.4
445 two_gentlemen_of_verona:2.0
446 two_gentlemen_of_verona:1.5
447 two_gentlemen_of_verona:3.0
447 two_gentlemen_of_verona:4.2
448 two_gentlemen_of_verona:3.2
448 two_gentlemen_of_verona:4.0
449 merchant_of_venice:0.0
450 merchant_of_venice:0.1
450 merchant_of_venice:3.1
451 merchant_of_venice:0.2
451 merchant_of_venice:3.0
452 merchant_of_venice:1.0
453 merchant_of_venice:1.1
454 merchant_of_venice:1.2
454 merchant_of_venice:2.4
455 merchant_of_venice:1.3
455 merchant_of_venice:1.5
456 merchant_of_venice:1.4
457 merchant_of_venice:1.6
458 merchant_of_venice:1.7
459 merchant_of_venice:1.8
460 merchant_of_venice:2.0
461 merchant_of_venice:2.1
462 merchant_of_venice:2.2
463 merchant_of_venice:2.3
463 merchant_of_venice:4.0
464 henry_viii:0.0
465 henry_viii:0.1
466 henry_viii:0.2
467 henry_viii:0.3
467 henry_viii:1.1
467 henry_viii:2.1
468 henry_viii:1.0
469 henry_viii:1.2
470 henry_viii:1.3
471 henry_viii:2.0
472 henry_viii:3.0
473 henry_viii:3.1
474 henry_viii:4.0
475 henry_viii:4.1
476 henry_viii:4.2
477 henry_viii:4.3
478 henry_viii:4.4
479 midsummer_nights_dream:0.0
479 midsummer_nights_dream:1.1
479 midsummer_nights_dream:2.1
480 midsummer_nights_dream:0.1
480 midsummer_nights_dream:2.0
480 midsummer_nights_dream:3.1
481 midsummer_nights_dream:1.0
482 midsummer_nights_dream:3.0
483 midsummer_nights_dream:4.0
484 as_you_like_it:0.0
485 as_you_like_it:0.1
485 as_you_like_it:0.2
486 as_you_like_it:1.0
487 as_you_like_it:1.1
488 as_you_like_it:1.2
489 as_you_like_it:1.3
489 as_you_like_it:2.1
489 as_you_like_it:2.3
489 as_you_like_it:3.0
489 as_you_like_it:3.2
489 as_you_like_it:4.1
490 as_you_like_it:1.4
491 as_you_like_it:1.5
492 as_you_like_it:1.6
493 as_you_like_it:2.0
494 as_you_like_it:2.2
494 as_you_like_it:4.0
495 as_you_like_it:2.4
496 as_you_like_it:3.1
497 as_you_like_it:4.2
498 as_you_like_it:4.3
499 troilus_and_cressida:0.0
499 troilus_and_cressida:2.0
500 troilus_and_cressida:0.1
500 troilus_and_cressida:2.1
500 troilus_and_cressida:3.1
500 troilus_and_cressida:3.3
501 troilus_and_cressida:0.2
501 troilus_and_cressida:3.4
502 troilus_and_cressida:1.0
502 troilus_and_cressida:1.2
502 troilus_and_cressida:2.2
502 troilus_and_cressida:4.0
503 troilus_and_cressida:1.1
504 troilus_and_cressida:3.0
505 troilus_and_cressida:3.2
506 troilus_and_cressida:4.1
507 troilus_and_cressida:4.2
508 troilus_and_cressida:4.3
509 troilus_and_cressida:4.4
510 troilus_and_cressida:4.5
511 troilus_and_cressida:4.6
512 troilus_and_cressida:4.7
513 troilus_and_cressida:4.8
514 troilus_and_cressida:4.9
515 henry_v:0.0
516 henry_v:0.1
517 henry_v:1.0
518 henry_v:1.1
519 henry_v:1.2
520 henry_v:1.3
521 henry_v:2.0
522 henry_v:2.1
523 henry_v:2.2
524 henry_v:2.3
525 henry_v:2.4
526 henry_v:2.5
527 henry_v:2.6
528 henry_v:3.0
529 henry_v:3.1
530 henry_v:3.2
531 henry_v:3.3
532 henry_v:3.4
533 henry_v:3.5
534 henry_v:3.6
534 henry_v:3.7
535 henry_v:4.0
536 henry_v:4.1
537 life_and_death_of_king_john:0.0
538 life_and_death_of_king_john:1.0
539 life_and_death_of_king_john:2.0
540 life_and_death_of_king_john:2.1
541 life_and_death_of_king_john:2.2
541 life_and_death_of_king_john:3.0
541 life_and_death_of_king_john:4.5
542 life_and_death_of_king_john:2.3
543 life_and_death_of_king_john:3.1
544 life_and_death_of_king_john:3.2
545 life_and_death_of_king_john:4.0
546 life_and_death_of_king_john:4.1
547 life_and_death_of_king_john:4.2
548 life_and_death_of_king_john:4.3
549 life_and_death_of_king_john:4.4
550 life_and_death_of_king_john:4.6
551 timon_of_athens:0.0
551 timon_of_athens:0.1
551 timon_of_athens:1.1
551 timon_of_athens:3.2
551 timon_of_athens:4.0
552 timon_of_athens:1.0
553 timon_of_athens:2.0
554 timon_of_athens:2.1
555 timon_of_athens:2.2
556 timon_of_athens:2.3
557 timon_of_athens:2.4
558 timon_of_athens:2.5
559 timon_of_athens:3.0
560 timon_of_athens:3.1
561 timon_of_athens:4.1
562 timon_of_athens:4.2
563 timon_of_athens:4.3
